<?xml version="1.0" encoding="UTF-8"?>
<!-- Generated by org.testng.reporters.JUnitXMLReporter -->
<testsuite hostname="DESKTOP-DH4500R" ignored="0" name="Default test" tests="7" failures="0" timestamp="08 Jan 2018 19:46:01 GMT" time="30.149" errors="0">
  <testcase name="invalidField" time="0.617" classname="selenium.LoginPageTest"/>
  <testcase name="invalidField" time="0.647" classname="selenium.LoginPageTest"/>
  <testcase name="invalidField" time="0.631" classname="selenium.LoginPageTest"/>
  <testcase name="invalidField" time="0.617" classname="selenium.LoginPageTest"/>
  <testcase name="login" time="0.669" classname="selenium.LoginPageTest"/>
  <testcase name="login" time="0.558" classname="selenium.LoginPageTest"/>
  <testcase name="loginAsAdmin" time="0.825" classname="selenium.LoginPageTest"/>
</testsuite> <!-- Default test -->
