<?xml version="1.0" encoding="UTF-8"?>
<testng-results skipped="0" failed="39" ignored="27" total="86" passed="20">
  <reporter-output>
  </reporter-output>
  <suite name="Unit Tests" duration-ms="276" started-at="2018-01-16T15:31:43Z" finished-at="2018-01-16T15:31:43Z">
    <groups>
      <group name="usertest">
        <method signature="ItemsTest.getAllActiveItemsTest()[pri:0, instance:testng.ItemsTest@52af6cff]" name="getAllActiveItemsTest" class="testng.ItemsTest"/>
        <method signature="ItemsTest.getItemsCountTest()[pri:0, instance:testng.ItemsTest@52af6cff]" name="getItemsCountTest" class="testng.ItemsTest"/>
        <method signature="ItemsTest.getTotalsTest(java.lang.String, java.util.HashSet, java.lang.Double)[pri:0, instance:testng.ItemsTest@52af6cff]" name="getTotalsTest" class="testng.ItemsTest"/>
        <method signature="OrdersTest.addItemToOrderTest(java.lang.String, int, int, boolean)[pri:0, instance:testng.OrdersTest@735b478]" name="addItemToOrderTest" class="testng.OrdersTest"/>
        <method signature="OrdersTest.createOrderTest(java.lang.String, java.lang.String, java.lang.String, java.lang.String, java.lang.String, java.lang.String, java.lang.String, java.lang.String, boolean)[pri:0, instance:testng.OrdersTest@735b478]" name="createOrderTest" class="testng.OrdersTest"/>
        <method signature="OrdersTest.getOrdersByUserTest(java.lang.String, int, boolean)[pri:0, instance:testng.OrdersTest@735b478]" name="getOrdersByUserTest" class="testng.OrdersTest"/>
        <method signature="ReceiptsTest.getReceiptItemsTest(java.lang.String, int, boolean)[pri:0, instance:testng.ReceiptsTest@2c9f9fb0]" name="getReceiptItemsTest" class="testng.ReceiptsTest"/>
        <method signature="ReceiptsTest.getReceiptSummaryTest(java.lang.String, int, del.res.models.ReceiptSummary)[pri:0, instance:testng.ReceiptsTest@2c9f9fb0]" name="getReceiptSummaryTest" class="testng.ReceiptsTest"/>
        <method signature="ReceiptsTest.validateUserTest(java.lang.String, int, int, boolean)[pri:0, instance:testng.ReceiptsTest@2c9f9fb0]" name="validateUserTest" class="testng.ReceiptsTest"/>
        <method signature="ReviewsTest.getItemInfoTest(java.lang.String, java.lang.String, del.res.models.Item)[pri:0, instance:testng.ReviewsTest@2096442d]" name="getItemInfoTest" class="testng.ReviewsTest"/>
        <method signature="ReviewsTest.getPastReviewsTest(java.lang.String, java.lang.String, boolean)[pri:0, instance:testng.ReviewsTest@2096442d]" name="getPastReviewsTest" class="testng.ReviewsTest"/>
        <method signature="ReviewsTest.submitReviewTest(java.lang.String, java.lang.String, java.lang.String, java.lang.String, boolean)[pri:0, instance:testng.ReviewsTest@2096442d]" name="submitReviewTest" class="testng.ReviewsTest"/>
        <method signature="StoresTest.getAllStoresTest()[pri:0, instance:testng.StoresTest@9f70c54]" name="getAllStoresTest" class="testng.StoresTest"/>
        <method signature="UsersTest.createUserTest(java.lang.String, java.lang.String, java.lang.String, java.lang.String, java.lang.String, java.lang.String, java.lang.String, java.lang.String, java.lang.String, int)[pri:0, instance:testng.UsersTest@234bef66]" name="createUserTest" class="testng.UsersTest"/>
        <method signature="UsersTest.getDetailsTest(java.lang.String, java.lang.String, java.lang.String)[pri:0, instance:testng.UsersTest@234bef66]" name="getDetailsTest" class="testng.UsersTest"/>
        <method signature="UsersTest.loginQueryTest(java.lang.String, java.lang.String, java.lang.String, java.lang.String)[pri:0, instance:testng.UsersTest@234bef66]" name="loginQueryTest" class="testng.UsersTest"/>
        <method signature="UsersTest.registerQueryTest(java.lang.String, java.lang.String, boolean)[pri:0, instance:testng.UsersTest@234bef66]" name="registerQueryTest" class="testng.UsersTest"/>
        <method signature="UsersTest.updateUserTest(java.lang.String, java.lang.String, java.lang.String, java.lang.String, java.lang.String, java.lang.String, java.lang.String, java.lang.String, int)[pri:0, instance:testng.UsersTest@234bef66]" name="updateUserTest" class="testng.UsersTest"/>
      </group> <!-- usertest -->
      <group name="functest">
        <method signature="ItemsTest.getAllActiveItemsTest()[pri:0, instance:testng.ItemsTest@52af6cff]" name="getAllActiveItemsTest" class="testng.ItemsTest"/>
        <method signature="ItemsTest.getItemsCountTest()[pri:0, instance:testng.ItemsTest@52af6cff]" name="getItemsCountTest" class="testng.ItemsTest"/>
        <method signature="ItemsTest.getTotalsTest(java.lang.String, java.util.HashSet, java.lang.Double)[pri:0, instance:testng.ItemsTest@52af6cff]" name="getTotalsTest" class="testng.ItemsTest"/>
        <method signature="OrdersTest.addItemToOrderTest(java.lang.String, int, int, boolean)[pri:0, instance:testng.OrdersTest@735b478]" name="addItemToOrderTest" class="testng.OrdersTest"/>
        <method signature="OrdersTest.createOrderTest(java.lang.String, java.lang.String, java.lang.String, java.lang.String, java.lang.String, java.lang.String, java.lang.String, java.lang.String, boolean)[pri:0, instance:testng.OrdersTest@735b478]" name="createOrderTest" class="testng.OrdersTest"/>
        <method signature="OrdersTest.getOrdersByUserTest(java.lang.String, int, boolean)[pri:0, instance:testng.OrdersTest@735b478]" name="getOrdersByUserTest" class="testng.OrdersTest"/>
        <method signature="ReceiptsTest.getReceiptItemsTest(java.lang.String, int, boolean)[pri:0, instance:testng.ReceiptsTest@2c9f9fb0]" name="getReceiptItemsTest" class="testng.ReceiptsTest"/>
        <method signature="ReceiptsTest.getReceiptSummaryTest(java.lang.String, int, del.res.models.ReceiptSummary)[pri:0, instance:testng.ReceiptsTest@2c9f9fb0]" name="getReceiptSummaryTest" class="testng.ReceiptsTest"/>
        <method signature="ReceiptsTest.validateUserTest(java.lang.String, int, int, boolean)[pri:0, instance:testng.ReceiptsTest@2c9f9fb0]" name="validateUserTest" class="testng.ReceiptsTest"/>
        <method signature="ReviewsTest.getItemInfoTest(java.lang.String, java.lang.String, del.res.models.Item)[pri:0, instance:testng.ReviewsTest@2096442d]" name="getItemInfoTest" class="testng.ReviewsTest"/>
        <method signature="ReviewsTest.getPastReviewsTest(java.lang.String, java.lang.String, boolean)[pri:0, instance:testng.ReviewsTest@2096442d]" name="getPastReviewsTest" class="testng.ReviewsTest"/>
        <method signature="ReviewsTest.submitReviewTest(java.lang.String, java.lang.String, java.lang.String, java.lang.String, boolean)[pri:0, instance:testng.ReviewsTest@2096442d]" name="submitReviewTest" class="testng.ReviewsTest"/>
        <method signature="StoresTest.getAllStoresTest()[pri:0, instance:testng.StoresTest@9f70c54]" name="getAllStoresTest" class="testng.StoresTest"/>
        <method signature="UsersTest.createUserTest(java.lang.String, java.lang.String, java.lang.String, java.lang.String, java.lang.String, java.lang.String, java.lang.String, java.lang.String, java.lang.String, int)[pri:0, instance:testng.UsersTest@234bef66]" name="createUserTest" class="testng.UsersTest"/>
        <method signature="UsersTest.getDetailsTest(java.lang.String, java.lang.String, java.lang.String)[pri:0, instance:testng.UsersTest@234bef66]" name="getDetailsTest" class="testng.UsersTest"/>
        <method signature="UsersTest.loginQueryTest(java.lang.String, java.lang.String, java.lang.String, java.lang.String)[pri:0, instance:testng.UsersTest@234bef66]" name="loginQueryTest" class="testng.UsersTest"/>
        <method signature="UsersTest.registerQueryTest(java.lang.String, java.lang.String, boolean)[pri:0, instance:testng.UsersTest@234bef66]" name="registerQueryTest" class="testng.UsersTest"/>
        <method signature="UsersTest.updateUserTest(java.lang.String, java.lang.String, java.lang.String, java.lang.String, java.lang.String, java.lang.String, java.lang.String, java.lang.String, int)[pri:0, instance:testng.UsersTest@234bef66]" name="updateUserTest" class="testng.UsersTest"/>
        <method signature="ItemsTest.addItemTest(java.lang.String, java.util.ArrayList, boolean)[pri:0, instance:testng.ItemsTest@174d20a]" name="addItemTest" class="testng.ItemsTest"/>
        <method signature="ItemsTest.getAllItemsTest()[pri:0, instance:testng.ItemsTest@174d20a]" name="getAllItemsTest" class="testng.ItemsTest"/>
        <method signature="ItemsTest.updateItemTest(java.lang.String, java.util.ArrayList, boolean)[pri:0, instance:testng.ItemsTest@174d20a]" name="updateItemTest" class="testng.ItemsTest"/>
        <method signature="OrdersTest.getAllOrdersTest()[pri:0, instance:testng.OrdersTest@66d2e7d9]" name="getAllOrdersTest" class="testng.OrdersTest"/>
        <method signature="ReviewsTest.getReviewsByUserTest(java.lang.String, java.lang.String, boolean)[pri:0, instance:testng.ReviewsTest@1efbd816]" name="getReviewsByUserTest" class="testng.ReviewsTest"/>
        <method signature="StoresTest.createStoreTest(java.lang.String, del.res.models.Store, boolean)[pri:0, instance:testng.StoresTest@6a2bcfcb]" name="createStoreTest" class="testng.StoresTest"/>
        <method signature="StoresTest.updateStoreTest(java.lang.String, del.res.models.Store, boolean)[pri:0, instance:testng.StoresTest@6a2bcfcb]" name="updateStoreTest" class="testng.StoresTest"/>
      </group> <!-- functest -->
      <group name="admintest">
        <method signature="ItemsTest.addItemTest(java.lang.String, java.util.ArrayList, boolean)[pri:0, instance:testng.ItemsTest@174d20a]" name="addItemTest" class="testng.ItemsTest"/>
        <method signature="ItemsTest.getAllItemsTest()[pri:0, instance:testng.ItemsTest@174d20a]" name="getAllItemsTest" class="testng.ItemsTest"/>
        <method signature="ItemsTest.updateItemTest(java.lang.String, java.util.ArrayList, boolean)[pri:0, instance:testng.ItemsTest@174d20a]" name="updateItemTest" class="testng.ItemsTest"/>
        <method signature="OrdersTest.getAllOrdersTest()[pri:0, instance:testng.OrdersTest@66d2e7d9]" name="getAllOrdersTest" class="testng.OrdersTest"/>
        <method signature="ReviewsTest.getReviewsByUserTest(java.lang.String, java.lang.String, boolean)[pri:0, instance:testng.ReviewsTest@1efbd816]" name="getReviewsByUserTest" class="testng.ReviewsTest"/>
        <method signature="StoresTest.createStoreTest(java.lang.String, del.res.models.Store, boolean)[pri:0, instance:testng.StoresTest@6a2bcfcb]" name="createStoreTest" class="testng.StoresTest"/>
        <method signature="StoresTest.updateStoreTest(java.lang.String, del.res.models.Store, boolean)[pri:0, instance:testng.StoresTest@6a2bcfcb]" name="updateStoreTest" class="testng.StoresTest"/>
      </group> <!-- admintest -->
    </groups>
    <test name="Regular User Tests" duration-ms="192" started-at="2018-01-16T15:31:43Z" finished-at="2018-01-16T15:31:43Z">
      <class name="testng.StoresTest">
        <test-method status="PASS" signature="before()[pri:0, instance:testng.StoresTest@9f70c54]" name="before" is-config="true" duration-ms="1" started-at="2018-01-16T10:31:43Z" finished-at="2018-01-16T10:31:43Z">
          <reporter-output>
          </reporter-output>
        </test-method> <!-- before -->
        <test-method status="FAIL" signature="getAllStoresTest()[pri:0, instance:testng.StoresTest@9f70c54]" name="getAllStoresTest" duration-ms="17" started-at="2018-01-16T10:31:43Z" finished-at="2018-01-16T10:31:43Z">
          <exception class="java.lang.AssertionError">
            <message>
              <![CDATA[Expected: every item is an instance of del.res.models.Store     but: was null]]>
            </message>
            <full-stacktrace>
              <![CDATA[java.lang.AssertionError: Expected: every item is an instance of del.res.models.Store     but: was nullat org.hamcrest.MatcherAssert.assertThat(MatcherAssert.java:20)at org.hamcrest.MatcherAssert.assertThat(MatcherAssert.java:8)at testng.StoresTest.getAllStoresTest(StoresTest.java:49)at sun.reflect.NativeMethodAccessorImpl.invoke0(Native Method)at sun.reflect.NativeMethodAccessorImpl.invoke(NativeMethodAccessorImpl.java:62)at sun.reflect.DelegatingMethodAccessorImpl.invoke(DelegatingMethodAccessorImpl.java:43)at java.lang.reflect.Method.invoke(Method.java:498)at org.testng.internal.MethodInvocationHelper.invokeMethod(MethodInvocationHelper.java:124)at org.testng.internal.Invoker.invokeMethod(Invoker.java:571)at org.testng.internal.Invoker.invokeTestMethod(Invoker.java:707)at org.testng.internal.Invoker.invokeTestMethods(Invoker.java:979)at org.testng.internal.TestMethodWorker.invokeTestMethods(TestMethodWorker.java:125)at org.testng.internal.TestMethodWorker.run(TestMethodWorker.java:109)at org.testng.TestRunner.privateRun(TestRunner.java:648)at org.testng.TestRunner.run(TestRunner.java:505)at org.testng.SuiteRunner.runTest(SuiteRunner.java:455)at org.testng.SuiteRunner.runSequentially(SuiteRunner.java:450)at org.testng.SuiteRunner.privateRun(SuiteRunner.java:415)at org.testng.SuiteRunner.run(SuiteRunner.java:364)at org.testng.SuiteRunnerWorker.runSuite(SuiteRunnerWorker.java:52)at org.testng.SuiteRunnerWorker.run(SuiteRunnerWorker.java:84)at org.testng.TestNG.runSuitesSequentially(TestNG.java:1187)at org.testng.TestNG.runSuitesLocally(TestNG.java:1116)at org.testng.TestNG.runSuites(TestNG.java:1028)at org.testng.TestNG.run(TestNG.java:996)at org.apache.maven.surefire.testng.TestNGExecutor.run(TestNGExecutor.java:283)at org.apache.maven.surefire.testng.TestNGXmlTestSuite.execute(TestNGXmlTestSuite.java:75)at org.apache.maven.surefire.testng.TestNGProvider.invoke(TestNGProvider.java:120)at org.apache.maven.surefire.booter.ForkedBooter.invokeProviderInSameClassLoader(ForkedBooter.java:373)at org.apache.maven.surefire.booter.ForkedBooter.runSuitesInProcess(ForkedBooter.java:334)at org.apache.maven.surefire.booter.ForkedBooter.execute(ForkedBooter.java:119)at org.apache.maven.surefire.booter.ForkedBooter.main(ForkedBooter.java:407)]]>
            </full-stacktrace>
          </exception> <!-- java.lang.AssertionError -->
          <reporter-output>
          </reporter-output>
        </test-method> <!-- getAllStoresTest -->
        <test-method status="PASS" signature="after()[pri:0, instance:testng.StoresTest@9f70c54]" name="after" is-config="true" duration-ms="0" started-at="2018-01-16T10:31:43Z" finished-at="2018-01-16T10:31:43Z">
          <reporter-output>
          </reporter-output>
        </test-method> <!-- after -->
      </class> <!-- testng.StoresTest -->
      <class name="testng.ReceiptsTest">
        <test-method status="PASS" signature="before()[pri:0, instance:testng.ReceiptsTest@2c9f9fb0]" name="before" is-config="true" duration-ms="0" started-at="2018-01-16T10:31:43Z" finished-at="2018-01-16T10:31:43Z">
          <reporter-output>
          </reporter-output>
        </test-method> <!-- before -->
        <test-method status="PASS" signature="getReceiptItemsTest(java.lang.String, int, boolean)[pri:0, instance:testng.ReceiptsTest@2c9f9fb0]" name="getReceiptItemsTest" duration-ms="3" started-at="2018-01-16T10:31:43Z" data-provider="getReceiptItems" finished-at="2018-01-16T10:31:43Z">
          <params>
            <param index="0">
              <value>
                <![CDATA[Valid]]>
              </value>
            </param>
            <param index="1">
              <value>
                <![CDATA[7]]>
              </value>
            </param>
            <param index="2">
              <value>
                <![CDATA[true]]>
              </value>
            </param>
          </params>
          <reporter-output>
          </reporter-output>
        </test-method> <!-- getReceiptItemsTest -->
        <test-method status="FAIL" signature="getReceiptItemsTest(java.lang.String, int, boolean)[pri:0, instance:testng.ReceiptsTest@2c9f9fb0]" name="getReceiptItemsTest" duration-ms="4" started-at="2018-01-16T10:31:43Z" data-provider="getReceiptItems" finished-at="2018-01-16T10:31:43Z">
          <params>
            <param index="0">
              <value>
                <![CDATA[Has no items]]>
              </value>
            </param>
            <param index="1">
              <value>
                <![CDATA[29]]>
              </value>
            </param>
            <param index="2">
              <value>
                <![CDATA[false]]>
              </value>
            </param>
          </params>
          <exception class="java.lang.AssertionError">
            <message>
              <![CDATA[Expected: an empty collection     but: was null]]>
            </message>
            <full-stacktrace>
              <![CDATA[java.lang.AssertionError: Expected: an empty collection     but: was nullat org.hamcrest.MatcherAssert.assertThat(MatcherAssert.java:20)at org.hamcrest.MatcherAssert.assertThat(MatcherAssert.java:8)at testng.ReceiptsTest.getReceiptItemsTest(ReceiptsTest.java:128)at sun.reflect.NativeMethodAccessorImpl.invoke0(Native Method)at sun.reflect.NativeMethodAccessorImpl.invoke(NativeMethodAccessorImpl.java:62)at sun.reflect.DelegatingMethodAccessorImpl.invoke(DelegatingMethodAccessorImpl.java:43)at java.lang.reflect.Method.invoke(Method.java:498)at org.testng.internal.MethodInvocationHelper.invokeMethod(MethodInvocationHelper.java:124)at org.testng.internal.Invoker.invokeMethod(Invoker.java:571)at org.testng.internal.Invoker.invokeTestMethod(Invoker.java:707)at org.testng.internal.Invoker.invokeTestMethods(Invoker.java:979)at org.testng.internal.TestMethodWorker.invokeTestMethods(TestMethodWorker.java:125)at org.testng.internal.TestMethodWorker.run(TestMethodWorker.java:109)at org.testng.TestRunner.privateRun(TestRunner.java:648)at org.testng.TestRunner.run(TestRunner.java:505)at org.testng.SuiteRunner.runTest(SuiteRunner.java:455)at org.testng.SuiteRunner.runSequentially(SuiteRunner.java:450)at org.testng.SuiteRunner.privateRun(SuiteRunner.java:415)at org.testng.SuiteRunner.run(SuiteRunner.java:364)at org.testng.SuiteRunnerWorker.runSuite(SuiteRunnerWorker.java:52)at org.testng.SuiteRunnerWorker.run(SuiteRunnerWorker.java:84)at org.testng.TestNG.runSuitesSequentially(TestNG.java:1187)at org.testng.TestNG.runSuitesLocally(TestNG.java:1116)at org.testng.TestNG.runSuites(TestNG.java:1028)at org.testng.TestNG.run(TestNG.java:996)at org.apache.maven.surefire.testng.TestNGExecutor.run(TestNGExecutor.java:283)at org.apache.maven.surefire.testng.TestNGXmlTestSuite.execute(TestNGXmlTestSuite.java:75)at org.apache.maven.surefire.testng.TestNGProvider.invoke(TestNGProvider.java:120)at org.apache.maven.surefire.booter.ForkedBooter.invokeProviderInSameClassLoader(ForkedBooter.java:373)at org.apache.maven.surefire.booter.ForkedBooter.runSuitesInProcess(ForkedBooter.java:334)at org.apache.maven.surefire.booter.ForkedBooter.execute(ForkedBooter.java:119)at org.apache.maven.surefire.booter.ForkedBooter.main(ForkedBooter.java:407)]]>
            </full-stacktrace>
          </exception> <!-- java.lang.AssertionError -->
          <reporter-output>
          </reporter-output>
        </test-method> <!-- getReceiptItemsTest -->
        <test-method status="PASS" signature="before()[pri:0, instance:testng.ReceiptsTest@2c9f9fb0]" name="before" is-config="true" duration-ms="0" started-at="2018-01-16T10:31:43Z" finished-at="2018-01-16T10:31:43Z">
          <reporter-output>
          </reporter-output>
        </test-method> <!-- before -->
        <test-method status="FAIL" signature="getReceiptSummaryTest(java.lang.String, int, del.res.models.ReceiptSummary)[pri:0, instance:testng.ReceiptsTest@2c9f9fb0]" name="getReceiptSummaryTest" duration-ms="10" started-at="2018-01-16T10:31:43Z" data-provider="getReceiptSummary" finished-at="2018-01-16T10:31:43Z">
          <params>
            <param index="0">
              <value>
                <![CDATA[Valid]]>
              </value>
            </param>
            <param index="1">
              <value>
                <![CDATA[7]]>
              </value>
            </param>
            <param index="2">
              <value>
                <![CDATA[del.res.models.ReceiptSummary@59906517]]>
              </value>
            </param>
          </params>
          <exception class="java.lang.AssertionError">
            <message>
              <![CDATA[Expected: same property values as ReceiptSummary [itemCount: <1>, orderID: null, orderTax: "$1.18", orderTotal: "$14.68", storeAddress: "Lower Manhattan, NY", storeDescription: "Papa Pizza"]     but: was null]]>
            </message>
            <full-stacktrace>
              <![CDATA[java.lang.AssertionError: Expected: same property values as ReceiptSummary [itemCount: <1>, orderID: null, orderTax: "$1.18", orderTotal: "$14.68", storeAddress: "Lower Manhattan, NY", storeDescription: "Papa Pizza"]     but: was nullat org.hamcrest.MatcherAssert.assertThat(MatcherAssert.java:20)at org.hamcrest.MatcherAssert.assertThat(MatcherAssert.java:8)at testng.ReceiptsTest.getReceiptSummaryTest(ReceiptsTest.java:72)at sun.reflect.NativeMethodAccessorImpl.invoke0(Native Method)at sun.reflect.NativeMethodAccessorImpl.invoke(NativeMethodAccessorImpl.java:62)at sun.reflect.DelegatingMethodAccessorImpl.invoke(DelegatingMethodAccessorImpl.java:43)at java.lang.reflect.Method.invoke(Method.java:498)at org.testng.internal.MethodInvocationHelper.invokeMethod(MethodInvocationHelper.java:124)at org.testng.internal.Invoker.invokeMethod(Invoker.java:571)at org.testng.internal.Invoker.invokeTestMethod(Invoker.java:707)at org.testng.internal.Invoker.invokeTestMethods(Invoker.java:979)at org.testng.internal.TestMethodWorker.invokeTestMethods(TestMethodWorker.java:125)at org.testng.internal.TestMethodWorker.run(TestMethodWorker.java:109)at org.testng.TestRunner.privateRun(TestRunner.java:648)at org.testng.TestRunner.run(TestRunner.java:505)at org.testng.SuiteRunner.runTest(SuiteRunner.java:455)at org.testng.SuiteRunner.runSequentially(SuiteRunner.java:450)at org.testng.SuiteRunner.privateRun(SuiteRunner.java:415)at org.testng.SuiteRunner.run(SuiteRunner.java:364)at org.testng.SuiteRunnerWorker.runSuite(SuiteRunnerWorker.java:52)at org.testng.SuiteRunnerWorker.run(SuiteRunnerWorker.java:84)at org.testng.TestNG.runSuitesSequentially(TestNG.java:1187)at org.testng.TestNG.runSuitesLocally(TestNG.java:1116)at org.testng.TestNG.runSuites(TestNG.java:1028)at org.testng.TestNG.run(TestNG.java:996)at org.apache.maven.surefire.testng.TestNGExecutor.run(TestNGExecutor.java:283)at org.apache.maven.surefire.testng.TestNGXmlTestSuite.execute(TestNGXmlTestSuite.java:75)at org.apache.maven.surefire.testng.TestNGProvider.invoke(TestNGProvider.java:120)at org.apache.maven.surefire.booter.ForkedBooter.invokeProviderInSameClassLoader(ForkedBooter.java:373)at org.apache.maven.surefire.booter.ForkedBooter.runSuitesInProcess(ForkedBooter.java:334)at org.apache.maven.surefire.booter.ForkedBooter.execute(ForkedBooter.java:119)at org.apache.maven.surefire.booter.ForkedBooter.main(ForkedBooter.java:407)]]>
            </full-stacktrace>
          </exception> <!-- java.lang.AssertionError -->
          <reporter-output>
          </reporter-output>
        </test-method> <!-- getReceiptSummaryTest -->
        <test-method status="PASS" signature="before()[pri:0, instance:testng.ReceiptsTest@2c9f9fb0]" name="before" is-config="true" duration-ms="0" started-at="2018-01-16T10:31:43Z" finished-at="2018-01-16T10:31:43Z">
          <reporter-output>
          </reporter-output>
        </test-method> <!-- before -->
        <test-method status="PASS" signature="before()[pri:0, instance:testng.ReceiptsTest@2c9f9fb0]" name="before" is-config="true" duration-ms="0" started-at="2018-01-16T10:31:43Z" finished-at="2018-01-16T10:31:43Z">
          <reporter-output>
          </reporter-output>
        </test-method> <!-- before -->
        <test-method status="FAIL" signature="validateUserTest(java.lang.String, int, int, boolean)[pri:0, instance:testng.ReceiptsTest@2c9f9fb0]" name="validateUserTest" duration-ms="4" started-at="2018-01-16T10:31:43Z" data-provider="validateUser" finished-at="2018-01-16T10:31:43Z">
          <params>
            <param index="0">
              <value>
                <![CDATA[Valid]]>
              </value>
            </param>
            <param index="1">
              <value>
                <![CDATA[7]]>
              </value>
            </param>
            <param index="2">
              <value>
                <![CDATA[5]]>
              </value>
            </param>
            <param index="3">
              <value>
                <![CDATA[true]]>
              </value>
            </param>
          </params>
          <exception class="java.lang.AssertionError">
            <message>
              <![CDATA[Expected: <true>     but: was <false>]]>
            </message>
            <full-stacktrace>
              <![CDATA[java.lang.AssertionError: Expected: <true>     but: was <false>at org.hamcrest.MatcherAssert.assertThat(MatcherAssert.java:20)at org.hamcrest.MatcherAssert.assertThat(MatcherAssert.java:8)at testng.ReceiptsTest.validateUserTest(ReceiptsTest.java:100)at sun.reflect.NativeMethodAccessorImpl.invoke0(Native Method)at sun.reflect.NativeMethodAccessorImpl.invoke(NativeMethodAccessorImpl.java:62)at sun.reflect.DelegatingMethodAccessorImpl.invoke(DelegatingMethodAccessorImpl.java:43)at java.lang.reflect.Method.invoke(Method.java:498)at org.testng.internal.MethodInvocationHelper.invokeMethod(MethodInvocationHelper.java:124)at org.testng.internal.Invoker.invokeMethod(Invoker.java:571)at org.testng.internal.Invoker.invokeTestMethod(Invoker.java:707)at org.testng.internal.Invoker.invokeTestMethods(Invoker.java:979)at org.testng.internal.TestMethodWorker.invokeTestMethods(TestMethodWorker.java:125)at org.testng.internal.TestMethodWorker.run(TestMethodWorker.java:109)at org.testng.TestRunner.privateRun(TestRunner.java:648)at org.testng.TestRunner.run(TestRunner.java:505)at org.testng.SuiteRunner.runTest(SuiteRunner.java:455)at org.testng.SuiteRunner.runSequentially(SuiteRunner.java:450)at org.testng.SuiteRunner.privateRun(SuiteRunner.java:415)at org.testng.SuiteRunner.run(SuiteRunner.java:364)at org.testng.SuiteRunnerWorker.runSuite(SuiteRunnerWorker.java:52)at org.testng.SuiteRunnerWorker.run(SuiteRunnerWorker.java:84)at org.testng.TestNG.runSuitesSequentially(TestNG.java:1187)at org.testng.TestNG.runSuitesLocally(TestNG.java:1116)at org.testng.TestNG.runSuites(TestNG.java:1028)at org.testng.TestNG.run(TestNG.java:996)at org.apache.maven.surefire.testng.TestNGExecutor.run(TestNGExecutor.java:283)at org.apache.maven.surefire.testng.TestNGXmlTestSuite.execute(TestNGXmlTestSuite.java:75)at org.apache.maven.surefire.testng.TestNGProvider.invoke(TestNGProvider.java:120)at org.apache.maven.surefire.booter.ForkedBooter.invokeProviderInSameClassLoader(ForkedBooter.java:373)at org.apache.maven.surefire.booter.ForkedBooter.runSuitesInProcess(ForkedBooter.java:334)at org.apache.maven.surefire.booter.ForkedBooter.execute(ForkedBooter.java:119)at org.apache.maven.surefire.booter.ForkedBooter.main(ForkedBooter.java:407)]]>
            </full-stacktrace>
          </exception> <!-- java.lang.AssertionError -->
          <reporter-output>
          </reporter-output>
        </test-method> <!-- validateUserTest -->
      </class> <!-- testng.ReceiptsTest -->
      <class name="testng.UsersTest">
        <test-method status="PASS" signature="before()[pri:0, instance:testng.UsersTest@234bef66]" name="before" is-config="true" duration-ms="1" started-at="2018-01-16T10:31:43Z" finished-at="2018-01-16T10:31:43Z">
          <reporter-output>
          </reporter-output>
        </test-method> <!-- before -->
        <test-method status="FAIL" signature="createUserTest(java.lang.String, java.lang.String, java.lang.String, java.lang.String, java.lang.String, java.lang.String, java.lang.String, java.lang.String, java.lang.String, int)[pri:0, instance:testng.UsersTest@234bef66]" name="createUserTest" duration-ms="1" started-at="2018-01-16T10:31:43Z" data-provider="createUser" finished-at="2018-01-16T10:31:43Z">
          <params>
            <param index="0">
              <value>
                <![CDATA[Valid credentials; user created]]>
              </value>
            </param>
            <param index="1">
              <value>
                <![CDATA[mike2]]>
              </value>
            </param>
            <param index="2">
              <value>
                <![CDATA[mike]]>
              </value>
            </param>
            <param index="3">
              <value>
                <![CDATA[Mike]]>
              </value>
            </param>
            <param index="4">
              <value>
                <![CDATA[Mike]]>
              </value>
            </param>
            <param index="5">
              <value>
                <![CDATA[m]]>
              </value>
            </param>
            <param index="6">
              <value>
                <![CDATA[23 Mars Place]]>
              </value>
            </param>
            <param index="7">
              <value>
                <![CDATA[1234567890]]>
              </value>
            </param>
            <param index="8">
              <value>
                <![CDATA[mike@mike.com]]>
              </value>
            </param>
            <param index="9">
              <value>
                <![CDATA[1]]>
              </value>
            </param>
          </params>
          <exception class="java.lang.NullPointerException">
            <full-stacktrace>
              <![CDATA[java.lang.NullPointerExceptionat del.res.dao.UsersDAO.registerQuery(UsersDAO.java:19)at del.res.bo.UsersBO.registerQuery(UsersBO.java:16)at del.res.bo.UsersBO.createUser(UsersBO.java:20)at testng.UsersTest.createUserTest(UsersTest.java:94)at sun.reflect.NativeMethodAccessorImpl.invoke0(Native Method)at sun.reflect.NativeMethodAccessorImpl.invoke(NativeMethodAccessorImpl.java:62)at sun.reflect.DelegatingMethodAccessorImpl.invoke(DelegatingMethodAccessorImpl.java:43)at java.lang.reflect.Method.invoke(Method.java:498)at org.testng.internal.MethodInvocationHelper.invokeMethod(MethodInvocationHelper.java:124)at org.testng.internal.Invoker.invokeMethod(Invoker.java:571)at org.testng.internal.Invoker.invokeTestMethod(Invoker.java:707)at org.testng.internal.Invoker.invokeTestMethods(Invoker.java:979)at org.testng.internal.TestMethodWorker.invokeTestMethods(TestMethodWorker.java:125)at org.testng.internal.TestMethodWorker.run(TestMethodWorker.java:109)at org.testng.TestRunner.privateRun(TestRunner.java:648)at org.testng.TestRunner.run(TestRunner.java:505)at org.testng.SuiteRunner.runTest(SuiteRunner.java:455)at org.testng.SuiteRunner.runSequentially(SuiteRunner.java:450)at org.testng.SuiteRunner.privateRun(SuiteRunner.java:415)at org.testng.SuiteRunner.run(SuiteRunner.java:364)at org.testng.SuiteRunnerWorker.runSuite(SuiteRunnerWorker.java:52)at org.testng.SuiteRunnerWorker.run(SuiteRunnerWorker.java:84)at org.testng.TestNG.runSuitesSequentially(TestNG.java:1187)at org.testng.TestNG.runSuitesLocally(TestNG.java:1116)at org.testng.TestNG.runSuites(TestNG.java:1028)at org.testng.TestNG.run(TestNG.java:996)at org.apache.maven.surefire.testng.TestNGExecutor.run(TestNGExecutor.java:283)at org.apache.maven.surefire.testng.TestNGXmlTestSuite.execute(TestNGXmlTestSuite.java:75)at org.apache.maven.surefire.testng.TestNGProvider.invoke(TestNGProvider.java:120)at org.apache.maven.surefire.booter.ForkedBooter.invokeProviderInSameClassLoader(ForkedBooter.java:373)at org.apache.maven.surefire.booter.ForkedBooter.runSuitesInProcess(ForkedBooter.java:334)at org.apache.maven.surefire.booter.ForkedBooter.execute(ForkedBooter.java:119)at org.apache.maven.surefire.booter.ForkedBooter.main(ForkedBooter.java:407)]]>
            </full-stacktrace>
          </exception> <!-- java.lang.NullPointerException -->
          <reporter-output>
          </reporter-output>
        </test-method> <!-- createUserTest -->
        <test-method status="PASS" signature="after()[pri:0, instance:testng.UsersTest@234bef66]" name="after" is-config="true" duration-ms="0" started-at="2018-01-16T10:31:43Z" finished-at="2018-01-16T10:31:43Z">
          <reporter-output>
          </reporter-output>
        </test-method> <!-- after -->
        <test-method status="FAIL" signature="createUserTest(java.lang.String, java.lang.String, java.lang.String, java.lang.String, java.lang.String, java.lang.String, java.lang.String, java.lang.String, java.lang.String, int)[pri:0, instance:testng.UsersTest@234bef66]" name="createUserTest" duration-ms="1" started-at="2018-01-16T10:31:43Z" data-provider="createUser" finished-at="2018-01-16T10:31:43Z">
          <params>
            <param index="0">
              <value>
                <![CDATA[Username, too long]]>
              </value>
            </param>
            <param index="1">
              <value>
                <![CDATA[aaaaaaaaaaaaaaaaaaaaa]]>
              </value>
            </param>
            <param index="2">
              <value>
                <![CDATA[mike]]>
              </value>
            </param>
            <param index="3">
              <value>
                <![CDATA[Mike]]>
              </value>
            </param>
            <param index="4">
              <value>
                <![CDATA[Mike]]>
              </value>
            </param>
            <param index="5">
              <value>
                <![CDATA[m]]>
              </value>
            </param>
            <param index="6">
              <value>
                <![CDATA[23 Mars Place]]>
              </value>
            </param>
            <param index="7">
              <value>
                <![CDATA[1234567890]]>
              </value>
            </param>
            <param index="8">
              <value>
                <![CDATA[mike@mike.com]]>
              </value>
            </param>
            <param index="9">
              <value>
                <![CDATA[0]]>
              </value>
            </param>
          </params>
          <exception class="java.lang.NullPointerException">
            <full-stacktrace>
              <![CDATA[java.lang.NullPointerExceptionat del.res.dao.UsersDAO.registerQuery(UsersDAO.java:19)at del.res.bo.UsersBO.registerQuery(UsersBO.java:16)at del.res.bo.UsersBO.createUser(UsersBO.java:20)at testng.UsersTest.createUserTest(UsersTest.java:94)at sun.reflect.NativeMethodAccessorImpl.invoke0(Native Method)at sun.reflect.NativeMethodAccessorImpl.invoke(NativeMethodAccessorImpl.java:62)at sun.reflect.DelegatingMethodAccessorImpl.invoke(DelegatingMethodAccessorImpl.java:43)at java.lang.reflect.Method.invoke(Method.java:498)at org.testng.internal.MethodInvocationHelper.invokeMethod(MethodInvocationHelper.java:124)at org.testng.internal.Invoker.invokeMethod(Invoker.java:571)at org.testng.internal.Invoker.invokeTestMethod(Invoker.java:707)at org.testng.internal.Invoker.invokeTestMethods(Invoker.java:979)at org.testng.internal.TestMethodWorker.invokeTestMethods(TestMethodWorker.java:125)at org.testng.internal.TestMethodWorker.run(TestMethodWorker.java:109)at org.testng.TestRunner.privateRun(TestRunner.java:648)at org.testng.TestRunner.run(TestRunner.java:505)at org.testng.SuiteRunner.runTest(SuiteRunner.java:455)at org.testng.SuiteRunner.runSequentially(SuiteRunner.java:450)at org.testng.SuiteRunner.privateRun(SuiteRunner.java:415)at org.testng.SuiteRunner.run(SuiteRunner.java:364)at org.testng.SuiteRunnerWorker.runSuite(SuiteRunnerWorker.java:52)at org.testng.SuiteRunnerWorker.run(SuiteRunnerWorker.java:84)at org.testng.TestNG.runSuitesSequentially(TestNG.java:1187)at org.testng.TestNG.runSuitesLocally(TestNG.java:1116)at org.testng.TestNG.runSuites(TestNG.java:1028)at org.testng.TestNG.run(TestNG.java:996)at org.apache.maven.surefire.testng.TestNGExecutor.run(TestNGExecutor.java:283)at org.apache.maven.surefire.testng.TestNGXmlTestSuite.execute(TestNGXmlTestSuite.java:75)at org.apache.maven.surefire.testng.TestNGProvider.invoke(TestNGProvider.java:120)at org.apache.maven.surefire.booter.ForkedBooter.invokeProviderInSameClassLoader(ForkedBooter.java:373)at org.apache.maven.surefire.booter.ForkedBooter.runSuitesInProcess(ForkedBooter.java:334)at org.apache.maven.surefire.booter.ForkedBooter.execute(ForkedBooter.java:119)at org.apache.maven.surefire.booter.ForkedBooter.main(ForkedBooter.java:407)]]>
            </full-stacktrace>
          </exception> <!-- java.lang.NullPointerException -->
          <reporter-output>
          </reporter-output>
        </test-method> <!-- createUserTest -->
        <test-method status="PASS" signature="before()[pri:0, instance:testng.UsersTest@234bef66]" name="before" is-config="true" duration-ms="0" started-at="2018-01-16T10:31:43Z" finished-at="2018-01-16T10:31:43Z">
          <reporter-output>
          </reporter-output>
        </test-method> <!-- before -->
        <test-method status="PASS" signature="after()[pri:0, instance:testng.UsersTest@234bef66]" name="after" is-config="true" duration-ms="2" started-at="2018-01-16T10:31:43Z" finished-at="2018-01-16T10:31:43Z">
          <reporter-output>
          </reporter-output>
        </test-method> <!-- after -->
        <test-method status="FAIL" signature="createUserTest(java.lang.String, java.lang.String, java.lang.String, java.lang.String, java.lang.String, java.lang.String, java.lang.String, java.lang.String, java.lang.String, int)[pri:0, instance:testng.UsersTest@234bef66]" name="createUserTest" duration-ms="1" started-at="2018-01-16T10:31:43Z" data-provider="createUser" finished-at="2018-01-16T10:31:43Z">
          <params>
            <param index="0">
              <value>
                <![CDATA[Password too long]]>
              </value>
            </param>
            <param index="1">
              <value>
                <![CDATA[mike4]]>
              </value>
            </param>
            <param index="2">
              <value>
                <![CDATA[aaaaaaaaaaaaaaaaaaaaa]]>
              </value>
            </param>
            <param index="3">
              <value>
                <![CDATA[Mike]]>
              </value>
            </param>
            <param index="4">
              <value>
                <![CDATA[Mike]]>
              </value>
            </param>
            <param index="5">
              <value>
                <![CDATA[m]]>
              </value>
            </param>
            <param index="6">
              <value>
                <![CDATA[23 Mars Place]]>
              </value>
            </param>
            <param index="7">
              <value>
                <![CDATA[1234567890]]>
              </value>
            </param>
            <param index="8">
              <value>
                <![CDATA[mike@mike.com]]>
              </value>
            </param>
            <param index="9">
              <value>
                <![CDATA[0]]>
              </value>
            </param>
          </params>
          <exception class="java.lang.NullPointerException">
            <full-stacktrace>
              <![CDATA[java.lang.NullPointerExceptionat del.res.dao.UsersDAO.registerQuery(UsersDAO.java:19)at del.res.bo.UsersBO.registerQuery(UsersBO.java:16)at del.res.bo.UsersBO.createUser(UsersBO.java:20)at testng.UsersTest.createUserTest(UsersTest.java:94)at sun.reflect.NativeMethodAccessorImpl.invoke0(Native Method)at sun.reflect.NativeMethodAccessorImpl.invoke(NativeMethodAccessorImpl.java:62)at sun.reflect.DelegatingMethodAccessorImpl.invoke(DelegatingMethodAccessorImpl.java:43)at java.lang.reflect.Method.invoke(Method.java:498)at org.testng.internal.MethodInvocationHelper.invokeMethod(MethodInvocationHelper.java:124)at org.testng.internal.Invoker.invokeMethod(Invoker.java:571)at org.testng.internal.Invoker.invokeTestMethod(Invoker.java:707)at org.testng.internal.Invoker.invokeTestMethods(Invoker.java:979)at org.testng.internal.TestMethodWorker.invokeTestMethods(TestMethodWorker.java:125)at org.testng.internal.TestMethodWorker.run(TestMethodWorker.java:109)at org.testng.TestRunner.privateRun(TestRunner.java:648)at org.testng.TestRunner.run(TestRunner.java:505)at org.testng.SuiteRunner.runTest(SuiteRunner.java:455)at org.testng.SuiteRunner.runSequentially(SuiteRunner.java:450)at org.testng.SuiteRunner.privateRun(SuiteRunner.java:415)at org.testng.SuiteRunner.run(SuiteRunner.java:364)at org.testng.SuiteRunnerWorker.runSuite(SuiteRunnerWorker.java:52)at org.testng.SuiteRunnerWorker.run(SuiteRunnerWorker.java:84)at org.testng.TestNG.runSuitesSequentially(TestNG.java:1187)at org.testng.TestNG.runSuitesLocally(TestNG.java:1116)at org.testng.TestNG.runSuites(TestNG.java:1028)at org.testng.TestNG.run(TestNG.java:996)at org.apache.maven.surefire.testng.TestNGExecutor.run(TestNGExecutor.java:283)at org.apache.maven.surefire.testng.TestNGXmlTestSuite.execute(TestNGXmlTestSuite.java:75)at org.apache.maven.surefire.testng.TestNGProvider.invoke(TestNGProvider.java:120)at org.apache.maven.surefire.booter.ForkedBooter.invokeProviderInSameClassLoader(ForkedBooter.java:373)at org.apache.maven.surefire.booter.ForkedBooter.runSuitesInProcess(ForkedBooter.java:334)at org.apache.maven.surefire.booter.ForkedBooter.execute(ForkedBooter.java:119)at org.apache.maven.surefire.booter.ForkedBooter.main(ForkedBooter.java:407)]]>
            </full-stacktrace>
          </exception> <!-- java.lang.NullPointerException -->
          <reporter-output>
          </reporter-output>
        </test-method> <!-- createUserTest -->
        <test-method status="PASS" signature="before()[pri:0, instance:testng.UsersTest@234bef66]" name="before" is-config="true" duration-ms="0" started-at="2018-01-16T10:31:43Z" finished-at="2018-01-16T10:31:43Z">
          <reporter-output>
          </reporter-output>
        </test-method> <!-- before -->
        <test-method status="PASS" signature="after()[pri:0, instance:testng.UsersTest@234bef66]" name="after" is-config="true" duration-ms="0" started-at="2018-01-16T10:31:43Z" finished-at="2018-01-16T10:31:43Z">
          <reporter-output>
          </reporter-output>
        </test-method> <!-- after -->
        <test-method status="FAIL" signature="createUserTest(java.lang.String, java.lang.String, java.lang.String, java.lang.String, java.lang.String, java.lang.String, java.lang.String, java.lang.String, java.lang.String, int)[pri:0, instance:testng.UsersTest@234bef66]" name="createUserTest" duration-ms="1" started-at="2018-01-16T10:31:43Z" data-provider="createUser" finished-at="2018-01-16T10:31:43Z">
          <params>
            <param index="0">
              <value>
                <![CDATA[Firstname too long]]>
              </value>
            </param>
            <param index="1">
              <value>
                <![CDATA[mike5]]>
              </value>
            </param>
            <param index="2">
              <value>
                <![CDATA[mike]]>
              </value>
            </param>
            <param index="3">
              <value>
                <![CDATA[aaaaaaaaaaaaaaaaaaaaa]]>
              </value>
            </param>
            <param index="4">
              <value>
                <![CDATA[Mike]]>
              </value>
            </param>
            <param index="5">
              <value>
                <![CDATA[m]]>
              </value>
            </param>
            <param index="6">
              <value>
                <![CDATA[24 Mars Place]]>
              </value>
            </param>
            <param index="7">
              <value>
                <![CDATA[1234567890]]>
              </value>
            </param>
            <param index="8">
              <value>
                <![CDATA[mike@mike.com]]>
              </value>
            </param>
            <param index="9">
              <value>
                <![CDATA[0]]>
              </value>
            </param>
          </params>
          <exception class="java.lang.NullPointerException">
            <full-stacktrace>
              <![CDATA[java.lang.NullPointerExceptionat del.res.dao.UsersDAO.registerQuery(UsersDAO.java:19)at del.res.bo.UsersBO.registerQuery(UsersBO.java:16)at del.res.bo.UsersBO.createUser(UsersBO.java:20)at testng.UsersTest.createUserTest(UsersTest.java:94)at sun.reflect.NativeMethodAccessorImpl.invoke0(Native Method)at sun.reflect.NativeMethodAccessorImpl.invoke(NativeMethodAccessorImpl.java:62)at sun.reflect.DelegatingMethodAccessorImpl.invoke(DelegatingMethodAccessorImpl.java:43)at java.lang.reflect.Method.invoke(Method.java:498)at org.testng.internal.MethodInvocationHelper.invokeMethod(MethodInvocationHelper.java:124)at org.testng.internal.Invoker.invokeMethod(Invoker.java:571)at org.testng.internal.Invoker.invokeTestMethod(Invoker.java:707)at org.testng.internal.Invoker.invokeTestMethods(Invoker.java:979)at org.testng.internal.TestMethodWorker.invokeTestMethods(TestMethodWorker.java:125)at org.testng.internal.TestMethodWorker.run(TestMethodWorker.java:109)at org.testng.TestRunner.privateRun(TestRunner.java:648)at org.testng.TestRunner.run(TestRunner.java:505)at org.testng.SuiteRunner.runTest(SuiteRunner.java:455)at org.testng.SuiteRunner.runSequentially(SuiteRunner.java:450)at org.testng.SuiteRunner.privateRun(SuiteRunner.java:415)at org.testng.SuiteRunner.run(SuiteRunner.java:364)at org.testng.SuiteRunnerWorker.runSuite(SuiteRunnerWorker.java:52)at org.testng.SuiteRunnerWorker.run(SuiteRunnerWorker.java:84)at org.testng.TestNG.runSuitesSequentially(TestNG.java:1187)at org.testng.TestNG.runSuitesLocally(TestNG.java:1116)at org.testng.TestNG.runSuites(TestNG.java:1028)at org.testng.TestNG.run(TestNG.java:996)at org.apache.maven.surefire.testng.TestNGExecutor.run(TestNGExecutor.java:283)at org.apache.maven.surefire.testng.TestNGXmlTestSuite.execute(TestNGXmlTestSuite.java:75)at org.apache.maven.surefire.testng.TestNGProvider.invoke(TestNGProvider.java:120)at org.apache.maven.surefire.booter.ForkedBooter.invokeProviderInSameClassLoader(ForkedBooter.java:373)at org.apache.maven.surefire.booter.ForkedBooter.runSuitesInProcess(ForkedBooter.java:334)at org.apache.maven.surefire.booter.ForkedBooter.execute(ForkedBooter.java:119)at org.apache.maven.surefire.booter.ForkedBooter.main(ForkedBooter.java:407)]]>
            </full-stacktrace>
          </exception> <!-- java.lang.NullPointerException -->
          <reporter-output>
          </reporter-output>
        </test-method> <!-- createUserTest -->
        <test-method status="PASS" signature="before()[pri:0, instance:testng.UsersTest@234bef66]" name="before" is-config="true" duration-ms="0" started-at="2018-01-16T10:31:43Z" finished-at="2018-01-16T10:31:43Z">
          <reporter-output>
          </reporter-output>
        </test-method> <!-- before -->
        <test-method status="PASS" signature="after()[pri:0, instance:testng.UsersTest@234bef66]" name="after" is-config="true" duration-ms="0" started-at="2018-01-16T10:31:43Z" finished-at="2018-01-16T10:31:43Z">
          <reporter-output>
          </reporter-output>
        </test-method> <!-- after -->
        <test-method status="PASS" signature="before()[pri:0, instance:testng.UsersTest@234bef66]" name="before" is-config="true" duration-ms="0" started-at="2018-01-16T10:31:43Z" finished-at="2018-01-16T10:31:43Z">
          <reporter-output>
          </reporter-output>
        </test-method> <!-- before -->
        <test-method status="PASS" signature="after()[pri:0, instance:testng.UsersTest@234bef66]" name="after" is-config="true" duration-ms="0" started-at="2018-01-16T10:31:43Z" finished-at="2018-01-16T10:31:43Z">
          <reporter-output>
          </reporter-output>
        </test-method> <!-- after -->
        <test-method status="FAIL" signature="createUserTest(java.lang.String, java.lang.String, java.lang.String, java.lang.String, java.lang.String, java.lang.String, java.lang.String, java.lang.String, java.lang.String, int)[pri:0, instance:testng.UsersTest@234bef66]" name="createUserTest" duration-ms="0" started-at="2018-01-16T10:31:43Z" data-provider="createUser" finished-at="2018-01-16T10:31:43Z">
          <params>
            <param index="0">
              <value>
                <![CDATA[Lastname too long]]>
              </value>
            </param>
            <param index="1">
              <value>
                <![CDATA[mike6]]>
              </value>
            </param>
            <param index="2">
              <value>
                <![CDATA[mike]]>
              </value>
            </param>
            <param index="3">
              <value>
                <![CDATA[Mike]]>
              </value>
            </param>
            <param index="4">
              <value>
                <![CDATA[aaaaaaaaaaaaaaaaaaaaa]]>
              </value>
            </param>
            <param index="5">
              <value>
                <![CDATA[m]]>
              </value>
            </param>
            <param index="6">
              <value>
                <![CDATA[25 Mars Place]]>
              </value>
            </param>
            <param index="7">
              <value>
                <![CDATA[1234567890]]>
              </value>
            </param>
            <param index="8">
              <value>
                <![CDATA[mike@mike.com]]>
              </value>
            </param>
            <param index="9">
              <value>
                <![CDATA[0]]>
              </value>
            </param>
          </params>
          <exception class="java.lang.NullPointerException">
            <full-stacktrace>
              <![CDATA[java.lang.NullPointerExceptionat del.res.dao.UsersDAO.registerQuery(UsersDAO.java:19)at del.res.bo.UsersBO.registerQuery(UsersBO.java:16)at del.res.bo.UsersBO.createUser(UsersBO.java:20)at testng.UsersTest.createUserTest(UsersTest.java:94)at sun.reflect.NativeMethodAccessorImpl.invoke0(Native Method)at sun.reflect.NativeMethodAccessorImpl.invoke(NativeMethodAccessorImpl.java:62)at sun.reflect.DelegatingMethodAccessorImpl.invoke(DelegatingMethodAccessorImpl.java:43)at java.lang.reflect.Method.invoke(Method.java:498)at org.testng.internal.MethodInvocationHelper.invokeMethod(MethodInvocationHelper.java:124)at org.testng.internal.Invoker.invokeMethod(Invoker.java:571)at org.testng.internal.Invoker.invokeTestMethod(Invoker.java:707)at org.testng.internal.Invoker.invokeTestMethods(Invoker.java:979)at org.testng.internal.TestMethodWorker.invokeTestMethods(TestMethodWorker.java:125)at org.testng.internal.TestMethodWorker.run(TestMethodWorker.java:109)at org.testng.TestRunner.privateRun(TestRunner.java:648)at org.testng.TestRunner.run(TestRunner.java:505)at org.testng.SuiteRunner.runTest(SuiteRunner.java:455)at org.testng.SuiteRunner.runSequentially(SuiteRunner.java:450)at org.testng.SuiteRunner.privateRun(SuiteRunner.java:415)at org.testng.SuiteRunner.run(SuiteRunner.java:364)at org.testng.SuiteRunnerWorker.runSuite(SuiteRunnerWorker.java:52)at org.testng.SuiteRunnerWorker.run(SuiteRunnerWorker.java:84)at org.testng.TestNG.runSuitesSequentially(TestNG.java:1187)at org.testng.TestNG.runSuitesLocally(TestNG.java:1116)at org.testng.TestNG.runSuites(TestNG.java:1028)at org.testng.TestNG.run(TestNG.java:996)at org.apache.maven.surefire.testng.TestNGExecutor.run(TestNGExecutor.java:283)at org.apache.maven.surefire.testng.TestNGXmlTestSuite.execute(TestNGXmlTestSuite.java:75)at org.apache.maven.surefire.testng.TestNGProvider.invoke(TestNGProvider.java:120)at org.apache.maven.surefire.booter.ForkedBooter.invokeProviderInSameClassLoader(ForkedBooter.java:373)at org.apache.maven.surefire.booter.ForkedBooter.runSuitesInProcess(ForkedBooter.java:334)at org.apache.maven.surefire.booter.ForkedBooter.execute(ForkedBooter.java:119)at org.apache.maven.surefire.booter.ForkedBooter.main(ForkedBooter.java:407)]]>
            </full-stacktrace>
          </exception> <!-- java.lang.NullPointerException -->
          <reporter-output>
          </reporter-output>
        </test-method> <!-- createUserTest -->
        <test-method status="PASS" signature="after()[pri:0, instance:testng.UsersTest@234bef66]" name="after" is-config="true" duration-ms="0" started-at="2018-01-16T10:31:43Z" finished-at="2018-01-16T10:31:43Z">
          <reporter-output>
          </reporter-output>
        </test-method> <!-- after -->
        <test-method status="FAIL" signature="createUserTest(java.lang.String, java.lang.String, java.lang.String, java.lang.String, java.lang.String, java.lang.String, java.lang.String, java.lang.String, java.lang.String, int)[pri:0, instance:testng.UsersTest@234bef66]" name="createUserTest" duration-ms="0" started-at="2018-01-16T10:31:43Z" data-provider="createUser" finished-at="2018-01-16T10:31:43Z">
          <params>
            <param index="0">
              <value>
                <![CDATA[Gender more than 1 char]]>
              </value>
            </param>
            <param index="1">
              <value>
                <![CDATA[mike7]]>
              </value>
            </param>
            <param index="2">
              <value>
                <![CDATA[mike]]>
              </value>
            </param>
            <param index="3">
              <value>
                <![CDATA[Mike]]>
              </value>
            </param>
            <param index="4">
              <value>
                <![CDATA[Mike]]>
              </value>
            </param>
            <param index="5">
              <value>
                <![CDATA[mm]]>
              </value>
            </param>
            <param index="6">
              <value>
                <![CDATA[26 Mars Place]]>
              </value>
            </param>
            <param index="7">
              <value>
                <![CDATA[1234567890]]>
              </value>
            </param>
            <param index="8">
              <value>
                <![CDATA[mike@mike.com]]>
              </value>
            </param>
            <param index="9">
              <value>
                <![CDATA[0]]>
              </value>
            </param>
          </params>
          <exception class="java.lang.NullPointerException">
            <full-stacktrace>
              <![CDATA[java.lang.NullPointerExceptionat del.res.dao.UsersDAO.registerQuery(UsersDAO.java:19)at del.res.bo.UsersBO.registerQuery(UsersBO.java:16)at del.res.bo.UsersBO.createUser(UsersBO.java:20)at testng.UsersTest.createUserTest(UsersTest.java:94)at sun.reflect.NativeMethodAccessorImpl.invoke0(Native Method)at sun.reflect.NativeMethodAccessorImpl.invoke(NativeMethodAccessorImpl.java:62)at sun.reflect.DelegatingMethodAccessorImpl.invoke(DelegatingMethodAccessorImpl.java:43)at java.lang.reflect.Method.invoke(Method.java:498)at org.testng.internal.MethodInvocationHelper.invokeMethod(MethodInvocationHelper.java:124)at org.testng.internal.Invoker.invokeMethod(Invoker.java:571)at org.testng.internal.Invoker.invokeTestMethod(Invoker.java:707)at org.testng.internal.Invoker.invokeTestMethods(Invoker.java:979)at org.testng.internal.TestMethodWorker.invokeTestMethods(TestMethodWorker.java:125)at org.testng.internal.TestMethodWorker.run(TestMethodWorker.java:109)at org.testng.TestRunner.privateRun(TestRunner.java:648)at org.testng.TestRunner.run(TestRunner.java:505)at org.testng.SuiteRunner.runTest(SuiteRunner.java:455)at org.testng.SuiteRunner.runSequentially(SuiteRunner.java:450)at org.testng.SuiteRunner.privateRun(SuiteRunner.java:415)at org.testng.SuiteRunner.run(SuiteRunner.java:364)at org.testng.SuiteRunnerWorker.runSuite(SuiteRunnerWorker.java:52)at org.testng.SuiteRunnerWorker.run(SuiteRunnerWorker.java:84)at org.testng.TestNG.runSuitesSequentially(TestNG.java:1187)at org.testng.TestNG.runSuitesLocally(TestNG.java:1116)at org.testng.TestNG.runSuites(TestNG.java:1028)at org.testng.TestNG.run(TestNG.java:996)at org.apache.maven.surefire.testng.TestNGExecutor.run(TestNGExecutor.java:283)at org.apache.maven.surefire.testng.TestNGXmlTestSuite.execute(TestNGXmlTestSuite.java:75)at org.apache.maven.surefire.testng.TestNGProvider.invoke(TestNGProvider.java:120)at org.apache.maven.surefire.booter.ForkedBooter.invokeProviderInSameClassLoader(ForkedBooter.java:373)at org.apache.maven.surefire.booter.ForkedBooter.runSuitesInProcess(ForkedBooter.java:334)at org.apache.maven.surefire.booter.ForkedBooter.execute(ForkedBooter.java:119)at org.apache.maven.surefire.booter.ForkedBooter.main(ForkedBooter.java:407)]]>
            </full-stacktrace>
          </exception> <!-- java.lang.NullPointerException -->
          <reporter-output>
          </reporter-output>
        </test-method> <!-- createUserTest -->
        <test-method status="FAIL" signature="createUserTest(java.lang.String, java.lang.String, java.lang.String, java.lang.String, java.lang.String, java.lang.String, java.lang.String, java.lang.String, java.lang.String, int)[pri:0, instance:testng.UsersTest@234bef66]" name="createUserTest" duration-ms="1" started-at="2018-01-16T10:31:43Z" data-provider="createUser" finished-at="2018-01-16T10:31:43Z">
          <params>
            <param index="0">
              <value>
                <![CDATA[Address too long]]>
              </value>
            </param>
            <param index="1">
              <value>
                <![CDATA[mike8]]>
              </value>
            </param>
            <param index="2">
              <value>
                <![CDATA[mike]]>
              </value>
            </param>
            <param index="3">
              <value>
                <![CDATA[Mike]]>
              </value>
            </param>
            <param index="4">
              <value>
                <![CDATA[Mike]]>
              </value>
            </param>
            <param index="5">
              <value>
                <![CDATA[m]]>
              </value>
            </param>
            <param index="6">
              <value>
                <![CDATA[aaaaaaaaaaaaaaaaaaaaaaaaaaaaaaaaaaaaaaaaaaaaaaaaaaaaaaaaaaaaaaaaaaaaaaaaaaaaaaaaaaaaaaaaaaaaaaaaaaaaaaaaaaaaaaaaaaaaaaaaaaaaaaaaaaaaaaaaaaaaaaaaaaaaaaaaaaaaaaaaaaaaaaaaaaaaaaaaaaaaaaaaaaaaaaaaaaaaaaaaaaaaaaaaaaaaaaaaaa]]>
              </value>
            </param>
            <param index="7">
              <value>
                <![CDATA[1234567890]]>
              </value>
            </param>
            <param index="8">
              <value>
                <![CDATA[mike@mike.com]]>
              </value>
            </param>
            <param index="9">
              <value>
                <![CDATA[0]]>
              </value>
            </param>
          </params>
          <exception class="java.lang.NullPointerException">
            <full-stacktrace>
              <![CDATA[java.lang.NullPointerExceptionat del.res.dao.UsersDAO.registerQuery(UsersDAO.java:19)at del.res.bo.UsersBO.registerQuery(UsersBO.java:16)at del.res.bo.UsersBO.createUser(UsersBO.java:20)at testng.UsersTest.createUserTest(UsersTest.java:94)at sun.reflect.NativeMethodAccessorImpl.invoke0(Native Method)at sun.reflect.NativeMethodAccessorImpl.invoke(NativeMethodAccessorImpl.java:62)at sun.reflect.DelegatingMethodAccessorImpl.invoke(DelegatingMethodAccessorImpl.java:43)at java.lang.reflect.Method.invoke(Method.java:498)at org.testng.internal.MethodInvocationHelper.invokeMethod(MethodInvocationHelper.java:124)at org.testng.internal.Invoker.invokeMethod(Invoker.java:571)at org.testng.internal.Invoker.invokeTestMethod(Invoker.java:707)at org.testng.internal.Invoker.invokeTestMethods(Invoker.java:979)at org.testng.internal.TestMethodWorker.invokeTestMethods(TestMethodWorker.java:125)at org.testng.internal.TestMethodWorker.run(TestMethodWorker.java:109)at org.testng.TestRunner.privateRun(TestRunner.java:648)at org.testng.TestRunner.run(TestRunner.java:505)at org.testng.SuiteRunner.runTest(SuiteRunner.java:455)at org.testng.SuiteRunner.runSequentially(SuiteRunner.java:450)at org.testng.SuiteRunner.privateRun(SuiteRunner.java:415)at org.testng.SuiteRunner.run(SuiteRunner.java:364)at org.testng.SuiteRunnerWorker.runSuite(SuiteRunnerWorker.java:52)at org.testng.SuiteRunnerWorker.run(SuiteRunnerWorker.java:84)at org.testng.TestNG.runSuitesSequentially(TestNG.java:1187)at org.testng.TestNG.runSuitesLocally(TestNG.java:1116)at org.testng.TestNG.runSuites(TestNG.java:1028)at org.testng.TestNG.run(TestNG.java:996)at org.apache.maven.surefire.testng.TestNGExecutor.run(TestNGExecutor.java:283)at org.apache.maven.surefire.testng.TestNGXmlTestSuite.execute(TestNGXmlTestSuite.java:75)at org.apache.maven.surefire.testng.TestNGProvider.invoke(TestNGProvider.java:120)at org.apache.maven.surefire.booter.ForkedBooter.invokeProviderInSameClassLoader(ForkedBooter.java:373)at org.apache.maven.surefire.booter.ForkedBooter.runSuitesInProcess(ForkedBooter.java:334)at org.apache.maven.surefire.booter.ForkedBooter.execute(ForkedBooter.java:119)at org.apache.maven.surefire.booter.ForkedBooter.main(ForkedBooter.java:407)]]>
            </full-stacktrace>
          </exception> <!-- java.lang.NullPointerException -->
          <reporter-output>
          </reporter-output>
        </test-method> <!-- createUserTest -->
        <test-method status="PASS" signature="before()[pri:0, instance:testng.UsersTest@234bef66]" name="before" is-config="true" duration-ms="0" started-at="2018-01-16T10:31:43Z" finished-at="2018-01-16T10:31:43Z">
          <reporter-output>
          </reporter-output>
        </test-method> <!-- before -->
        <test-method status="PASS" signature="before()[pri:0, instance:testng.UsersTest@234bef66]" name="before" is-config="true" duration-ms="0" started-at="2018-01-16T10:31:43Z" finished-at="2018-01-16T10:31:43Z">
          <reporter-output>
          </reporter-output>
        </test-method> <!-- before -->
        <test-method status="FAIL" signature="createUserTest(java.lang.String, java.lang.String, java.lang.String, java.lang.String, java.lang.String, java.lang.String, java.lang.String, java.lang.String, java.lang.String, int)[pri:0, instance:testng.UsersTest@234bef66]" name="createUserTest" duration-ms="0" started-at="2018-01-16T10:31:43Z" data-provider="createUser" finished-at="2018-01-16T10:31:43Z">
          <params>
            <param index="0">
              <value>
                <![CDATA[Phone non-numeric]]>
              </value>
            </param>
            <param index="1">
              <value>
                <![CDATA[mike9]]>
              </value>
            </param>
            <param index="2">
              <value>
                <![CDATA[mike]]>
              </value>
            </param>
            <param index="3">
              <value>
                <![CDATA[Mike]]>
              </value>
            </param>
            <param index="4">
              <value>
                <![CDATA[Mike]]>
              </value>
            </param>
            <param index="5">
              <value>
                <![CDATA[m]]>
              </value>
            </param>
            <param index="6">
              <value>
                <![CDATA[23 Mars Place]]>
              </value>
            </param>
            <param index="7">
              <value>
                <![CDATA[abcdefghij]]>
              </value>
            </param>
            <param index="8">
              <value>
                <![CDATA[mike@mike.com]]>
              </value>
            </param>
            <param index="9">
              <value>
                <![CDATA[0]]>
              </value>
            </param>
          </params>
          <exception class="java.lang.NullPointerException">
            <full-stacktrace>
              <![CDATA[java.lang.NullPointerExceptionat del.res.dao.UsersDAO.registerQuery(UsersDAO.java:19)at del.res.bo.UsersBO.registerQuery(UsersBO.java:16)at del.res.bo.UsersBO.createUser(UsersBO.java:20)at testng.UsersTest.createUserTest(UsersTest.java:94)at sun.reflect.NativeMethodAccessorImpl.invoke0(Native Method)at sun.reflect.NativeMethodAccessorImpl.invoke(NativeMethodAccessorImpl.java:62)at sun.reflect.DelegatingMethodAccessorImpl.invoke(DelegatingMethodAccessorImpl.java:43)at java.lang.reflect.Method.invoke(Method.java:498)at org.testng.internal.MethodInvocationHelper.invokeMethod(MethodInvocationHelper.java:124)at org.testng.internal.Invoker.invokeMethod(Invoker.java:571)at org.testng.internal.Invoker.invokeTestMethod(Invoker.java:707)at org.testng.internal.Invoker.invokeTestMethods(Invoker.java:979)at org.testng.internal.TestMethodWorker.invokeTestMethods(TestMethodWorker.java:125)at org.testng.internal.TestMethodWorker.run(TestMethodWorker.java:109)at org.testng.TestRunner.privateRun(TestRunner.java:648)at org.testng.TestRunner.run(TestRunner.java:505)at org.testng.SuiteRunner.runTest(SuiteRunner.java:455)at org.testng.SuiteRunner.runSequentially(SuiteRunner.java:450)at org.testng.SuiteRunner.privateRun(SuiteRunner.java:415)at org.testng.SuiteRunner.run(SuiteRunner.java:364)at org.testng.SuiteRunnerWorker.runSuite(SuiteRunnerWorker.java:52)at org.testng.SuiteRunnerWorker.run(SuiteRunnerWorker.java:84)at org.testng.TestNG.runSuitesSequentially(TestNG.java:1187)at org.testng.TestNG.runSuitesLocally(TestNG.java:1116)at org.testng.TestNG.runSuites(TestNG.java:1028)at org.testng.TestNG.run(TestNG.java:996)at org.apache.maven.surefire.testng.TestNGExecutor.run(TestNGExecutor.java:283)at org.apache.maven.surefire.testng.TestNGXmlTestSuite.execute(TestNGXmlTestSuite.java:75)at org.apache.maven.surefire.testng.TestNGProvider.invoke(TestNGProvider.java:120)at org.apache.maven.surefire.booter.ForkedBooter.invokeProviderInSameClassLoader(ForkedBooter.java:373)at org.apache.maven.surefire.booter.ForkedBooter.runSuitesInProcess(ForkedBooter.java:334)at org.apache.maven.surefire.booter.ForkedBooter.execute(ForkedBooter.java:119)at org.apache.maven.surefire.booter.ForkedBooter.main(ForkedBooter.java:407)]]>
            </full-stacktrace>
          </exception> <!-- java.lang.NullPointerException -->
          <reporter-output>
          </reporter-output>
        </test-method> <!-- createUserTest -->
        <test-method status="PASS" signature="after()[pri:0, instance:testng.UsersTest@234bef66]" name="after" is-config="true" duration-ms="0" started-at="2018-01-16T10:31:43Z" finished-at="2018-01-16T10:31:43Z">
          <reporter-output>
          </reporter-output>
        </test-method> <!-- after -->
        <test-method status="PASS" signature="before()[pri:0, instance:testng.UsersTest@234bef66]" name="before" is-config="true" duration-ms="0" started-at="2018-01-16T10:31:43Z" finished-at="2018-01-16T10:31:43Z">
          <reporter-output>
          </reporter-output>
        </test-method> <!-- before -->
        <test-method status="FAIL" signature="createUserTest(java.lang.String, java.lang.String, java.lang.String, java.lang.String, java.lang.String, java.lang.String, java.lang.String, java.lang.String, java.lang.String, int)[pri:0, instance:testng.UsersTest@234bef66]" name="createUserTest" duration-ms="0" started-at="2018-01-16T10:31:43Z" data-provider="createUser" finished-at="2018-01-16T10:31:43Z">
          <params>
            <param index="0">
              <value>
                <![CDATA[Email too long]]>
              </value>
            </param>
            <param index="1">
              <value>
                <![CDATA[mike10]]>
              </value>
            </param>
            <param index="2">
              <value>
                <![CDATA[mike]]>
              </value>
            </param>
            <param index="3">
              <value>
                <![CDATA[Mike]]>
              </value>
            </param>
            <param index="4">
              <value>
                <![CDATA[Mike]]>
              </value>
            </param>
            <param index="5">
              <value>
                <![CDATA[m]]>
              </value>
            </param>
            <param index="6">
              <value>
                <![CDATA[23 Mars Place]]>
              </value>
            </param>
            <param index="7">
              <value>
                <![CDATA[23 Mars Place]]>
              </value>
            </param>
            <param index="8">
              <value>
                <![CDATA[aaaaaaaaaaaaaaaaaaaaa@aaaaaaaaaaaaaaaaaaaaa.com]]>
              </value>
            </param>
            <param index="9">
              <value>
                <![CDATA[0]]>
              </value>
            </param>
          </params>
          <exception class="java.lang.NullPointerException">
            <full-stacktrace>
              <![CDATA[java.lang.NullPointerExceptionat del.res.dao.UsersDAO.registerQuery(UsersDAO.java:19)at del.res.bo.UsersBO.registerQuery(UsersBO.java:16)at del.res.bo.UsersBO.createUser(UsersBO.java:20)at testng.UsersTest.createUserTest(UsersTest.java:94)at sun.reflect.NativeMethodAccessorImpl.invoke0(Native Method)at sun.reflect.NativeMethodAccessorImpl.invoke(NativeMethodAccessorImpl.java:62)at sun.reflect.DelegatingMethodAccessorImpl.invoke(DelegatingMethodAccessorImpl.java:43)at java.lang.reflect.Method.invoke(Method.java:498)at org.testng.internal.MethodInvocationHelper.invokeMethod(MethodInvocationHelper.java:124)at org.testng.internal.Invoker.invokeMethod(Invoker.java:571)at org.testng.internal.Invoker.invokeTestMethod(Invoker.java:707)at org.testng.internal.Invoker.invokeTestMethods(Invoker.java:979)at org.testng.internal.TestMethodWorker.invokeTestMethods(TestMethodWorker.java:125)at org.testng.internal.TestMethodWorker.run(TestMethodWorker.java:109)at org.testng.TestRunner.privateRun(TestRunner.java:648)at org.testng.TestRunner.run(TestRunner.java:505)at org.testng.SuiteRunner.runTest(SuiteRunner.java:455)at org.testng.SuiteRunner.runSequentially(SuiteRunner.java:450)at org.testng.SuiteRunner.privateRun(SuiteRunner.java:415)at org.testng.SuiteRunner.run(SuiteRunner.java:364)at org.testng.SuiteRunnerWorker.runSuite(SuiteRunnerWorker.java:52)at org.testng.SuiteRunnerWorker.run(SuiteRunnerWorker.java:84)at org.testng.TestNG.runSuitesSequentially(TestNG.java:1187)at org.testng.TestNG.runSuitesLocally(TestNG.java:1116)at org.testng.TestNG.runSuites(TestNG.java:1028)at org.testng.TestNG.run(TestNG.java:996)at org.apache.maven.surefire.testng.TestNGExecutor.run(TestNGExecutor.java:283)at org.apache.maven.surefire.testng.TestNGXmlTestSuite.execute(TestNGXmlTestSuite.java:75)at org.apache.maven.surefire.testng.TestNGProvider.invoke(TestNGProvider.java:120)at org.apache.maven.surefire.booter.ForkedBooter.invokeProviderInSameClassLoader(ForkedBooter.java:373)at org.apache.maven.surefire.booter.ForkedBooter.runSuitesInProcess(ForkedBooter.java:334)at org.apache.maven.surefire.booter.ForkedBooter.execute(ForkedBooter.java:119)at org.apache.maven.surefire.booter.ForkedBooter.main(ForkedBooter.java:407)]]>
            </full-stacktrace>
          </exception> <!-- java.lang.NullPointerException -->
          <reporter-output>
          </reporter-output>
        </test-method> <!-- createUserTest -->
        <test-method status="PASS" signature="before()[pri:0, instance:testng.UsersTest@234bef66]" name="before" is-config="true" duration-ms="0" started-at="2018-01-16T10:31:43Z" finished-at="2018-01-16T10:31:43Z">
          <reporter-output>
          </reporter-output>
        </test-method> <!-- before -->
        <test-method status="PASS" signature="after()[pri:0, instance:testng.UsersTest@234bef66]" name="after" is-config="true" duration-ms="0" started-at="2018-01-16T10:31:43Z" finished-at="2018-01-16T10:31:43Z">
          <reporter-output>
          </reporter-output>
        </test-method> <!-- after -->
        <test-method status="PASS" signature="after()[pri:0, instance:testng.UsersTest@234bef66]" name="after" is-config="true" duration-ms="0" started-at="2018-01-16T10:31:43Z" finished-at="2018-01-16T10:31:43Z">
          <reporter-output>
          </reporter-output>
        </test-method> <!-- after -->
        <test-method status="PASS" signature="before()[pri:0, instance:testng.UsersTest@234bef66]" name="before" is-config="true" duration-ms="0" started-at="2018-01-16T10:31:43Z" finished-at="2018-01-16T10:31:43Z">
          <reporter-output>
          </reporter-output>
        </test-method> <!-- before -->
        <test-method status="FAIL" signature="getDetailsTest(java.lang.String, java.lang.String, java.lang.String)[pri:0, instance:testng.UsersTest@234bef66]" name="getDetailsTest" duration-ms="2" started-at="2018-01-16T10:31:43Z" data-provider="getDetails" finished-at="2018-01-16T10:31:43Z">
          <params>
            <param index="0">
              <value>
                <![CDATA[Valid ID]]>
              </value>
            </param>
            <param index="1">
              <value>
                <![CDATA[3]]>
              </value>
            </param>
            <param index="2">
              <value>
                <![CDATA[mike]]>
              </value>
            </param>
          </params>
          <exception class="java.lang.AssertionError">
            <message>
              <![CDATA[null]]>
            </message>
            <full-stacktrace>
              <![CDATA[java.lang.AssertionError: nullat org.testng.Assert.fail(Assert.java:96)at org.testng.Assert.fail(Assert.java:103)at testng.UsersTest.getDetailsTest(UsersTest.java:154)at sun.reflect.NativeMethodAccessorImpl.invoke0(Native Method)at sun.reflect.NativeMethodAccessorImpl.invoke(NativeMethodAccessorImpl.java:62)at sun.reflect.DelegatingMethodAccessorImpl.invoke(DelegatingMethodAccessorImpl.java:43)at java.lang.reflect.Method.invoke(Method.java:498)at org.testng.internal.MethodInvocationHelper.invokeMethod(MethodInvocationHelper.java:124)at org.testng.internal.Invoker.invokeMethod(Invoker.java:571)at org.testng.internal.Invoker.invokeTestMethod(Invoker.java:707)at org.testng.internal.Invoker.invokeTestMethods(Invoker.java:979)at org.testng.internal.TestMethodWorker.invokeTestMethods(TestMethodWorker.java:125)at org.testng.internal.TestMethodWorker.run(TestMethodWorker.java:109)at org.testng.TestRunner.privateRun(TestRunner.java:648)at org.testng.TestRunner.run(TestRunner.java:505)at org.testng.SuiteRunner.runTest(SuiteRunner.java:455)at org.testng.SuiteRunner.runSequentially(SuiteRunner.java:450)at org.testng.SuiteRunner.privateRun(SuiteRunner.java:415)at org.testng.SuiteRunner.run(SuiteRunner.java:364)at org.testng.SuiteRunnerWorker.runSuite(SuiteRunnerWorker.java:52)at org.testng.SuiteRunnerWorker.run(SuiteRunnerWorker.java:84)at org.testng.TestNG.runSuitesSequentially(TestNG.java:1187)at org.testng.TestNG.runSuitesLocally(TestNG.java:1116)at org.testng.TestNG.runSuites(TestNG.java:1028)at org.testng.TestNG.run(TestNG.java:996)at org.apache.maven.surefire.testng.TestNGExecutor.run(TestNGExecutor.java:283)at org.apache.maven.surefire.testng.TestNGXmlTestSuite.execute(TestNGXmlTestSuite.java:75)at org.apache.maven.surefire.testng.TestNGProvider.invoke(TestNGProvider.java:120)at org.apache.maven.surefire.booter.ForkedBooter.invokeProviderInSameClassLoader(ForkedBooter.java:373)at org.apache.maven.surefire.booter.ForkedBooter.runSuitesInProcess(ForkedBooter.java:334)at org.apache.maven.surefire.booter.ForkedBooter.execute(ForkedBooter.java:119)at org.apache.maven.surefire.booter.ForkedBooter.main(ForkedBooter.java:407)]]>
            </full-stacktrace>
          </exception> <!-- java.lang.AssertionError -->
          <reporter-output>
          </reporter-output>
        </test-method> <!-- getDetailsTest -->
        <test-method status="PASS" signature="after()[pri:0, instance:testng.UsersTest@234bef66]" name="after" is-config="true" duration-ms="1" started-at="2018-01-16T10:31:43Z" finished-at="2018-01-16T10:31:43Z">
          <reporter-output>
          </reporter-output>
        </test-method> <!-- after -->
        <test-method status="PASS" signature="getDetailsTest(java.lang.String, java.lang.String, java.lang.String)[pri:0, instance:testng.UsersTest@234bef66]" name="getDetailsTest" duration-ms="1" started-at="2018-01-16T10:31:43Z" data-provider="getDetails" finished-at="2018-01-16T10:31:43Z">
          <params>
            <param index="0">
              <value>
                <![CDATA[Invalid ID]]>
              </value>
            </param>
            <param index="1">
              <value>
                <![CDATA[4000]]>
              </value>
            </param>
            <param index="2">
              <value>
                <![CDATA[null]]>
              </value>
            </param>
          </params>
          <reporter-output>
          </reporter-output>
        </test-method> <!-- getDetailsTest -->
        <test-method status="PASS" signature="before()[pri:0, instance:testng.UsersTest@234bef66]" name="before" is-config="true" duration-ms="0" started-at="2018-01-16T10:31:43Z" finished-at="2018-01-16T10:31:43Z">
          <reporter-output>
          </reporter-output>
        </test-method> <!-- before -->
        <test-method status="PASS" signature="getDetailsTest(java.lang.String, java.lang.String, java.lang.String)[pri:0, instance:testng.UsersTest@234bef66]" name="getDetailsTest" duration-ms="0" started-at="2018-01-16T10:31:43Z" data-provider="getDetails" finished-at="2018-01-16T10:31:43Z">
          <params>
            <param index="0">
              <value>
                <![CDATA[ID contains non-numeric chars]]>
              </value>
            </param>
            <param index="1">
              <value>
                <![CDATA[abc]]>
              </value>
            </param>
            <param index="2">
              <value>
                <![CDATA[null]]>
              </value>
            </param>
          </params>
          <reporter-output>
          </reporter-output>
        </test-method> <!-- getDetailsTest -->
        <test-method status="PASS" signature="before()[pri:0, instance:testng.UsersTest@234bef66]" name="before" is-config="true" duration-ms="0" started-at="2018-01-16T10:31:43Z" finished-at="2018-01-16T10:31:43Z">
          <reporter-output>
          </reporter-output>
        </test-method> <!-- before -->
        <test-method status="PASS" signature="after()[pri:0, instance:testng.UsersTest@234bef66]" name="after" is-config="true" duration-ms="0" started-at="2018-01-16T10:31:43Z" finished-at="2018-01-16T10:31:43Z">
          <reporter-output>
          </reporter-output>
        </test-method> <!-- after -->
        <test-method status="PASS" signature="after()[pri:0, instance:testng.UsersTest@234bef66]" name="after" is-config="true" duration-ms="0" started-at="2018-01-16T10:31:43Z" finished-at="2018-01-16T10:31:43Z">
          <reporter-output>
          </reporter-output>
        </test-method> <!-- after -->
        <test-method status="PASS" signature="before()[pri:0, instance:testng.UsersTest@234bef66]" name="before" is-config="true" duration-ms="0" started-at="2018-01-16T10:31:43Z" finished-at="2018-01-16T10:31:43Z">
          <reporter-output>
          </reporter-output>
        </test-method> <!-- before -->
        <test-method status="FAIL" signature="loginQueryTest(java.lang.String, java.lang.String, java.lang.String, java.lang.String)[pri:0, instance:testng.UsersTest@234bef66]" name="loginQueryTest" duration-ms="4" started-at="2018-01-16T10:31:43Z" data-provider="loginQuery" finished-at="2018-01-16T10:31:43Z">
          <params>
            <param index="0">
              <value>
                <![CDATA[Valid Normal Login Creds]]>
              </value>
            </param>
            <param index="1">
              <value>
                <![CDATA[mike]]>
              </value>
            </param>
            <param index="2">
              <value>
                <![CDATA[mike]]>
              </value>
            </param>
            <param index="3">
              <value>
                <![CDATA[3]]>
              </value>
            </param>
          </params>
          <exception class="java.lang.AssertionError">
            <message>
              <![CDATA[Expected: "3"     but: was null]]>
            </message>
            <full-stacktrace>
              <![CDATA[java.lang.AssertionError: Expected: "3"     but: was nullat org.hamcrest.MatcherAssert.assertThat(MatcherAssert.java:20)at org.hamcrest.MatcherAssert.assertThat(MatcherAssert.java:8)at testng.UsersTest.loginQueryTest(UsersTest.java:123)at sun.reflect.NativeMethodAccessorImpl.invoke0(Native Method)at sun.reflect.NativeMethodAccessorImpl.invoke(NativeMethodAccessorImpl.java:62)at sun.reflect.DelegatingMethodAccessorImpl.invoke(DelegatingMethodAccessorImpl.java:43)at java.lang.reflect.Method.invoke(Method.java:498)at org.testng.internal.MethodInvocationHelper.invokeMethod(MethodInvocationHelper.java:124)at org.testng.internal.Invoker.invokeMethod(Invoker.java:571)at org.testng.internal.Invoker.invokeTestMethod(Invoker.java:707)at org.testng.internal.Invoker.invokeTestMethods(Invoker.java:979)at org.testng.internal.TestMethodWorker.invokeTestMethods(TestMethodWorker.java:125)at org.testng.internal.TestMethodWorker.run(TestMethodWorker.java:109)at org.testng.TestRunner.privateRun(TestRunner.java:648)at org.testng.TestRunner.run(TestRunner.java:505)at org.testng.SuiteRunner.runTest(SuiteRunner.java:455)at org.testng.SuiteRunner.runSequentially(SuiteRunner.java:450)at org.testng.SuiteRunner.privateRun(SuiteRunner.java:415)at org.testng.SuiteRunner.run(SuiteRunner.java:364)at org.testng.SuiteRunnerWorker.runSuite(SuiteRunnerWorker.java:52)at org.testng.SuiteRunnerWorker.run(SuiteRunnerWorker.java:84)at org.testng.TestNG.runSuitesSequentially(TestNG.java:1187)at org.testng.TestNG.runSuitesLocally(TestNG.java:1116)at org.testng.TestNG.runSuites(TestNG.java:1028)at org.testng.TestNG.run(TestNG.java:996)at org.apache.maven.surefire.testng.TestNGExecutor.run(TestNGExecutor.java:283)at org.apache.maven.surefire.testng.TestNGXmlTestSuite.execute(TestNGXmlTestSuite.java:75)at org.apache.maven.surefire.testng.TestNGProvider.invoke(TestNGProvider.java:120)at org.apache.maven.surefire.booter.ForkedBooter.invokeProviderInSameClassLoader(ForkedBooter.java:373)at org.apache.maven.surefire.booter.ForkedBooter.runSuitesInProcess(ForkedBooter.java:334)at org.apache.maven.surefire.booter.ForkedBooter.execute(ForkedBooter.java:119)at org.apache.maven.surefire.booter.ForkedBooter.main(ForkedBooter.java:407)]]>
            </full-stacktrace>
          </exception> <!-- java.lang.AssertionError -->
          <reporter-output>
          </reporter-output>
        </test-method> <!-- loginQueryTest -->
        <test-method status="PASS" signature="loginQueryTest(java.lang.String, java.lang.String, java.lang.String, java.lang.String)[pri:0, instance:testng.UsersTest@234bef66]" name="loginQueryTest" duration-ms="2" started-at="2018-01-16T10:31:43Z" data-provider="loginQuery" finished-at="2018-01-16T10:31:43Z">
          <params>
            <param index="0">
              <value>
                <![CDATA[Invalid username]]>
              </value>
            </param>
            <param index="1">
              <value>
                <![CDATA[abcd1234]]>
              </value>
            </param>
            <param index="2">
              <value>
                <![CDATA[mike]]>
              </value>
            </param>
            <param index="3">
              <value>
                <![CDATA[null]]>
              </value>
            </param>
          </params>
          <reporter-output>
          </reporter-output>
        </test-method> <!-- loginQueryTest -->
        <test-method status="PASS" signature="before()[pri:0, instance:testng.UsersTest@234bef66]" name="before" is-config="true" duration-ms="0" started-at="2018-01-16T10:31:43Z" finished-at="2018-01-16T10:31:43Z">
          <reporter-output>
          </reporter-output>
        </test-method> <!-- before -->
        <test-method status="PASS" signature="after()[pri:0, instance:testng.UsersTest@234bef66]" name="after" is-config="true" duration-ms="0" started-at="2018-01-16T10:31:43Z" finished-at="2018-01-16T10:31:43Z">
          <reporter-output>
          </reporter-output>
        </test-method> <!-- after -->
        <test-method status="PASS" signature="after()[pri:0, instance:testng.UsersTest@234bef66]" name="after" is-config="true" duration-ms="1" started-at="2018-01-16T10:31:43Z" finished-at="2018-01-16T10:31:43Z">
          <reporter-output>
          </reporter-output>
        </test-method> <!-- after -->
        <test-method status="PASS" signature="loginQueryTest(java.lang.String, java.lang.String, java.lang.String, java.lang.String)[pri:0, instance:testng.UsersTest@234bef66]" name="loginQueryTest" duration-ms="1" started-at="2018-01-16T10:31:43Z" data-provider="loginQuery" finished-at="2018-01-16T10:31:43Z">
          <params>
            <param index="0">
              <value>
                <![CDATA[Invalid password]]>
              </value>
            </param>
            <param index="1">
              <value>
                <![CDATA[mike]]>
              </value>
            </param>
            <param index="2">
              <value>
                <![CDATA[abcd1234]]>
              </value>
            </param>
            <param index="3">
              <value>
                <![CDATA[null]]>
              </value>
            </param>
          </params>
          <reporter-output>
          </reporter-output>
        </test-method> <!-- loginQueryTest -->
        <test-method status="PASS" signature="before()[pri:0, instance:testng.UsersTest@234bef66]" name="before" is-config="true" duration-ms="0" started-at="2018-01-16T10:31:43Z" finished-at="2018-01-16T10:31:43Z">
          <reporter-output>
          </reporter-output>
        </test-method> <!-- before -->
        <test-method status="PASS" signature="loginQueryTest(java.lang.String, java.lang.String, java.lang.String, java.lang.String)[pri:0, instance:testng.UsersTest@234bef66]" name="loginQueryTest" duration-ms="1" started-at="2018-01-16T10:31:43Z" data-provider="loginQuery" finished-at="2018-01-16T10:31:43Z">
          <params>
            <param index="0">
              <value>
                <![CDATA[Invalid username (too long)]]>
              </value>
            </param>
            <param index="1">
              <value>
                <![CDATA[abcdefghijklmnopqrstuvwxyz]]>
              </value>
            </param>
            <param index="2">
              <value>
                <![CDATA[mike]]>
              </value>
            </param>
            <param index="3">
              <value>
                <![CDATA[null]]>
              </value>
            </param>
          </params>
          <reporter-output>
          </reporter-output>
        </test-method> <!-- loginQueryTest -->
        <test-method status="PASS" signature="after()[pri:0, instance:testng.UsersTest@234bef66]" name="after" is-config="true" duration-ms="0" started-at="2018-01-16T10:31:43Z" finished-at="2018-01-16T10:31:43Z">
          <reporter-output>
          </reporter-output>
        </test-method> <!-- after -->
        <test-method status="PASS" signature="before()[pri:0, instance:testng.UsersTest@234bef66]" name="before" is-config="true" duration-ms="0" started-at="2018-01-16T10:31:43Z" finished-at="2018-01-16T10:31:43Z">
          <reporter-output>
          </reporter-output>
        </test-method> <!-- before -->
        <test-method status="PASS" signature="after()[pri:0, instance:testng.UsersTest@234bef66]" name="after" is-config="true" duration-ms="1" started-at="2018-01-16T10:31:43Z" finished-at="2018-01-16T10:31:43Z">
          <reporter-output>
          </reporter-output>
        </test-method> <!-- after -->
        <test-method status="PASS" signature="loginQueryTest(java.lang.String, java.lang.String, java.lang.String, java.lang.String)[pri:0, instance:testng.UsersTest@234bef66]" name="loginQueryTest" duration-ms="1" started-at="2018-01-16T10:31:43Z" data-provider="loginQuery" finished-at="2018-01-16T10:31:43Z">
          <params>
            <param index="0">
              <value>
                <![CDATA[Invalid password (too long)]]>
              </value>
            </param>
            <param index="1">
              <value>
                <![CDATA[mike]]>
              </value>
            </param>
            <param index="2">
              <value>
                <![CDATA[abcdefghijklmnopqrstuvwxyz]]>
              </value>
            </param>
            <param index="3">
              <value>
                <![CDATA[null]]>
              </value>
            </param>
          </params>
          <reporter-output>
          </reporter-output>
        </test-method> <!-- loginQueryTest -->
        <test-method status="PASS" signature="before()[pri:0, instance:testng.UsersTest@234bef66]" name="before" is-config="true" duration-ms="0" started-at="2018-01-16T10:31:43Z" finished-at="2018-01-16T10:31:43Z">
          <reporter-output>
          </reporter-output>
        </test-method> <!-- before -->
        <test-method status="PASS" signature="after()[pri:0, instance:testng.UsersTest@234bef66]" name="after" is-config="true" duration-ms="0" started-at="2018-01-16T10:31:43Z" finished-at="2018-01-16T10:31:43Z">
          <reporter-output>
          </reporter-output>
        </test-method> <!-- after -->
        <test-method status="PASS" signature="before()[pri:0, instance:testng.UsersTest@234bef66]" name="before" is-config="true" duration-ms="0" started-at="2018-01-16T10:31:43Z" finished-at="2018-01-16T10:31:43Z">
          <reporter-output>
          </reporter-output>
        </test-method> <!-- before -->
        <test-method status="PASS" signature="after()[pri:0, instance:testng.UsersTest@234bef66]" name="after" is-config="true" duration-ms="0" started-at="2018-01-16T10:31:43Z" finished-at="2018-01-16T10:31:43Z">
          <reporter-output>
          </reporter-output>
        </test-method> <!-- after -->
        <test-method status="FAIL" signature="registerQueryTest(java.lang.String, java.lang.String, boolean)[pri:0, instance:testng.UsersTest@234bef66]" name="registerQueryTest" duration-ms="1" started-at="2018-01-16T10:31:43Z" data-provider="registerQuery" finished-at="2018-01-16T10:31:43Z">
          <params>
            <param index="0">
              <value>
                <![CDATA[Username Doesn't Exist]]>
              </value>
            </param>
            <param index="1">
              <value>
                <![CDATA[mike9001]]>
              </value>
            </param>
            <param index="2">
              <value>
                <![CDATA[false]]>
              </value>
            </param>
          </params>
          <exception class="java.lang.NullPointerException">
            <full-stacktrace>
              <![CDATA[java.lang.NullPointerExceptionat del.res.dao.UsersDAO.registerQuery(UsersDAO.java:19)at del.res.bo.UsersBO.registerQuery(UsersBO.java:16)at testng.UsersTest.registerQueryTest(UsersTest.java:62)at sun.reflect.NativeMethodAccessorImpl.invoke0(Native Method)at sun.reflect.NativeMethodAccessorImpl.invoke(NativeMethodAccessorImpl.java:62)at sun.reflect.DelegatingMethodAccessorImpl.invoke(DelegatingMethodAccessorImpl.java:43)at java.lang.reflect.Method.invoke(Method.java:498)at org.testng.internal.MethodInvocationHelper.invokeMethod(MethodInvocationHelper.java:124)at org.testng.internal.Invoker.invokeMethod(Invoker.java:571)at org.testng.internal.Invoker.invokeTestMethod(Invoker.java:707)at org.testng.internal.Invoker.invokeTestMethods(Invoker.java:979)at org.testng.internal.TestMethodWorker.invokeTestMethods(TestMethodWorker.java:125)at org.testng.internal.TestMethodWorker.run(TestMethodWorker.java:109)at org.testng.TestRunner.privateRun(TestRunner.java:648)at org.testng.TestRunner.run(TestRunner.java:505)at org.testng.SuiteRunner.runTest(SuiteRunner.java:455)at org.testng.SuiteRunner.runSequentially(SuiteRunner.java:450)at org.testng.SuiteRunner.privateRun(SuiteRunner.java:415)at org.testng.SuiteRunner.run(SuiteRunner.java:364)at org.testng.SuiteRunnerWorker.runSuite(SuiteRunnerWorker.java:52)at org.testng.SuiteRunnerWorker.run(SuiteRunnerWorker.java:84)at org.testng.TestNG.runSuitesSequentially(TestNG.java:1187)at org.testng.TestNG.runSuitesLocally(TestNG.java:1116)at org.testng.TestNG.runSuites(TestNG.java:1028)at org.testng.TestNG.run(TestNG.java:996)at org.apache.maven.surefire.testng.TestNGExecutor.run(TestNGExecutor.java:283)at org.apache.maven.surefire.testng.TestNGXmlTestSuite.execute(TestNGXmlTestSuite.java:75)at org.apache.maven.surefire.testng.TestNGProvider.invoke(TestNGProvider.java:120)at org.apache.maven.surefire.booter.ForkedBooter.invokeProviderInSameClassLoader(ForkedBooter.java:373)at org.apache.maven.surefire.booter.ForkedBooter.runSuitesInProcess(ForkedBooter.java:334)at org.apache.maven.surefire.booter.ForkedBooter.execute(ForkedBooter.java:119)at org.apache.maven.surefire.booter.ForkedBooter.main(ForkedBooter.java:407)]]>
            </full-stacktrace>
          </exception> <!-- java.lang.NullPointerException -->
          <reporter-output>
          </reporter-output>
        </test-method> <!-- registerQueryTest -->
        <test-method status="PASS" signature="before()[pri:0, instance:testng.UsersTest@234bef66]" name="before" is-config="true" duration-ms="0" started-at="2018-01-16T10:31:43Z" finished-at="2018-01-16T10:31:43Z">
          <reporter-output>
          </reporter-output>
        </test-method> <!-- before -->
        <test-method status="FAIL" signature="registerQueryTest(java.lang.String, java.lang.String, boolean)[pri:0, instance:testng.UsersTest@234bef66]" name="registerQueryTest" duration-ms="0" started-at="2018-01-16T10:31:43Z" data-provider="registerQuery" finished-at="2018-01-16T10:31:43Z">
          <params>
            <param index="0">
              <value>
                <![CDATA[Username Exists]]>
              </value>
            </param>
            <param index="1">
              <value>
                <![CDATA[mike]]>
              </value>
            </param>
            <param index="2">
              <value>
                <![CDATA[true]]>
              </value>
            </param>
          </params>
          <exception class="java.lang.NullPointerException">
            <full-stacktrace>
              <![CDATA[java.lang.NullPointerExceptionat del.res.dao.UsersDAO.registerQuery(UsersDAO.java:19)at del.res.bo.UsersBO.registerQuery(UsersBO.java:16)at testng.UsersTest.registerQueryTest(UsersTest.java:62)at sun.reflect.NativeMethodAccessorImpl.invoke0(Native Method)at sun.reflect.NativeMethodAccessorImpl.invoke(NativeMethodAccessorImpl.java:62)at sun.reflect.DelegatingMethodAccessorImpl.invoke(DelegatingMethodAccessorImpl.java:43)at java.lang.reflect.Method.invoke(Method.java:498)at org.testng.internal.MethodInvocationHelper.invokeMethod(MethodInvocationHelper.java:124)at org.testng.internal.Invoker.invokeMethod(Invoker.java:571)at org.testng.internal.Invoker.invokeTestMethod(Invoker.java:707)at org.testng.internal.Invoker.invokeTestMethods(Invoker.java:979)at org.testng.internal.TestMethodWorker.invokeTestMethods(TestMethodWorker.java:125)at org.testng.internal.TestMethodWorker.run(TestMethodWorker.java:109)at org.testng.TestRunner.privateRun(TestRunner.java:648)at org.testng.TestRunner.run(TestRunner.java:505)at org.testng.SuiteRunner.runTest(SuiteRunner.java:455)at org.testng.SuiteRunner.runSequentially(SuiteRunner.java:450)at org.testng.SuiteRunner.privateRun(SuiteRunner.java:415)at org.testng.SuiteRunner.run(SuiteRunner.java:364)at org.testng.SuiteRunnerWorker.runSuite(SuiteRunnerWorker.java:52)at org.testng.SuiteRunnerWorker.run(SuiteRunnerWorker.java:84)at org.testng.TestNG.runSuitesSequentially(TestNG.java:1187)at org.testng.TestNG.runSuitesLocally(TestNG.java:1116)at org.testng.TestNG.runSuites(TestNG.java:1028)at org.testng.TestNG.run(TestNG.java:996)at org.apache.maven.surefire.testng.TestNGExecutor.run(TestNGExecutor.java:283)at org.apache.maven.surefire.testng.TestNGXmlTestSuite.execute(TestNGXmlTestSuite.java:75)at org.apache.maven.surefire.testng.TestNGProvider.invoke(TestNGProvider.java:120)at org.apache.maven.surefire.booter.ForkedBooter.invokeProviderInSameClassLoader(ForkedBooter.java:373)at org.apache.maven.surefire.booter.ForkedBooter.runSuitesInProcess(ForkedBooter.java:334)at org.apache.maven.surefire.booter.ForkedBooter.execute(ForkedBooter.java:119)at org.apache.maven.surefire.booter.ForkedBooter.main(ForkedBooter.java:407)]]>
            </full-stacktrace>
          </exception> <!-- java.lang.NullPointerException -->
          <reporter-output>
          </reporter-output>
        </test-method> <!-- registerQueryTest -->
        <test-method status="PASS" signature="after()[pri:0, instance:testng.UsersTest@234bef66]" name="after" is-config="true" duration-ms="1" started-at="2018-01-16T10:31:43Z" finished-at="2018-01-16T10:31:43Z">
          <reporter-output>
          </reporter-output>
        </test-method> <!-- after -->
        <test-method status="FAIL" signature="registerQueryTest(java.lang.String, java.lang.String, boolean)[pri:0, instance:testng.UsersTest@234bef66]" name="registerQueryTest" duration-ms="0" started-at="2018-01-16T10:31:43Z" data-provider="registerQuery" finished-at="2018-01-16T10:31:43Z">
          <params>
            <param index="0">
              <value>
                <![CDATA[Username Too Long]]>
              </value>
            </param>
            <param index="1">
              <value>
                <![CDATA[aaaaaaaaaaaaaaaaaaaaa]]>
              </value>
            </param>
            <param index="2">
              <value>
                <![CDATA[false]]>
              </value>
            </param>
          </params>
          <exception class="java.lang.NullPointerException">
            <full-stacktrace>
              <![CDATA[java.lang.NullPointerExceptionat del.res.dao.UsersDAO.registerQuery(UsersDAO.java:19)at del.res.bo.UsersBO.registerQuery(UsersBO.java:16)at testng.UsersTest.registerQueryTest(UsersTest.java:62)at sun.reflect.NativeMethodAccessorImpl.invoke0(Native Method)at sun.reflect.NativeMethodAccessorImpl.invoke(NativeMethodAccessorImpl.java:62)at sun.reflect.DelegatingMethodAccessorImpl.invoke(DelegatingMethodAccessorImpl.java:43)at java.lang.reflect.Method.invoke(Method.java:498)at org.testng.internal.MethodInvocationHelper.invokeMethod(MethodInvocationHelper.java:124)at org.testng.internal.Invoker.invokeMethod(Invoker.java:571)at org.testng.internal.Invoker.invokeTestMethod(Invoker.java:707)at org.testng.internal.Invoker.invokeTestMethods(Invoker.java:979)at org.testng.internal.TestMethodWorker.invokeTestMethods(TestMethodWorker.java:125)at org.testng.internal.TestMethodWorker.run(TestMethodWorker.java:109)at org.testng.TestRunner.privateRun(TestRunner.java:648)at org.testng.TestRunner.run(TestRunner.java:505)at org.testng.SuiteRunner.runTest(SuiteRunner.java:455)at org.testng.SuiteRunner.runSequentially(SuiteRunner.java:450)at org.testng.SuiteRunner.privateRun(SuiteRunner.java:415)at org.testng.SuiteRunner.run(SuiteRunner.java:364)at org.testng.SuiteRunnerWorker.runSuite(SuiteRunnerWorker.java:52)at org.testng.SuiteRunnerWorker.run(SuiteRunnerWorker.java:84)at org.testng.TestNG.runSuitesSequentially(TestNG.java:1187)at org.testng.TestNG.runSuitesLocally(TestNG.java:1116)at org.testng.TestNG.runSuites(TestNG.java:1028)at org.testng.TestNG.run(TestNG.java:996)at org.apache.maven.surefire.testng.TestNGExecutor.run(TestNGExecutor.java:283)at org.apache.maven.surefire.testng.TestNGXmlTestSuite.execute(TestNGXmlTestSuite.java:75)at org.apache.maven.surefire.testng.TestNGProvider.invoke(TestNGProvider.java:120)at org.apache.maven.surefire.booter.ForkedBooter.invokeProviderInSameClassLoader(ForkedBooter.java:373)at org.apache.maven.surefire.booter.ForkedBooter.runSuitesInProcess(ForkedBooter.java:334)at org.apache.maven.surefire.booter.ForkedBooter.execute(ForkedBooter.java:119)at org.apache.maven.surefire.booter.ForkedBooter.main(ForkedBooter.java:407)]]>
            </full-stacktrace>
          </exception> <!-- java.lang.NullPointerException -->
          <reporter-output>
          </reporter-output>
        </test-method> <!-- registerQueryTest -->
        <test-method status="PASS" signature="after()[pri:0, instance:testng.UsersTest@234bef66]" name="after" is-config="true" duration-ms="0" started-at="2018-01-16T10:31:43Z" finished-at="2018-01-16T10:31:43Z">
          <reporter-output>
          </reporter-output>
        </test-method> <!-- after -->
        <test-method status="PASS" signature="before()[pri:0, instance:testng.UsersTest@234bef66]" name="before" is-config="true" duration-ms="0" started-at="2018-01-16T10:31:43Z" finished-at="2018-01-16T10:31:43Z">
          <reporter-output>
          </reporter-output>
        </test-method> <!-- before -->
        <test-method status="FAIL" signature="updateUserTest(java.lang.String, java.lang.String, java.lang.String, java.lang.String, java.lang.String, java.lang.String, java.lang.String, java.lang.String, int)[pri:0, instance:testng.UsersTest@234bef66]" name="updateUserTest" duration-ms="1" started-at="2018-01-16T10:31:43Z" data-provider="updateUser" finished-at="2018-01-16T10:31:43Z">
          <params>
            <param index="0">
              <value>
                <![CDATA[Valid credentials; user updated]]>
              </value>
            </param>
            <param index="1">
              <value>
                <![CDATA[test]]>
              </value>
            </param>
            <param index="2">
              <value>
                <![CDATA[Mike]]>
              </value>
            </param>
            <param index="3">
              <value>
                <![CDATA[Mike]]>
              </value>
            </param>
            <param index="4">
              <value>
                <![CDATA[23 Mars Place]]>
              </value>
            </param>
            <param index="5">
              <value>
                <![CDATA[1234567890]]>
              </value>
            </param>
            <param index="6">
              <value>
                <![CDATA[mike@mike.com]]>
              </value>
            </param>
            <param index="7">
              <value>
                <![CDATA[2]]>
              </value>
            </param>
            <param index="8">
              <value>
                <![CDATA[1]]>
              </value>
            </param>
          </params>
          <exception class="java.lang.AssertionError">
            <message>
              <![CDATA[null]]>
            </message>
            <full-stacktrace>
              <![CDATA[java.lang.AssertionError: nullat org.testng.Assert.fail(Assert.java:96)at org.testng.Assert.fail(Assert.java:103)at testng.UsersTest.updateUserTest(UsersTest.java:207)at sun.reflect.NativeMethodAccessorImpl.invoke0(Native Method)at sun.reflect.NativeMethodAccessorImpl.invoke(NativeMethodAccessorImpl.java:62)at sun.reflect.DelegatingMethodAccessorImpl.invoke(DelegatingMethodAccessorImpl.java:43)at java.lang.reflect.Method.invoke(Method.java:498)at org.testng.internal.MethodInvocationHelper.invokeMethod(MethodInvocationHelper.java:124)at org.testng.internal.Invoker.invokeMethod(Invoker.java:571)at org.testng.internal.Invoker.invokeTestMethod(Invoker.java:707)at org.testng.internal.Invoker.invokeTestMethods(Invoker.java:979)at org.testng.internal.TestMethodWorker.invokeTestMethods(TestMethodWorker.java:125)at org.testng.internal.TestMethodWorker.run(TestMethodWorker.java:109)at org.testng.TestRunner.privateRun(TestRunner.java:648)at org.testng.TestRunner.run(TestRunner.java:505)at org.testng.SuiteRunner.runTest(SuiteRunner.java:455)at org.testng.SuiteRunner.runSequentially(SuiteRunner.java:450)at org.testng.SuiteRunner.privateRun(SuiteRunner.java:415)at org.testng.SuiteRunner.run(SuiteRunner.java:364)at org.testng.SuiteRunnerWorker.runSuite(SuiteRunnerWorker.java:52)at org.testng.SuiteRunnerWorker.run(SuiteRunnerWorker.java:84)at org.testng.TestNG.runSuitesSequentially(TestNG.java:1187)at org.testng.TestNG.runSuitesLocally(TestNG.java:1116)at org.testng.TestNG.runSuites(TestNG.java:1028)at org.testng.TestNG.run(TestNG.java:996)at org.apache.maven.surefire.testng.TestNGExecutor.run(TestNGExecutor.java:283)at org.apache.maven.surefire.testng.TestNGXmlTestSuite.execute(TestNGXmlTestSuite.java:75)at org.apache.maven.surefire.testng.TestNGProvider.invoke(TestNGProvider.java:120)at org.apache.maven.surefire.booter.ForkedBooter.invokeProviderInSameClassLoader(ForkedBooter.java:373)at org.apache.maven.surefire.booter.ForkedBooter.runSuitesInProcess(ForkedBooter.java:334)at org.apache.maven.surefire.booter.ForkedBooter.execute(ForkedBooter.java:119)at org.apache.maven.surefire.booter.ForkedBooter.main(ForkedBooter.java:407)]]>
            </full-stacktrace>
          </exception> <!-- java.lang.AssertionError -->
          <reporter-output>
          </reporter-output>
        </test-method> <!-- updateUserTest -->
        <test-method status="PASS" signature="before()[pri:0, instance:testng.UsersTest@234bef66]" name="before" is-config="true" duration-ms="0" started-at="2018-01-16T10:31:43Z" finished-at="2018-01-16T10:31:43Z">
          <reporter-output>
          </reporter-output>
        </test-method> <!-- before -->
        <test-method status="PASS" signature="updateUserTest(java.lang.String, java.lang.String, java.lang.String, java.lang.String, java.lang.String, java.lang.String, java.lang.String, java.lang.String, int)[pri:0, instance:testng.UsersTest@234bef66]" name="updateUserTest" duration-ms="0" started-at="2018-01-16T10:31:43Z" data-provider="updateUser" finished-at="2018-01-16T10:31:43Z">
          <params>
            <param index="0">
              <value>
                <![CDATA[Password too long]]>
              </value>
            </param>
            <param index="1">
              <value>
                <![CDATA[aaaaaaaaaaaaaaaaaaaaa]]>
              </value>
            </param>
            <param index="2">
              <value>
                <![CDATA[Mike]]>
              </value>
            </param>
            <param index="3">
              <value>
                <![CDATA[Mike]]>
              </value>
            </param>
            <param index="4">
              <value>
                <![CDATA[23 Mars Place]]>
              </value>
            </param>
            <param index="5">
              <value>
                <![CDATA[1234567890]]>
              </value>
            </param>
            <param index="6">
              <value>
                <![CDATA[mike@mike.com]]>
              </value>
            </param>
            <param index="7">
              <value>
                <![CDATA[2]]>
              </value>
            </param>
            <param index="8">
              <value>
                <![CDATA[0]]>
              </value>
            </param>
          </params>
          <reporter-output>
          </reporter-output>
        </test-method> <!-- updateUserTest -->
        <test-method status="PASS" signature="before()[pri:0, instance:testng.UsersTest@234bef66]" name="before" is-config="true" duration-ms="0" started-at="2018-01-16T10:31:43Z" finished-at="2018-01-16T10:31:43Z">
          <reporter-output>
          </reporter-output>
        </test-method> <!-- before -->
        <test-method status="PASS" signature="after()[pri:0, instance:testng.UsersTest@234bef66]" name="after" is-config="true" duration-ms="0" started-at="2018-01-16T10:31:43Z" finished-at="2018-01-16T10:31:43Z">
          <reporter-output>
          </reporter-output>
        </test-method> <!-- after -->
        <test-method status="PASS" signature="after()[pri:0, instance:testng.UsersTest@234bef66]" name="after" is-config="true" duration-ms="0" started-at="2018-01-16T10:31:43Z" finished-at="2018-01-16T10:31:43Z">
          <reporter-output>
          </reporter-output>
        </test-method> <!-- after -->
        <test-method status="PASS" signature="before()[pri:0, instance:testng.UsersTest@234bef66]" name="before" is-config="true" duration-ms="0" started-at="2018-01-16T10:31:43Z" finished-at="2018-01-16T10:31:43Z">
          <reporter-output>
          </reporter-output>
        </test-method> <!-- before -->
        <test-method status="PASS" signature="before()[pri:0, instance:testng.UsersTest@234bef66]" name="before" is-config="true" duration-ms="0" started-at="2018-01-16T10:31:43Z" finished-at="2018-01-16T10:31:43Z">
          <reporter-output>
          </reporter-output>
        </test-method> <!-- before -->
        <test-method status="PASS" signature="updateUserTest(java.lang.String, java.lang.String, java.lang.String, java.lang.String, java.lang.String, java.lang.String, java.lang.String, java.lang.String, int)[pri:0, instance:testng.UsersTest@234bef66]" name="updateUserTest" duration-ms="0" started-at="2018-01-16T10:31:43Z" data-provider="updateUser" finished-at="2018-01-16T10:31:43Z">
          <params>
            <param index="0">
              <value>
                <![CDATA[Lastname too long]]>
              </value>
            </param>
            <param index="1">
              <value>
                <![CDATA[test]]>
              </value>
            </param>
            <param index="2">
              <value>
                <![CDATA[Mike]]>
              </value>
            </param>
            <param index="3">
              <value>
                <![CDATA[aaaaaaaaaaaaaaaaaaaaa]]>
              </value>
            </param>
            <param index="4">
              <value>
                <![CDATA[23 Mars Place]]>
              </value>
            </param>
            <param index="5">
              <value>
                <![CDATA[1234567890]]>
              </value>
            </param>
            <param index="6">
              <value>
                <![CDATA[mike@mike.com]]>
              </value>
            </param>
            <param index="7">
              <value>
                <![CDATA[2]]>
              </value>
            </param>
            <param index="8">
              <value>
                <![CDATA[0]]>
              </value>
            </param>
          </params>
          <reporter-output>
          </reporter-output>
        </test-method> <!-- updateUserTest -->
        <test-method status="PASS" signature="after()[pri:0, instance:testng.UsersTest@234bef66]" name="after" is-config="true" duration-ms="0" started-at="2018-01-16T10:31:43Z" finished-at="2018-01-16T10:31:43Z">
          <reporter-output>
          </reporter-output>
        </test-method> <!-- after -->
        <test-method status="PASS" signature="after()[pri:0, instance:testng.UsersTest@234bef66]" name="after" is-config="true" duration-ms="0" started-at="2018-01-16T10:31:43Z" finished-at="2018-01-16T10:31:43Z">
          <reporter-output>
          </reporter-output>
        </test-method> <!-- after -->
        <test-method status="PASS" signature="updateUserTest(java.lang.String, java.lang.String, java.lang.String, java.lang.String, java.lang.String, java.lang.String, java.lang.String, java.lang.String, int)[pri:0, instance:testng.UsersTest@234bef66]" name="updateUserTest" duration-ms="0" started-at="2018-01-16T10:31:43Z" data-provider="updateUser" finished-at="2018-01-16T10:31:43Z">
          <params>
            <param index="0">
              <value>
                <![CDATA[Firstname too long]]>
              </value>
            </param>
            <param index="1">
              <value>
                <![CDATA[test]]>
              </value>
            </param>
            <param index="2">
              <value>
                <![CDATA[aaaaaaaaaaaaaaaaaaaaa]]>
              </value>
            </param>
            <param index="3">
              <value>
                <![CDATA[Mike]]>
              </value>
            </param>
            <param index="4">
              <value>
                <![CDATA[23 Mars Place]]>
              </value>
            </param>
            <param index="5">
              <value>
                <![CDATA[1234567890]]>
              </value>
            </param>
            <param index="6">
              <value>
                <![CDATA[mike@mike.com]]>
              </value>
            </param>
            <param index="7">
              <value>
                <![CDATA[2]]>
              </value>
            </param>
            <param index="8">
              <value>
                <![CDATA[0]]>
              </value>
            </param>
          </params>
          <reporter-output>
          </reporter-output>
        </test-method> <!-- updateUserTest -->
        <test-method status="PASS" signature="before()[pri:0, instance:testng.UsersTest@234bef66]" name="before" is-config="true" duration-ms="0" started-at="2018-01-16T10:31:43Z" finished-at="2018-01-16T10:31:43Z">
          <reporter-output>
          </reporter-output>
        </test-method> <!-- before -->
        <test-method status="PASS" signature="updateUserTest(java.lang.String, java.lang.String, java.lang.String, java.lang.String, java.lang.String, java.lang.String, java.lang.String, java.lang.String, int)[pri:0, instance:testng.UsersTest@234bef66]" name="updateUserTest" duration-ms="0" started-at="2018-01-16T10:31:43Z" data-provider="updateUser" finished-at="2018-01-16T10:31:43Z">
          <params>
            <param index="0">
              <value>
                <![CDATA[Phone non-numeric]]>
              </value>
            </param>
            <param index="1">
              <value>
                <![CDATA[test]]>
              </value>
            </param>
            <param index="2">
              <value>
                <![CDATA[Mike]]>
              </value>
            </param>
            <param index="3">
              <value>
                <![CDATA[Mike]]>
              </value>
            </param>
            <param index="4">
              <value>
                <![CDATA[23 Mars Place]]>
              </value>
            </param>
            <param index="5">
              <value>
                <![CDATA[abcdefghij]]>
              </value>
            </param>
            <param index="6">
              <value>
                <![CDATA[mike@mike.com]]>
              </value>
            </param>
            <param index="7">
              <value>
                <![CDATA[2]]>
              </value>
            </param>
            <param index="8">
              <value>
                <![CDATA[0]]>
              </value>
            </param>
          </params>
          <reporter-output>
          </reporter-output>
        </test-method> <!-- updateUserTest -->
        <test-method status="PASS" signature="before()[pri:0, instance:testng.UsersTest@234bef66]" name="before" is-config="true" duration-ms="0" started-at="2018-01-16T10:31:43Z" finished-at="2018-01-16T10:31:43Z">
          <reporter-output>
          </reporter-output>
        </test-method> <!-- before -->
        <test-method status="PASS" signature="after()[pri:0, instance:testng.UsersTest@234bef66]" name="after" is-config="true" duration-ms="0" started-at="2018-01-16T10:31:43Z" finished-at="2018-01-16T10:31:43Z">
          <reporter-output>
          </reporter-output>
        </test-method> <!-- after -->
        <test-method status="PASS" signature="after()[pri:0, instance:testng.UsersTest@234bef66]" name="after" is-config="true" duration-ms="0" started-at="2018-01-16T10:31:43Z" finished-at="2018-01-16T10:31:43Z">
          <reporter-output>
          </reporter-output>
        </test-method> <!-- after -->
        <test-method status="PASS" signature="updateUserTest(java.lang.String, java.lang.String, java.lang.String, java.lang.String, java.lang.String, java.lang.String, java.lang.String, java.lang.String, int)[pri:0, instance:testng.UsersTest@234bef66]" name="updateUserTest" duration-ms="0" started-at="2018-01-16T10:31:43Z" data-provider="updateUser" finished-at="2018-01-16T10:31:43Z">
          <params>
            <param index="0">
              <value>
                <![CDATA[Address too long]]>
              </value>
            </param>
            <param index="1">
              <value>
                <![CDATA[test]]>
              </value>
            </param>
            <param index="2">
              <value>
                <![CDATA[Mike]]>
              </value>
            </param>
            <param index="3">
              <value>
                <![CDATA[Mike]]>
              </value>
            </param>
            <param index="4">
              <value>
                <![CDATA[aaaaaaaaaaaaaaaaaaaaaaaaaaaaaaaaaaaaaaaaaaaaaaaaaaaaaaaaaaaaaaaaaaaaaaaaaaaaaaaaaaaaaaaaaaaaaaaaaaaaaaaaaaaaaaaaaaaaaaaaaaaaaaaaaaaaaaaaaaaaaaaaaaaaaaaaaaaaaaaaaaaaaaaaaaaaaaaaaaaaaaaaaaaaaaaaaaaaaaaaaaaaaaaaaaaaaaaaaa]]>
              </value>
            </param>
            <param index="5">
              <value>
                <![CDATA[1234567890]]>
              </value>
            </param>
            <param index="6">
              <value>
                <![CDATA[mike@mike.com]]>
              </value>
            </param>
            <param index="7">
              <value>
                <![CDATA[2]]>
              </value>
            </param>
            <param index="8">
              <value>
                <![CDATA[0]]>
              </value>
            </param>
          </params>
          <reporter-output>
          </reporter-output>
        </test-method> <!-- updateUserTest -->
        <test-method status="PASS" signature="updateUserTest(java.lang.String, java.lang.String, java.lang.String, java.lang.String, java.lang.String, java.lang.String, java.lang.String, java.lang.String, int)[pri:0, instance:testng.UsersTest@234bef66]" name="updateUserTest" duration-ms="0" started-at="2018-01-16T10:31:43Z" data-provider="updateUser" finished-at="2018-01-16T10:31:43Z">
          <params>
            <param index="0">
              <value>
                <![CDATA[Email too long]]>
              </value>
            </param>
            <param index="1">
              <value>
                <![CDATA[test]]>
              </value>
            </param>
            <param index="2">
              <value>
                <![CDATA[Mike]]>
              </value>
            </param>
            <param index="3">
              <value>
                <![CDATA[Mike]]>
              </value>
            </param>
            <param index="4">
              <value>
                <![CDATA[23 Mars Place]]>
              </value>
            </param>
            <param index="5">
              <value>
                <![CDATA[23 Mars Place]]>
              </value>
            </param>
            <param index="6">
              <value>
                <![CDATA[aaaaaaaaaaaaaaaaaaaaa@aaaaaaaaaaaaaaaaaaaaa.com]]>
              </value>
            </param>
            <param index="7">
              <value>
                <![CDATA[2]]>
              </value>
            </param>
            <param index="8">
              <value>
                <![CDATA[0]]>
              </value>
            </param>
          </params>
          <reporter-output>
          </reporter-output>
        </test-method> <!-- updateUserTest -->
        <test-method status="PASS" signature="before()[pri:0, instance:testng.UsersTest@234bef66]" name="before" is-config="true" duration-ms="0" started-at="2018-01-16T10:31:43Z" finished-at="2018-01-16T10:31:43Z">
          <reporter-output>
          </reporter-output>
        </test-method> <!-- before -->
        <test-method status="PASS" signature="after()[pri:0, instance:testng.UsersTest@234bef66]" name="after" is-config="true" duration-ms="0" started-at="2018-01-16T10:31:43Z" finished-at="2018-01-16T10:31:43Z">
          <reporter-output>
          </reporter-output>
        </test-method> <!-- after -->
      </class> <!-- testng.UsersTest -->
      <class name="testng.OrdersTest">
        <test-method status="PASS" signature="before()[pri:0, instance:testng.OrdersTest@735b478]" name="before" is-config="true" duration-ms="0" started-at="2018-01-16T10:31:43Z" finished-at="2018-01-16T10:31:43Z">
          <reporter-output>
          </reporter-output>
        </test-method> <!-- before -->
        <test-method status="FAIL" signature="addItemToOrderTest(java.lang.String, int, int, boolean)[pri:0, instance:testng.OrdersTest@735b478]" name="addItemToOrderTest" duration-ms="2" started-at="2018-01-16T10:31:43Z" data-provider="addItemToOrder" finished-at="2018-01-16T10:31:43Z">
          <params>
            <param index="0">
              <value>
                <![CDATA[Valid]]>
              </value>
            </param>
            <param index="1">
              <value>
                <![CDATA[29]]>
              </value>
            </param>
            <param index="2">
              <value>
                <![CDATA[1]]>
              </value>
            </param>
            <param index="3">
              <value>
                <![CDATA[true]]>
              </value>
            </param>
          </params>
          <exception class="java.lang.AssertionError">
            <message>
              <![CDATA[null]]>
            </message>
            <full-stacktrace>
              <![CDATA[java.lang.AssertionError: nullat org.testng.Assert.fail(Assert.java:96)at org.testng.Assert.fail(Assert.java:103)at testng.OrdersTest.addItemToOrderTest(OrdersTest.java:119)at sun.reflect.NativeMethodAccessorImpl.invoke0(Native Method)at sun.reflect.NativeMethodAccessorImpl.invoke(NativeMethodAccessorImpl.java:62)at sun.reflect.DelegatingMethodAccessorImpl.invoke(DelegatingMethodAccessorImpl.java:43)at java.lang.reflect.Method.invoke(Method.java:498)at org.testng.internal.MethodInvocationHelper.invokeMethod(MethodInvocationHelper.java:124)at org.testng.internal.Invoker.invokeMethod(Invoker.java:571)at org.testng.internal.Invoker.invokeTestMethod(Invoker.java:707)at org.testng.internal.Invoker.invokeTestMethods(Invoker.java:979)at org.testng.internal.TestMethodWorker.invokeTestMethods(TestMethodWorker.java:125)at org.testng.internal.TestMethodWorker.run(TestMethodWorker.java:109)at org.testng.TestRunner.privateRun(TestRunner.java:648)at org.testng.TestRunner.run(TestRunner.java:505)at org.testng.SuiteRunner.runTest(SuiteRunner.java:455)at org.testng.SuiteRunner.runSequentially(SuiteRunner.java:450)at org.testng.SuiteRunner.privateRun(SuiteRunner.java:415)at org.testng.SuiteRunner.run(SuiteRunner.java:364)at org.testng.SuiteRunnerWorker.runSuite(SuiteRunnerWorker.java:52)at org.testng.SuiteRunnerWorker.run(SuiteRunnerWorker.java:84)at org.testng.TestNG.runSuitesSequentially(TestNG.java:1187)at org.testng.TestNG.runSuitesLocally(TestNG.java:1116)at org.testng.TestNG.runSuites(TestNG.java:1028)at org.testng.TestNG.run(TestNG.java:996)at org.apache.maven.surefire.testng.TestNGExecutor.run(TestNGExecutor.java:283)at org.apache.maven.surefire.testng.TestNGXmlTestSuite.execute(TestNGXmlTestSuite.java:75)at org.apache.maven.surefire.testng.TestNGProvider.invoke(TestNGProvider.java:120)at org.apache.maven.surefire.booter.ForkedBooter.invokeProviderInSameClassLoader(ForkedBooter.java:373)at org.apache.maven.surefire.booter.ForkedBooter.runSuitesInProcess(ForkedBooter.java:334)at org.apache.maven.surefire.booter.ForkedBooter.execute(ForkedBooter.java:119)at org.apache.maven.surefire.booter.ForkedBooter.main(ForkedBooter.java:407)]]>
            </full-stacktrace>
          </exception> <!-- java.lang.AssertionError -->
          <reporter-output>
          </reporter-output>
        </test-method> <!-- addItemToOrderTest -->
        <test-method status="PASS" signature="before()[pri:0, instance:testng.OrdersTest@735b478]" name="before" is-config="true" duration-ms="0" started-at="2018-01-16T10:31:43Z" finished-at="2018-01-16T10:31:43Z">
          <reporter-output>
          </reporter-output>
        </test-method> <!-- before -->
        <test-method status="PASS" signature="after()[pri:0, instance:testng.OrdersTest@735b478]" name="after" is-config="true" duration-ms="0" started-at="2018-01-16T10:31:43Z" finished-at="2018-01-16T10:31:43Z">
          <reporter-output>
          </reporter-output>
        </test-method> <!-- after -->
        <test-method status="PASS" signature="addItemToOrderTest(java.lang.String, int, int, boolean)[pri:0, instance:testng.OrdersTest@735b478]" name="addItemToOrderTest" duration-ms="1" started-at="2018-01-16T10:31:43Z" data-provider="addItemToOrder" finished-at="2018-01-16T10:31:43Z">
          <params>
            <param index="0">
              <value>
                <![CDATA[Invalid Item]]>
              </value>
            </param>
            <param index="1">
              <value>
                <![CDATA[29]]>
              </value>
            </param>
            <param index="2">
              <value>
                <![CDATA[3]]>
              </value>
            </param>
            <param index="3">
              <value>
                <![CDATA[false]]>
              </value>
            </param>
          </params>
          <reporter-output>
          </reporter-output>
        </test-method> <!-- addItemToOrderTest -->
        <test-method status="PASS" signature="after()[pri:0, instance:testng.OrdersTest@735b478]" name="after" is-config="true" duration-ms="1" started-at="2018-01-16T10:31:43Z" finished-at="2018-01-16T10:31:43Z">
          <reporter-output>
          </reporter-output>
        </test-method> <!-- after -->
        <test-method status="PASS" signature="addItemToOrderTest(java.lang.String, int, int, boolean)[pri:0, instance:testng.OrdersTest@735b478]" name="addItemToOrderTest" duration-ms="0" started-at="2018-01-16T10:31:43Z" data-provider="addItemToOrder" finished-at="2018-01-16T10:31:43Z">
          <params>
            <param index="0">
              <value>
                <![CDATA[Invalid Order]]>
              </value>
            </param>
            <param index="1">
              <value>
                <![CDATA[40]]>
              </value>
            </param>
            <param index="2">
              <value>
                <![CDATA[1]]>
              </value>
            </param>
            <param index="3">
              <value>
                <![CDATA[false]]>
              </value>
            </param>
          </params>
          <reporter-output>
          </reporter-output>
        </test-method> <!-- addItemToOrderTest -->
        <test-method status="PASS" signature="before()[pri:0, instance:testng.OrdersTest@735b478]" name="before" is-config="true" duration-ms="0" started-at="2018-01-16T10:31:43Z" finished-at="2018-01-16T10:31:43Z">
          <reporter-output>
          </reporter-output>
        </test-method> <!-- before -->
        <test-method status="PASS" signature="after()[pri:0, instance:testng.OrdersTest@735b478]" name="after" is-config="true" duration-ms="0" started-at="2018-01-16T10:31:43Z" finished-at="2018-01-16T10:31:43Z">
          <reporter-output>
          </reporter-output>
        </test-method> <!-- after -->
        <test-method status="PASS" signature="after()[pri:0, instance:testng.OrdersTest@735b478]" name="after" is-config="true" duration-ms="0" started-at="2018-01-16T10:31:43Z" finished-at="2018-01-16T10:31:43Z">
          <reporter-output>
          </reporter-output>
        </test-method> <!-- after -->
        <test-method status="PASS" signature="before()[pri:0, instance:testng.OrdersTest@735b478]" name="before" is-config="true" duration-ms="0" started-at="2018-01-16T10:31:43Z" finished-at="2018-01-16T10:31:43Z">
          <reporter-output>
          </reporter-output>
        </test-method> <!-- before -->
        <test-method status="PASS" signature="addItemToOrderTest(java.lang.String, int, int, boolean)[pri:0, instance:testng.OrdersTest@735b478]" name="addItemToOrderTest" duration-ms="0" started-at="2018-01-16T10:31:43Z" data-provider="addItemToOrder" finished-at="2018-01-16T10:31:43Z">
          <params>
            <param index="0">
              <value>
                <![CDATA[Item in Order Already]]>
              </value>
            </param>
            <param index="1">
              <value>
                <![CDATA[2]]>
              </value>
            </param>
            <param index="2">
              <value>
                <![CDATA[1]]>
              </value>
            </param>
            <param index="3">
              <value>
                <![CDATA[false]]>
              </value>
            </param>
          </params>
          <reporter-output>
          </reporter-output>
        </test-method> <!-- addItemToOrderTest -->
        <test-method status="FAIL" signature="createOrderTest(java.lang.String, java.lang.String, java.lang.String, java.lang.String, java.lang.String, java.lang.String, java.lang.String, java.lang.String, boolean)[pri:0, instance:testng.OrdersTest@735b478]" name="createOrderTest" duration-ms="5" started-at="2018-01-16T10:31:43Z" data-provider="createOrder" finished-at="2018-01-16T10:31:43Z">
          <params>
            <param index="0">
              <value>
                <![CDATA[Valid]]>
              </value>
            </param>
            <param index="1">
              <value>
                <![CDATA[1]]>
              </value>
            </param>
            <param index="2">
              <value>
                <![CDATA[1]]>
              </value>
            </param>
            <param index="3">
              <value>
                <![CDATA[1111111111]]>
              </value>
            </param>
            <param index="4">
              <value>
                <![CDATA[1234]]>
              </value>
            </param>
            <param index="5">
              <value>
                <![CDATA[11111]]>
              </value>
            </param>
            <param index="6">
              <value>
                <![CDATA[11.11]]>
              </value>
            </param>
            <param index="7">
              <value>
                <![CDATA[1]]>
              </value>
            </param>
            <param index="8">
              <value>
                <![CDATA[true]]>
              </value>
            </param>
          </params>
          <exception class="java.lang.AssertionError">
            <message>
              <![CDATA[Expected: <true>     but: was <false>]]>
            </message>
            <full-stacktrace>
              <![CDATA[java.lang.AssertionError: Expected: <true>     but: was <false>at org.hamcrest.MatcherAssert.assertThat(MatcherAssert.java:20)at org.hamcrest.MatcherAssert.assertThat(MatcherAssert.java:8)at testng.OrdersTest.createOrderTest(OrdersTest.java:80)at sun.reflect.NativeMethodAccessorImpl.invoke0(Native Method)at sun.reflect.NativeMethodAccessorImpl.invoke(NativeMethodAccessorImpl.java:62)at sun.reflect.DelegatingMethodAccessorImpl.invoke(DelegatingMethodAccessorImpl.java:43)at java.lang.reflect.Method.invoke(Method.java:498)at org.testng.internal.MethodInvocationHelper.invokeMethod(MethodInvocationHelper.java:124)at org.testng.internal.Invoker.invokeMethod(Invoker.java:571)at org.testng.internal.Invoker.invokeTestMethod(Invoker.java:707)at org.testng.internal.Invoker.invokeTestMethods(Invoker.java:979)at org.testng.internal.TestMethodWorker.invokeTestMethods(TestMethodWorker.java:125)at org.testng.internal.TestMethodWorker.run(TestMethodWorker.java:109)at org.testng.TestRunner.privateRun(TestRunner.java:648)at org.testng.TestRunner.run(TestRunner.java:505)at org.testng.SuiteRunner.runTest(SuiteRunner.java:455)at org.testng.SuiteRunner.runSequentially(SuiteRunner.java:450)at org.testng.SuiteRunner.privateRun(SuiteRunner.java:415)at org.testng.SuiteRunner.run(SuiteRunner.java:364)at org.testng.SuiteRunnerWorker.runSuite(SuiteRunnerWorker.java:52)at org.testng.SuiteRunnerWorker.run(SuiteRunnerWorker.java:84)at org.testng.TestNG.runSuitesSequentially(TestNG.java:1187)at org.testng.TestNG.runSuitesLocally(TestNG.java:1116)at org.testng.TestNG.runSuites(TestNG.java:1028)at org.testng.TestNG.run(TestNG.java:996)at org.apache.maven.surefire.testng.TestNGExecutor.run(TestNGExecutor.java:283)at org.apache.maven.surefire.testng.TestNGXmlTestSuite.execute(TestNGXmlTestSuite.java:75)at org.apache.maven.surefire.testng.TestNGProvider.invoke(TestNGProvider.java:120)at org.apache.maven.surefire.booter.ForkedBooter.invokeProviderInSameClassLoader(ForkedBooter.java:373)at org.apache.maven.surefire.booter.ForkedBooter.runSuitesInProcess(ForkedBooter.java:334)at org.apache.maven.surefire.booter.ForkedBooter.execute(ForkedBooter.java:119)at org.apache.maven.surefire.booter.ForkedBooter.main(ForkedBooter.java:407)]]>
            </full-stacktrace>
          </exception> <!-- java.lang.AssertionError -->
          <reporter-output>
          </reporter-output>
        </test-method> <!-- createOrderTest -->
        <test-method status="PASS" signature="before()[pri:0, instance:testng.OrdersTest@735b478]" name="before" is-config="true" duration-ms="0" started-at="2018-01-16T10:31:43Z" finished-at="2018-01-16T10:31:43Z">
          <reporter-output>
          </reporter-output>
        </test-method> <!-- before -->
        <test-method status="PASS" signature="after()[pri:0, instance:testng.OrdersTest@735b478]" name="after" is-config="true" duration-ms="0" started-at="2018-01-16T10:31:43Z" finished-at="2018-01-16T10:31:43Z">
          <reporter-output>
          </reporter-output>
        </test-method> <!-- after -->
        <test-method status="PASS" signature="before()[pri:0, instance:testng.OrdersTest@735b478]" name="before" is-config="true" duration-ms="0" started-at="2018-01-16T10:31:43Z" finished-at="2018-01-16T10:31:43Z">
          <reporter-output>
          </reporter-output>
        </test-method> <!-- before -->
        <test-method status="PASS" signature="after()[pri:0, instance:testng.OrdersTest@735b478]" name="after" is-config="true" duration-ms="0" started-at="2018-01-16T10:31:43Z" finished-at="2018-01-16T10:31:43Z">
          <reporter-output>
          </reporter-output>
        </test-method> <!-- after -->
        <test-method status="FAIL" signature="getOrdersByUserTest(java.lang.String, int, boolean)[pri:0, instance:testng.OrdersTest@735b478]" name="getOrdersByUserTest" duration-ms="0" started-at="2018-01-16T10:31:43Z" data-provider="getOrdersByUser" finished-at="2018-01-16T10:31:43Z">
          <params>
            <param index="0">
              <value>
                <![CDATA[Valid]]>
              </value>
            </param>
            <param index="1">
              <value>
                <![CDATA[3]]>
              </value>
            </param>
            <param index="2">
              <value>
                <![CDATA[true]]>
              </value>
            </param>
          </params>
          <exception class="java.lang.AssertionError">
            <message>
              <![CDATA[null]]>
            </message>
            <full-stacktrace>
              <![CDATA[java.lang.AssertionError: nullat org.testng.Assert.fail(Assert.java:96)at org.testng.Assert.fail(Assert.java:103)at testng.OrdersTest.getOrdersByUserTest(OrdersTest.java:158)at sun.reflect.NativeMethodAccessorImpl.invoke0(Native Method)at sun.reflect.NativeMethodAccessorImpl.invoke(NativeMethodAccessorImpl.java:62)at sun.reflect.DelegatingMethodAccessorImpl.invoke(DelegatingMethodAccessorImpl.java:43)at java.lang.reflect.Method.invoke(Method.java:498)at org.testng.internal.MethodInvocationHelper.invokeMethod(MethodInvocationHelper.java:124)at org.testng.internal.Invoker.invokeMethod(Invoker.java:571)at org.testng.internal.Invoker.invokeTestMethod(Invoker.java:707)at org.testng.internal.Invoker.invokeTestMethods(Invoker.java:979)at org.testng.internal.TestMethodWorker.invokeTestMethods(TestMethodWorker.java:125)at org.testng.internal.TestMethodWorker.run(TestMethodWorker.java:109)at org.testng.TestRunner.privateRun(TestRunner.java:648)at org.testng.TestRunner.run(TestRunner.java:505)at org.testng.SuiteRunner.runTest(SuiteRunner.java:455)at org.testng.SuiteRunner.runSequentially(SuiteRunner.java:450)at org.testng.SuiteRunner.privateRun(SuiteRunner.java:415)at org.testng.SuiteRunner.run(SuiteRunner.java:364)at org.testng.SuiteRunnerWorker.runSuite(SuiteRunnerWorker.java:52)at org.testng.SuiteRunnerWorker.run(SuiteRunnerWorker.java:84)at org.testng.TestNG.runSuitesSequentially(TestNG.java:1187)at org.testng.TestNG.runSuitesLocally(TestNG.java:1116)at org.testng.TestNG.runSuites(TestNG.java:1028)at org.testng.TestNG.run(TestNG.java:996)at org.apache.maven.surefire.testng.TestNGExecutor.run(TestNGExecutor.java:283)at org.apache.maven.surefire.testng.TestNGXmlTestSuite.execute(TestNGXmlTestSuite.java:75)at org.apache.maven.surefire.testng.TestNGProvider.invoke(TestNGProvider.java:120)at org.apache.maven.surefire.booter.ForkedBooter.invokeProviderInSameClassLoader(ForkedBooter.java:373)at org.apache.maven.surefire.booter.ForkedBooter.runSuitesInProcess(ForkedBooter.java:334)at org.apache.maven.surefire.booter.ForkedBooter.execute(ForkedBooter.java:119)at org.apache.maven.surefire.booter.ForkedBooter.main(ForkedBooter.java:407)]]>
            </full-stacktrace>
          </exception> <!-- java.lang.AssertionError -->
          <reporter-output>
          </reporter-output>
        </test-method> <!-- getOrdersByUserTest -->
        <test-method status="PASS" signature="getOrdersByUserTest(java.lang.String, int, boolean)[pri:0, instance:testng.OrdersTest@735b478]" name="getOrdersByUserTest" duration-ms="1" started-at="2018-01-16T10:31:43Z" data-provider="getOrdersByUser" finished-at="2018-01-16T10:31:43Z">
          <params>
            <param index="0">
              <value>
                <![CDATA[Users doesnt exist]]>
              </value>
            </param>
            <param index="1">
              <value>
                <![CDATA[40]]>
              </value>
            </param>
            <param index="2">
              <value>
                <![CDATA[false]]>
              </value>
            </param>
          </params>
          <reporter-output>
          </reporter-output>
        </test-method> <!-- getOrdersByUserTest -->
        <test-method status="PASS" signature="getOrdersByUserTest(java.lang.String, int, boolean)[pri:0, instance:testng.OrdersTest@735b478]" name="getOrdersByUserTest" duration-ms="0" started-at="2018-01-16T10:31:43Z" data-provider="getOrdersByUser" finished-at="2018-01-16T10:31:43Z">
          <params>
            <param index="0">
              <value>
                <![CDATA[User didnt make order]]>
              </value>
            </param>
            <param index="1">
              <value>
                <![CDATA[2]]>
              </value>
            </param>
            <param index="2">
              <value>
                <![CDATA[false]]>
              </value>
            </param>
          </params>
          <reporter-output>
          </reporter-output>
        </test-method> <!-- getOrdersByUserTest -->
        <test-method status="PASS" signature="before()[pri:0, instance:testng.OrdersTest@735b478]" name="before" is-config="true" duration-ms="0" started-at="2018-01-16T10:31:43Z" finished-at="2018-01-16T10:31:43Z">
          <reporter-output>
          </reporter-output>
        </test-method> <!-- before -->
        <test-method status="PASS" signature="before()[pri:0, instance:testng.OrdersTest@735b478]" name="before" is-config="true" duration-ms="0" started-at="2018-01-16T10:31:43Z" finished-at="2018-01-16T10:31:43Z">
          <reporter-output>
          </reporter-output>
        </test-method> <!-- before -->
        <test-method status="PASS" signature="after()[pri:0, instance:testng.OrdersTest@735b478]" name="after" is-config="true" duration-ms="0" started-at="2018-01-16T10:31:43Z" finished-at="2018-01-16T10:31:43Z">
          <reporter-output>
          </reporter-output>
        </test-method> <!-- after -->
        <test-method status="PASS" signature="after()[pri:0, instance:testng.OrdersTest@735b478]" name="after" is-config="true" duration-ms="0" started-at="2018-01-16T10:31:43Z" finished-at="2018-01-16T10:31:43Z">
          <reporter-output>
          </reporter-output>
        </test-method> <!-- after -->
      </class> <!-- testng.OrdersTest -->
      <class name="testng.ItemsTest">
        <test-method status="PASS" signature="before()[pri:0, instance:testng.ItemsTest@52af6cff]" name="before" is-config="true" duration-ms="7" started-at="2018-01-16T10:31:43Z" finished-at="2018-01-16T10:31:43Z">
          <reporter-output>
          </reporter-output>
        </test-method> <!-- before -->
        <test-method status="FAIL" signature="getAllActiveItemsTest()[pri:0, instance:testng.ItemsTest@52af6cff]" name="getAllActiveItemsTest" duration-ms="16" started-at="2018-01-16T10:31:43Z" finished-at="2018-01-16T10:31:43Z">
          <exception class="java.lang.AssertionError">
            <message>
              <![CDATA[Expected: every item is hasProperty("itemIsActive", is "1")     but: was null]]>
            </message>
            <full-stacktrace>
              <![CDATA[java.lang.AssertionError: Expected: every item is hasProperty("itemIsActive", is "1")     but: was nullat org.hamcrest.MatcherAssert.assertThat(MatcherAssert.java:20)at org.hamcrest.MatcherAssert.assertThat(MatcherAssert.java:8)at testng.ItemsTest.getAllActiveItemsTest(ItemsTest.java:61)at sun.reflect.NativeMethodAccessorImpl.invoke0(Native Method)at sun.reflect.NativeMethodAccessorImpl.invoke(NativeMethodAccessorImpl.java:62)at sun.reflect.DelegatingMethodAccessorImpl.invoke(DelegatingMethodAccessorImpl.java:43)at java.lang.reflect.Method.invoke(Method.java:498)at org.testng.internal.MethodInvocationHelper.invokeMethod(MethodInvocationHelper.java:124)at org.testng.internal.Invoker.invokeMethod(Invoker.java:571)at org.testng.internal.Invoker.invokeTestMethod(Invoker.java:707)at org.testng.internal.Invoker.invokeTestMethods(Invoker.java:979)at org.testng.internal.TestMethodWorker.invokeTestMethods(TestMethodWorker.java:125)at org.testng.internal.TestMethodWorker.run(TestMethodWorker.java:109)at org.testng.TestRunner.privateRun(TestRunner.java:648)at org.testng.TestRunner.run(TestRunner.java:505)at org.testng.SuiteRunner.runTest(SuiteRunner.java:455)at org.testng.SuiteRunner.runSequentially(SuiteRunner.java:450)at org.testng.SuiteRunner.privateRun(SuiteRunner.java:415)at org.testng.SuiteRunner.run(SuiteRunner.java:364)at org.testng.SuiteRunnerWorker.runSuite(SuiteRunnerWorker.java:52)at org.testng.SuiteRunnerWorker.run(SuiteRunnerWorker.java:84)at org.testng.TestNG.runSuitesSequentially(TestNG.java:1187)at org.testng.TestNG.runSuitesLocally(TestNG.java:1116)at org.testng.TestNG.runSuites(TestNG.java:1028)at org.testng.TestNG.run(TestNG.java:996)at org.apache.maven.surefire.testng.TestNGExecutor.run(TestNGExecutor.java:283)at org.apache.maven.surefire.testng.TestNGXmlTestSuite.execute(TestNGXmlTestSuite.java:75)at org.apache.maven.surefire.testng.TestNGProvider.invoke(TestNGProvider.java:120)at org.apache.maven.surefire.booter.ForkedBooter.invokeProviderInSameClassLoader(ForkedBooter.java:373)at org.apache.maven.surefire.booter.ForkedBooter.runSuitesInProcess(ForkedBooter.java:334)at org.apache.maven.surefire.booter.ForkedBooter.execute(ForkedBooter.java:119)at org.apache.maven.surefire.booter.ForkedBooter.main(ForkedBooter.java:407)]]>
            </full-stacktrace>
          </exception> <!-- java.lang.AssertionError -->
          <reporter-output>
          </reporter-output>
        </test-method> <!-- getAllActiveItemsTest -->
        <test-method status="PASS" signature="After()[pri:0, instance:testng.ItemsTest@52af6cff]" name="After" is-config="true" duration-ms="2" started-at="2018-01-16T10:31:43Z" finished-at="2018-01-16T10:31:43Z">
          <reporter-output>
          </reporter-output>
        </test-method> <!-- After -->
        <test-method status="FAIL" signature="getItemsCountTest()[pri:0, instance:testng.ItemsTest@52af6cff]" name="getItemsCountTest" duration-ms="3" started-at="2018-01-16T10:31:43Z" finished-at="2018-01-16T10:31:43Z">
          <exception class="java.lang.AssertionError">
            <message>
              <![CDATA[Expected: a value greater than <0>     but: <0> was equal to <0>]]>
            </message>
            <full-stacktrace>
              <![CDATA[java.lang.AssertionError: Expected: a value greater than <0>     but: <0> was equal to <0>at org.hamcrest.MatcherAssert.assertThat(MatcherAssert.java:20)at org.hamcrest.MatcherAssert.assertThat(MatcherAssert.java:8)at testng.ItemsTest.getItemsCountTest(ItemsTest.java:72)at sun.reflect.NativeMethodAccessorImpl.invoke0(Native Method)at sun.reflect.NativeMethodAccessorImpl.invoke(NativeMethodAccessorImpl.java:62)at sun.reflect.DelegatingMethodAccessorImpl.invoke(DelegatingMethodAccessorImpl.java:43)at java.lang.reflect.Method.invoke(Method.java:498)at org.testng.internal.MethodInvocationHelper.invokeMethod(MethodInvocationHelper.java:124)at org.testng.internal.Invoker.invokeMethod(Invoker.java:571)at org.testng.internal.Invoker.invokeTestMethod(Invoker.java:707)at org.testng.internal.Invoker.invokeTestMethods(Invoker.java:979)at org.testng.internal.TestMethodWorker.invokeTestMethods(TestMethodWorker.java:125)at org.testng.internal.TestMethodWorker.run(TestMethodWorker.java:109)at org.testng.TestRunner.privateRun(TestRunner.java:648)at org.testng.TestRunner.run(TestRunner.java:505)at org.testng.SuiteRunner.runTest(SuiteRunner.java:455)at org.testng.SuiteRunner.runSequentially(SuiteRunner.java:450)at org.testng.SuiteRunner.privateRun(SuiteRunner.java:415)at org.testng.SuiteRunner.run(SuiteRunner.java:364)at org.testng.SuiteRunnerWorker.runSuite(SuiteRunnerWorker.java:52)at org.testng.SuiteRunnerWorker.run(SuiteRunnerWorker.java:84)at org.testng.TestNG.runSuitesSequentially(TestNG.java:1187)at org.testng.TestNG.runSuitesLocally(TestNG.java:1116)at org.testng.TestNG.runSuites(TestNG.java:1028)at org.testng.TestNG.run(TestNG.java:996)at org.apache.maven.surefire.testng.TestNGExecutor.run(TestNGExecutor.java:283)at org.apache.maven.surefire.testng.TestNGXmlTestSuite.execute(TestNGXmlTestSuite.java:75)at org.apache.maven.surefire.testng.TestNGProvider.invoke(TestNGProvider.java:120)at org.apache.maven.surefire.booter.ForkedBooter.invokeProviderInSameClassLoader(ForkedBooter.java:373)at org.apache.maven.surefire.booter.ForkedBooter.runSuitesInProcess(ForkedBooter.java:334)at org.apache.maven.surefire.booter.ForkedBooter.execute(ForkedBooter.java:119)at org.apache.maven.surefire.booter.ForkedBooter.main(ForkedBooter.java:407)]]>
            </full-stacktrace>
          </exception> <!-- java.lang.AssertionError -->
          <reporter-output>
          </reporter-output>
        </test-method> <!-- getItemsCountTest -->
        <test-method status="PASS" signature="before()[pri:0, instance:testng.ItemsTest@52af6cff]" name="before" is-config="true" duration-ms="0" started-at="2018-01-16T10:31:43Z" finished-at="2018-01-16T10:31:43Z">
          <reporter-output>
          </reporter-output>
        </test-method> <!-- before -->
        <test-method status="PASS" signature="After()[pri:0, instance:testng.ItemsTest@52af6cff]" name="After" is-config="true" duration-ms="0" started-at="2018-01-16T10:31:43Z" finished-at="2018-01-16T10:31:43Z">
          <reporter-output>
          </reporter-output>
        </test-method> <!-- After -->
        <test-method status="PASS" signature="before()[pri:0, instance:testng.ItemsTest@52af6cff]" name="before" is-config="true" duration-ms="1" started-at="2018-01-16T10:31:43Z" finished-at="2018-01-16T10:31:43Z">
          <reporter-output>
          </reporter-output>
        </test-method> <!-- before -->
        <test-method status="FAIL" signature="getTotalsTest(java.lang.String, java.util.HashSet, java.lang.Double)[pri:0, instance:testng.ItemsTest@52af6cff]" name="getTotalsTest" duration-ms="4" started-at="2018-01-16T10:31:43Z" data-provider="getTotals" finished-at="2018-01-16T10:31:43Z">
          <params>
            <param index="0">
              <value>
                <![CDATA[Valid]]>
              </value>
            </param>
            <param index="1">
              <value>
                <![CDATA[[1, 2]]]>
              </value>
            </param>
            <param index="2">
              <value>
                <![CDATA[29.5]]>
              </value>
            </param>
          </params>
          <exception class="java.lang.NullPointerException">
            <full-stacktrace>
              <![CDATA[java.lang.NullPointerExceptionat del.res.bo.ItemsBO.getTotals(ItemsBO.java:26)at testng.ItemsTest.getTotalsTest(ItemsTest.java:151)at sun.reflect.NativeMethodAccessorImpl.invoke0(Native Method)at sun.reflect.NativeMethodAccessorImpl.invoke(NativeMethodAccessorImpl.java:62)at sun.reflect.DelegatingMethodAccessorImpl.invoke(DelegatingMethodAccessorImpl.java:43)at java.lang.reflect.Method.invoke(Method.java:498)at org.testng.internal.MethodInvocationHelper.invokeMethod(MethodInvocationHelper.java:124)at org.testng.internal.Invoker.invokeMethod(Invoker.java:571)at org.testng.internal.Invoker.invokeTestMethod(Invoker.java:707)at org.testng.internal.Invoker.invokeTestMethods(Invoker.java:979)at org.testng.internal.TestMethodWorker.invokeTestMethods(TestMethodWorker.java:125)at org.testng.internal.TestMethodWorker.run(TestMethodWorker.java:109)at org.testng.TestRunner.privateRun(TestRunner.java:648)at org.testng.TestRunner.run(TestRunner.java:505)at org.testng.SuiteRunner.runTest(SuiteRunner.java:455)at org.testng.SuiteRunner.runSequentially(SuiteRunner.java:450)at org.testng.SuiteRunner.privateRun(SuiteRunner.java:415)at org.testng.SuiteRunner.run(SuiteRunner.java:364)at org.testng.SuiteRunnerWorker.runSuite(SuiteRunnerWorker.java:52)at org.testng.SuiteRunnerWorker.run(SuiteRunnerWorker.java:84)at org.testng.TestNG.runSuitesSequentially(TestNG.java:1187)at org.testng.TestNG.runSuitesLocally(TestNG.java:1116)at org.testng.TestNG.runSuites(TestNG.java:1028)at org.testng.TestNG.run(TestNG.java:996)at org.apache.maven.surefire.testng.TestNGExecutor.run(TestNGExecutor.java:283)at org.apache.maven.surefire.testng.TestNGXmlTestSuite.execute(TestNGXmlTestSuite.java:75)at org.apache.maven.surefire.testng.TestNGProvider.invoke(TestNGProvider.java:120)at org.apache.maven.surefire.booter.ForkedBooter.invokeProviderInSameClassLoader(ForkedBooter.java:373)at org.apache.maven.surefire.booter.ForkedBooter.runSuitesInProcess(ForkedBooter.java:334)at org.apache.maven.surefire.booter.ForkedBooter.execute(ForkedBooter.java:119)at org.apache.maven.surefire.booter.ForkedBooter.main(ForkedBooter.java:407)]]>
            </full-stacktrace>
          </exception> <!-- java.lang.NullPointerException -->
          <reporter-output>
          </reporter-output>
        </test-method> <!-- getTotalsTest -->
        <test-method status="FAIL" signature="getTotalsTest(java.lang.String, java.util.HashSet, java.lang.Double)[pri:0, instance:testng.ItemsTest@52af6cff]" name="getTotalsTest" duration-ms="4" started-at="2018-01-16T10:31:43Z" data-provider="getTotals" finished-at="2018-01-16T10:31:43Z">
          <params>
            <param index="0">
              <value>
                <![CDATA[Invalid ID]]>
              </value>
            </param>
            <param index="1">
              <value>
                <![CDATA[[8, 1]]]>
              </value>
            </param>
            <param index="2">
              <value>
                <![CDATA[13.5]]>
              </value>
            </param>
          </params>
          <exception class="java.lang.NullPointerException">
            <full-stacktrace>
              <![CDATA[java.lang.NullPointerExceptionat del.res.bo.ItemsBO.getTotals(ItemsBO.java:26)at testng.ItemsTest.getTotalsTest(ItemsTest.java:151)at sun.reflect.NativeMethodAccessorImpl.invoke0(Native Method)at sun.reflect.NativeMethodAccessorImpl.invoke(NativeMethodAccessorImpl.java:62)at sun.reflect.DelegatingMethodAccessorImpl.invoke(DelegatingMethodAccessorImpl.java:43)at java.lang.reflect.Method.invoke(Method.java:498)at org.testng.internal.MethodInvocationHelper.invokeMethod(MethodInvocationHelper.java:124)at org.testng.internal.Invoker.invokeMethod(Invoker.java:571)at org.testng.internal.Invoker.invokeTestMethod(Invoker.java:707)at org.testng.internal.Invoker.invokeTestMethods(Invoker.java:979)at org.testng.internal.TestMethodWorker.invokeTestMethods(TestMethodWorker.java:125)at org.testng.internal.TestMethodWorker.run(TestMethodWorker.java:109)at org.testng.TestRunner.privateRun(TestRunner.java:648)at org.testng.TestRunner.run(TestRunner.java:505)at org.testng.SuiteRunner.runTest(SuiteRunner.java:455)at org.testng.SuiteRunner.runSequentially(SuiteRunner.java:450)at org.testng.SuiteRunner.privateRun(SuiteRunner.java:415)at org.testng.SuiteRunner.run(SuiteRunner.java:364)at org.testng.SuiteRunnerWorker.runSuite(SuiteRunnerWorker.java:52)at org.testng.SuiteRunnerWorker.run(SuiteRunnerWorker.java:84)at org.testng.TestNG.runSuitesSequentially(TestNG.java:1187)at org.testng.TestNG.runSuitesLocally(TestNG.java:1116)at org.testng.TestNG.runSuites(TestNG.java:1028)at org.testng.TestNG.run(TestNG.java:996)at org.apache.maven.surefire.testng.TestNGExecutor.run(TestNGExecutor.java:283)at org.apache.maven.surefire.testng.TestNGXmlTestSuite.execute(TestNGXmlTestSuite.java:75)at org.apache.maven.surefire.testng.TestNGProvider.invoke(TestNGProvider.java:120)at org.apache.maven.surefire.booter.ForkedBooter.invokeProviderInSameClassLoader(ForkedBooter.java:373)at org.apache.maven.surefire.booter.ForkedBooter.runSuitesInProcess(ForkedBooter.java:334)at org.apache.maven.surefire.booter.ForkedBooter.execute(ForkedBooter.java:119)at org.apache.maven.surefire.booter.ForkedBooter.main(ForkedBooter.java:407)]]>
            </full-stacktrace>
          </exception> <!-- java.lang.NullPointerException -->
          <reporter-output>
          </reporter-output>
        </test-method> <!-- getTotalsTest -->
        <test-method status="PASS" signature="before()[pri:0, instance:testng.ItemsTest@52af6cff]" name="before" is-config="true" duration-ms="0" started-at="2018-01-16T10:31:43Z" finished-at="2018-01-16T10:31:43Z">
          <reporter-output>
          </reporter-output>
        </test-method> <!-- before -->
        <test-method status="PASS" signature="After()[pri:0, instance:testng.ItemsTest@52af6cff]" name="After" is-config="true" duration-ms="0" started-at="2018-01-16T10:31:43Z" finished-at="2018-01-16T10:31:43Z">
          <reporter-output>
          </reporter-output>
        </test-method> <!-- After -->
        <test-method status="PASS" signature="After()[pri:0, instance:testng.ItemsTest@52af6cff]" name="After" is-config="true" duration-ms="0" started-at="2018-01-16T10:31:43Z" finished-at="2018-01-16T10:31:43Z">
          <reporter-output>
          </reporter-output>
        </test-method> <!-- After -->
        <test-method status="PASS" signature="before()[pri:0, instance:testng.ItemsTest@52af6cff]" name="before" is-config="true" duration-ms="1" started-at="2018-01-16T10:31:43Z" finished-at="2018-01-16T10:31:43Z">
          <reporter-output>
          </reporter-output>
        </test-method> <!-- before -->
        <test-method status="FAIL" signature="getTotalsTest(java.lang.String, java.util.HashSet, java.lang.Double)[pri:0, instance:testng.ItemsTest@52af6cff]" name="getTotalsTest" duration-ms="2" started-at="2018-01-16T10:31:43Z" data-provider="getTotals" finished-at="2018-01-16T10:31:43Z">
          <params>
            <param index="0">
              <value>
                <![CDATA[All Invalid]]>
              </value>
            </param>
            <param index="1">
              <value>
                <![CDATA[[8, 9]]]>
              </value>
            </param>
            <param index="2">
              <value>
                <![CDATA[0.0]]>
              </value>
            </param>
          </params>
          <exception class="java.lang.NullPointerException">
            <full-stacktrace>
              <![CDATA[java.lang.NullPointerExceptionat del.res.bo.ItemsBO.getTotals(ItemsBO.java:26)at testng.ItemsTest.getTotalsTest(ItemsTest.java:151)at sun.reflect.NativeMethodAccessorImpl.invoke0(Native Method)at sun.reflect.NativeMethodAccessorImpl.invoke(NativeMethodAccessorImpl.java:62)at sun.reflect.DelegatingMethodAccessorImpl.invoke(DelegatingMethodAccessorImpl.java:43)at java.lang.reflect.Method.invoke(Method.java:498)at org.testng.internal.MethodInvocationHelper.invokeMethod(MethodInvocationHelper.java:124)at org.testng.internal.Invoker.invokeMethod(Invoker.java:571)at org.testng.internal.Invoker.invokeTestMethod(Invoker.java:707)at org.testng.internal.Invoker.invokeTestMethods(Invoker.java:979)at org.testng.internal.TestMethodWorker.invokeTestMethods(TestMethodWorker.java:125)at org.testng.internal.TestMethodWorker.run(TestMethodWorker.java:109)at org.testng.TestRunner.privateRun(TestRunner.java:648)at org.testng.TestRunner.run(TestRunner.java:505)at org.testng.SuiteRunner.runTest(SuiteRunner.java:455)at org.testng.SuiteRunner.runSequentially(SuiteRunner.java:450)at org.testng.SuiteRunner.privateRun(SuiteRunner.java:415)at org.testng.SuiteRunner.run(SuiteRunner.java:364)at org.testng.SuiteRunnerWorker.runSuite(SuiteRunnerWorker.java:52)at org.testng.SuiteRunnerWorker.run(SuiteRunnerWorker.java:84)at org.testng.TestNG.runSuitesSequentially(TestNG.java:1187)at org.testng.TestNG.runSuitesLocally(TestNG.java:1116)at org.testng.TestNG.runSuites(TestNG.java:1028)at org.testng.TestNG.run(TestNG.java:996)at org.apache.maven.surefire.testng.TestNGExecutor.run(TestNGExecutor.java:283)at org.apache.maven.surefire.testng.TestNGXmlTestSuite.execute(TestNGXmlTestSuite.java:75)at org.apache.maven.surefire.testng.TestNGProvider.invoke(TestNGProvider.java:120)at org.apache.maven.surefire.booter.ForkedBooter.invokeProviderInSameClassLoader(ForkedBooter.java:373)at org.apache.maven.surefire.booter.ForkedBooter.runSuitesInProcess(ForkedBooter.java:334)at org.apache.maven.surefire.booter.ForkedBooter.execute(ForkedBooter.java:119)at org.apache.maven.surefire.booter.ForkedBooter.main(ForkedBooter.java:407)]]>
            </full-stacktrace>
          </exception> <!-- java.lang.NullPointerException -->
          <reporter-output>
          </reporter-output>
        </test-method> <!-- getTotalsTest -->
        <test-method status="PASS" signature="After()[pri:0, instance:testng.ItemsTest@52af6cff]" name="After" is-config="true" duration-ms="0" started-at="2018-01-16T10:31:43Z" finished-at="2018-01-16T10:31:43Z">
          <reporter-output>
          </reporter-output>
        </test-method> <!-- After -->
      </class> <!-- testng.ItemsTest -->
      <class name="testng.ReviewsTest">
        <test-method status="PASS" signature="before()[pri:0, instance:testng.ReviewsTest@2096442d]" name="before" is-config="true" duration-ms="0" started-at="2018-01-16T10:31:43Z" finished-at="2018-01-16T10:31:43Z">
          <reporter-output>
          </reporter-output>
        </test-method> <!-- before -->
        <test-method status="FAIL" signature="getItemInfoTest(java.lang.String, java.lang.String, del.res.models.Item)[pri:0, instance:testng.ReviewsTest@2096442d]" name="getItemInfoTest" duration-ms="1" started-at="2018-01-16T10:31:43Z" data-provider="getItemInfo" finished-at="2018-01-16T10:31:43Z">
          <params>
            <param index="0">
              <value>
                <![CDATA[Valid]]>
              </value>
            </param>
            <param index="1">
              <value>
                <![CDATA[1]]>
              </value>
            </param>
            <param index="2">
              <value>
                <![CDATA[del.res.models.Item@60285225]]>
              </value>
            </param>
          </params>
          <exception class="java.lang.NullPointerException">
            <full-stacktrace>
              <![CDATA[java.lang.NullPointerExceptionat del.res.dao.ReviewsDAO.getItemInfo(ReviewsDAO.java:49)at del.res.bo.ReviewsBO.getItemInfo(ReviewsBO.java:17)at testng.ReviewsTest.getItemInfoTest(ReviewsTest.java:104)at sun.reflect.NativeMethodAccessorImpl.invoke0(Native Method)at sun.reflect.NativeMethodAccessorImpl.invoke(NativeMethodAccessorImpl.java:62)at sun.reflect.DelegatingMethodAccessorImpl.invoke(DelegatingMethodAccessorImpl.java:43)at java.lang.reflect.Method.invoke(Method.java:498)at org.testng.internal.MethodInvocationHelper.invokeMethod(MethodInvocationHelper.java:124)at org.testng.internal.Invoker.invokeMethod(Invoker.java:571)at org.testng.internal.Invoker.invokeTestMethod(Invoker.java:707)at org.testng.internal.Invoker.invokeTestMethods(Invoker.java:979)at org.testng.internal.TestMethodWorker.invokeTestMethods(TestMethodWorker.java:125)at org.testng.internal.TestMethodWorker.run(TestMethodWorker.java:109)at org.testng.TestRunner.privateRun(TestRunner.java:648)at org.testng.TestRunner.run(TestRunner.java:505)at org.testng.SuiteRunner.runTest(SuiteRunner.java:455)at org.testng.SuiteRunner.runSequentially(SuiteRunner.java:450)at org.testng.SuiteRunner.privateRun(SuiteRunner.java:415)at org.testng.SuiteRunner.run(SuiteRunner.java:364)at org.testng.SuiteRunnerWorker.runSuite(SuiteRunnerWorker.java:52)at org.testng.SuiteRunnerWorker.run(SuiteRunnerWorker.java:84)at org.testng.TestNG.runSuitesSequentially(TestNG.java:1187)at org.testng.TestNG.runSuitesLocally(TestNG.java:1116)at org.testng.TestNG.runSuites(TestNG.java:1028)at org.testng.TestNG.run(TestNG.java:996)at org.apache.maven.surefire.testng.TestNGExecutor.run(TestNGExecutor.java:283)at org.apache.maven.surefire.testng.TestNGXmlTestSuite.execute(TestNGXmlTestSuite.java:75)at org.apache.maven.surefire.testng.TestNGProvider.invoke(TestNGProvider.java:120)at org.apache.maven.surefire.booter.ForkedBooter.invokeProviderInSameClassLoader(ForkedBooter.java:373)at org.apache.maven.surefire.booter.ForkedBooter.runSuitesInProcess(ForkedBooter.java:334)at org.apache.maven.surefire.booter.ForkedBooter.execute(ForkedBooter.java:119)at org.apache.maven.surefire.booter.ForkedBooter.main(ForkedBooter.java:407)]]>
            </full-stacktrace>
          </exception> <!-- java.lang.NullPointerException -->
          <reporter-output>
          </reporter-output>
        </test-method> <!-- getItemInfoTest -->
        <test-method status="PASS" signature="before()[pri:0, instance:testng.ReviewsTest@2096442d]" name="before" is-config="true" duration-ms="1" started-at="2018-01-16T10:31:43Z" finished-at="2018-01-16T10:31:43Z">
          <reporter-output>
          </reporter-output>
        </test-method> <!-- before -->
        <test-method status="PASS" signature="after()[pri:0, instance:testng.ReviewsTest@2096442d]" name="after" is-config="true" duration-ms="0" started-at="2018-01-16T10:31:43Z" finished-at="2018-01-16T10:31:43Z">
          <reporter-output>
          </reporter-output>
        </test-method> <!-- after -->
        <test-method status="FAIL" signature="getPastReviewsTest(java.lang.String, java.lang.String, boolean)[pri:0, instance:testng.ReviewsTest@2096442d]" name="getPastReviewsTest" duration-ms="1" started-at="2018-01-16T10:31:43Z" data-provider="getPastReviews" finished-at="2018-01-16T10:31:43Z">
          <params>
            <param index="0">
              <value>
                <![CDATA[Valid]]>
              </value>
            </param>
            <param index="1">
              <value>
                <![CDATA[1]]>
              </value>
            </param>
            <param index="2">
              <value>
                <![CDATA[true]]>
              </value>
            </param>
          </params>
          <exception class="java.lang.NullPointerException">
            <full-stacktrace>
              <![CDATA[java.lang.NullPointerExceptionat del.res.dao.ReviewsDAO.getPastReviews(ReviewsDAO.java:79)at del.res.bo.ReviewsBO.getPastReviews(ReviewsBO.java:22)at testng.ReviewsTest.getPastReviewsTest(ReviewsTest.java:130)at sun.reflect.NativeMethodAccessorImpl.invoke0(Native Method)at sun.reflect.NativeMethodAccessorImpl.invoke(NativeMethodAccessorImpl.java:62)at sun.reflect.DelegatingMethodAccessorImpl.invoke(DelegatingMethodAccessorImpl.java:43)at java.lang.reflect.Method.invoke(Method.java:498)at org.testng.internal.MethodInvocationHelper.invokeMethod(MethodInvocationHelper.java:124)at org.testng.internal.Invoker.invokeMethod(Invoker.java:571)at org.testng.internal.Invoker.invokeTestMethod(Invoker.java:707)at org.testng.internal.Invoker.invokeTestMethods(Invoker.java:979)at org.testng.internal.TestMethodWorker.invokeTestMethods(TestMethodWorker.java:125)at org.testng.internal.TestMethodWorker.run(TestMethodWorker.java:109)at org.testng.TestRunner.privateRun(TestRunner.java:648)at org.testng.TestRunner.run(TestRunner.java:505)at org.testng.SuiteRunner.runTest(SuiteRunner.java:455)at org.testng.SuiteRunner.runSequentially(SuiteRunner.java:450)at org.testng.SuiteRunner.privateRun(SuiteRunner.java:415)at org.testng.SuiteRunner.run(SuiteRunner.java:364)at org.testng.SuiteRunnerWorker.runSuite(SuiteRunnerWorker.java:52)at org.testng.SuiteRunnerWorker.run(SuiteRunnerWorker.java:84)at org.testng.TestNG.runSuitesSequentially(TestNG.java:1187)at org.testng.TestNG.runSuitesLocally(TestNG.java:1116)at org.testng.TestNG.runSuites(TestNG.java:1028)at org.testng.TestNG.run(TestNG.java:996)at org.apache.maven.surefire.testng.TestNGExecutor.run(TestNGExecutor.java:283)at org.apache.maven.surefire.testng.TestNGXmlTestSuite.execute(TestNGXmlTestSuite.java:75)at org.apache.maven.surefire.testng.TestNGProvider.invoke(TestNGProvider.java:120)at org.apache.maven.surefire.booter.ForkedBooter.invokeProviderInSameClassLoader(ForkedBooter.java:373)at org.apache.maven.surefire.booter.ForkedBooter.runSuitesInProcess(ForkedBooter.java:334)at org.apache.maven.surefire.booter.ForkedBooter.execute(ForkedBooter.java:119)at org.apache.maven.surefire.booter.ForkedBooter.main(ForkedBooter.java:407)]]>
            </full-stacktrace>
          </exception> <!-- java.lang.NullPointerException -->
          <reporter-output>
          </reporter-output>
        </test-method> <!-- getPastReviewsTest -->
        <test-method status="PASS" signature="after()[pri:0, instance:testng.ReviewsTest@2096442d]" name="after" is-config="true" duration-ms="0" started-at="2018-01-16T10:31:43Z" finished-at="2018-01-16T10:31:43Z">
          <reporter-output>
          </reporter-output>
        </test-method> <!-- after -->
        <test-method status="FAIL" signature="submitReviewTest(java.lang.String, java.lang.String, java.lang.String, java.lang.String, boolean)[pri:0, instance:testng.ReviewsTest@2096442d]" name="submitReviewTest" duration-ms="1" started-at="2018-01-16T10:31:43Z" data-provider="submitReview" finished-at="2018-01-16T10:31:43Z">
          <params>
            <param index="0">
              <value>
                <![CDATA[Valid]]>
              </value>
            </param>
            <param index="1">
              <value>
                <![CDATA[1]]>
              </value>
            </param>
            <param index="2">
              <value>
                <![CDATA[1]]>
              </value>
            </param>
            <param index="3">
              <value>
                <![CDATA[Pretty Good]]>
              </value>
            </param>
            <param index="4">
              <value>
                <![CDATA[true]]>
              </value>
            </param>
          </params>
          <exception class="java.lang.NullPointerException">
            <full-stacktrace>
              <![CDATA[java.lang.NullPointerExceptionat del.res.dao.ReviewsDAO.submitReview(ReviewsDAO.java:20)at del.res.bo.ReviewsBO.submitReview(ReviewsBO.java:12)at testng.ReviewsTest.submitReviewTest(ReviewsTest.java:65)at sun.reflect.NativeMethodAccessorImpl.invoke0(Native Method)at sun.reflect.NativeMethodAccessorImpl.invoke(NativeMethodAccessorImpl.java:62)at sun.reflect.DelegatingMethodAccessorImpl.invoke(DelegatingMethodAccessorImpl.java:43)at java.lang.reflect.Method.invoke(Method.java:498)at org.testng.internal.MethodInvocationHelper.invokeMethod(MethodInvocationHelper.java:124)at org.testng.internal.Invoker.invokeMethod(Invoker.java:571)at org.testng.internal.Invoker.invokeTestMethod(Invoker.java:707)at org.testng.internal.Invoker.invokeTestMethods(Invoker.java:979)at org.testng.internal.TestMethodWorker.invokeTestMethods(TestMethodWorker.java:125)at org.testng.internal.TestMethodWorker.run(TestMethodWorker.java:109)at org.testng.TestRunner.privateRun(TestRunner.java:648)at org.testng.TestRunner.run(TestRunner.java:505)at org.testng.SuiteRunner.runTest(SuiteRunner.java:455)at org.testng.SuiteRunner.runSequentially(SuiteRunner.java:450)at org.testng.SuiteRunner.privateRun(SuiteRunner.java:415)at org.testng.SuiteRunner.run(SuiteRunner.java:364)at org.testng.SuiteRunnerWorker.runSuite(SuiteRunnerWorker.java:52)at org.testng.SuiteRunnerWorker.run(SuiteRunnerWorker.java:84)at org.testng.TestNG.runSuitesSequentially(TestNG.java:1187)at org.testng.TestNG.runSuitesLocally(TestNG.java:1116)at org.testng.TestNG.runSuites(TestNG.java:1028)at org.testng.TestNG.run(TestNG.java:996)at org.apache.maven.surefire.testng.TestNGExecutor.run(TestNGExecutor.java:283)at org.apache.maven.surefire.testng.TestNGXmlTestSuite.execute(TestNGXmlTestSuite.java:75)at org.apache.maven.surefire.testng.TestNGProvider.invoke(TestNGProvider.java:120)at org.apache.maven.surefire.booter.ForkedBooter.invokeProviderInSameClassLoader(ForkedBooter.java:373)at org.apache.maven.surefire.booter.ForkedBooter.runSuitesInProcess(ForkedBooter.java:334)at org.apache.maven.surefire.booter.ForkedBooter.execute(ForkedBooter.java:119)at org.apache.maven.surefire.booter.ForkedBooter.main(ForkedBooter.java:407)]]>
            </full-stacktrace>
          </exception> <!-- java.lang.NullPointerException -->
          <reporter-output>
          </reporter-output>
        </test-method> <!-- submitReviewTest -->
        <test-method status="PASS" signature="before()[pri:0, instance:testng.ReviewsTest@2096442d]" name="before" is-config="true" duration-ms="0" started-at="2018-01-16T10:31:43Z" finished-at="2018-01-16T10:31:43Z">
          <reporter-output>
          </reporter-output>
        </test-method> <!-- before -->
        <test-method status="PASS" signature="after()[pri:0, instance:testng.ReviewsTest@2096442d]" name="after" is-config="true" duration-ms="0" started-at="2018-01-16T10:31:43Z" finished-at="2018-01-16T10:31:43Z">
          <reporter-output>
          </reporter-output>
        </test-method> <!-- after -->
      </class> <!-- testng.ReviewsTest -->
    </test> <!-- Regular User Tests -->
    <test name="Administrative User Tests" duration-ms="11" started-at="2018-01-16T15:31:43Z" finished-at="2018-01-16T15:31:43Z">
      <class name="testng.StoresTest">
        <test-method status="FAIL" signature="createStoreTest(java.lang.String, del.res.models.Store, boolean)[pri:0, instance:testng.StoresTest@6a2bcfcb]" name="createStoreTest" duration-ms="0" started-at="2018-01-16T10:31:43Z" data-provider="createStore" finished-at="2018-01-16T10:31:43Z">
          <params>
            <param index="0">
              <value>
                <![CDATA[Valid]]>
              </value>
            </param>
            <param index="1">
              <value>
                <![CDATA[del.res.models.Store@4e718207]]>
              </value>
            </param>
            <param index="2">
              <value>
                <![CDATA[true]]>
              </value>
            </param>
          </params>
          <exception class="java.lang.NullPointerException">
            <full-stacktrace>
              <![CDATA[java.lang.NullPointerExceptionat del.res.dao.StoresDAO.createStore(StoresDAO.java:104)at del.res.bo.StoresBO.createStore(StoresBO.java:22)at testng.StoresTest.createStoreTest(StoresTest.java:124)at sun.reflect.NativeMethodAccessorImpl.invoke0(Native Method)at sun.reflect.NativeMethodAccessorImpl.invoke(NativeMethodAccessorImpl.java:62)at sun.reflect.DelegatingMethodAccessorImpl.invoke(DelegatingMethodAccessorImpl.java:43)at java.lang.reflect.Method.invoke(Method.java:498)at org.testng.internal.MethodInvocationHelper.invokeMethod(MethodInvocationHelper.java:124)at org.testng.internal.Invoker.invokeMethod(Invoker.java:571)at org.testng.internal.Invoker.invokeTestMethod(Invoker.java:707)at org.testng.internal.Invoker.invokeTestMethods(Invoker.java:979)at org.testng.internal.TestMethodWorker.invokeTestMethods(TestMethodWorker.java:125)at org.testng.internal.TestMethodWorker.run(TestMethodWorker.java:109)at org.testng.TestRunner.privateRun(TestRunner.java:648)at org.testng.TestRunner.run(TestRunner.java:505)at org.testng.SuiteRunner.runTest(SuiteRunner.java:455)at org.testng.SuiteRunner.runSequentially(SuiteRunner.java:450)at org.testng.SuiteRunner.privateRun(SuiteRunner.java:415)at org.testng.SuiteRunner.run(SuiteRunner.java:364)at org.testng.SuiteRunnerWorker.runSuite(SuiteRunnerWorker.java:52)at org.testng.SuiteRunnerWorker.run(SuiteRunnerWorker.java:84)at org.testng.TestNG.runSuitesSequentially(TestNG.java:1187)at org.testng.TestNG.runSuitesLocally(TestNG.java:1116)at org.testng.TestNG.runSuites(TestNG.java:1028)at org.testng.TestNG.run(TestNG.java:996)at org.apache.maven.surefire.testng.TestNGExecutor.run(TestNGExecutor.java:283)at org.apache.maven.surefire.testng.TestNGXmlTestSuite.execute(TestNGXmlTestSuite.java:75)at org.apache.maven.surefire.testng.TestNGProvider.invoke(TestNGProvider.java:120)at org.apache.maven.surefire.booter.ForkedBooter.invokeProviderInSameClassLoader(ForkedBooter.java:373)at org.apache.maven.surefire.booter.ForkedBooter.runSuitesInProcess(ForkedBooter.java:334)at org.apache.maven.surefire.booter.ForkedBooter.execute(ForkedBooter.java:119)at org.apache.maven.surefire.booter.ForkedBooter.main(ForkedBooter.java:407)]]>
            </full-stacktrace>
          </exception> <!-- java.lang.NullPointerException -->
          <reporter-output>
          </reporter-output>
        </test-method> <!-- createStoreTest -->
        <test-method status="PASS" signature="after()[pri:0, instance:testng.StoresTest@6a2bcfcb]" name="after" is-config="true" duration-ms="0" started-at="2018-01-16T10:31:43Z" finished-at="2018-01-16T10:31:43Z">
          <reporter-output>
          </reporter-output>
        </test-method> <!-- after -->
        <test-method status="PASS" signature="before()[pri:0, instance:testng.StoresTest@6a2bcfcb]" name="before" is-config="true" duration-ms="0" started-at="2018-01-16T10:31:43Z" finished-at="2018-01-16T10:31:43Z">
          <reporter-output>
          </reporter-output>
        </test-method> <!-- before -->
        <test-method status="FAIL" signature="updateStoreTest(java.lang.String, del.res.models.Store, boolean)[pri:0, instance:testng.StoresTest@6a2bcfcb]" name="updateStoreTest" duration-ms="0" started-at="2018-01-16T10:31:43Z" data-provider="updateStore" finished-at="2018-01-16T10:31:43Z">
          <params>
            <param index="0">
              <value>
                <![CDATA[Valid]]>
              </value>
            </param>
            <param index="1">
              <value>
                <![CDATA[del.res.models.Store@1fc2b765]]>
              </value>
            </param>
            <param index="2">
              <value>
                <![CDATA[true]]>
              </value>
            </param>
          </params>
          <exception class="java.lang.NullPointerException">
            <full-stacktrace>
              <![CDATA[java.lang.NullPointerExceptionat del.res.dao.StoresDAO.getStoreByID(StoresDAO.java:136)at del.res.bo.StoresBO.getStoreByID(StoresBO.java:33)at testng.StoresTest.updateStoreTest(StoresTest.java:86)at sun.reflect.NativeMethodAccessorImpl.invoke0(Native Method)at sun.reflect.NativeMethodAccessorImpl.invoke(NativeMethodAccessorImpl.java:62)at sun.reflect.DelegatingMethodAccessorImpl.invoke(DelegatingMethodAccessorImpl.java:43)at java.lang.reflect.Method.invoke(Method.java:498)at org.testng.internal.MethodInvocationHelper.invokeMethod(MethodInvocationHelper.java:124)at org.testng.internal.Invoker.invokeMethod(Invoker.java:571)at org.testng.internal.Invoker.invokeTestMethod(Invoker.java:707)at org.testng.internal.Invoker.invokeTestMethods(Invoker.java:979)at org.testng.internal.TestMethodWorker.invokeTestMethods(TestMethodWorker.java:125)at org.testng.internal.TestMethodWorker.run(TestMethodWorker.java:109)at org.testng.TestRunner.privateRun(TestRunner.java:648)at org.testng.TestRunner.run(TestRunner.java:505)at org.testng.SuiteRunner.runTest(SuiteRunner.java:455)at org.testng.SuiteRunner.runSequentially(SuiteRunner.java:450)at org.testng.SuiteRunner.privateRun(SuiteRunner.java:415)at org.testng.SuiteRunner.run(SuiteRunner.java:364)at org.testng.SuiteRunnerWorker.runSuite(SuiteRunnerWorker.java:52)at org.testng.SuiteRunnerWorker.run(SuiteRunnerWorker.java:84)at org.testng.TestNG.runSuitesSequentially(TestNG.java:1187)at org.testng.TestNG.runSuitesLocally(TestNG.java:1116)at org.testng.TestNG.runSuites(TestNG.java:1028)at org.testng.TestNG.run(TestNG.java:996)at org.apache.maven.surefire.testng.TestNGExecutor.run(TestNGExecutor.java:283)at org.apache.maven.surefire.testng.TestNGXmlTestSuite.execute(TestNGXmlTestSuite.java:75)at org.apache.maven.surefire.testng.TestNGProvider.invoke(TestNGProvider.java:120)at org.apache.maven.surefire.booter.ForkedBooter.invokeProviderInSameClassLoader(ForkedBooter.java:373)at org.apache.maven.surefire.booter.ForkedBooter.runSuitesInProcess(ForkedBooter.java:334)at org.apache.maven.surefire.booter.ForkedBooter.execute(ForkedBooter.java:119)at org.apache.maven.surefire.booter.ForkedBooter.main(ForkedBooter.java:407)]]>
            </full-stacktrace>
          </exception> <!-- java.lang.NullPointerException -->
          <reporter-output>
          </reporter-output>
        </test-method> <!-- updateStoreTest -->
        <test-method status="PASS" signature="after()[pri:0, instance:testng.StoresTest@6a2bcfcb]" name="after" is-config="true" duration-ms="0" started-at="2018-01-16T10:31:43Z" finished-at="2018-01-16T10:31:43Z">
          <reporter-output>
          </reporter-output>
        </test-method> <!-- after -->
        <test-method status="PASS" signature="before()[pri:0, instance:testng.StoresTest@6a2bcfcb]" name="before" is-config="true" duration-ms="0" started-at="2018-01-16T10:31:43Z" finished-at="2018-01-16T10:31:43Z">
          <reporter-output>
          </reporter-output>
        </test-method> <!-- before -->
      </class> <!-- testng.StoresTest -->
      <class name="testng.ItemsTest">
        <test-method status="FAIL" signature="addItemTest(java.lang.String, java.util.ArrayList, boolean)[pri:0, instance:testng.ItemsTest@174d20a]" name="addItemTest" duration-ms="0" started-at="2018-01-16T10:31:43Z" data-provider="addItem" finished-at="2018-01-16T10:31:43Z">
          <params>
            <param index="0">
              <value>
                <![CDATA[Valid info]]>
              </value>
            </param>
            <param index="1">
              <value>
                <![CDATA[[Plainer Pizza, Testaroo, 3.5, Images/ayy.png, 1, Pizza]]]>
              </value>
            </param>
            <param index="2">
              <value>
                <![CDATA[true]]>
              </value>
            </param>
          </params>
          <exception class="java.lang.AssertionError">
            <message>
              <![CDATA[null]]>
            </message>
            <full-stacktrace>
              <![CDATA[java.lang.AssertionError: nullat org.testng.Assert.fail(Assert.java:96)at org.testng.Assert.fail(Assert.java:103)at testng.ItemsTest.addItemTest(ItemsTest.java:277)at sun.reflect.NativeMethodAccessorImpl.invoke0(Native Method)at sun.reflect.NativeMethodAccessorImpl.invoke(NativeMethodAccessorImpl.java:62)at sun.reflect.DelegatingMethodAccessorImpl.invoke(DelegatingMethodAccessorImpl.java:43)at java.lang.reflect.Method.invoke(Method.java:498)at org.testng.internal.MethodInvocationHelper.invokeMethod(MethodInvocationHelper.java:124)at org.testng.internal.Invoker.invokeMethod(Invoker.java:571)at org.testng.internal.Invoker.invokeTestMethod(Invoker.java:707)at org.testng.internal.Invoker.invokeTestMethods(Invoker.java:979)at org.testng.internal.TestMethodWorker.invokeTestMethods(TestMethodWorker.java:125)at org.testng.internal.TestMethodWorker.run(TestMethodWorker.java:109)at org.testng.TestRunner.privateRun(TestRunner.java:648)at org.testng.TestRunner.run(TestRunner.java:505)at org.testng.SuiteRunner.runTest(SuiteRunner.java:455)at org.testng.SuiteRunner.runSequentially(SuiteRunner.java:450)at org.testng.SuiteRunner.privateRun(SuiteRunner.java:415)at org.testng.SuiteRunner.run(SuiteRunner.java:364)at org.testng.SuiteRunnerWorker.runSuite(SuiteRunnerWorker.java:52)at org.testng.SuiteRunnerWorker.run(SuiteRunnerWorker.java:84)at org.testng.TestNG.runSuitesSequentially(TestNG.java:1187)at org.testng.TestNG.runSuitesLocally(TestNG.java:1116)at org.testng.TestNG.runSuites(TestNG.java:1028)at org.testng.TestNG.run(TestNG.java:996)at org.apache.maven.surefire.testng.TestNGExecutor.run(TestNGExecutor.java:283)at org.apache.maven.surefire.testng.TestNGXmlTestSuite.execute(TestNGXmlTestSuite.java:75)at org.apache.maven.surefire.testng.TestNGProvider.invoke(TestNGProvider.java:120)at org.apache.maven.surefire.booter.ForkedBooter.invokeProviderInSameClassLoader(ForkedBooter.java:373)at org.apache.maven.surefire.booter.ForkedBooter.runSuitesInProcess(ForkedBooter.java:334)at org.apache.maven.surefire.booter.ForkedBooter.execute(ForkedBooter.java:119)at org.apache.maven.surefire.booter.ForkedBooter.main(ForkedBooter.java:407)]]>
            </full-stacktrace>
          </exception> <!-- java.lang.AssertionError -->
          <reporter-output>
          </reporter-output>
        </test-method> <!-- addItemTest -->
        <test-method status="PASS" signature="before()[pri:0, instance:testng.ItemsTest@174d20a]" name="before" is-config="true" duration-ms="0" started-at="2018-01-16T10:31:43Z" finished-at="2018-01-16T10:31:43Z">
          <reporter-output>
          </reporter-output>
        </test-method> <!-- before -->
        <test-method status="PASS" signature="addItemTest(java.lang.String, java.util.ArrayList, boolean)[pri:0, instance:testng.ItemsTest@174d20a]" name="addItemTest" duration-ms="0" started-at="2018-01-16T10:31:43Z" data-provider="addItem" finished-at="2018-01-16T10:31:43Z">
          <params>
            <param index="0">
              <value>
                <![CDATA[Price not a number]]>
              </value>
            </param>
            <param index="1">
              <value>
                <![CDATA[[Plainer Pizza, Testaroo, Tree Fiddy, Images/ayy.png, 1, Pizza]]]>
              </value>
            </param>
            <param index="2">
              <value>
                <![CDATA[false]]>
              </value>
            </param>
          </params>
          <reporter-output>
          </reporter-output>
        </test-method> <!-- addItemTest -->
        <test-method status="PASS" signature="After()[pri:0, instance:testng.ItemsTest@174d20a]" name="After" is-config="true" duration-ms="0" started-at="2018-01-16T10:31:43Z" finished-at="2018-01-16T10:31:43Z">
          <reporter-output>
          </reporter-output>
        </test-method> <!-- After -->
        <test-method status="PASS" signature="before()[pri:0, instance:testng.ItemsTest@174d20a]" name="before" is-config="true" duration-ms="0" started-at="2018-01-16T10:31:43Z" finished-at="2018-01-16T10:31:43Z">
          <reporter-output>
          </reporter-output>
        </test-method> <!-- before -->
        <test-method status="PASS" signature="before()[pri:0, instance:testng.ItemsTest@174d20a]" name="before" is-config="true" duration-ms="0" started-at="2018-01-16T10:31:43Z" finished-at="2018-01-16T10:31:43Z">
          <reporter-output>
          </reporter-output>
        </test-method> <!-- before -->
        <test-method status="PASS" signature="After()[pri:0, instance:testng.ItemsTest@174d20a]" name="After" is-config="true" duration-ms="0" started-at="2018-01-16T10:31:43Z" finished-at="2018-01-16T10:31:43Z">
          <reporter-output>
          </reporter-output>
        </test-method> <!-- After -->
        <test-method status="PASS" signature="addItemTest(java.lang.String, java.util.ArrayList, boolean)[pri:0, instance:testng.ItemsTest@174d20a]" name="addItemTest" duration-ms="0" started-at="2018-01-16T10:31:43Z" data-provider="addItem" finished-at="2018-01-16T10:31:43Z">
          <params>
            <param index="0">
              <value>
                <![CDATA[Active not a number]]>
              </value>
            </param>
            <param index="1">
              <value>
                <![CDATA[[Plainer Pizza, Testaroo, 3.5, Images/ayy.png, yes, Pizza]]]>
              </value>
            </param>
            <param index="2">
              <value>
                <![CDATA[false]]>
              </value>
            </param>
          </params>
          <reporter-output>
          </reporter-output>
        </test-method> <!-- addItemTest -->
        <test-method status="PASS" signature="before()[pri:0, instance:testng.ItemsTest@174d20a]" name="before" is-config="true" duration-ms="0" started-at="2018-01-16T10:31:43Z" finished-at="2018-01-16T10:31:43Z">
          <reporter-output>
          </reporter-output>
        </test-method> <!-- before -->
        <test-method status="FAIL" signature="getAllItemsTest()[pri:0, instance:testng.ItemsTest@174d20a]" name="getAllItemsTest" duration-ms="1" started-at="2018-01-16T10:31:43Z" finished-at="2018-01-16T10:31:43Z">
          <exception class="java.lang.AssertionError">
            <message>
              <![CDATA[Expected: every item is an instance of del.res.models.Item     but: was null]]>
            </message>
            <full-stacktrace>
              <![CDATA[java.lang.AssertionError: Expected: every item is an instance of del.res.models.Item     but: was nullat org.hamcrest.MatcherAssert.assertThat(MatcherAssert.java:20)at org.hamcrest.MatcherAssert.assertThat(MatcherAssert.java:8)at testng.ItemsTest.getAllItemsTest(ItemsTest.java:166)at sun.reflect.NativeMethodAccessorImpl.invoke0(Native Method)at sun.reflect.NativeMethodAccessorImpl.invoke(NativeMethodAccessorImpl.java:62)at sun.reflect.DelegatingMethodAccessorImpl.invoke(DelegatingMethodAccessorImpl.java:43)at java.lang.reflect.Method.invoke(Method.java:498)at org.testng.internal.MethodInvocationHelper.invokeMethod(MethodInvocationHelper.java:124)at org.testng.internal.Invoker.invokeMethod(Invoker.java:571)at org.testng.internal.Invoker.invokeTestMethod(Invoker.java:707)at org.testng.internal.Invoker.invokeTestMethods(Invoker.java:979)at org.testng.internal.TestMethodWorker.invokeTestMethods(TestMethodWorker.java:125)at org.testng.internal.TestMethodWorker.run(TestMethodWorker.java:109)at org.testng.TestRunner.privateRun(TestRunner.java:648)at org.testng.TestRunner.run(TestRunner.java:505)at org.testng.SuiteRunner.runTest(SuiteRunner.java:455)at org.testng.SuiteRunner.runSequentially(SuiteRunner.java:450)at org.testng.SuiteRunner.privateRun(SuiteRunner.java:415)at org.testng.SuiteRunner.run(SuiteRunner.java:364)at org.testng.SuiteRunnerWorker.runSuite(SuiteRunnerWorker.java:52)at org.testng.SuiteRunnerWorker.run(SuiteRunnerWorker.java:84)at org.testng.TestNG.runSuitesSequentially(TestNG.java:1187)at org.testng.TestNG.runSuitesLocally(TestNG.java:1116)at org.testng.TestNG.runSuites(TestNG.java:1028)at org.testng.TestNG.run(TestNG.java:996)at org.apache.maven.surefire.testng.TestNGExecutor.run(TestNGExecutor.java:283)at org.apache.maven.surefire.testng.TestNGXmlTestSuite.execute(TestNGXmlTestSuite.java:75)at org.apache.maven.surefire.testng.TestNGProvider.invoke(TestNGProvider.java:120)at org.apache.maven.surefire.booter.ForkedBooter.invokeProviderInSameClassLoader(ForkedBooter.java:373)at org.apache.maven.surefire.booter.ForkedBooter.runSuitesInProcess(ForkedBooter.java:334)at org.apache.maven.surefire.booter.ForkedBooter.execute(ForkedBooter.java:119)at org.apache.maven.surefire.booter.ForkedBooter.main(ForkedBooter.java:407)]]>
            </full-stacktrace>
          </exception> <!-- java.lang.AssertionError -->
          <reporter-output>
          </reporter-output>
        </test-method> <!-- getAllItemsTest -->
        <test-method status="PASS" signature="After()[pri:0, instance:testng.ItemsTest@174d20a]" name="After" is-config="true" duration-ms="0" started-at="2018-01-16T10:31:43Z" finished-at="2018-01-16T10:31:43Z">
          <reporter-output>
          </reporter-output>
        </test-method> <!-- After -->
        <test-method status="PASS" signature="After()[pri:0, instance:testng.ItemsTest@174d20a]" name="After" is-config="true" duration-ms="0" started-at="2018-01-16T10:31:43Z" finished-at="2018-01-16T10:31:43Z">
          <reporter-output>
          </reporter-output>
        </test-method> <!-- After -->
        <test-method status="PASS" signature="before()[pri:0, instance:testng.ItemsTest@174d20a]" name="before" is-config="true" duration-ms="0" started-at="2018-01-16T10:31:43Z" finished-at="2018-01-16T10:31:43Z">
          <reporter-output>
          </reporter-output>
        </test-method> <!-- before -->
        <test-method status="PASS" signature="before()[pri:0, instance:testng.ItemsTest@174d20a]" name="before" is-config="true" duration-ms="0" started-at="2018-01-16T10:31:43Z" finished-at="2018-01-16T10:31:43Z">
          <reporter-output>
          </reporter-output>
        </test-method> <!-- before -->
        <test-method status="FAIL" signature="updateItemTest(java.lang.String, java.util.ArrayList, boolean)[pri:0, instance:testng.ItemsTest@174d20a]" name="updateItemTest" duration-ms="0" started-at="2018-01-16T10:31:43Z" data-provider="updateItem" finished-at="2018-01-16T10:31:43Z">
          <params>
            <param index="0">
              <value>
                <![CDATA[Valid info]]>
              </value>
            </param>
            <param index="1">
              <value>
                <![CDATA[[Plain Pizza, Testaroo, 3.5, Images/ayy.png, 1, Pizza, 1]]]>
              </value>
            </param>
            <param index="2">
              <value>
                <![CDATA[true]]>
              </value>
            </param>
          </params>
          <exception class="java.lang.NullPointerException">
            <full-stacktrace>
              <![CDATA[java.lang.NullPointerExceptionat del.res.dao.ItemsDAO.getItemByID(ItemsDAO.java:259)at del.res.bo.ItemsBO.getItemByID(ItemsBO.java:69)at testng.ItemsTest.updateItemTest(ItemsTest.java:202)at sun.reflect.NativeMethodAccessorImpl.invoke0(Native Method)at sun.reflect.NativeMethodAccessorImpl.invoke(NativeMethodAccessorImpl.java:62)at sun.reflect.DelegatingMethodAccessorImpl.invoke(DelegatingMethodAccessorImpl.java:43)at java.lang.reflect.Method.invoke(Method.java:498)at org.testng.internal.MethodInvocationHelper.invokeMethod(MethodInvocationHelper.java:124)at org.testng.internal.Invoker.invokeMethod(Invoker.java:571)at org.testng.internal.Invoker.invokeTestMethod(Invoker.java:707)at org.testng.internal.Invoker.invokeTestMethods(Invoker.java:979)at org.testng.internal.TestMethodWorker.invokeTestMethods(TestMethodWorker.java:125)at org.testng.internal.TestMethodWorker.run(TestMethodWorker.java:109)at org.testng.TestRunner.privateRun(TestRunner.java:648)at org.testng.TestRunner.run(TestRunner.java:505)at org.testng.SuiteRunner.runTest(SuiteRunner.java:455)at org.testng.SuiteRunner.runSequentially(SuiteRunner.java:450)at org.testng.SuiteRunner.privateRun(SuiteRunner.java:415)at org.testng.SuiteRunner.run(SuiteRunner.java:364)at org.testng.SuiteRunnerWorker.runSuite(SuiteRunnerWorker.java:52)at org.testng.SuiteRunnerWorker.run(SuiteRunnerWorker.java:84)at org.testng.TestNG.runSuitesSequentially(TestNG.java:1187)at org.testng.TestNG.runSuitesLocally(TestNG.java:1116)at org.testng.TestNG.runSuites(TestNG.java:1028)at org.testng.TestNG.run(TestNG.java:996)at org.apache.maven.surefire.testng.TestNGExecutor.run(TestNGExecutor.java:283)at org.apache.maven.surefire.testng.TestNGXmlTestSuite.execute(TestNGXmlTestSuite.java:75)at org.apache.maven.surefire.testng.TestNGProvider.invoke(TestNGProvider.java:120)at org.apache.maven.surefire.booter.ForkedBooter.invokeProviderInSameClassLoader(ForkedBooter.java:373)at org.apache.maven.surefire.booter.ForkedBooter.runSuitesInProcess(ForkedBooter.java:334)at org.apache.maven.surefire.booter.ForkedBooter.execute(ForkedBooter.java:119)at org.apache.maven.surefire.booter.ForkedBooter.main(ForkedBooter.java:407)]]>
            </full-stacktrace>
          </exception> <!-- java.lang.NullPointerException -->
          <reporter-output>
          </reporter-output>
        </test-method> <!-- updateItemTest -->
        <test-method status="PASS" signature="After()[pri:0, instance:testng.ItemsTest@174d20a]" name="After" is-config="true" duration-ms="0" started-at="2018-01-16T10:31:43Z" finished-at="2018-01-16T10:31:43Z">
          <reporter-output>
          </reporter-output>
        </test-method> <!-- After -->
        <test-method status="FAIL" signature="updateItemTest(java.lang.String, java.util.ArrayList, boolean)[pri:0, instance:testng.ItemsTest@174d20a]" name="updateItemTest" duration-ms="1" started-at="2018-01-16T10:31:43Z" data-provider="updateItem" finished-at="2018-01-16T10:31:43Z">
          <params>
            <param index="0">
              <value>
                <![CDATA[Price not a number]]>
              </value>
            </param>
            <param index="1">
              <value>
                <![CDATA[[Plain Pizza, Testaroo, Tree Fiddy, Images/ayy.png, 1, Pizza, 1]]]>
              </value>
            </param>
            <param index="2">
              <value>
                <![CDATA[false]]>
              </value>
            </param>
          </params>
          <exception class="java.lang.NullPointerException">
            <full-stacktrace>
              <![CDATA[java.lang.NullPointerExceptionat del.res.dao.ItemsDAO.getItemByID(ItemsDAO.java:259)at del.res.bo.ItemsBO.getItemByID(ItemsBO.java:69)at testng.ItemsTest.updateItemTest(ItemsTest.java:202)at sun.reflect.NativeMethodAccessorImpl.invoke0(Native Method)at sun.reflect.NativeMethodAccessorImpl.invoke(NativeMethodAccessorImpl.java:62)at sun.reflect.DelegatingMethodAccessorImpl.invoke(DelegatingMethodAccessorImpl.java:43)at java.lang.reflect.Method.invoke(Method.java:498)at org.testng.internal.MethodInvocationHelper.invokeMethod(MethodInvocationHelper.java:124)at org.testng.internal.Invoker.invokeMethod(Invoker.java:571)at org.testng.internal.Invoker.invokeTestMethod(Invoker.java:707)at org.testng.internal.Invoker.invokeTestMethods(Invoker.java:979)at org.testng.internal.TestMethodWorker.invokeTestMethods(TestMethodWorker.java:125)at org.testng.internal.TestMethodWorker.run(TestMethodWorker.java:109)at org.testng.TestRunner.privateRun(TestRunner.java:648)at org.testng.TestRunner.run(TestRunner.java:505)at org.testng.SuiteRunner.runTest(SuiteRunner.java:455)at org.testng.SuiteRunner.runSequentially(SuiteRunner.java:450)at org.testng.SuiteRunner.privateRun(SuiteRunner.java:415)at org.testng.SuiteRunner.run(SuiteRunner.java:364)at org.testng.SuiteRunnerWorker.runSuite(SuiteRunnerWorker.java:52)at org.testng.SuiteRunnerWorker.run(SuiteRunnerWorker.java:84)at org.testng.TestNG.runSuitesSequentially(TestNG.java:1187)at org.testng.TestNG.runSuitesLocally(TestNG.java:1116)at org.testng.TestNG.runSuites(TestNG.java:1028)at org.testng.TestNG.run(TestNG.java:996)at org.apache.maven.surefire.testng.TestNGExecutor.run(TestNGExecutor.java:283)at org.apache.maven.surefire.testng.TestNGXmlTestSuite.execute(TestNGXmlTestSuite.java:75)at org.apache.maven.surefire.testng.TestNGProvider.invoke(TestNGProvider.java:120)at org.apache.maven.surefire.booter.ForkedBooter.invokeProviderInSameClassLoader(ForkedBooter.java:373)at org.apache.maven.surefire.booter.ForkedBooter.runSuitesInProcess(ForkedBooter.java:334)at org.apache.maven.surefire.booter.ForkedBooter.execute(ForkedBooter.java:119)at org.apache.maven.surefire.booter.ForkedBooter.main(ForkedBooter.java:407)]]>
            </full-stacktrace>
          </exception> <!-- java.lang.NullPointerException -->
          <reporter-output>
          </reporter-output>
        </test-method> <!-- updateItemTest -->
        <test-method status="FAIL" signature="updateItemTest(java.lang.String, java.util.ArrayList, boolean)[pri:0, instance:testng.ItemsTest@174d20a]" name="updateItemTest" duration-ms="0" started-at="2018-01-16T10:31:43Z" data-provider="updateItem" finished-at="2018-01-16T10:31:43Z">
          <params>
            <param index="0">
              <value>
                <![CDATA[Active not a number]]>
              </value>
            </param>
            <param index="1">
              <value>
                <![CDATA[[Plain Pizza, Testaroo, 3.5, Images/ayy.png, yes, Pizza, 1]]]>
              </value>
            </param>
            <param index="2">
              <value>
                <![CDATA[false]]>
              </value>
            </param>
          </params>
          <exception class="java.lang.NullPointerException">
            <full-stacktrace>
              <![CDATA[java.lang.NullPointerExceptionat del.res.dao.ItemsDAO.getItemByID(ItemsDAO.java:259)at del.res.bo.ItemsBO.getItemByID(ItemsBO.java:69)at testng.ItemsTest.updateItemTest(ItemsTest.java:202)at sun.reflect.NativeMethodAccessorImpl.invoke0(Native Method)at sun.reflect.NativeMethodAccessorImpl.invoke(NativeMethodAccessorImpl.java:62)at sun.reflect.DelegatingMethodAccessorImpl.invoke(DelegatingMethodAccessorImpl.java:43)at java.lang.reflect.Method.invoke(Method.java:498)at org.testng.internal.MethodInvocationHelper.invokeMethod(MethodInvocationHelper.java:124)at org.testng.internal.Invoker.invokeMethod(Invoker.java:571)at org.testng.internal.Invoker.invokeTestMethod(Invoker.java:707)at org.testng.internal.Invoker.invokeTestMethods(Invoker.java:979)at org.testng.internal.TestMethodWorker.invokeTestMethods(TestMethodWorker.java:125)at org.testng.internal.TestMethodWorker.run(TestMethodWorker.java:109)at org.testng.TestRunner.privateRun(TestRunner.java:648)at org.testng.TestRunner.run(TestRunner.java:505)at org.testng.SuiteRunner.runTest(SuiteRunner.java:455)at org.testng.SuiteRunner.runSequentially(SuiteRunner.java:450)at org.testng.SuiteRunner.privateRun(SuiteRunner.java:415)at org.testng.SuiteRunner.run(SuiteRunner.java:364)at org.testng.SuiteRunnerWorker.runSuite(SuiteRunnerWorker.java:52)at org.testng.SuiteRunnerWorker.run(SuiteRunnerWorker.java:84)at org.testng.TestNG.runSuitesSequentially(TestNG.java:1187)at org.testng.TestNG.runSuitesLocally(TestNG.java:1116)at org.testng.TestNG.runSuites(TestNG.java:1028)at org.testng.TestNG.run(TestNG.java:996)at org.apache.maven.surefire.testng.TestNGExecutor.run(TestNGExecutor.java:283)at org.apache.maven.surefire.testng.TestNGXmlTestSuite.execute(TestNGXmlTestSuite.java:75)at org.apache.maven.surefire.testng.TestNGProvider.invoke(TestNGProvider.java:120)at org.apache.maven.surefire.booter.ForkedBooter.invokeProviderInSameClassLoader(ForkedBooter.java:373)at org.apache.maven.surefire.booter.ForkedBooter.runSuitesInProcess(ForkedBooter.java:334)at org.apache.maven.surefire.booter.ForkedBooter.execute(ForkedBooter.java:119)at org.apache.maven.surefire.booter.ForkedBooter.main(ForkedBooter.java:407)]]>
            </full-stacktrace>
          </exception> <!-- java.lang.NullPointerException -->
          <reporter-output>
          </reporter-output>
        </test-method> <!-- updateItemTest -->
        <test-method status="PASS" signature="After()[pri:0, instance:testng.ItemsTest@174d20a]" name="After" is-config="true" duration-ms="0" started-at="2018-01-16T10:31:43Z" finished-at="2018-01-16T10:31:43Z">
          <reporter-output>
          </reporter-output>
        </test-method> <!-- After -->
        <test-method status="PASS" signature="After()[pri:0, instance:testng.ItemsTest@174d20a]" name="After" is-config="true" duration-ms="0" started-at="2018-01-16T10:31:43Z" finished-at="2018-01-16T10:31:43Z">
          <reporter-output>
          </reporter-output>
        </test-method> <!-- After -->
        <test-method status="PASS" signature="before()[pri:0, instance:testng.ItemsTest@174d20a]" name="before" is-config="true" duration-ms="0" started-at="2018-01-16T10:31:43Z" finished-at="2018-01-16T10:31:43Z">
          <reporter-output>
          </reporter-output>
        </test-method> <!-- before -->
      </class> <!-- testng.ItemsTest -->
      <class name="testng.OrdersTest">
        <test-method status="PASS" signature="before()[pri:0, instance:testng.OrdersTest@66d2e7d9]" name="before" is-config="true" duration-ms="0" started-at="2018-01-16T10:31:43Z" finished-at="2018-01-16T10:31:43Z">
          <reporter-output>
          </reporter-output>
        </test-method> <!-- before -->
        <test-method status="FAIL" signature="getAllOrdersTest()[pri:0, instance:testng.OrdersTest@66d2e7d9]" name="getAllOrdersTest" duration-ms="0" started-at="2018-01-16T10:31:43Z" finished-at="2018-01-16T10:31:43Z">
          <exception class="java.lang.NullPointerException">
            <full-stacktrace>
              <![CDATA[java.lang.NullPointerExceptionat del.res.dao.OrdersDAO.getAllOrders(OrdersDAO.java:145)at del.res.bo.OrdersBO.getAllOrders(OrdersBO.java:31)at testng.OrdersTest.getAllOrdersTest(OrdersTest.java:171)at sun.reflect.NativeMethodAccessorImpl.invoke0(Native Method)at sun.reflect.NativeMethodAccessorImpl.invoke(NativeMethodAccessorImpl.java:62)at sun.reflect.DelegatingMethodAccessorImpl.invoke(DelegatingMethodAccessorImpl.java:43)at java.lang.reflect.Method.invoke(Method.java:498)at org.testng.internal.MethodInvocationHelper.invokeMethod(MethodInvocationHelper.java:124)at org.testng.internal.Invoker.invokeMethod(Invoker.java:571)at org.testng.internal.Invoker.invokeTestMethod(Invoker.java:707)at org.testng.internal.Invoker.invokeTestMethods(Invoker.java:979)at org.testng.internal.TestMethodWorker.invokeTestMethods(TestMethodWorker.java:125)at org.testng.internal.TestMethodWorker.run(TestMethodWorker.java:109)at org.testng.TestRunner.privateRun(TestRunner.java:648)at org.testng.TestRunner.run(TestRunner.java:505)at org.testng.SuiteRunner.runTest(SuiteRunner.java:455)at org.testng.SuiteRunner.runSequentially(SuiteRunner.java:450)at org.testng.SuiteRunner.privateRun(SuiteRunner.java:415)at org.testng.SuiteRunner.run(SuiteRunner.java:364)at org.testng.SuiteRunnerWorker.runSuite(SuiteRunnerWorker.java:52)at org.testng.SuiteRunnerWorker.run(SuiteRunnerWorker.java:84)at org.testng.TestNG.runSuitesSequentially(TestNG.java:1187)at org.testng.TestNG.runSuitesLocally(TestNG.java:1116)at org.testng.TestNG.runSuites(TestNG.java:1028)at org.testng.TestNG.run(TestNG.java:996)at org.apache.maven.surefire.testng.TestNGExecutor.run(TestNGExecutor.java:283)at org.apache.maven.surefire.testng.TestNGXmlTestSuite.execute(TestNGXmlTestSuite.java:75)at org.apache.maven.surefire.testng.TestNGProvider.invoke(TestNGProvider.java:120)at org.apache.maven.surefire.booter.ForkedBooter.invokeProviderInSameClassLoader(ForkedBooter.java:373)at org.apache.maven.surefire.booter.ForkedBooter.runSuitesInProcess(ForkedBooter.java:334)at org.apache.maven.surefire.booter.ForkedBooter.execute(ForkedBooter.java:119)at org.apache.maven.surefire.booter.ForkedBooter.main(ForkedBooter.java:407)]]>
            </full-stacktrace>
          </exception> <!-- java.lang.NullPointerException -->
          <reporter-output>
          </reporter-output>
        </test-method> <!-- getAllOrdersTest -->
        <test-method status="PASS" signature="after()[pri:0, instance:testng.OrdersTest@66d2e7d9]" name="after" is-config="true" duration-ms="0" started-at="2018-01-16T10:31:43Z" finished-at="2018-01-16T10:31:43Z">
          <reporter-output>
          </reporter-output>
        </test-method> <!-- after -->
      </class> <!-- testng.OrdersTest -->
      <class name="testng.ReviewsTest">
        <test-method status="FAIL" signature="getReviewsByUserTest(java.lang.String, java.lang.String, boolean)[pri:0, instance:testng.ReviewsTest@1efbd816]" name="getReviewsByUserTest" duration-ms="0" started-at="2018-01-16T10:31:43Z" data-provider="getReviewsByUser" finished-at="2018-01-16T10:31:43Z">
          <params>
            <param index="0">
              <value>
                <![CDATA[Valid]]>
              </value>
            </param>
            <param index="1">
              <value>
                <![CDATA[5]]>
              </value>
            </param>
            <param index="2">
              <value>
                <![CDATA[true]]>
              </value>
            </param>
          </params>
          <exception class="java.lang.NullPointerException">
            <full-stacktrace>
              <![CDATA[java.lang.NullPointerExceptionat del.res.dao.ReviewsDAO.getReviewsByUser(ReviewsDAO.java:108)at del.res.bo.ReviewsBO.getReviewsByUser(ReviewsBO.java:27)at testng.ReviewsTest.getReviewsByUserTest(ReviewsTest.java:163)at sun.reflect.NativeMethodAccessorImpl.invoke0(Native Method)at sun.reflect.NativeMethodAccessorImpl.invoke(NativeMethodAccessorImpl.java:62)at sun.reflect.DelegatingMethodAccessorImpl.invoke(DelegatingMethodAccessorImpl.java:43)at java.lang.reflect.Method.invoke(Method.java:498)at org.testng.internal.MethodInvocationHelper.invokeMethod(MethodInvocationHelper.java:124)at org.testng.internal.Invoker.invokeMethod(Invoker.java:571)at org.testng.internal.Invoker.invokeTestMethod(Invoker.java:707)at org.testng.internal.Invoker.invokeTestMethods(Invoker.java:979)at org.testng.internal.TestMethodWorker.invokeTestMethods(TestMethodWorker.java:125)at org.testng.internal.TestMethodWorker.run(TestMethodWorker.java:109)at org.testng.TestRunner.privateRun(TestRunner.java:648)at org.testng.TestRunner.run(TestRunner.java:505)at org.testng.SuiteRunner.runTest(SuiteRunner.java:455)at org.testng.SuiteRunner.runSequentially(SuiteRunner.java:450)at org.testng.SuiteRunner.privateRun(SuiteRunner.java:415)at org.testng.SuiteRunner.run(SuiteRunner.java:364)at org.testng.SuiteRunnerWorker.runSuite(SuiteRunnerWorker.java:52)at org.testng.SuiteRunnerWorker.run(SuiteRunnerWorker.java:84)at org.testng.TestNG.runSuitesSequentially(TestNG.java:1187)at org.testng.TestNG.runSuitesLocally(TestNG.java:1116)at org.testng.TestNG.runSuites(TestNG.java:1028)at org.testng.TestNG.run(TestNG.java:996)at org.apache.maven.surefire.testng.TestNGExecutor.run(TestNGExecutor.java:283)at org.apache.maven.surefire.testng.TestNGXmlTestSuite.execute(TestNGXmlTestSuite.java:75)at org.apache.maven.surefire.testng.TestNGProvider.invoke(TestNGProvider.java:120)at org.apache.maven.surefire.booter.ForkedBooter.invokeProviderInSameClassLoader(ForkedBooter.java:373)at org.apache.maven.surefire.booter.ForkedBooter.runSuitesInProcess(ForkedBooter.java:334)at org.apache.maven.surefire.booter.ForkedBooter.execute(ForkedBooter.java:119)at org.apache.maven.surefire.booter.ForkedBooter.main(ForkedBooter.java:407)]]>
            </full-stacktrace>
          </exception> <!-- java.lang.NullPointerException -->
          <reporter-output>
          </reporter-output>
        </test-method> <!-- getReviewsByUserTest -->
        <test-method status="PASS" signature="before()[pri:0, instance:testng.ReviewsTest@1efbd816]" name="before" is-config="true" duration-ms="0" started-at="2018-01-16T10:31:43Z" finished-at="2018-01-16T10:31:43Z">
          <reporter-output>
          </reporter-output>
        </test-method> <!-- before -->
        <test-method status="PASS" signature="after()[pri:0, instance:testng.ReviewsTest@1efbd816]" name="after" is-config="true" duration-ms="0" started-at="2018-01-16T10:31:43Z" finished-at="2018-01-16T10:31:43Z">
          <reporter-output>
          </reporter-output>
        </test-method> <!-- after -->
      </class> <!-- testng.ReviewsTest -->
    </test> <!-- Administrative User Tests -->
  </suite> <!-- Unit Tests -->
</testng-results>
