<?xml version="1.0" encoding="UTF-8"?>
<testsuite xmlns:xsi="http://www.w3.org/2001/XMLSchema-instance" xsi:noNamespaceSchemaLocation="https://maven.apache.org/surefire/maven-surefire-plugin/xsd/surefire-test-report.xsd" name="TestSuite" time="0.959" tests="59" errors="0" skipped="0" failures="39">
  <properties>
[...]
</properties>
  <testcase name="getAllActiveItemsTest" classname="testng.ItemsTest" time="0.014">
    <failure message="&#10;Expected: every item is hasProperty(&quot;itemIsActive&quot;, is &quot;1&quot;)&#10;     but: was null" type="java.lang.AssertionError">java.lang.AssertionError: 

Expected: every item is hasProperty("itemIsActive", is "1")
     but: was null
	at testng.ItemsTest.getAllActiveItemsTest(ItemsTest.java:61)
</failure>
    <system-out><![CDATA[java.lang.ClassNotFoundException: oracle.jdbc.driver.OracleDriver
]]></system-out>
    <system-err><![CDATA[java.lang.NullPointerException
	at del.res.dao.ItemsDAO.getAllActiveItems(ItemsDAO.java:24)
	at del.res.bo.ItemsBO.getAllActiveItems(ItemsBO.java:41)
	at testng.ItemsTest.getAllActiveItemsTest(ItemsTest.java:59)
	at sun.reflect.NativeMethodAccessorImpl.invoke0(Native Method)
	at sun.reflect.NativeMethodAccessorImpl.invoke(NativeMethodAccessorImpl.java:62)
	at sun.reflect.DelegatingMethodAccessorImpl.invoke(DelegatingMethodAccessorImpl.java:43)
	at java.lang.reflect.Method.invoke(Method.java:498)
	at org.testng.internal.MethodInvocationHelper.invokeMethod(MethodInvocationHelper.java:124)
	at org.testng.internal.Invoker.invokeMethod(Invoker.java:571)
	at org.testng.internal.Invoker.invokeTestMethod(Invoker.java:707)
	at org.testng.internal.Invoker.invokeTestMethods(Invoker.java:979)
	at org.testng.internal.TestMethodWorker.invokeTestMethods(TestMethodWorker.java:125)
	at org.testng.internal.TestMethodWorker.run(TestMethodWorker.java:109)
	at org.testng.TestRunner.privateRun(TestRunner.java:648)
	at org.testng.TestRunner.run(TestRunner.java:505)
	at org.testng.SuiteRunner.runTest(SuiteRunner.java:455)
	at org.testng.SuiteRunner.runSequentially(SuiteRunner.java:450)
	at org.testng.SuiteRunner.privateRun(SuiteRunner.java:415)
	at org.testng.SuiteRunner.run(SuiteRunner.java:364)
	at org.testng.SuiteRunnerWorker.runSuite(SuiteRunnerWorker.java:52)
	at org.testng.SuiteRunnerWorker.run(SuiteRunnerWorker.java:84)
	at org.testng.TestNG.runSuitesSequentially(TestNG.java:1187)
	at org.testng.TestNG.runSuitesLocally(TestNG.java:1116)
	at org.testng.TestNG.runSuites(TestNG.java:1028)
	at org.testng.TestNG.run(TestNG.java:996)
	at org.apache.maven.surefire.testng.TestNGExecutor.run(TestNGExecutor.java:283)
	at org.apache.maven.surefire.testng.TestNGXmlTestSuite.execute(TestNGXmlTestSuite.java:75)
	at org.apache.maven.surefire.testng.TestNGProvider.invoke(TestNGProvider.java:120)
	at org.apache.maven.surefire.booter.ForkedBooter.invokeProviderInSameClassLoader(ForkedBooter.java:373)
	at org.apache.maven.surefire.booter.ForkedBooter.runSuitesInProcess(ForkedBooter.java:334)
	at org.apache.maven.surefire.booter.ForkedBooter.execute(ForkedBooter.java:119)
	at org.apache.maven.surefire.booter.ForkedBooter.main(ForkedBooter.java:407)
]]></system-err>
  </testcase>
  <testcase name="getItemsCountTest" classname="testng.ItemsTest" time="0.002">
    <failure message="&#10;Expected: a value greater than &lt;0&gt;&#10;     but: &lt;0&gt; was equal to &lt;0&gt;" type="java.lang.AssertionError"><![CDATA[java.lang.AssertionError: 

Expected: a value greater than <0>
     but: <0> was equal to <0>
	at testng.ItemsTest.getItemsCountTest(ItemsTest.java:72)
]]></failure>
    <system-out><![CDATA[java.lang.ClassNotFoundException: oracle.jdbc.driver.OracleDriver
]]></system-out>
  </testcase>
  <testcase name="getTotalsTest" classname="testng.ItemsTest" time="0.007">
    <failure type="java.lang.NullPointerException">java.lang.NullPointerException
	at testng.ItemsTest.getTotalsTest(ItemsTest.java:151)
</failure>
    <system-out><![CDATA[java.lang.ClassNotFoundException: oracle.jdbc.driver.OracleDriver
]]></system-out>
    <system-err><![CDATA[java.lang.NullPointerException
	at del.res.dao.ItemsDAO.getPrices(ItemsDAO.java:104)
	at del.res.bo.ItemsBO.getTotals(ItemsBO.java:25)
	at testng.ItemsTest.getTotalsTest(ItemsTest.java:151)
	at sun.reflect.NativeMethodAccessorImpl.invoke0(Native Method)
	at sun.reflect.NativeMethodAccessorImpl.invoke(NativeMethodAccessorImpl.java:62)
	at sun.reflect.DelegatingMethodAccessorImpl.invoke(DelegatingMethodAccessorImpl.java:43)
	at java.lang.reflect.Method.invoke(Method.java:498)
	at org.testng.internal.MethodInvocationHelper.invokeMethod(MethodInvocationHelper.java:124)
	at org.testng.internal.Invoker.invokeMethod(Invoker.java:571)
	at org.testng.internal.Invoker.invokeTestMethod(Invoker.java:707)
	at org.testng.internal.Invoker.invokeTestMethods(Invoker.java:979)
	at org.testng.internal.TestMethodWorker.invokeTestMethods(TestMethodWorker.java:125)
	at org.testng.internal.TestMethodWorker.run(TestMethodWorker.java:109)
	at org.testng.TestRunner.privateRun(TestRunner.java:648)
	at org.testng.TestRunner.run(TestRunner.java:505)
	at org.testng.SuiteRunner.runTest(SuiteRunner.java:455)
	at org.testng.SuiteRunner.runSequentially(SuiteRunner.java:450)
	at org.testng.SuiteRunner.privateRun(SuiteRunner.java:415)
	at org.testng.SuiteRunner.run(SuiteRunner.java:364)
	at org.testng.SuiteRunnerWorker.runSuite(SuiteRunnerWorker.java:52)
	at org.testng.SuiteRunnerWorker.run(SuiteRunnerWorker.java:84)
	at org.testng.TestNG.runSuitesSequentially(TestNG.java:1187)
	at org.testng.TestNG.runSuitesLocally(TestNG.java:1116)
	at org.testng.TestNG.runSuites(TestNG.java:1028)
	at org.testng.TestNG.run(TestNG.java:996)
	at org.apache.maven.surefire.testng.TestNGExecutor.run(TestNGExecutor.java:283)
	at org.apache.maven.surefire.testng.TestNGXmlTestSuite.execute(TestNGXmlTestSuite.java:75)
	at org.apache.maven.surefire.testng.TestNGProvider.invoke(TestNGProvider.java:120)
	at org.apache.maven.surefire.booter.ForkedBooter.invokeProviderInSameClassLoader(ForkedBooter.java:373)
	at org.apache.maven.surefire.booter.ForkedBooter.runSuitesInProcess(ForkedBooter.java:334)
	at org.apache.maven.surefire.booter.ForkedBooter.execute(ForkedBooter.java:119)
	at org.apache.maven.surefire.booter.ForkedBooter.main(ForkedBooter.java:407)
]]></system-err>
  </testcase>
  <testcase name="getTotalsTest" classname="testng.ItemsTest" time="0.002">
    <failure type="java.lang.NullPointerException">java.lang.NullPointerException
	at testng.ItemsTest.getTotalsTest(ItemsTest.java:151)
</failure>
    <system-out><![CDATA[java.lang.ClassNotFoundException: oracle.jdbc.driver.OracleDriver
]]></system-out>
    <system-err><![CDATA[java.lang.NullPointerException
	at del.res.dao.ItemsDAO.getPrices(ItemsDAO.java:104)
	at del.res.bo.ItemsBO.getTotals(ItemsBO.java:25)
	at testng.ItemsTest.getTotalsTest(ItemsTest.java:151)
	at sun.reflect.NativeMethodAccessorImpl.invoke0(Native Method)
	at sun.reflect.NativeMethodAccessorImpl.invoke(NativeMethodAccessorImpl.java:62)
	at sun.reflect.DelegatingMethodAccessorImpl.invoke(DelegatingMethodAccessorImpl.java:43)
	at java.lang.reflect.Method.invoke(Method.java:498)
	at org.testng.internal.MethodInvocationHelper.invokeMethod(MethodInvocationHelper.java:124)
	at org.testng.internal.Invoker.invokeMethod(Invoker.java:571)
	at org.testng.internal.Invoker.invokeTestMethod(Invoker.java:707)
	at org.testng.internal.Invoker.invokeTestMethods(Invoker.java:979)
	at org.testng.internal.TestMethodWorker.invokeTestMethods(TestMethodWorker.java:125)
	at org.testng.internal.TestMethodWorker.run(TestMethodWorker.java:109)
	at org.testng.TestRunner.privateRun(TestRunner.java:648)
	at org.testng.TestRunner.run(TestRunner.java:505)
	at org.testng.SuiteRunner.runTest(SuiteRunner.java:455)
	at org.testng.SuiteRunner.runSequentially(SuiteRunner.java:450)
	at org.testng.SuiteRunner.privateRun(SuiteRunner.java:415)
	at org.testng.SuiteRunner.run(SuiteRunner.java:364)
	at org.testng.SuiteRunnerWorker.runSuite(SuiteRunnerWorker.java:52)
	at org.testng.SuiteRunnerWorker.run(SuiteRunnerWorker.java:84)
	at org.testng.TestNG.runSuitesSequentially(TestNG.java:1187)
	at org.testng.TestNG.runSuitesLocally(TestNG.java:1116)
	at org.testng.TestNG.runSuites(TestNG.java:1028)
	at org.testng.TestNG.run(TestNG.java:996)
	at org.apache.maven.surefire.testng.TestNGExecutor.run(TestNGExecutor.java:283)
	at org.apache.maven.surefire.testng.TestNGXmlTestSuite.execute(TestNGXmlTestSuite.java:75)
	at org.apache.maven.surefire.testng.TestNGProvider.invoke(TestNGProvider.java:120)
	at org.apache.maven.surefire.booter.ForkedBooter.invokeProviderInSameClassLoader(ForkedBooter.java:373)
	at org.apache.maven.surefire.booter.ForkedBooter.runSuitesInProcess(ForkedBooter.java:334)
	at org.apache.maven.surefire.booter.ForkedBooter.execute(ForkedBooter.java:119)
	at org.apache.maven.surefire.booter.ForkedBooter.main(ForkedBooter.java:407)
]]></system-err>
  </testcase>
  <testcase name="getTotalsTest" classname="testng.ItemsTest" time="0.003">
    <failure type="java.lang.NullPointerException">java.lang.NullPointerException
	at testng.ItemsTest.getTotalsTest(ItemsTest.java:151)
</failure>
    <system-out><![CDATA[java.lang.ClassNotFoundException: oracle.jdbc.driver.OracleDriver
]]></system-out>
    <system-err><![CDATA[java.lang.NullPointerException
	at del.res.dao.ItemsDAO.getPrices(ItemsDAO.java:104)
	at del.res.bo.ItemsBO.getTotals(ItemsBO.java:25)
	at testng.ItemsTest.getTotalsTest(ItemsTest.java:151)
	at sun.reflect.NativeMethodAccessorImpl.invoke0(Native Method)
	at sun.reflect.NativeMethodAccessorImpl.invoke(NativeMethodAccessorImpl.java:62)
	at sun.reflect.DelegatingMethodAccessorImpl.invoke(DelegatingMethodAccessorImpl.java:43)
	at java.lang.reflect.Method.invoke(Method.java:498)
	at org.testng.internal.MethodInvocationHelper.invokeMethod(MethodInvocationHelper.java:124)
	at org.testng.internal.Invoker.invokeMethod(Invoker.java:571)
	at org.testng.internal.Invoker.invokeTestMethod(Invoker.java:707)
	at org.testng.internal.Invoker.invokeTestMethods(Invoker.java:979)
	at org.testng.internal.TestMethodWorker.invokeTestMethods(TestMethodWorker.java:125)
	at org.testng.internal.TestMethodWorker.run(TestMethodWorker.java:109)
	at org.testng.TestRunner.privateRun(TestRunner.java:648)
	at org.testng.TestRunner.run(TestRunner.java:505)
	at org.testng.SuiteRunner.runTest(SuiteRunner.java:455)
	at org.testng.SuiteRunner.runSequentially(SuiteRunner.java:450)
	at org.testng.SuiteRunner.privateRun(SuiteRunner.java:415)
	at org.testng.SuiteRunner.run(SuiteRunner.java:364)
	at org.testng.SuiteRunnerWorker.runSuite(SuiteRunnerWorker.java:52)
	at org.testng.SuiteRunnerWorker.run(SuiteRunnerWorker.java:84)
	at org.testng.TestNG.runSuitesSequentially(TestNG.java:1187)
	at org.testng.TestNG.runSuitesLocally(TestNG.java:1116)
	at org.testng.TestNG.runSuites(TestNG.java:1028)
	at org.testng.TestNG.run(TestNG.java:996)
	at org.apache.maven.surefire.testng.TestNGExecutor.run(TestNGExecutor.java:283)
	at org.apache.maven.surefire.testng.TestNGXmlTestSuite.execute(TestNGXmlTestSuite.java:75)
	at org.apache.maven.surefire.testng.TestNGProvider.invoke(TestNGProvider.java:120)
	at org.apache.maven.surefire.booter.ForkedBooter.invokeProviderInSameClassLoader(ForkedBooter.java:373)
	at org.apache.maven.surefire.booter.ForkedBooter.runSuitesInProcess(ForkedBooter.java:334)
	at org.apache.maven.surefire.booter.ForkedBooter.execute(ForkedBooter.java:119)
	at org.apache.maven.surefire.booter.ForkedBooter.main(ForkedBooter.java:407)
]]></system-err>
  </testcase>
  <testcase name="addItemToOrderTest" classname="testng.OrdersTest" time="0.001">
    <failure type="java.lang.AssertionError:">java.lang.AssertionError: null
	at testng.OrdersTest.addItemToOrderTest(OrdersTest.java:119)
</failure>
    <system-out><![CDATA[java.lang.ClassNotFoundException: oracle.jdbc.driver.OracleDriver
]]></system-out>
  </testcase>
  <testcase name="addItemToOrderTest" classname="testng.OrdersTest" time="0.001"/>
  <testcase name="addItemToOrderTest" classname="testng.OrdersTest" time="0"/>
  <testcase name="addItemToOrderTest" classname="testng.OrdersTest" time="0"/>
  <testcase name="createOrderTest" classname="testng.OrdersTest" time="0.005">
    <failure message="&#10;Expected: &lt;true&gt;&#10;     but: was &lt;false&gt;" type="java.lang.AssertionError"><![CDATA[java.lang.AssertionError: 

Expected: <true>
     but: was <false>
	at testng.OrdersTest.createOrderTest(OrdersTest.java:80)
]]></failure>
    <system-out><![CDATA[java.lang.ClassNotFoundException: oracle.jdbc.driver.OracleDriver
User ID: 1
Store ID: 1
CC Number: 1111111111
Security Number: 1234
Zipcode: 11111
Pretax Revenue: 11.11
Tax Revenue: 1
]]></system-out>
    <system-err><![CDATA[java.lang.NullPointerException
	at del.res.dao.OrdersDAO.createOrder(OrdersDAO.java:20)
	at del.res.bo.OrdersBO.createOrder(OrdersBO.java:19)
	at testng.OrdersTest.createOrderTest(OrdersTest.java:76)
	at sun.reflect.NativeMethodAccessorImpl.invoke0(Native Method)
	at sun.reflect.NativeMethodAccessorImpl.invoke(NativeMethodAccessorImpl.java:62)
	at sun.reflect.DelegatingMethodAccessorImpl.invoke(DelegatingMethodAccessorImpl.java:43)
	at java.lang.reflect.Method.invoke(Method.java:498)
	at org.testng.internal.MethodInvocationHelper.invokeMethod(MethodInvocationHelper.java:124)
	at org.testng.internal.Invoker.invokeMethod(Invoker.java:571)
	at org.testng.internal.Invoker.invokeTestMethod(Invoker.java:707)
	at org.testng.internal.Invoker.invokeTestMethods(Invoker.java:979)
	at org.testng.internal.TestMethodWorker.invokeTestMethods(TestMethodWorker.java:125)
	at org.testng.internal.TestMethodWorker.run(TestMethodWorker.java:109)
	at org.testng.TestRunner.privateRun(TestRunner.java:648)
	at org.testng.TestRunner.run(TestRunner.java:505)
	at org.testng.SuiteRunner.runTest(SuiteRunner.java:455)
	at org.testng.SuiteRunner.runSequentially(SuiteRunner.java:450)
	at org.testng.SuiteRunner.privateRun(SuiteRunner.java:415)
	at org.testng.SuiteRunner.run(SuiteRunner.java:364)
	at org.testng.SuiteRunnerWorker.runSuite(SuiteRunnerWorker.java:52)
	at org.testng.SuiteRunnerWorker.run(SuiteRunnerWorker.java:84)
	at org.testng.TestNG.runSuitesSequentially(TestNG.java:1187)
	at org.testng.TestNG.runSuitesLocally(TestNG.java:1116)
	at org.testng.TestNG.runSuites(TestNG.java:1028)
	at org.testng.TestNG.run(TestNG.java:996)
	at org.apache.maven.surefire.testng.TestNGExecutor.run(TestNGExecutor.java:283)
	at org.apache.maven.surefire.testng.TestNGXmlTestSuite.execute(TestNGXmlTestSuite.java:75)
	at org.apache.maven.surefire.testng.TestNGProvider.invoke(TestNGProvider.java:120)
	at org.apache.maven.surefire.booter.ForkedBooter.invokeProviderInSameClassLoader(ForkedBooter.java:373)
	at org.apache.maven.surefire.booter.ForkedBooter.runSuitesInProcess(ForkedBooter.java:334)
	at org.apache.maven.surefire.booter.ForkedBooter.execute(ForkedBooter.java:119)
	at org.apache.maven.surefire.booter.ForkedBooter.main(ForkedBooter.java:407)
]]></system-err>
  </testcase>
  <testcase name="getOrdersByUserTest" classname="testng.OrdersTest" time="0">
    <failure type="java.lang.AssertionError:">java.lang.AssertionError: null
	at testng.OrdersTest.getOrdersByUserTest(OrdersTest.java:158)
</failure>
    <system-out><![CDATA[true
java.lang.ClassNotFoundException: oracle.jdbc.driver.OracleDriver
]]></system-out>
  </testcase>
  <testcase name="getOrdersByUserTest" classname="testng.OrdersTest" time="0"/>
  <testcase name="getOrdersByUserTest" classname="testng.OrdersTest" time="0.001"/>
  <testcase name="getReceiptItemsTest" classname="testng.ReceiptsTest" time="0.006"/>
  <testcase name="getReceiptItemsTest" classname="testng.ReceiptsTest" time="0.004">
    <failure message="&#10;Expected: an empty collection&#10;     but: was null" type="java.lang.AssertionError">java.lang.AssertionError: 

Expected: an empty collection
     but: was null
	at testng.ReceiptsTest.getReceiptItemsTest(ReceiptsTest.java:128)
</failure>
    <system-out><![CDATA[java.lang.ClassNotFoundException: oracle.jdbc.driver.OracleDriver
]]></system-out>
    <system-err><![CDATA[java.lang.NullPointerException
	at del.res.dao.ReceiptsDAO.getReceiptItems(ReceiptsDAO.java:76)
	at del.res.bo.ReceiptsBO.getReceiptItems(ReceiptsBO.java:22)
	at testng.ReceiptsTest.getReceiptItemsTest(ReceiptsTest.java:126)
	at sun.reflect.NativeMethodAccessorImpl.invoke0(Native Method)
	at sun.reflect.NativeMethodAccessorImpl.invoke(NativeMethodAccessorImpl.java:62)
	at sun.reflect.DelegatingMethodAccessorImpl.invoke(DelegatingMethodAccessorImpl.java:43)
	at java.lang.reflect.Method.invoke(Method.java:498)
	at org.testng.internal.MethodInvocationHelper.invokeMethod(MethodInvocationHelper.java:124)
	at org.testng.internal.Invoker.invokeMethod(Invoker.java:571)
	at org.testng.internal.Invoker.invokeTestMethod(Invoker.java:707)
	at org.testng.internal.Invoker.invokeTestMethods(Invoker.java:979)
	at org.testng.internal.TestMethodWorker.invokeTestMethods(TestMethodWorker.java:125)
	at org.testng.internal.TestMethodWorker.run(TestMethodWorker.java:109)
	at org.testng.TestRunner.privateRun(TestRunner.java:648)
	at org.testng.TestRunner.run(TestRunner.java:505)
	at org.testng.SuiteRunner.runTest(SuiteRunner.java:455)
	at org.testng.SuiteRunner.runSequentially(SuiteRunner.java:450)
	at org.testng.SuiteRunner.privateRun(SuiteRunner.java:415)
	at org.testng.SuiteRunner.run(SuiteRunner.java:364)
	at org.testng.SuiteRunnerWorker.runSuite(SuiteRunnerWorker.java:52)
	at org.testng.SuiteRunnerWorker.run(SuiteRunnerWorker.java:84)
	at org.testng.TestNG.runSuitesSequentially(TestNG.java:1187)
	at org.testng.TestNG.runSuitesLocally(TestNG.java:1116)
	at org.testng.TestNG.runSuites(TestNG.java:1028)
	at org.testng.TestNG.run(TestNG.java:996)
	at org.apache.maven.surefire.testng.TestNGExecutor.run(TestNGExecutor.java:283)
	at org.apache.maven.surefire.testng.TestNGXmlTestSuite.execute(TestNGXmlTestSuite.java:75)
	at org.apache.maven.surefire.testng.TestNGProvider.invoke(TestNGProvider.java:120)
	at org.apache.maven.surefire.booter.ForkedBooter.invokeProviderInSameClassLoader(ForkedBooter.java:373)
	at org.apache.maven.surefire.booter.ForkedBooter.runSuitesInProcess(ForkedBooter.java:334)
	at org.apache.maven.surefire.booter.ForkedBooter.execute(ForkedBooter.java:119)
	at org.apache.maven.surefire.booter.ForkedBooter.main(ForkedBooter.java:407)
]]></system-err>
  </testcase>
  <testcase name="getReceiptSummaryTest" classname="testng.ReceiptsTest" time="0.011">
    <failure message="&#10;Expected: same property values as ReceiptSummary [itemCount: &lt;1&gt;, orderID: null, orderTax: &quot;$1.18&quot;, orderTotal: &quot;$14.68&quot;, storeAddress: &quot;Lower Manhattan, NY&quot;, storeDescription: &quot;Papa Pizza&quot;]&#10;     but: was null" type="java.lang.AssertionError"><![CDATA[java.lang.AssertionError: 

Expected: same property values as ReceiptSummary [itemCount: <1>, orderID: null, orderTax: "$1.18", orderTotal: "$14.68", storeAddress: "Lower Manhattan, NY", storeDescription: "Papa Pizza"]
     but: was null
	at testng.ReceiptsTest.getReceiptSummaryTest(ReceiptsTest.java:72)
]]></failure>
    <system-out><![CDATA[java.lang.ClassNotFoundException: oracle.jdbc.driver.OracleDriver
]]></system-out>
    <system-err><![CDATA[java.lang.NullPointerException
	at del.res.dao.ReceiptsDAO.getReceiptSummary(ReceiptsDAO.java:20)
	at del.res.bo.ReceiptsBO.getReceiptSummary(ReceiptsBO.java:12)
	at testng.ReceiptsTest.getReceiptSummaryTest(ReceiptsTest.java:71)
	at sun.reflect.NativeMethodAccessorImpl.invoke0(Native Method)
	at sun.reflect.NativeMethodAccessorImpl.invoke(NativeMethodAccessorImpl.java:62)
	at sun.reflect.DelegatingMethodAccessorImpl.invoke(DelegatingMethodAccessorImpl.java:43)
	at java.lang.reflect.Method.invoke(Method.java:498)
	at org.testng.internal.MethodInvocationHelper.invokeMethod(MethodInvocationHelper.java:124)
	at org.testng.internal.Invoker.invokeMethod(Invoker.java:571)
	at org.testng.internal.Invoker.invokeTestMethod(Invoker.java:707)
	at org.testng.internal.Invoker.invokeTestMethods(Invoker.java:979)
	at org.testng.internal.TestMethodWorker.invokeTestMethods(TestMethodWorker.java:125)
	at org.testng.internal.TestMethodWorker.run(TestMethodWorker.java:109)
	at org.testng.TestRunner.privateRun(TestRunner.java:648)
	at org.testng.TestRunner.run(TestRunner.java:505)
	at org.testng.SuiteRunner.runTest(SuiteRunner.java:455)
	at org.testng.SuiteRunner.runSequentially(SuiteRunner.java:450)
	at org.testng.SuiteRunner.privateRun(SuiteRunner.java:415)
	at org.testng.SuiteRunner.run(SuiteRunner.java:364)
	at org.testng.SuiteRunnerWorker.runSuite(SuiteRunnerWorker.java:52)
	at org.testng.SuiteRunnerWorker.run(SuiteRunnerWorker.java:84)
	at org.testng.TestNG.runSuitesSequentially(TestNG.java:1187)
	at org.testng.TestNG.runSuitesLocally(TestNG.java:1116)
	at org.testng.TestNG.runSuites(TestNG.java:1028)
	at org.testng.TestNG.run(TestNG.java:996)
	at org.apache.maven.surefire.testng.TestNGExecutor.run(TestNGExecutor.java:283)
	at org.apache.maven.surefire.testng.TestNGXmlTestSuite.execute(TestNGXmlTestSuite.java:75)
	at org.apache.maven.surefire.testng.TestNGProvider.invoke(TestNGProvider.java:120)
	at org.apache.maven.surefire.booter.ForkedBooter.invokeProviderInSameClassLoader(ForkedBooter.java:373)
	at org.apache.maven.surefire.booter.ForkedBooter.runSuitesInProcess(ForkedBooter.java:334)
	at org.apache.maven.surefire.booter.ForkedBooter.execute(ForkedBooter.java:119)
	at org.apache.maven.surefire.booter.ForkedBooter.main(ForkedBooter.java:407)
]]></system-err>
  </testcase>
  <testcase name="validateUserTest" classname="testng.ReceiptsTest" time="0.003">
    <failure message="&#10;Expected: &lt;true&gt;&#10;     but: was &lt;false&gt;" type="java.lang.AssertionError"><![CDATA[java.lang.AssertionError: 

Expected: <true>
     but: was <false>
	at testng.ReceiptsTest.validateUserTest(ReceiptsTest.java:100)
]]></failure>
    <system-out><![CDATA[java.lang.ClassNotFoundException: oracle.jdbc.driver.OracleDriver
]]></system-out>
    <system-err><![CDATA[java.lang.NullPointerException
	at del.res.dao.ReceiptsDAO.validateUser(ReceiptsDAO.java:49)
	at del.res.bo.ReceiptsBO.validateUser(ReceiptsBO.java:17)
	at testng.ReceiptsTest.validateUserTest(ReceiptsTest.java:99)
	at sun.reflect.NativeMethodAccessorImpl.invoke0(Native Method)
	at sun.reflect.NativeMethodAccessorImpl.invoke(NativeMethodAccessorImpl.java:62)
	at sun.reflect.DelegatingMethodAccessorImpl.invoke(DelegatingMethodAccessorImpl.java:43)
	at java.lang.reflect.Method.invoke(Method.java:498)
	at org.testng.internal.MethodInvocationHelper.invokeMethod(MethodInvocationHelper.java:124)
	at org.testng.internal.Invoker.invokeMethod(Invoker.java:571)
	at org.testng.internal.Invoker.invokeTestMethod(Invoker.java:707)
	at org.testng.internal.Invoker.invokeTestMethods(Invoker.java:979)
	at org.testng.internal.TestMethodWorker.invokeTestMethods(TestMethodWorker.java:125)
	at org.testng.internal.TestMethodWorker.run(TestMethodWorker.java:109)
	at org.testng.TestRunner.privateRun(TestRunner.java:648)
	at org.testng.TestRunner.run(TestRunner.java:505)
	at org.testng.SuiteRunner.runTest(SuiteRunner.java:455)
	at org.testng.SuiteRunner.runSequentially(SuiteRunner.java:450)
	at org.testng.SuiteRunner.privateRun(SuiteRunner.java:415)
	at org.testng.SuiteRunner.run(SuiteRunner.java:364)
	at org.testng.SuiteRunnerWorker.runSuite(SuiteRunnerWorker.java:52)
	at org.testng.SuiteRunnerWorker.run(SuiteRunnerWorker.java:84)
	at org.testng.TestNG.runSuitesSequentially(TestNG.java:1187)
	at org.testng.TestNG.runSuitesLocally(TestNG.java:1116)
	at org.testng.TestNG.runSuites(TestNG.java:1028)
	at org.testng.TestNG.run(TestNG.java:996)
	at org.apache.maven.surefire.testng.TestNGExecutor.run(TestNGExecutor.java:283)
	at org.apache.maven.surefire.testng.TestNGXmlTestSuite.execute(TestNGXmlTestSuite.java:75)
	at org.apache.maven.surefire.testng.TestNGProvider.invoke(TestNGProvider.java:120)
	at org.apache.maven.surefire.booter.ForkedBooter.invokeProviderInSameClassLoader(ForkedBooter.java:373)
	at org.apache.maven.surefire.booter.ForkedBooter.runSuitesInProcess(ForkedBooter.java:334)
	at org.apache.maven.surefire.booter.ForkedBooter.execute(ForkedBooter.java:119)
	at org.apache.maven.surefire.booter.ForkedBooter.main(ForkedBooter.java:407)
]]></system-err>
  </testcase>
  <testcase name="getItemInfoTest" classname="testng.ReviewsTest" time="0.001">
    <failure type="java.lang.NullPointerException">java.lang.NullPointerException
	at testng.ReviewsTest.getItemInfoTest(ReviewsTest.java:104)
</failure>
    <system-out><![CDATA[java.lang.ClassNotFoundException: oracle.jdbc.driver.OracleDriver
]]></system-out>
  </testcase>
  <testcase name="getPastReviewsTest" classname="testng.ReviewsTest" time="0.001">
    <failure type="java.lang.NullPointerException">java.lang.NullPointerException
	at testng.ReviewsTest.getPastReviewsTest(ReviewsTest.java:130)
</failure>
    <system-out><![CDATA[java.lang.ClassNotFoundException: oracle.jdbc.driver.OracleDriver
]]></system-out>
  </testcase>
  <testcase name="submitReviewTest" classname="testng.ReviewsTest" time="0.002">
    <failure type="java.lang.NullPointerException">java.lang.NullPointerException
	at testng.ReviewsTest.submitReviewTest(ReviewsTest.java:65)
</failure>
    <system-out><![CDATA[java.lang.ClassNotFoundException: oracle.jdbc.driver.OracleDriver
]]></system-out>
  </testcase>
  <testcase name="getAllStoresTest" classname="testng.StoresTest" time="0.018">
    <failure message="&#10;Expected: every item is an instance of del.res.models.Store&#10;     but: was null" type="java.lang.AssertionError">java.lang.AssertionError: 

Expected: every item is an instance of del.res.models.Store
     but: was null
	at testng.StoresTest.getAllStoresTest(StoresTest.java:49)
</failure>
    <system-out><![CDATA[java.lang.ClassNotFoundException: oracle.jdbc.driver.OracleDriver
]]></system-out>
    <system-err><![CDATA[java.lang.NullPointerException
	at del.res.dao.StoresDAO.getAllStores(StoresDAO.java:19)
	at del.res.bo.StoresBO.getAllStores(StoresBO.java:18)
	at testng.StoresTest.getAllStoresTest(StoresTest.java:48)
	at sun.reflect.NativeMethodAccessorImpl.invoke0(Native Method)
	at sun.reflect.NativeMethodAccessorImpl.invoke(NativeMethodAccessorImpl.java:62)
	at sun.reflect.DelegatingMethodAccessorImpl.invoke(DelegatingMethodAccessorImpl.java:43)
	at java.lang.reflect.Method.invoke(Method.java:498)
	at org.testng.internal.MethodInvocationHelper.invokeMethod(MethodInvocationHelper.java:124)
	at org.testng.internal.Invoker.invokeMethod(Invoker.java:571)
	at org.testng.internal.Invoker.invokeTestMethod(Invoker.java:707)
	at org.testng.internal.Invoker.invokeTestMethods(Invoker.java:979)
	at org.testng.internal.TestMethodWorker.invokeTestMethods(TestMethodWorker.java:125)
	at org.testng.internal.TestMethodWorker.run(TestMethodWorker.java:109)
	at org.testng.TestRunner.privateRun(TestRunner.java:648)
	at org.testng.TestRunner.run(TestRunner.java:505)
	at org.testng.SuiteRunner.runTest(SuiteRunner.java:455)
	at org.testng.SuiteRunner.runSequentially(SuiteRunner.java:450)
	at org.testng.SuiteRunner.privateRun(SuiteRunner.java:415)
	at org.testng.SuiteRunner.run(SuiteRunner.java:364)
	at org.testng.SuiteRunnerWorker.runSuite(SuiteRunnerWorker.java:52)
	at org.testng.SuiteRunnerWorker.run(SuiteRunnerWorker.java:84)
	at org.testng.TestNG.runSuitesSequentially(TestNG.java:1187)
	at org.testng.TestNG.runSuitesLocally(TestNG.java:1116)
	at org.testng.TestNG.runSuites(TestNG.java:1028)
	at org.testng.TestNG.run(TestNG.java:996)
	at org.apache.maven.surefire.testng.TestNGExecutor.run(TestNGExecutor.java:283)
	at org.apache.maven.surefire.testng.TestNGXmlTestSuite.execute(TestNGXmlTestSuite.java:75)
	at org.apache.maven.surefire.testng.TestNGProvider.invoke(TestNGProvider.java:120)
	at org.apache.maven.surefire.booter.ForkedBooter.invokeProviderInSameClassLoader(ForkedBooter.java:373)
	at org.apache.maven.surefire.booter.ForkedBooter.runSuitesInProcess(ForkedBooter.java:334)
	at org.apache.maven.surefire.booter.ForkedBooter.execute(ForkedBooter.java:119)
	at org.apache.maven.surefire.booter.ForkedBooter.main(ForkedBooter.java:407)
]]></system-err>
  </testcase>
  <testcase name="createUserTest" classname="testng.UsersTest" time="0.001">
    <failure type="java.lang.NullPointerException">java.lang.NullPointerException
	at testng.UsersTest.createUserTest(UsersTest.java:94)
</failure>
    <system-out><![CDATA[[Valid credentials; user created, mike2, mike, Mike, Mike, m, 23 Mars Place, 1234567890, mike@mike.com, 1]
[Username, too long, aaaaaaaaaaaaaaaaaaaaa, mike, Mike, Mike, m, 23 Mars Place, 1234567890, mike@mike.com, 0]
[Password too long, mike4, aaaaaaaaaaaaaaaaaaaaa, Mike, Mike, m, 23 Mars Place, 1234567890, mike@mike.com, 0]
[Firstname too long, mike5, mike, aaaaaaaaaaaaaaaaaaaaa, Mike, m, 24 Mars Place, 1234567890, mike@mike.com, 0]
[Lastname too long, mike6, mike, Mike, aaaaaaaaaaaaaaaaaaaaa, m, 25 Mars Place, 1234567890, mike@mike.com, 0]
[Gender more than 1 char, mike7, mike, Mike, Mike, mm, 26 Mars Place, 1234567890, mike@mike.com, 0]
[Address too long, mike8, mike, Mike, Mike, m, aaaaaaaaaaaaaaaaaaaaaaaaaaaaaaaaaaaaaaaaaaaaaaaaaaaaaaaaaaaaaaaaaaaaaaaaaaaaaaaaaaaaaaaaaaaaaaaaaaaaaaaaaaaaaaaaaaaaaaaaaaaaaaaaaaaaaaaaaaaaaaaaaaaaaaaaaaaaaaaaaaaaaaaaaaaaaaaaaaaaaaaaaaaaaaaaaaaaaaaaaaaaaaaaaaaaaaaaaa, 1234567890, mike@mike.com, 0]
[Phone non-numeric, mike9, mike, Mike, Mike, m, 23 Mars Place, abcdefghij, mike@mike.com, 0]
[Email too long, mike10, mike, Mike, Mike, m, 23 Mars Place, 23 Mars Place, aaaaaaaaaaaaaaaaaaaaa@aaaaaaaaaaaaaaaaaaaaa.com, 0]
java.lang.ClassNotFoundException: oracle.jdbc.driver.OracleDriver
]]></system-out>
  </testcase>
  <testcase name="createUserTest" classname="testng.UsersTest" time="0.001">
    <failure type="java.lang.NullPointerException">java.lang.NullPointerException
	at testng.UsersTest.createUserTest(UsersTest.java:94)
</failure>
    <system-out><![CDATA[java.lang.ClassNotFoundException: oracle.jdbc.driver.OracleDriver
]]></system-out>
  </testcase>
  <testcase name="createUserTest" classname="testng.UsersTest" time="0.001">
    <failure type="java.lang.NullPointerException">java.lang.NullPointerException
	at testng.UsersTest.createUserTest(UsersTest.java:94)
</failure>
    <system-out><![CDATA[java.lang.ClassNotFoundException: oracle.jdbc.driver.OracleDriver
]]></system-out>
  </testcase>
  <testcase name="createUserTest" classname="testng.UsersTest" time="0">
    <failure type="java.lang.NullPointerException">java.lang.NullPointerException
	at testng.UsersTest.createUserTest(UsersTest.java:94)
</failure>
    <system-out><![CDATA[java.lang.ClassNotFoundException: oracle.jdbc.driver.OracleDriver
]]></system-out>
  </testcase>
  <testcase name="createUserTest" classname="testng.UsersTest" time="0">
    <failure type="java.lang.NullPointerException">java.lang.NullPointerException
	at testng.UsersTest.createUserTest(UsersTest.java:94)
</failure>
    <system-out><![CDATA[java.lang.ClassNotFoundException: oracle.jdbc.driver.OracleDriver
]]></system-out>
  </testcase>
  <testcase name="createUserTest" classname="testng.UsersTest" time="0">
    <failure type="java.lang.NullPointerException">java.lang.NullPointerException
	at testng.UsersTest.createUserTest(UsersTest.java:94)
</failure>
    <system-out><![CDATA[java.lang.ClassNotFoundException: oracle.jdbc.driver.OracleDriver
]]></system-out>
  </testcase>
  <testcase name="createUserTest" classname="testng.UsersTest" time="0.001">
    <failure type="java.lang.NullPointerException">java.lang.NullPointerException
	at testng.UsersTest.createUserTest(UsersTest.java:94)
</failure>
    <system-out><![CDATA[java.lang.ClassNotFoundException: oracle.jdbc.driver.OracleDriver
]]></system-out>
  </testcase>
  <testcase name="createUserTest" classname="testng.UsersTest" time="0">
    <failure type="java.lang.NullPointerException">java.lang.NullPointerException
	at testng.UsersTest.createUserTest(UsersTest.java:94)
</failure>
    <system-out><![CDATA[java.lang.ClassNotFoundException: oracle.jdbc.driver.OracleDriver
]]></system-out>
  </testcase>
  <testcase name="createUserTest" classname="testng.UsersTest" time="0">
    <failure type="java.lang.NullPointerException">java.lang.NullPointerException
	at testng.UsersTest.createUserTest(UsersTest.java:94)
</failure>
    <system-out><![CDATA[java.lang.ClassNotFoundException: oracle.jdbc.driver.OracleDriver
]]></system-out>
  </testcase>
  <testcase name="getDetailsTest" classname="testng.UsersTest" time="0.002">
    <failure type="java.lang.AssertionError:">java.lang.AssertionError: null
	at testng.UsersTest.getDetailsTest(UsersTest.java:154)
</failure>
    <system-out><![CDATA[[Valid ID, 3, mike]
[Invalid ID, 4000, null]
[ID contains non-numeric chars, abc, null]
java.lang.ClassNotFoundException: oracle.jdbc.driver.OracleDriver
]]></system-out>
    <system-err><![CDATA[java.lang.NullPointerException
	at del.res.dao.UsersDAO.getDetails(UsersDAO.java:97)
	at del.res.bo.UsersBO.getDetails(UsersBO.java:37)
	at testng.UsersTest.getDetailsTest(UsersTest.java:147)
	at sun.reflect.NativeMethodAccessorImpl.invoke0(Native Method)
	at sun.reflect.NativeMethodAccessorImpl.invoke(NativeMethodAccessorImpl.java:62)
	at sun.reflect.DelegatingMethodAccessorImpl.invoke(DelegatingMethodAccessorImpl.java:43)
	at java.lang.reflect.Method.invoke(Method.java:498)
	at org.testng.internal.MethodInvocationHelper.invokeMethod(MethodInvocationHelper.java:124)
	at org.testng.internal.Invoker.invokeMethod(Invoker.java:571)
	at org.testng.internal.Invoker.invokeTestMethod(Invoker.java:707)
	at org.testng.internal.Invoker.invokeTestMethods(Invoker.java:979)
	at org.testng.internal.TestMethodWorker.invokeTestMethods(TestMethodWorker.java:125)
	at org.testng.internal.TestMethodWorker.run(TestMethodWorker.java:109)
	at org.testng.TestRunner.privateRun(TestRunner.java:648)
	at org.testng.TestRunner.run(TestRunner.java:505)
	at org.testng.SuiteRunner.runTest(SuiteRunner.java:455)
	at org.testng.SuiteRunner.runSequentially(SuiteRunner.java:450)
	at org.testng.SuiteRunner.privateRun(SuiteRunner.java:415)
	at org.testng.SuiteRunner.run(SuiteRunner.java:364)
	at org.testng.SuiteRunnerWorker.runSuite(SuiteRunnerWorker.java:52)
	at org.testng.SuiteRunnerWorker.run(SuiteRunnerWorker.java:84)
	at org.testng.TestNG.runSuitesSequentially(TestNG.java:1187)
	at org.testng.TestNG.runSuitesLocally(TestNG.java:1116)
	at org.testng.TestNG.runSuites(TestNG.java:1028)
	at org.testng.TestNG.run(TestNG.java:996)
	at org.apache.maven.surefire.testng.TestNGExecutor.run(TestNGExecutor.java:283)
	at org.apache.maven.surefire.testng.TestNGXmlTestSuite.execute(TestNGXmlTestSuite.java:75)
	at org.apache.maven.surefire.testng.TestNGProvider.invoke(TestNGProvider.java:120)
	at org.apache.maven.surefire.booter.ForkedBooter.invokeProviderInSameClassLoader(ForkedBooter.java:373)
	at org.apache.maven.surefire.booter.ForkedBooter.runSuitesInProcess(ForkedBooter.java:334)
	at org.apache.maven.surefire.booter.ForkedBooter.execute(ForkedBooter.java:119)
	at org.apache.maven.surefire.booter.ForkedBooter.main(ForkedBooter.java:407)
]]></system-err>
  </testcase>
  <testcase name="getDetailsTest" classname="testng.UsersTest" time="0.001"/>
  <testcase name="getDetailsTest" classname="testng.UsersTest" time="0"/>
  <testcase name="loginQueryTest" classname="testng.UsersTest" time="0.004">
    <failure message="&#10;Expected: &quot;3&quot;&#10;     but: was null" type="java.lang.AssertionError">java.lang.AssertionError: 

Expected: "3"
     but: was null
	at testng.UsersTest.loginQueryTest(UsersTest.java:123)
</failure>
    <system-out><![CDATA[[Valid Normal Login Creds, mike, mike, 3]
[Invalid username, abcd1234, mike, null]
[Invalid password, mike, abcd1234, null]
[Invalid username (too long), abcdefghijklmnopqrstuvwxyz, mike, null]
[Invalid password (too long), mike, abcdefghijklmnopqrstuvwxyz, null]
java.lang.ClassNotFoundException: oracle.jdbc.driver.OracleDriver
]]></system-out>
    <system-err><![CDATA[java.lang.NullPointerException
	at del.res.dao.UsersDAO.loginQuery(UsersDAO.java:70)
	at del.res.bo.UsersBO.loginQuery(UsersBO.java:29)
	at testng.UsersTest.loginQueryTest(UsersTest.java:121)
	at sun.reflect.NativeMethodAccessorImpl.invoke0(Native Method)
	at sun.reflect.NativeMethodAccessorImpl.invoke(NativeMethodAccessorImpl.java:62)
	at sun.reflect.DelegatingMethodAccessorImpl.invoke(DelegatingMethodAccessorImpl.java:43)
	at java.lang.reflect.Method.invoke(Method.java:498)
	at org.testng.internal.MethodInvocationHelper.invokeMethod(MethodInvocationHelper.java:124)
	at org.testng.internal.Invoker.invokeMethod(Invoker.java:571)
	at org.testng.internal.Invoker.invokeTestMethod(Invoker.java:707)
	at org.testng.internal.Invoker.invokeTestMethods(Invoker.java:979)
	at org.testng.internal.TestMethodWorker.invokeTestMethods(TestMethodWorker.java:125)
	at org.testng.internal.TestMethodWorker.run(TestMethodWorker.java:109)
	at org.testng.TestRunner.privateRun(TestRunner.java:648)
	at org.testng.TestRunner.run(TestRunner.java:505)
	at org.testng.SuiteRunner.runTest(SuiteRunner.java:455)
	at org.testng.SuiteRunner.runSequentially(SuiteRunner.java:450)
	at org.testng.SuiteRunner.privateRun(SuiteRunner.java:415)
	at org.testng.SuiteRunner.run(SuiteRunner.java:364)
	at org.testng.SuiteRunnerWorker.runSuite(SuiteRunnerWorker.java:52)
	at org.testng.SuiteRunnerWorker.run(SuiteRunnerWorker.java:84)
	at org.testng.TestNG.runSuitesSequentially(TestNG.java:1187)
	at org.testng.TestNG.runSuitesLocally(TestNG.java:1116)
	at org.testng.TestNG.runSuites(TestNG.java:1028)
	at org.testng.TestNG.run(TestNG.java:996)
	at org.apache.maven.surefire.testng.TestNGExecutor.run(TestNGExecutor.java:283)
	at org.apache.maven.surefire.testng.TestNGXmlTestSuite.execute(TestNGXmlTestSuite.java:75)
	at org.apache.maven.surefire.testng.TestNGProvider.invoke(TestNGProvider.java:120)
	at org.apache.maven.surefire.booter.ForkedBooter.invokeProviderInSameClassLoader(ForkedBooter.java:373)
	at org.apache.maven.surefire.booter.ForkedBooter.runSuitesInProcess(ForkedBooter.java:334)
	at org.apache.maven.surefire.booter.ForkedBooter.execute(ForkedBooter.java:119)
	at org.apache.maven.surefire.booter.ForkedBooter.main(ForkedBooter.java:407)
]]></system-err>
  </testcase>
  <testcase name="loginQueryTest" classname="testng.UsersTest" time="0"/>
  <testcase name="loginQueryTest" classname="testng.UsersTest" time="0.001"/>
  <testcase name="loginQueryTest" classname="testng.UsersTest" time="0.001"/>
  <testcase name="loginQueryTest" classname="testng.UsersTest" time="0.001"/>
  <testcase name="registerQueryTest" classname="testng.UsersTest" time="0">
    <failure type="java.lang.NullPointerException">java.lang.NullPointerException
	at testng.UsersTest.registerQueryTest(UsersTest.java:62)
</failure>
    <system-out><![CDATA[[Username Exists, mike, true]
[Username Doesn't Exist, mike9001, false]
[Username Too Long, aaaaaaaaaaaaaaaaaaaaa, false]
java.lang.ClassNotFoundException: oracle.jdbc.driver.OracleDriver
]]></system-out>
  </testcase>
  <testcase name="registerQueryTest" classname="testng.UsersTest" time="0.001">
    <failure type="java.lang.NullPointerException">java.lang.NullPointerException
	at testng.UsersTest.registerQueryTest(UsersTest.java:62)
</failure>
    <system-out><![CDATA[java.lang.ClassNotFoundException: oracle.jdbc.driver.OracleDriver
]]></system-out>
  </testcase>
  <testcase name="registerQueryTest" classname="testng.UsersTest" time="0.001">
    <failure type="java.lang.NullPointerException">java.lang.NullPointerException
	at testng.UsersTest.registerQueryTest(UsersTest.java:62)
</failure>
    <system-out><![CDATA[java.lang.ClassNotFoundException: oracle.jdbc.driver.OracleDriver
]]></system-out>
  </testcase>
  <testcase name="updateUserTest" classname="testng.UsersTest" time="0.002">
    <failure type="java.lang.AssertionError:">java.lang.AssertionError: null
	at testng.UsersTest.updateUserTest(UsersTest.java:207)
</failure>
    <system-out><![CDATA[[Valid credentials; user updated, test, Mike, Mike, 23 Mars Place, 1234567890, mike@mike.com, 2, 1]
[Password too long, aaaaaaaaaaaaaaaaaaaaa, Mike, Mike, 23 Mars Place, 1234567890, mike@mike.com, 2, 0]
[Firstname too long, test, aaaaaaaaaaaaaaaaaaaaa, Mike, 23 Mars Place, 1234567890, mike@mike.com, 2, 0]
[Lastname too long, test, Mike, aaaaaaaaaaaaaaaaaaaaa, 23 Mars Place, 1234567890, mike@mike.com, 2, 0]
[Address too long, test, Mike, Mike, aaaaaaaaaaaaaaaaaaaaaaaaaaaaaaaaaaaaaaaaaaaaaaaaaaaaaaaaaaaaaaaaaaaaaaaaaaaaaaaaaaaaaaaaaaaaaaaaaaaaaaaaaaaaaaaaaaaaaaaaaaaaaaaaaaaaaaaaaaaaaaaaaaaaaaaaaaaaaaaaaaaaaaaaaaaaaaaaaaaaaaaaaaaaaaaaaaaaaaaaaaaaaaaaaaaaaaaaaa, 1234567890, mike@mike.com, 2, 0]
[Phone non-numeric, test, Mike, Mike, 23 Mars Place, abcdefghij, mike@mike.com, 2, 0]
[Email too long, test, Mike, Mike, 23 Mars Place, 23 Mars Place, aaaaaaaaaaaaaaaaaaaaa@aaaaaaaaaaaaaaaaaaaaa.com, 2, 0]
java.lang.ClassNotFoundException: oracle.jdbc.driver.OracleDriver
]]></system-out>
    <system-err><![CDATA[java.lang.NullPointerException
	at del.res.dao.UsersDAO.getDetails(UsersDAO.java:97)
	at del.res.bo.UsersBO.getDetails(UsersBO.java:37)
	at testng.UsersTest.updateUserTest(UsersTest.java:187)
	at sun.reflect.NativeMethodAccessorImpl.invoke0(Native Method)
	at sun.reflect.NativeMethodAccessorImpl.invoke(NativeMethodAccessorImpl.java:62)
	at sun.reflect.DelegatingMethodAccessorImpl.invoke(DelegatingMethodAccessorImpl.java:43)
	at java.lang.reflect.Method.invoke(Method.java:498)
	at org.testng.internal.MethodInvocationHelper.invokeMethod(MethodInvocationHelper.java:124)
	at org.testng.internal.Invoker.invokeMethod(Invoker.java:571)
	at org.testng.internal.Invoker.invokeTestMethod(Invoker.java:707)
	at org.testng.internal.Invoker.invokeTestMethods(Invoker.java:979)
	at org.testng.internal.TestMethodWorker.invokeTestMethods(TestMethodWorker.java:125)
	at org.testng.internal.TestMethodWorker.run(TestMethodWorker.java:109)
	at org.testng.TestRunner.privateRun(TestRunner.java:648)
	at org.testng.TestRunner.run(TestRunner.java:505)
	at org.testng.SuiteRunner.runTest(SuiteRunner.java:455)
	at org.testng.SuiteRunner.runSequentially(SuiteRunner.java:450)
	at org.testng.SuiteRunner.privateRun(SuiteRunner.java:415)
	at org.testng.SuiteRunner.run(SuiteRunner.java:364)
	at org.testng.SuiteRunnerWorker.runSuite(SuiteRunnerWorker.java:52)
	at org.testng.SuiteRunnerWorker.run(SuiteRunnerWorker.java:84)
	at org.testng.TestNG.runSuitesSequentially(TestNG.java:1187)
	at org.testng.TestNG.runSuitesLocally(TestNG.java:1116)
	at org.testng.TestNG.runSuites(TestNG.java:1028)
	at org.testng.TestNG.run(TestNG.java:996)
	at org.apache.maven.surefire.testng.TestNGExecutor.run(TestNGExecutor.java:283)
	at org.apache.maven.surefire.testng.TestNGXmlTestSuite.execute(TestNGXmlTestSuite.java:75)
	at org.apache.maven.surefire.testng.TestNGProvider.invoke(TestNGProvider.java:120)
	at org.apache.maven.surefire.booter.ForkedBooter.invokeProviderInSameClassLoader(ForkedBooter.java:373)
	at org.apache.maven.surefire.booter.ForkedBooter.runSuitesInProcess(ForkedBooter.java:334)
	at org.apache.maven.surefire.booter.ForkedBooter.execute(ForkedBooter.java:119)
	at org.apache.maven.surefire.booter.ForkedBooter.main(ForkedBooter.java:407)
]]></system-err>
  </testcase>
  <testcase name="updateUserTest" classname="testng.UsersTest" time="0"/>
  <testcase name="updateUserTest" classname="testng.UsersTest" time="0"/>
  <testcase name="updateUserTest" classname="testng.UsersTest" time="0"/>
  <testcase name="updateUserTest" classname="testng.UsersTest" time="0"/>
  <testcase name="updateUserTest" classname="testng.UsersTest" time="0"/>
  <testcase name="updateUserTest" classname="testng.UsersTest" time="0"/>
  <testcase name="addItemTest" classname="testng.ItemsTest" time="0.001">
    <failure type="java.lang.AssertionError:">java.lang.AssertionError: null
	at testng.ItemsTest.addItemTest(ItemsTest.java:277)
</failure>
    <system-out><![CDATA[java.lang.ClassNotFoundException: oracle.jdbc.driver.OracleDriver
]]></system-out>
  </testcase>
  <testcase name="addItemTest" classname="testng.ItemsTest" time="0"/>
  <testcase name="addItemTest" classname="testng.ItemsTest" time="0.001"/>
  <testcase name="getAllItemsTest" classname="testng.ItemsTest" time="0.001">
    <failure message="&#10;Expected: every item is an instance of del.res.models.Item&#10;     but: was null" type="java.lang.AssertionError">java.lang.AssertionError: 

Expected: every item is an instance of del.res.models.Item
     but: was null
	at testng.ItemsTest.getAllItemsTest(ItemsTest.java:166)
</failure>
    <system-out><![CDATA[java.lang.ClassNotFoundException: oracle.jdbc.driver.OracleDriver
]]></system-out>
    <system-err><![CDATA[java.lang.NullPointerException
	at del.res.dao.ItemsDAO.getAllItems(ItemsDAO.java:137)
	at del.res.bo.ItemsBO.getAllItems(ItemsBO.java:53)
	at testng.ItemsTest.getAllItemsTest(ItemsTest.java:165)
	at sun.reflect.NativeMethodAccessorImpl.invoke0(Native Method)
	at sun.reflect.NativeMethodAccessorImpl.invoke(NativeMethodAccessorImpl.java:62)
	at sun.reflect.DelegatingMethodAccessorImpl.invoke(DelegatingMethodAccessorImpl.java:43)
	at java.lang.reflect.Method.invoke(Method.java:498)
	at org.testng.internal.MethodInvocationHelper.invokeMethod(MethodInvocationHelper.java:124)
	at org.testng.internal.Invoker.invokeMethod(Invoker.java:571)
	at org.testng.internal.Invoker.invokeTestMethod(Invoker.java:707)
	at org.testng.internal.Invoker.invokeTestMethods(Invoker.java:979)
	at org.testng.internal.TestMethodWorker.invokeTestMethods(TestMethodWorker.java:125)
	at org.testng.internal.TestMethodWorker.run(TestMethodWorker.java:109)
	at org.testng.TestRunner.privateRun(TestRunner.java:648)
	at org.testng.TestRunner.run(TestRunner.java:505)
	at org.testng.SuiteRunner.runTest(SuiteRunner.java:455)
	at org.testng.SuiteRunner.runSequentially(SuiteRunner.java:450)
	at org.testng.SuiteRunner.privateRun(SuiteRunner.java:415)
	at org.testng.SuiteRunner.run(SuiteRunner.java:364)
	at org.testng.SuiteRunnerWorker.runSuite(SuiteRunnerWorker.java:52)
	at org.testng.SuiteRunnerWorker.run(SuiteRunnerWorker.java:84)
	at org.testng.TestNG.runSuitesSequentially(TestNG.java:1187)
	at org.testng.TestNG.runSuitesLocally(TestNG.java:1116)
	at org.testng.TestNG.runSuites(TestNG.java:1028)
	at org.testng.TestNG.run(TestNG.java:996)
	at org.apache.maven.surefire.testng.TestNGExecutor.run(TestNGExecutor.java:283)
	at org.apache.maven.surefire.testng.TestNGXmlTestSuite.execute(TestNGXmlTestSuite.java:75)
	at org.apache.maven.surefire.testng.TestNGProvider.invoke(TestNGProvider.java:120)
	at org.apache.maven.surefire.booter.ForkedBooter.invokeProviderInSameClassLoader(ForkedBooter.java:373)
	at org.apache.maven.surefire.booter.ForkedBooter.runSuitesInProcess(ForkedBooter.java:334)
	at org.apache.maven.surefire.booter.ForkedBooter.execute(ForkedBooter.java:119)
	at org.apache.maven.surefire.booter.ForkedBooter.main(ForkedBooter.java:407)
]]></system-err>
  </testcase>
  <testcase name="updateItemTest" classname="testng.ItemsTest" time="0">
    <failure type="java.lang.NullPointerException">java.lang.NullPointerException
	at testng.ItemsTest.updateItemTest(ItemsTest.java:202)
</failure>
    <system-out><![CDATA[java.lang.ClassNotFoundException: oracle.jdbc.driver.OracleDriver
]]></system-out>
  </testcase>
  <testcase name="updateItemTest" classname="testng.ItemsTest" time="0.001">
    <failure type="java.lang.NullPointerException">java.lang.NullPointerException
	at testng.ItemsTest.updateItemTest(ItemsTest.java:202)
</failure>
    <system-out><![CDATA[java.lang.ClassNotFoundException: oracle.jdbc.driver.OracleDriver
]]></system-out>
  </testcase>
  <testcase name="updateItemTest" classname="testng.ItemsTest" time="0">
    <failure type="java.lang.NullPointerException">java.lang.NullPointerException
	at testng.ItemsTest.updateItemTest(ItemsTest.java:202)
</failure>
    <system-out><![CDATA[java.lang.ClassNotFoundException: oracle.jdbc.driver.OracleDriver
]]></system-out>
  </testcase>
  <testcase name="getReviewsByUserTest" classname="testng.ReviewsTest" time="0">
    <failure type="java.lang.NullPointerException">java.lang.NullPointerException
	at testng.ReviewsTest.getReviewsByUserTest(ReviewsTest.java:163)
</failure>
    <system-out><![CDATA[java.lang.ClassNotFoundException: oracle.jdbc.driver.OracleDriver
]]></system-out>
  </testcase>
  <testcase name="getAllOrdersTest" classname="testng.OrdersTest" time="0">
    <failure type="java.lang.NullPointerException">java.lang.NullPointerException
	at testng.OrdersTest.getAllOrdersTest(OrdersTest.java:171)
</failure>
    <system-out><![CDATA[java.lang.ClassNotFoundException: oracle.jdbc.driver.OracleDriver
]]></system-out>
  </testcase>
  <testcase name="createStoreTest" classname="testng.StoresTest" time="0">
    <failure type="java.lang.NullPointerException">java.lang.NullPointerException
	at testng.StoresTest.createStoreTest(StoresTest.java:124)
</failure>
    <system-out><![CDATA[java.lang.ClassNotFoundException: oracle.jdbc.driver.OracleDriver
]]></system-out>
  </testcase>
  <testcase name="updateStoreTest" classname="testng.StoresTest" time="0">
    <failure type="java.lang.NullPointerException">java.lang.NullPointerException
	at testng.StoresTest.updateStoreTest(StoresTest.java:86)
</failure>
    <system-out><![CDATA[java.lang.ClassNotFoundException: oracle.jdbc.driver.OracleDriver
]]></system-out>
  </testcase>
</testsuite>