<?xml version="1.0" encoding="UTF-8"?>
<!-- Generated by org.testng.reporters.JUnitXMLReporter -->
<testsuite hostname="DESKTOP-DH4500R" ignored="0" name="UsersTest" tests="398" failures="0" timestamp="21 Dec 2017 19:06:59 GMT" time="3.483" errors="0">
  <testcase name="loginQueryTest[CASEregisterQuery | Method: Username Exists | Expected: TRUE | Params: mike,,,,,,,,] on loginQueryTest[CASEregisterQuery | Method: Username Exists | Expected: TRUE | Params: mike,,,,,,,,](junit.UsersTest)" time="0.026" classname="junit.UsersTest">
    <skipped/>
  </testcase> <!-- loginQueryTest[CASEregisterQuery | Method: Username Exists | Expected: TRUE | Params: mike,,,,,,,,] on loginQueryTest[CASEregisterQuery | Method: Username Exists | Expected: TRUE | Params: mike,,,,,,,,](junit.UsersTest) -->
  <testcase name="registerQueryTest[CASEregisterQuery | Method: Username Exists | Expected: TRUE | Params: mike,,,,,,,,] on registerQueryTest[CASEregisterQuery | Method: Username Exists | Expected: TRUE | Params: mike,,,,,,,,](junit.UsersTest)" time="0.529" classname="junit.UsersTest"/>
  <testcase name="updateUserTest[CASEregisterQuery | Method: Username Exists | Expected: TRUE | Params: mike,,,,,,,,] on updateUserTest[CASEregisterQuery | Method: Username Exists | Expected: TRUE | Params: mike,,,,,,,,](junit.UsersTest)" time="0.531" classname="junit.UsersTest">
    <skipped/>
  </testcase> <!-- updateUserTest[CASEregisterQuery | Method: Username Exists | Expected: TRUE | Params: mike,,,,,,,,] on updateUserTest[CASEregisterQuery | Method: Username Exists | Expected: TRUE | Params: mike,,,,,,,,](junit.UsersTest) -->
  <testcase name="createUserTest[CASEregisterQuery | Method: Username Exists | Expected: TRUE | Params: mike,,,,,,,,] on createUserTest[CASEregisterQuery | Method: Username Exists | Expected: TRUE | Params: mike,,,,,,,,](junit.UsersTest)" time="0.535" classname="junit.UsersTest">
    <skipped/>
  </testcase> <!-- createUserTest[CASEregisterQuery | Method: Username Exists | Expected: TRUE | Params: mike,,,,,,,,] on createUserTest[CASEregisterQuery | Method: Username Exists | Expected: TRUE | Params: mike,,,,,,,,](junit.UsersTest) -->
  <testcase name="getDetailsTest[CASEregisterQuery | Method: Username Exists | Expected: TRUE | Params: mike,,,,,,,,] on getDetailsTest[CASEregisterQuery | Method: Username Exists | Expected: TRUE | Params: mike,,,,,,,,](junit.UsersTest)" time="0.537" classname="junit.UsersTest">
    <skipped/>
  </testcase> <!-- getDetailsTest[CASEregisterQuery | Method: Username Exists | Expected: TRUE | Params: mike,,,,,,,,] on getDetailsTest[CASEregisterQuery | Method: Username Exists | Expected: TRUE | Params: mike,,,,,,,,](junit.UsersTest) -->
  <testcase name="invalid[CASEregisterQuery | Method: Username Exists | Expected: TRUE | Params: mike,,,,,,,,] on invalid[CASEregisterQuery | Method: Username Exists | Expected: TRUE | Params: mike,,,,,,,,](junit.UsersTest)" time="0.539" classname="junit.UsersTest">
    <skipped/>
  </testcase> <!-- invalid[CASEregisterQuery | Method: Username Exists | Expected: TRUE | Params: mike,,,,,,,,] on invalid[CASEregisterQuery | Method: Username Exists | Expected: TRUE | Params: mike,,,,,,,,](junit.UsersTest) -->
  <testcase name="loginQueryTest[CASEregisterQuery | Method: Username Doesn&#039;t Exist | Expected: FALSE | Params: mike9001,,,,,,,,] on loginQueryTest[CASEregisterQuery | Method: Username Doesn&#039;t Exist | Expected: FALSE | Params: mike9001,,,,,,,,](junit.UsersTest)" time="0.541" classname="junit.UsersTest">
    <skipped/>
  </testcase> <!-- loginQueryTest[CASEregisterQuery | Method: Username Doesn't Exist | Expected: FALSE | Params: mike9001,,,,,,,,] on loginQueryTest[CASEregisterQuery | Method: Username Doesn't Exist | Expected: FALSE | Params: mike9001,,,,,,,,](junit.UsersTest) -->
  <testcase name="registerQueryTest[CASEregisterQuery | Method: Username Doesn&#039;t Exist | Expected: FALSE | Params: mike9001,,,,,,,,] on registerQueryTest[CASEregisterQuery | Method: Username Doesn&#039;t Exist | Expected: FALSE | Params: mike9001,,,,,,,,](junit.UsersTest)" time="0.567" classname="junit.UsersTest"/>
  <testcase name="updateUserTest[CASEregisterQuery | Method: Username Doesn&#039;t Exist | Expected: FALSE | Params: mike9001,,,,,,,,] on updateUserTest[CASEregisterQuery | Method: Username Doesn&#039;t Exist | Expected: FALSE | Params: mike9001,,,,,,,,](junit.UsersTest)" time="0.568" classname="junit.UsersTest">
    <skipped/>
  </testcase> <!-- updateUserTest[CASEregisterQuery | Method: Username Doesn't Exist | Expected: FALSE | Params: mike9001,,,,,,,,] on updateUserTest[CASEregisterQuery | Method: Username Doesn't Exist | Expected: FALSE | Params: mike9001,,,,,,,,](junit.UsersTest) -->
  <testcase name="createUserTest[CASEregisterQuery | Method: Username Doesn&#039;t Exist | Expected: FALSE | Params: mike9001,,,,,,,,] on createUserTest[CASEregisterQuery | Method: Username Doesn&#039;t Exist | Expected: FALSE | Params: mike9001,,,,,,,,](junit.UsersTest)" time="0.57" classname="junit.UsersTest">
    <skipped/>
  </testcase> <!-- createUserTest[CASEregisterQuery | Method: Username Doesn't Exist | Expected: FALSE | Params: mike9001,,,,,,,,] on createUserTest[CASEregisterQuery | Method: Username Doesn't Exist | Expected: FALSE | Params: mike9001,,,,,,,,](junit.UsersTest) -->
  <testcase name="getDetailsTest[CASEregisterQuery | Method: Username Doesn&#039;t Exist | Expected: FALSE | Params: mike9001,,,,,,,,] on getDetailsTest[CASEregisterQuery | Method: Username Doesn&#039;t Exist | Expected: FALSE | Params: mike9001,,,,,,,,](junit.UsersTest)" time="0.573" classname="junit.UsersTest">
    <skipped/>
  </testcase> <!-- getDetailsTest[CASEregisterQuery | Method: Username Doesn't Exist | Expected: FALSE | Params: mike9001,,,,,,,,] on getDetailsTest[CASEregisterQuery | Method: Username Doesn't Exist | Expected: FALSE | Params: mike9001,,,,,,,,](junit.UsersTest) -->
  <testcase name="invalid[CASEregisterQuery | Method: Username Doesn&#039;t Exist | Expected: FALSE | Params: mike9001,,,,,,,,] on invalid[CASEregisterQuery | Method: Username Doesn&#039;t Exist | Expected: FALSE | Params: mike9001,,,,,,,,](junit.UsersTest)" time="0.574" classname="junit.UsersTest">
    <skipped/>
  </testcase> <!-- invalid[CASEregisterQuery | Method: Username Doesn't Exist | Expected: FALSE | Params: mike9001,,,,,,,,] on invalid[CASEregisterQuery | Method: Username Doesn't Exist | Expected: FALSE | Params: mike9001,,,,,,,,](junit.UsersTest) -->
  <testcase name="loginQueryTest[CASEregisterQuery | Method: Username Too Long | Expected: FALSE | Params: aaaaaaaaaaaaaaaaaaaaa,,,,,,,,] on loginQueryTest[CASEregisterQuery | Method: Username Too Long | Expected: FALSE | Params: aaaaaaaaaaaaaaaaaaaaa,,,,,,,,](junit.UsersTest)" time="0.575" classname="junit.UsersTest">
    <skipped/>
  </testcase> <!-- loginQueryTest[CASEregisterQuery | Method: Username Too Long | Expected: FALSE | Params: aaaaaaaaaaaaaaaaaaaaa,,,,,,,,] on loginQueryTest[CASEregisterQuery | Method: Username Too Long | Expected: FALSE | Params: aaaaaaaaaaaaaaaaaaaaa,,,,,,,,](junit.UsersTest) -->
  <testcase name="registerQueryTest[CASEregisterQuery | Method: Username Too Long | Expected: FALSE | Params: aaaaaaaaaaaaaaaaaaaaa,,,,,,,,] on registerQueryTest[CASEregisterQuery | Method: Username Too Long | Expected: FALSE | Params: aaaaaaaaaaaaaaaaaaaaa,,,,,,,,](junit.UsersTest)" time="0.602" classname="junit.UsersTest"/>
  <testcase name="updateUserTest[CASEregisterQuery | Method: Username Too Long | Expected: FALSE | Params: aaaaaaaaaaaaaaaaaaaaa,,,,,,,,] on updateUserTest[CASEregisterQuery | Method: Username Too Long | Expected: FALSE | Params: aaaaaaaaaaaaaaaaaaaaa,,,,,,,,](junit.UsersTest)" time="0.603" classname="junit.UsersTest">
    <skipped/>
  </testcase> <!-- updateUserTest[CASEregisterQuery | Method: Username Too Long | Expected: FALSE | Params: aaaaaaaaaaaaaaaaaaaaa,,,,,,,,] on updateUserTest[CASEregisterQuery | Method: Username Too Long | Expected: FALSE | Params: aaaaaaaaaaaaaaaaaaaaa,,,,,,,,](junit.UsersTest) -->
  <testcase name="createUserTest[CASEregisterQuery | Method: Username Too Long | Expected: FALSE | Params: aaaaaaaaaaaaaaaaaaaaa,,,,,,,,] on createUserTest[CASEregisterQuery | Method: Username Too Long | Expected: FALSE | Params: aaaaaaaaaaaaaaaaaaaaa,,,,,,,,](junit.UsersTest)" time="0.608" classname="junit.UsersTest">
    <skipped/>
  </testcase> <!-- createUserTest[CASEregisterQuery | Method: Username Too Long | Expected: FALSE | Params: aaaaaaaaaaaaaaaaaaaaa,,,,,,,,] on createUserTest[CASEregisterQuery | Method: Username Too Long | Expected: FALSE | Params: aaaaaaaaaaaaaaaaaaaaa,,,,,,,,](junit.UsersTest) -->
  <testcase name="getDetailsTest[CASEregisterQuery | Method: Username Too Long | Expected: FALSE | Params: aaaaaaaaaaaaaaaaaaaaa,,,,,,,,] on getDetailsTest[CASEregisterQuery | Method: Username Too Long | Expected: FALSE | Params: aaaaaaaaaaaaaaaaaaaaa,,,,,,,,](junit.UsersTest)" time="0.609" classname="junit.UsersTest">
    <skipped/>
  </testcase> <!-- getDetailsTest[CASEregisterQuery | Method: Username Too Long | Expected: FALSE | Params: aaaaaaaaaaaaaaaaaaaaa,,,,,,,,] on getDetailsTest[CASEregisterQuery | Method: Username Too Long | Expected: FALSE | Params: aaaaaaaaaaaaaaaaaaaaa,,,,,,,,](junit.UsersTest) -->
  <testcase name="invalid[CASEregisterQuery | Method: Username Too Long | Expected: FALSE | Params: aaaaaaaaaaaaaaaaaaaaa,,,,,,,,] on invalid[CASEregisterQuery | Method: Username Too Long | Expected: FALSE | Params: aaaaaaaaaaaaaaaaaaaaa,,,,,,,,](junit.UsersTest)" time="0.609" classname="junit.UsersTest">
    <skipped/>
  </testcase> <!-- invalid[CASEregisterQuery | Method: Username Too Long | Expected: FALSE | Params: aaaaaaaaaaaaaaaaaaaaa,,,,,,,,] on invalid[CASEregisterQuery | Method: Username Too Long | Expected: FALSE | Params: aaaaaaaaaaaaaaaaaaaaa,,,,,,,,](junit.UsersTest) -->
  <testcase name="loginQueryTest[CASEcreateUser | Method: Valid credentials; user created | Expected: 1 | Params: mike2,mike,Mike,Mike,m,23 Mars Place,1234567890,mike@mike.com,] on loginQueryTest[CASEcreateUser | Method: Valid credentials; user created | Expected: 1 | Params: mike2,mike,Mike,Mike,m,23 Mars Place,1234567890,mike@mike.com,](junit.UsersTest)" time="0.61" classname="junit.UsersTest">
    <skipped/>
  </testcase> <!-- loginQueryTest[CASEcreateUser | Method: Valid credentials; user created | Expected: 1 | Params: mike2,mike,Mike,Mike,m,23 Mars Place,1234567890,mike@mike.com,] on loginQueryTest[CASEcreateUser | Method: Valid credentials; user created | Expected: 1 | Params: mike2,mike,Mike,Mike,m,23 Mars Place,1234567890,mike@mike.com,](junit.UsersTest) -->
  <testcase name="registerQueryTest[CASEcreateUser | Method: Valid credentials; user created | Expected: 1 | Params: mike2,mike,Mike,Mike,m,23 Mars Place,1234567890,mike@mike.com,] on registerQueryTest[CASEcreateUser | Method: Valid credentials; user created | Expected: 1 | Params: mike2,mike,Mike,Mike,m,23 Mars Place,1234567890,mike@mike.com,](junit.UsersTest)" time="0.612" classname="junit.UsersTest">
    <skipped/>
  </testcase> <!-- registerQueryTest[CASEcreateUser | Method: Valid credentials; user created | Expected: 1 | Params: mike2,mike,Mike,Mike,m,23 Mars Place,1234567890,mike@mike.com,] on registerQueryTest[CASEcreateUser | Method: Valid credentials; user created | Expected: 1 | Params: mike2,mike,Mike,Mike,m,23 Mars Place,1234567890,mike@mike.com,](junit.UsersTest) -->
  <testcase name="updateUserTest[CASEcreateUser | Method: Valid credentials; user created | Expected: 1 | Params: mike2,mike,Mike,Mike,m,23 Mars Place,1234567890,mike@mike.com,] on updateUserTest[CASEcreateUser | Method: Valid credentials; user created | Expected: 1 | Params: mike2,mike,Mike,Mike,m,23 Mars Place,1234567890,mike@mike.com,](junit.UsersTest)" time="0.612" classname="junit.UsersTest">
    <skipped/>
  </testcase> <!-- updateUserTest[CASEcreateUser | Method: Valid credentials; user created | Expected: 1 | Params: mike2,mike,Mike,Mike,m,23 Mars Place,1234567890,mike@mike.com,] on updateUserTest[CASEcreateUser | Method: Valid credentials; user created | Expected: 1 | Params: mike2,mike,Mike,Mike,m,23 Mars Place,1234567890,mike@mike.com,](junit.UsersTest) -->
  <testcase name="createUserTest[CASEcreateUser | Method: Valid credentials; user created | Expected: 1 | Params: mike2,mike,Mike,Mike,m,23 Mars Place,1234567890,mike@mike.com,] on createUserTest[CASEcreateUser | Method: Valid credentials; user created | Expected: 1 | Params: mike2,mike,Mike,Mike,m,23 Mars Place,1234567890,mike@mike.com,](junit.UsersTest)" time="0.64" classname="junit.UsersTest"/>
  <testcase name="getDetailsTest[CASEcreateUser | Method: Valid credentials; user created | Expected: 1 | Params: mike2,mike,Mike,Mike,m,23 Mars Place,1234567890,mike@mike.com,] on getDetailsTest[CASEcreateUser | Method: Valid credentials; user created | Expected: 1 | Params: mike2,mike,Mike,Mike,m,23 Mars Place,1234567890,mike@mike.com,](junit.UsersTest)" time="0.641" classname="junit.UsersTest">
    <skipped/>
  </testcase> <!-- getDetailsTest[CASEcreateUser | Method: Valid credentials; user created | Expected: 1 | Params: mike2,mike,Mike,Mike,m,23 Mars Place,1234567890,mike@mike.com,] on getDetailsTest[CASEcreateUser | Method: Valid credentials; user created | Expected: 1 | Params: mike2,mike,Mike,Mike,m,23 Mars Place,1234567890,mike@mike.com,](junit.UsersTest) -->
  <testcase name="invalid[CASEcreateUser | Method: Valid credentials; user created | Expected: 1 | Params: mike2,mike,Mike,Mike,m,23 Mars Place,1234567890,mike@mike.com,] on invalid[CASEcreateUser | Method: Valid credentials; user created | Expected: 1 | Params: mike2,mike,Mike,Mike,m,23 Mars Place,1234567890,mike@mike.com,](junit.UsersTest)" time="0.645" classname="junit.UsersTest">
    <skipped/>
  </testcase> <!-- invalid[CASEcreateUser | Method: Valid credentials; user created | Expected: 1 | Params: mike2,mike,Mike,Mike,m,23 Mars Place,1234567890,mike@mike.com,] on invalid[CASEcreateUser | Method: Valid credentials; user created | Expected: 1 | Params: mike2,mike,Mike,Mike,m,23 Mars Place,1234567890,mike@mike.com,](junit.UsersTest) -->
  <testcase name="loginQueryTest[CASEcreateUser | Method: Username too long | Expected: 0 | Params: aaaaaaaaaaaaaaaaaaaaa,mike,Mike,Mike,m,23 Mars Place,1234567890,mike@mike.com,] on loginQueryTest[CASEcreateUser | Method: Username too long | Expected: 0 | Params: aaaaaaaaaaaaaaaaaaaaa,mike,Mike,Mike,m,23 Mars Place,1234567890,mike@mike.com,](junit.UsersTest)" time="0.646" classname="junit.UsersTest">
    <skipped/>
  </testcase> <!-- loginQueryTest[CASEcreateUser | Method: Username too long | Expected: 0 | Params: aaaaaaaaaaaaaaaaaaaaa,mike,Mike,Mike,m,23 Mars Place,1234567890,mike@mike.com,] on loginQueryTest[CASEcreateUser | Method: Username too long | Expected: 0 | Params: aaaaaaaaaaaaaaaaaaaaa,mike,Mike,Mike,m,23 Mars Place,1234567890,mike@mike.com,](junit.UsersTest) -->
  <testcase name="registerQueryTest[CASEcreateUser | Method: Username too long | Expected: 0 | Params: aaaaaaaaaaaaaaaaaaaaa,mike,Mike,Mike,m,23 Mars Place,1234567890,mike@mike.com,] on registerQueryTest[CASEcreateUser | Method: Username too long | Expected: 0 | Params: aaaaaaaaaaaaaaaaaaaaa,mike,Mike,Mike,m,23 Mars Place,1234567890,mike@mike.com,](junit.UsersTest)" time="0.649" classname="junit.UsersTest">
    <skipped/>
  </testcase> <!-- registerQueryTest[CASEcreateUser | Method: Username too long | Expected: 0 | Params: aaaaaaaaaaaaaaaaaaaaa,mike,Mike,Mike,m,23 Mars Place,1234567890,mike@mike.com,] on registerQueryTest[CASEcreateUser | Method: Username too long | Expected: 0 | Params: aaaaaaaaaaaaaaaaaaaaa,mike,Mike,Mike,m,23 Mars Place,1234567890,mike@mike.com,](junit.UsersTest) -->
  <testcase name="updateUserTest[CASEcreateUser | Method: Username too long | Expected: 0 | Params: aaaaaaaaaaaaaaaaaaaaa,mike,Mike,Mike,m,23 Mars Place,1234567890,mike@mike.com,] on updateUserTest[CASEcreateUser | Method: Username too long | Expected: 0 | Params: aaaaaaaaaaaaaaaaaaaaa,mike,Mike,Mike,m,23 Mars Place,1234567890,mike@mike.com,](junit.UsersTest)" time="0.651" classname="junit.UsersTest">
    <skipped/>
  </testcase> <!-- updateUserTest[CASEcreateUser | Method: Username too long | Expected: 0 | Params: aaaaaaaaaaaaaaaaaaaaa,mike,Mike,Mike,m,23 Mars Place,1234567890,mike@mike.com,] on updateUserTest[CASEcreateUser | Method: Username too long | Expected: 0 | Params: aaaaaaaaaaaaaaaaaaaaa,mike,Mike,Mike,m,23 Mars Place,1234567890,mike@mike.com,](junit.UsersTest) -->
  <testcase name="createUserTest[CASEcreateUser | Method: Username too long | Expected: 0 | Params: aaaaaaaaaaaaaaaaaaaaa,mike,Mike,Mike,m,23 Mars Place,1234567890,mike@mike.com,] on createUserTest[CASEcreateUser | Method: Username too long | Expected: 0 | Params: aaaaaaaaaaaaaaaaaaaaa,mike,Mike,Mike,m,23 Mars Place,1234567890,mike@mike.com,](junit.UsersTest)" time="0.683" classname="junit.UsersTest"/>
  <testcase name="getDetailsTest[CASEcreateUser | Method: Username too long | Expected: 0 | Params: aaaaaaaaaaaaaaaaaaaaa,mike,Mike,Mike,m,23 Mars Place,1234567890,mike@mike.com,] on getDetailsTest[CASEcreateUser | Method: Username too long | Expected: 0 | Params: aaaaaaaaaaaaaaaaaaaaa,mike,Mike,Mike,m,23 Mars Place,1234567890,mike@mike.com,](junit.UsersTest)" time="0.684" classname="junit.UsersTest">
    <skipped/>
  </testcase> <!-- getDetailsTest[CASEcreateUser | Method: Username too long | Expected: 0 | Params: aaaaaaaaaaaaaaaaaaaaa,mike,Mike,Mike,m,23 Mars Place,1234567890,mike@mike.com,] on getDetailsTest[CASEcreateUser | Method: Username too long | Expected: 0 | Params: aaaaaaaaaaaaaaaaaaaaa,mike,Mike,Mike,m,23 Mars Place,1234567890,mike@mike.com,](junit.UsersTest) -->
  <testcase name="invalid[CASEcreateUser | Method: Username too long | Expected: 0 | Params: aaaaaaaaaaaaaaaaaaaaa,mike,Mike,Mike,m,23 Mars Place,1234567890,mike@mike.com,] on invalid[CASEcreateUser | Method: Username too long | Expected: 0 | Params: aaaaaaaaaaaaaaaaaaaaa,mike,Mike,Mike,m,23 Mars Place,1234567890,mike@mike.com,](junit.UsersTest)" time="0.685" classname="junit.UsersTest">
    <skipped/>
  </testcase> <!-- invalid[CASEcreateUser | Method: Username too long | Expected: 0 | Params: aaaaaaaaaaaaaaaaaaaaa,mike,Mike,Mike,m,23 Mars Place,1234567890,mike@mike.com,] on invalid[CASEcreateUser | Method: Username too long | Expected: 0 | Params: aaaaaaaaaaaaaaaaaaaaa,mike,Mike,Mike,m,23 Mars Place,1234567890,mike@mike.com,](junit.UsersTest) -->
  <testcase name="loginQueryTest[CASEcreateUser | Method: Password too long | Expected: 0 | Params: mike4,aaaaaaaaaaaaaaaaaaaaa,Mike,Mike,m,23 Mars Place,1234567890,mike@mike.com,] on loginQueryTest[CASEcreateUser | Method: Password too long | Expected: 0 | Params: mike4,aaaaaaaaaaaaaaaaaaaaa,Mike,Mike,m,23 Mars Place,1234567890,mike@mike.com,](junit.UsersTest)" time="0.686" classname="junit.UsersTest">
    <skipped/>
  </testcase> <!-- loginQueryTest[CASEcreateUser | Method: Password too long | Expected: 0 | Params: mike4,aaaaaaaaaaaaaaaaaaaaa,Mike,Mike,m,23 Mars Place,1234567890,mike@mike.com,] on loginQueryTest[CASEcreateUser | Method: Password too long | Expected: 0 | Params: mike4,aaaaaaaaaaaaaaaaaaaaa,Mike,Mike,m,23 Mars Place,1234567890,mike@mike.com,](junit.UsersTest) -->
  <testcase name="registerQueryTest[CASEcreateUser | Method: Password too long | Expected: 0 | Params: mike4,aaaaaaaaaaaaaaaaaaaaa,Mike,Mike,m,23 Mars Place,1234567890,mike@mike.com,] on registerQueryTest[CASEcreateUser | Method: Password too long | Expected: 0 | Params: mike4,aaaaaaaaaaaaaaaaaaaaa,Mike,Mike,m,23 Mars Place,1234567890,mike@mike.com,](junit.UsersTest)" time="0.687" classname="junit.UsersTest">
    <skipped/>
  </testcase> <!-- registerQueryTest[CASEcreateUser | Method: Password too long | Expected: 0 | Params: mike4,aaaaaaaaaaaaaaaaaaaaa,Mike,Mike,m,23 Mars Place,1234567890,mike@mike.com,] on registerQueryTest[CASEcreateUser | Method: Password too long | Expected: 0 | Params: mike4,aaaaaaaaaaaaaaaaaaaaa,Mike,Mike,m,23 Mars Place,1234567890,mike@mike.com,](junit.UsersTest) -->
  <testcase name="updateUserTest[CASEcreateUser | Method: Password too long | Expected: 0 | Params: mike4,aaaaaaaaaaaaaaaaaaaaa,Mike,Mike,m,23 Mars Place,1234567890,mike@mike.com,] on updateUserTest[CASEcreateUser | Method: Password too long | Expected: 0 | Params: mike4,aaaaaaaaaaaaaaaaaaaaa,Mike,Mike,m,23 Mars Place,1234567890,mike@mike.com,](junit.UsersTest)" time="0.69" classname="junit.UsersTest">
    <skipped/>
  </testcase> <!-- updateUserTest[CASEcreateUser | Method: Password too long | Expected: 0 | Params: mike4,aaaaaaaaaaaaaaaaaaaaa,Mike,Mike,m,23 Mars Place,1234567890,mike@mike.com,] on updateUserTest[CASEcreateUser | Method: Password too long | Expected: 0 | Params: mike4,aaaaaaaaaaaaaaaaaaaaa,Mike,Mike,m,23 Mars Place,1234567890,mike@mike.com,](junit.UsersTest) -->
  <testcase name="createUserTest[CASEcreateUser | Method: Password too long | Expected: 0 | Params: mike4,aaaaaaaaaaaaaaaaaaaaa,Mike,Mike,m,23 Mars Place,1234567890,mike@mike.com,] on createUserTest[CASEcreateUser | Method: Password too long | Expected: 0 | Params: mike4,aaaaaaaaaaaaaaaaaaaaa,Mike,Mike,m,23 Mars Place,1234567890,mike@mike.com,](junit.UsersTest)" time="0.721" classname="junit.UsersTest"/>
  <testcase name="getDetailsTest[CASEcreateUser | Method: Password too long | Expected: 0 | Params: mike4,aaaaaaaaaaaaaaaaaaaaa,Mike,Mike,m,23 Mars Place,1234567890,mike@mike.com,] on getDetailsTest[CASEcreateUser | Method: Password too long | Expected: 0 | Params: mike4,aaaaaaaaaaaaaaaaaaaaa,Mike,Mike,m,23 Mars Place,1234567890,mike@mike.com,](junit.UsersTest)" time="0.722" classname="junit.UsersTest">
    <skipped/>
  </testcase> <!-- getDetailsTest[CASEcreateUser | Method: Password too long | Expected: 0 | Params: mike4,aaaaaaaaaaaaaaaaaaaaa,Mike,Mike,m,23 Mars Place,1234567890,mike@mike.com,] on getDetailsTest[CASEcreateUser | Method: Password too long | Expected: 0 | Params: mike4,aaaaaaaaaaaaaaaaaaaaa,Mike,Mike,m,23 Mars Place,1234567890,mike@mike.com,](junit.UsersTest) -->
  <testcase name="invalid[CASEcreateUser | Method: Password too long | Expected: 0 | Params: mike4,aaaaaaaaaaaaaaaaaaaaa,Mike,Mike,m,23 Mars Place,1234567890,mike@mike.com,] on invalid[CASEcreateUser | Method: Password too long | Expected: 0 | Params: mike4,aaaaaaaaaaaaaaaaaaaaa,Mike,Mike,m,23 Mars Place,1234567890,mike@mike.com,](junit.UsersTest)" time="0.723" classname="junit.UsersTest">
    <skipped/>
  </testcase> <!-- invalid[CASEcreateUser | Method: Password too long | Expected: 0 | Params: mike4,aaaaaaaaaaaaaaaaaaaaa,Mike,Mike,m,23 Mars Place,1234567890,mike@mike.com,] on invalid[CASEcreateUser | Method: Password too long | Expected: 0 | Params: mike4,aaaaaaaaaaaaaaaaaaaaa,Mike,Mike,m,23 Mars Place,1234567890,mike@mike.com,](junit.UsersTest) -->
  <testcase name="loginQueryTest[CASEcreateUser | Method: Firstname too long | Expected: 0 | Params: mike5,mike,aaaaaaaaaaaaaaaaaaaaa,Mike,m,24 Mars Place,1234567890,mike@mike.com,] on loginQueryTest[CASEcreateUser | Method: Firstname too long | Expected: 0 | Params: mike5,mike,aaaaaaaaaaaaaaaaaaaaa,Mike,m,24 Mars Place,1234567890,mike@mike.com,](junit.UsersTest)" time="0.724" classname="junit.UsersTest">
    <skipped/>
  </testcase> <!-- loginQueryTest[CASEcreateUser | Method: Firstname too long | Expected: 0 | Params: mike5,mike,aaaaaaaaaaaaaaaaaaaaa,Mike,m,24 Mars Place,1234567890,mike@mike.com,] on loginQueryTest[CASEcreateUser | Method: Firstname too long | Expected: 0 | Params: mike5,mike,aaaaaaaaaaaaaaaaaaaaa,Mike,m,24 Mars Place,1234567890,mike@mike.com,](junit.UsersTest) -->
  <testcase name="registerQueryTest[CASEcreateUser | Method: Firstname too long | Expected: 0 | Params: mike5,mike,aaaaaaaaaaaaaaaaaaaaa,Mike,m,24 Mars Place,1234567890,mike@mike.com,] on registerQueryTest[CASEcreateUser | Method: Firstname too long | Expected: 0 | Params: mike5,mike,aaaaaaaaaaaaaaaaaaaaa,Mike,m,24 Mars Place,1234567890,mike@mike.com,](junit.UsersTest)" time="0.725" classname="junit.UsersTest">
    <skipped/>
  </testcase> <!-- registerQueryTest[CASEcreateUser | Method: Firstname too long | Expected: 0 | Params: mike5,mike,aaaaaaaaaaaaaaaaaaaaa,Mike,m,24 Mars Place,1234567890,mike@mike.com,] on registerQueryTest[CASEcreateUser | Method: Firstname too long | Expected: 0 | Params: mike5,mike,aaaaaaaaaaaaaaaaaaaaa,Mike,m,24 Mars Place,1234567890,mike@mike.com,](junit.UsersTest) -->
  <testcase name="updateUserTest[CASEcreateUser | Method: Firstname too long | Expected: 0 | Params: mike5,mike,aaaaaaaaaaaaaaaaaaaaa,Mike,m,24 Mars Place,1234567890,mike@mike.com,] on updateUserTest[CASEcreateUser | Method: Firstname too long | Expected: 0 | Params: mike5,mike,aaaaaaaaaaaaaaaaaaaaa,Mike,m,24 Mars Place,1234567890,mike@mike.com,](junit.UsersTest)" time="0.726" classname="junit.UsersTest">
    <skipped/>
  </testcase> <!-- updateUserTest[CASEcreateUser | Method: Firstname too long | Expected: 0 | Params: mike5,mike,aaaaaaaaaaaaaaaaaaaaa,Mike,m,24 Mars Place,1234567890,mike@mike.com,] on updateUserTest[CASEcreateUser | Method: Firstname too long | Expected: 0 | Params: mike5,mike,aaaaaaaaaaaaaaaaaaaaa,Mike,m,24 Mars Place,1234567890,mike@mike.com,](junit.UsersTest) -->
  <testcase name="createUserTest[CASEcreateUser | Method: Firstname too long | Expected: 0 | Params: mike5,mike,aaaaaaaaaaaaaaaaaaaaa,Mike,m,24 Mars Place,1234567890,mike@mike.com,] on createUserTest[CASEcreateUser | Method: Firstname too long | Expected: 0 | Params: mike5,mike,aaaaaaaaaaaaaaaaaaaaa,Mike,m,24 Mars Place,1234567890,mike@mike.com,](junit.UsersTest)" time="0.754" classname="junit.UsersTest"/>
  <testcase name="getDetailsTest[CASEcreateUser | Method: Firstname too long | Expected: 0 | Params: mike5,mike,aaaaaaaaaaaaaaaaaaaaa,Mike,m,24 Mars Place,1234567890,mike@mike.com,] on getDetailsTest[CASEcreateUser | Method: Firstname too long | Expected: 0 | Params: mike5,mike,aaaaaaaaaaaaaaaaaaaaa,Mike,m,24 Mars Place,1234567890,mike@mike.com,](junit.UsersTest)" time="0.755" classname="junit.UsersTest">
    <skipped/>
  </testcase> <!-- getDetailsTest[CASEcreateUser | Method: Firstname too long | Expected: 0 | Params: mike5,mike,aaaaaaaaaaaaaaaaaaaaa,Mike,m,24 Mars Place,1234567890,mike@mike.com,] on getDetailsTest[CASEcreateUser | Method: Firstname too long | Expected: 0 | Params: mike5,mike,aaaaaaaaaaaaaaaaaaaaa,Mike,m,24 Mars Place,1234567890,mike@mike.com,](junit.UsersTest) -->
  <testcase name="invalid[CASEcreateUser | Method: Firstname too long | Expected: 0 | Params: mike5,mike,aaaaaaaaaaaaaaaaaaaaa,Mike,m,24 Mars Place,1234567890,mike@mike.com,] on invalid[CASEcreateUser | Method: Firstname too long | Expected: 0 | Params: mike5,mike,aaaaaaaaaaaaaaaaaaaaa,Mike,m,24 Mars Place,1234567890,mike@mike.com,](junit.UsersTest)" time="0.756" classname="junit.UsersTest">
    <skipped/>
  </testcase> <!-- invalid[CASEcreateUser | Method: Firstname too long | Expected: 0 | Params: mike5,mike,aaaaaaaaaaaaaaaaaaaaa,Mike,m,24 Mars Place,1234567890,mike@mike.com,] on invalid[CASEcreateUser | Method: Firstname too long | Expected: 0 | Params: mike5,mike,aaaaaaaaaaaaaaaaaaaaa,Mike,m,24 Mars Place,1234567890,mike@mike.com,](junit.UsersTest) -->
  <testcase name="loginQueryTest[CASEcreateUser | Method: Lastname too long | Expected: 0 | Params: mike6,mike,Mike,aaaaaaaaaaaaaaaaaaaaa,m,25 Mars Place,1234567890,mike@mike.com,] on loginQueryTest[CASEcreateUser | Method: Lastname too long | Expected: 0 | Params: mike6,mike,Mike,aaaaaaaaaaaaaaaaaaaaa,m,25 Mars Place,1234567890,mike@mike.com,](junit.UsersTest)" time="0.757" classname="junit.UsersTest">
    <skipped/>
  </testcase> <!-- loginQueryTest[CASEcreateUser | Method: Lastname too long | Expected: 0 | Params: mike6,mike,Mike,aaaaaaaaaaaaaaaaaaaaa,m,25 Mars Place,1234567890,mike@mike.com,] on loginQueryTest[CASEcreateUser | Method: Lastname too long | Expected: 0 | Params: mike6,mike,Mike,aaaaaaaaaaaaaaaaaaaaa,m,25 Mars Place,1234567890,mike@mike.com,](junit.UsersTest) -->
  <testcase name="registerQueryTest[CASEcreateUser | Method: Lastname too long | Expected: 0 | Params: mike6,mike,Mike,aaaaaaaaaaaaaaaaaaaaa,m,25 Mars Place,1234567890,mike@mike.com,] on registerQueryTest[CASEcreateUser | Method: Lastname too long | Expected: 0 | Params: mike6,mike,Mike,aaaaaaaaaaaaaaaaaaaaa,m,25 Mars Place,1234567890,mike@mike.com,](junit.UsersTest)" time="0.758" classname="junit.UsersTest">
    <skipped/>
  </testcase> <!-- registerQueryTest[CASEcreateUser | Method: Lastname too long | Expected: 0 | Params: mike6,mike,Mike,aaaaaaaaaaaaaaaaaaaaa,m,25 Mars Place,1234567890,mike@mike.com,] on registerQueryTest[CASEcreateUser | Method: Lastname too long | Expected: 0 | Params: mike6,mike,Mike,aaaaaaaaaaaaaaaaaaaaa,m,25 Mars Place,1234567890,mike@mike.com,](junit.UsersTest) -->
  <testcase name="updateUserTest[CASEcreateUser | Method: Lastname too long | Expected: 0 | Params: mike6,mike,Mike,aaaaaaaaaaaaaaaaaaaaa,m,25 Mars Place,1234567890,mike@mike.com,] on updateUserTest[CASEcreateUser | Method: Lastname too long | Expected: 0 | Params: mike6,mike,Mike,aaaaaaaaaaaaaaaaaaaaa,m,25 Mars Place,1234567890,mike@mike.com,](junit.UsersTest)" time="0.759" classname="junit.UsersTest">
    <skipped/>
  </testcase> <!-- updateUserTest[CASEcreateUser | Method: Lastname too long | Expected: 0 | Params: mike6,mike,Mike,aaaaaaaaaaaaaaaaaaaaa,m,25 Mars Place,1234567890,mike@mike.com,] on updateUserTest[CASEcreateUser | Method: Lastname too long | Expected: 0 | Params: mike6,mike,Mike,aaaaaaaaaaaaaaaaaaaaa,m,25 Mars Place,1234567890,mike@mike.com,](junit.UsersTest) -->
  <testcase name="createUserTest[CASEcreateUser | Method: Lastname too long | Expected: 0 | Params: mike6,mike,Mike,aaaaaaaaaaaaaaaaaaaaa,m,25 Mars Place,1234567890,mike@mike.com,] on createUserTest[CASEcreateUser | Method: Lastname too long | Expected: 0 | Params: mike6,mike,Mike,aaaaaaaaaaaaaaaaaaaaa,m,25 Mars Place,1234567890,mike@mike.com,](junit.UsersTest)" time="0.785" classname="junit.UsersTest"/>
  <testcase name="getDetailsTest[CASEcreateUser | Method: Lastname too long | Expected: 0 | Params: mike6,mike,Mike,aaaaaaaaaaaaaaaaaaaaa,m,25 Mars Place,1234567890,mike@mike.com,] on getDetailsTest[CASEcreateUser | Method: Lastname too long | Expected: 0 | Params: mike6,mike,Mike,aaaaaaaaaaaaaaaaaaaaa,m,25 Mars Place,1234567890,mike@mike.com,](junit.UsersTest)" time="0.786" classname="junit.UsersTest">
    <skipped/>
  </testcase> <!-- getDetailsTest[CASEcreateUser | Method: Lastname too long | Expected: 0 | Params: mike6,mike,Mike,aaaaaaaaaaaaaaaaaaaaa,m,25 Mars Place,1234567890,mike@mike.com,] on getDetailsTest[CASEcreateUser | Method: Lastname too long | Expected: 0 | Params: mike6,mike,Mike,aaaaaaaaaaaaaaaaaaaaa,m,25 Mars Place,1234567890,mike@mike.com,](junit.UsersTest) -->
  <testcase name="invalid[CASEcreateUser | Method: Lastname too long | Expected: 0 | Params: mike6,mike,Mike,aaaaaaaaaaaaaaaaaaaaa,m,25 Mars Place,1234567890,mike@mike.com,] on invalid[CASEcreateUser | Method: Lastname too long | Expected: 0 | Params: mike6,mike,Mike,aaaaaaaaaaaaaaaaaaaaa,m,25 Mars Place,1234567890,mike@mike.com,](junit.UsersTest)" time="0.787" classname="junit.UsersTest">
    <skipped/>
  </testcase> <!-- invalid[CASEcreateUser | Method: Lastname too long | Expected: 0 | Params: mike6,mike,Mike,aaaaaaaaaaaaaaaaaaaaa,m,25 Mars Place,1234567890,mike@mike.com,] on invalid[CASEcreateUser | Method: Lastname too long | Expected: 0 | Params: mike6,mike,Mike,aaaaaaaaaaaaaaaaaaaaa,m,25 Mars Place,1234567890,mike@mike.com,](junit.UsersTest) -->
  <testcase name="loginQueryTest[CASEcreateUser | Method: Gender more than 1 char | Expected: 0 | Params: mike7,mike,Mike,Mike,mm,26 Mars Place,1234567890,mike@mike.com,] on loginQueryTest[CASEcreateUser | Method: Gender more than 1 char | Expected: 0 | Params: mike7,mike,Mike,Mike,mm,26 Mars Place,1234567890,mike@mike.com,](junit.UsersTest)" time="0.788" classname="junit.UsersTest">
    <skipped/>
  </testcase> <!-- loginQueryTest[CASEcreateUser | Method: Gender more than 1 char | Expected: 0 | Params: mike7,mike,Mike,Mike,mm,26 Mars Place,1234567890,mike@mike.com,] on loginQueryTest[CASEcreateUser | Method: Gender more than 1 char | Expected: 0 | Params: mike7,mike,Mike,Mike,mm,26 Mars Place,1234567890,mike@mike.com,](junit.UsersTest) -->
  <testcase name="registerQueryTest[CASEcreateUser | Method: Gender more than 1 char | Expected: 0 | Params: mike7,mike,Mike,Mike,mm,26 Mars Place,1234567890,mike@mike.com,] on registerQueryTest[CASEcreateUser | Method: Gender more than 1 char | Expected: 0 | Params: mike7,mike,Mike,Mike,mm,26 Mars Place,1234567890,mike@mike.com,](junit.UsersTest)" time="0.788" classname="junit.UsersTest">
    <skipped/>
  </testcase> <!-- registerQueryTest[CASEcreateUser | Method: Gender more than 1 char | Expected: 0 | Params: mike7,mike,Mike,Mike,mm,26 Mars Place,1234567890,mike@mike.com,] on registerQueryTest[CASEcreateUser | Method: Gender more than 1 char | Expected: 0 | Params: mike7,mike,Mike,Mike,mm,26 Mars Place,1234567890,mike@mike.com,](junit.UsersTest) -->
  <testcase name="updateUserTest[CASEcreateUser | Method: Gender more than 1 char | Expected: 0 | Params: mike7,mike,Mike,Mike,mm,26 Mars Place,1234567890,mike@mike.com,] on updateUserTest[CASEcreateUser | Method: Gender more than 1 char | Expected: 0 | Params: mike7,mike,Mike,Mike,mm,26 Mars Place,1234567890,mike@mike.com,](junit.UsersTest)" time="0.789" classname="junit.UsersTest">
    <skipped/>
  </testcase> <!-- updateUserTest[CASEcreateUser | Method: Gender more than 1 char | Expected: 0 | Params: mike7,mike,Mike,Mike,mm,26 Mars Place,1234567890,mike@mike.com,] on updateUserTest[CASEcreateUser | Method: Gender more than 1 char | Expected: 0 | Params: mike7,mike,Mike,Mike,mm,26 Mars Place,1234567890,mike@mike.com,](junit.UsersTest) -->
  <testcase name="createUserTest[CASEcreateUser | Method: Gender more than 1 char | Expected: 0 | Params: mike7,mike,Mike,Mike,mm,26 Mars Place,1234567890,mike@mike.com,] on createUserTest[CASEcreateUser | Method: Gender more than 1 char | Expected: 0 | Params: mike7,mike,Mike,Mike,mm,26 Mars Place,1234567890,mike@mike.com,](junit.UsersTest)" time="0.817" classname="junit.UsersTest"/>
  <testcase name="getDetailsTest[CASEcreateUser | Method: Gender more than 1 char | Expected: 0 | Params: mike7,mike,Mike,Mike,mm,26 Mars Place,1234567890,mike@mike.com,] on getDetailsTest[CASEcreateUser | Method: Gender more than 1 char | Expected: 0 | Params: mike7,mike,Mike,Mike,mm,26 Mars Place,1234567890,mike@mike.com,](junit.UsersTest)" time="0.817" classname="junit.UsersTest">
    <skipped/>
  </testcase> <!-- getDetailsTest[CASEcreateUser | Method: Gender more than 1 char | Expected: 0 | Params: mike7,mike,Mike,Mike,mm,26 Mars Place,1234567890,mike@mike.com,] on getDetailsTest[CASEcreateUser | Method: Gender more than 1 char | Expected: 0 | Params: mike7,mike,Mike,Mike,mm,26 Mars Place,1234567890,mike@mike.com,](junit.UsersTest) -->
  <testcase name="invalid[CASEcreateUser | Method: Gender more than 1 char | Expected: 0 | Params: mike7,mike,Mike,Mike,mm,26 Mars Place,1234567890,mike@mike.com,] on invalid[CASEcreateUser | Method: Gender more than 1 char | Expected: 0 | Params: mike7,mike,Mike,Mike,mm,26 Mars Place,1234567890,mike@mike.com,](junit.UsersTest)" time="0.818" classname="junit.UsersTest">
    <skipped/>
  </testcase> <!-- invalid[CASEcreateUser | Method: Gender more than 1 char | Expected: 0 | Params: mike7,mike,Mike,Mike,mm,26 Mars Place,1234567890,mike@mike.com,] on invalid[CASEcreateUser | Method: Gender more than 1 char | Expected: 0 | Params: mike7,mike,Mike,Mike,mm,26 Mars Place,1234567890,mike@mike.com,](junit.UsersTest) -->
  <testcase name="loginQueryTest[CASEcreateUser | Method: Address too long | Expected: 0 | Params: mike8,mike,Mike,Mike,m,aaaaaaaaaaaaaaaaaaaaaaaaaaaaaaaaaaaaaaaaaaaaaaaaaaaaaaaaaaaaaaaaaaaaaaaaaaaaaaaaaaaaaaaaaaaaaaaaaaaaaaaaaaaaaaaaaaaaaaaaaaaaaaaaaaaaaaaaaaaaaaaaaaaaaaaaaaaaaaaaaaaaaaaaaaaaaaaaaaaaaaaaaaaaaaaaaaaaaaaaaaaaaaaaaaaaaaaaaa,1234567890,mike@mike.com,] on loginQueryTest[CASEcreateUser | Method: Address too long | Expected: 0 | Params: mike8,mike,Mike,Mike,m,aaaaaaaaaaaaaaaaaaaaaaaaaaaaaaaaaaaaaaaaaaaaaaaaaaaaaaaaaaaaaaaaaaaaaaaaaaaaaaaaaaaaaaaaaaaaaaaaaaaaaaaaaaaaaaaaaaaaaaaaaaaaaaaaaaaaaaaaaaaaaaaaaaaaaaaaaaaaaaaaaaaaaaaaaaaaaaaaaaaaaaaaaaaaaaaaaaaaaaaaaaaaaaaaaaaaaaaaaa,1234567890,mike@mike.com,](junit.UsersTest)" time="0.819" classname="junit.UsersTest">
    <skipped/>
  </testcase> <!-- loginQueryTest[CASEcreateUser | Method: Address too long | Expected: 0 | Params: mike8,mike,Mike,Mike,m,aaaaaaaaaaaaaaaaaaaaaaaaaaaaaaaaaaaaaaaaaaaaaaaaaaaaaaaaaaaaaaaaaaaaaaaaaaaaaaaaaaaaaaaaaaaaaaaaaaaaaaaaaaaaaaaaaaaaaaaaaaaaaaaaaaaaaaaaaaaaaaaaaaaaaaaaaaaaaaaaaaaaaaaaaaaaaaaaaaaaaaaaaaaaaaaaaaaaaaaaaaaaaaaaaaaaaaaaaa,1234567890,mike@mike.com,] on loginQueryTest[CASEcreateUser | Method: Address too long | Expected: 0 | Params: mike8,mike,Mike,Mike,m,aaaaaaaaaaaaaaaaaaaaaaaaaaaaaaaaaaaaaaaaaaaaaaaaaaaaaaaaaaaaaaaaaaaaaaaaaaaaaaaaaaaaaaaaaaaaaaaaaaaaaaaaaaaaaaaaaaaaaaaaaaaaaaaaaaaaaaaaaaaaaaaaaaaaaaaaaaaaaaaaaaaaaaaaaaaaaaaaaaaaaaaaaaaaaaaaaaaaaaaaaaaaaaaaaaaaaaaaaa,1234567890,mike@mike.com,](junit.UsersTest) -->
  <testcase name="registerQueryTest[CASEcreateUser | Method: Address too long | Expected: 0 | Params: mike8,mike,Mike,Mike,m,aaaaaaaaaaaaaaaaaaaaaaaaaaaaaaaaaaaaaaaaaaaaaaaaaaaaaaaaaaaaaaaaaaaaaaaaaaaaaaaaaaaaaaaaaaaaaaaaaaaaaaaaaaaaaaaaaaaaaaaaaaaaaaaaaaaaaaaaaaaaaaaaaaaaaaaaaaaaaaaaaaaaaaaaaaaaaaaaaaaaaaaaaaaaaaaaaaaaaaaaaaaaaaaaaaaaaaaaaa,1234567890,mike@mike.com,] on registerQueryTest[CASEcreateUser | Method: Address too long | Expected: 0 | Params: mike8,mike,Mike,Mike,m,aaaaaaaaaaaaaaaaaaaaaaaaaaaaaaaaaaaaaaaaaaaaaaaaaaaaaaaaaaaaaaaaaaaaaaaaaaaaaaaaaaaaaaaaaaaaaaaaaaaaaaaaaaaaaaaaaaaaaaaaaaaaaaaaaaaaaaaaaaaaaaaaaaaaaaaaaaaaaaaaaaaaaaaaaaaaaaaaaaaaaaaaaaaaaaaaaaaaaaaaaaaaaaaaaaaaaaaaaa,1234567890,mike@mike.com,](junit.UsersTest)" time="0.82" classname="junit.UsersTest">
    <skipped/>
  </testcase> <!-- registerQueryTest[CASEcreateUser | Method: Address too long | Expected: 0 | Params: mike8,mike,Mike,Mike,m,aaaaaaaaaaaaaaaaaaaaaaaaaaaaaaaaaaaaaaaaaaaaaaaaaaaaaaaaaaaaaaaaaaaaaaaaaaaaaaaaaaaaaaaaaaaaaaaaaaaaaaaaaaaaaaaaaaaaaaaaaaaaaaaaaaaaaaaaaaaaaaaaaaaaaaaaaaaaaaaaaaaaaaaaaaaaaaaaaaaaaaaaaaaaaaaaaaaaaaaaaaaaaaaaaaaaaaaaaa,1234567890,mike@mike.com,] on registerQueryTest[CASEcreateUser | Method: Address too long | Expected: 0 | Params: mike8,mike,Mike,Mike,m,aaaaaaaaaaaaaaaaaaaaaaaaaaaaaaaaaaaaaaaaaaaaaaaaaaaaaaaaaaaaaaaaaaaaaaaaaaaaaaaaaaaaaaaaaaaaaaaaaaaaaaaaaaaaaaaaaaaaaaaaaaaaaaaaaaaaaaaaaaaaaaaaaaaaaaaaaaaaaaaaaaaaaaaaaaaaaaaaaaaaaaaaaaaaaaaaaaaaaaaaaaaaaaaaaaaaaaaaaa,1234567890,mike@mike.com,](junit.UsersTest) -->
  <testcase name="updateUserTest[CASEcreateUser | Method: Address too long | Expected: 0 | Params: mike8,mike,Mike,Mike,m,aaaaaaaaaaaaaaaaaaaaaaaaaaaaaaaaaaaaaaaaaaaaaaaaaaaaaaaaaaaaaaaaaaaaaaaaaaaaaaaaaaaaaaaaaaaaaaaaaaaaaaaaaaaaaaaaaaaaaaaaaaaaaaaaaaaaaaaaaaaaaaaaaaaaaaaaaaaaaaaaaaaaaaaaaaaaaaaaaaaaaaaaaaaaaaaaaaaaaaaaaaaaaaaaaaaaaaaaaa,1234567890,mike@mike.com,] on updateUserTest[CASEcreateUser | Method: Address too long | Expected: 0 | Params: mike8,mike,Mike,Mike,m,aaaaaaaaaaaaaaaaaaaaaaaaaaaaaaaaaaaaaaaaaaaaaaaaaaaaaaaaaaaaaaaaaaaaaaaaaaaaaaaaaaaaaaaaaaaaaaaaaaaaaaaaaaaaaaaaaaaaaaaaaaaaaaaaaaaaaaaaaaaaaaaaaaaaaaaaaaaaaaaaaaaaaaaaaaaaaaaaaaaaaaaaaaaaaaaaaaaaaaaaaaaaaaaaaaaaaaaaaa,1234567890,mike@mike.com,](junit.UsersTest)" time="0.821" classname="junit.UsersTest">
    <skipped/>
  </testcase> <!-- updateUserTest[CASEcreateUser | Method: Address too long | Expected: 0 | Params: mike8,mike,Mike,Mike,m,aaaaaaaaaaaaaaaaaaaaaaaaaaaaaaaaaaaaaaaaaaaaaaaaaaaaaaaaaaaaaaaaaaaaaaaaaaaaaaaaaaaaaaaaaaaaaaaaaaaaaaaaaaaaaaaaaaaaaaaaaaaaaaaaaaaaaaaaaaaaaaaaaaaaaaaaaaaaaaaaaaaaaaaaaaaaaaaaaaaaaaaaaaaaaaaaaaaaaaaaaaaaaaaaaaaaaaaaaa,1234567890,mike@mike.com,] on updateUserTest[CASEcreateUser | Method: Address too long | Expected: 0 | Params: mike8,mike,Mike,Mike,m,aaaaaaaaaaaaaaaaaaaaaaaaaaaaaaaaaaaaaaaaaaaaaaaaaaaaaaaaaaaaaaaaaaaaaaaaaaaaaaaaaaaaaaaaaaaaaaaaaaaaaaaaaaaaaaaaaaaaaaaaaaaaaaaaaaaaaaaaaaaaaaaaaaaaaaaaaaaaaaaaaaaaaaaaaaaaaaaaaaaaaaaaaaaaaaaaaaaaaaaaaaaaaaaaaaaaaaaaaa,1234567890,mike@mike.com,](junit.UsersTest) -->
  <testcase name="createUserTest[CASEcreateUser | Method: Address too long | Expected: 0 | Params: mike8,mike,Mike,Mike,m,aaaaaaaaaaaaaaaaaaaaaaaaaaaaaaaaaaaaaaaaaaaaaaaaaaaaaaaaaaaaaaaaaaaaaaaaaaaaaaaaaaaaaaaaaaaaaaaaaaaaaaaaaaaaaaaaaaaaaaaaaaaaaaaaaaaaaaaaaaaaaaaaaaaaaaaaaaaaaaaaaaaaaaaaaaaaaaaaaaaaaaaaaaaaaaaaaaaaaaaaaaaaaaaaaaaaaaaaaa,1234567890,mike@mike.com,] on createUserTest[CASEcreateUser | Method: Address too long | Expected: 0 | Params: mike8,mike,Mike,Mike,m,aaaaaaaaaaaaaaaaaaaaaaaaaaaaaaaaaaaaaaaaaaaaaaaaaaaaaaaaaaaaaaaaaaaaaaaaaaaaaaaaaaaaaaaaaaaaaaaaaaaaaaaaaaaaaaaaaaaaaaaaaaaaaaaaaaaaaaaaaaaaaaaaaaaaaaaaaaaaaaaaaaaaaaaaaaaaaaaaaaaaaaaaaaaaaaaaaaaaaaaaaaaaaaaaaaaaaaaaaa,1234567890,mike@mike.com,](junit.UsersTest)" time="0.848" classname="junit.UsersTest"/>
  <testcase name="getDetailsTest[CASEcreateUser | Method: Address too long | Expected: 0 | Params: mike8,mike,Mike,Mike,m,aaaaaaaaaaaaaaaaaaaaaaaaaaaaaaaaaaaaaaaaaaaaaaaaaaaaaaaaaaaaaaaaaaaaaaaaaaaaaaaaaaaaaaaaaaaaaaaaaaaaaaaaaaaaaaaaaaaaaaaaaaaaaaaaaaaaaaaaaaaaaaaaaaaaaaaaaaaaaaaaaaaaaaaaaaaaaaaaaaaaaaaaaaaaaaaaaaaaaaaaaaaaaaaaaaaaaaaaaa,1234567890,mike@mike.com,] on getDetailsTest[CASEcreateUser | Method: Address too long | Expected: 0 | Params: mike8,mike,Mike,Mike,m,aaaaaaaaaaaaaaaaaaaaaaaaaaaaaaaaaaaaaaaaaaaaaaaaaaaaaaaaaaaaaaaaaaaaaaaaaaaaaaaaaaaaaaaaaaaaaaaaaaaaaaaaaaaaaaaaaaaaaaaaaaaaaaaaaaaaaaaaaaaaaaaaaaaaaaaaaaaaaaaaaaaaaaaaaaaaaaaaaaaaaaaaaaaaaaaaaaaaaaaaaaaaaaaaaaaaaaaaaa,1234567890,mike@mike.com,](junit.UsersTest)" time="0.849" classname="junit.UsersTest">
    <skipped/>
  </testcase> <!-- getDetailsTest[CASEcreateUser | Method: Address too long | Expected: 0 | Params: mike8,mike,Mike,Mike,m,aaaaaaaaaaaaaaaaaaaaaaaaaaaaaaaaaaaaaaaaaaaaaaaaaaaaaaaaaaaaaaaaaaaaaaaaaaaaaaaaaaaaaaaaaaaaaaaaaaaaaaaaaaaaaaaaaaaaaaaaaaaaaaaaaaaaaaaaaaaaaaaaaaaaaaaaaaaaaaaaaaaaaaaaaaaaaaaaaaaaaaaaaaaaaaaaaaaaaaaaaaaaaaaaaaaaaaaaaa,1234567890,mike@mike.com,] on getDetailsTest[CASEcreateUser | Method: Address too long | Expected: 0 | Params: mike8,mike,Mike,Mike,m,aaaaaaaaaaaaaaaaaaaaaaaaaaaaaaaaaaaaaaaaaaaaaaaaaaaaaaaaaaaaaaaaaaaaaaaaaaaaaaaaaaaaaaaaaaaaaaaaaaaaaaaaaaaaaaaaaaaaaaaaaaaaaaaaaaaaaaaaaaaaaaaaaaaaaaaaaaaaaaaaaaaaaaaaaaaaaaaaaaaaaaaaaaaaaaaaaaaaaaaaaaaaaaaaaaaaaaaaaa,1234567890,mike@mike.com,](junit.UsersTest) -->
  <testcase name="invalid[CASEcreateUser | Method: Address too long | Expected: 0 | Params: mike8,mike,Mike,Mike,m,aaaaaaaaaaaaaaaaaaaaaaaaaaaaaaaaaaaaaaaaaaaaaaaaaaaaaaaaaaaaaaaaaaaaaaaaaaaaaaaaaaaaaaaaaaaaaaaaaaaaaaaaaaaaaaaaaaaaaaaaaaaaaaaaaaaaaaaaaaaaaaaaaaaaaaaaaaaaaaaaaaaaaaaaaaaaaaaaaaaaaaaaaaaaaaaaaaaaaaaaaaaaaaaaaaaaaaaaaa,1234567890,mike@mike.com,] on invalid[CASEcreateUser | Method: Address too long | Expected: 0 | Params: mike8,mike,Mike,Mike,m,aaaaaaaaaaaaaaaaaaaaaaaaaaaaaaaaaaaaaaaaaaaaaaaaaaaaaaaaaaaaaaaaaaaaaaaaaaaaaaaaaaaaaaaaaaaaaaaaaaaaaaaaaaaaaaaaaaaaaaaaaaaaaaaaaaaaaaaaaaaaaaaaaaaaaaaaaaaaaaaaaaaaaaaaaaaaaaaaaaaaaaaaaaaaaaaaaaaaaaaaaaaaaaaaaaaaaaaaaa,1234567890,mike@mike.com,](junit.UsersTest)" time="0.85" classname="junit.UsersTest">
    <skipped/>
  </testcase> <!-- invalid[CASEcreateUser | Method: Address too long | Expected: 0 | Params: mike8,mike,Mike,Mike,m,aaaaaaaaaaaaaaaaaaaaaaaaaaaaaaaaaaaaaaaaaaaaaaaaaaaaaaaaaaaaaaaaaaaaaaaaaaaaaaaaaaaaaaaaaaaaaaaaaaaaaaaaaaaaaaaaaaaaaaaaaaaaaaaaaaaaaaaaaaaaaaaaaaaaaaaaaaaaaaaaaaaaaaaaaaaaaaaaaaaaaaaaaaaaaaaaaaaaaaaaaaaaaaaaaaaaaaaaaa,1234567890,mike@mike.com,] on invalid[CASEcreateUser | Method: Address too long | Expected: 0 | Params: mike8,mike,Mike,Mike,m,aaaaaaaaaaaaaaaaaaaaaaaaaaaaaaaaaaaaaaaaaaaaaaaaaaaaaaaaaaaaaaaaaaaaaaaaaaaaaaaaaaaaaaaaaaaaaaaaaaaaaaaaaaaaaaaaaaaaaaaaaaaaaaaaaaaaaaaaaaaaaaaaaaaaaaaaaaaaaaaaaaaaaaaaaaaaaaaaaaaaaaaaaaaaaaaaaaaaaaaaaaaaaaaaaaaaaaaaaa,1234567890,mike@mike.com,](junit.UsersTest) -->
  <testcase name="loginQueryTest[CASEcreateUser | Method: Phone non-numeric | Expected: 0 | Params: mike9,mike,Mike,Mike,m,23 Mars Place,abcdefghij,mike@mike.com,] on loginQueryTest[CASEcreateUser | Method: Phone non-numeric | Expected: 0 | Params: mike9,mike,Mike,Mike,m,23 Mars Place,abcdefghij,mike@mike.com,](junit.UsersTest)" time="0.851" classname="junit.UsersTest">
    <skipped/>
  </testcase> <!-- loginQueryTest[CASEcreateUser | Method: Phone non-numeric | Expected: 0 | Params: mike9,mike,Mike,Mike,m,23 Mars Place,abcdefghij,mike@mike.com,] on loginQueryTest[CASEcreateUser | Method: Phone non-numeric | Expected: 0 | Params: mike9,mike,Mike,Mike,m,23 Mars Place,abcdefghij,mike@mike.com,](junit.UsersTest) -->
  <testcase name="registerQueryTest[CASEcreateUser | Method: Phone non-numeric | Expected: 0 | Params: mike9,mike,Mike,Mike,m,23 Mars Place,abcdefghij,mike@mike.com,] on registerQueryTest[CASEcreateUser | Method: Phone non-numeric | Expected: 0 | Params: mike9,mike,Mike,Mike,m,23 Mars Place,abcdefghij,mike@mike.com,](junit.UsersTest)" time="0.852" classname="junit.UsersTest">
    <skipped/>
  </testcase> <!-- registerQueryTest[CASEcreateUser | Method: Phone non-numeric | Expected: 0 | Params: mike9,mike,Mike,Mike,m,23 Mars Place,abcdefghij,mike@mike.com,] on registerQueryTest[CASEcreateUser | Method: Phone non-numeric | Expected: 0 | Params: mike9,mike,Mike,Mike,m,23 Mars Place,abcdefghij,mike@mike.com,](junit.UsersTest) -->
  <testcase name="updateUserTest[CASEcreateUser | Method: Phone non-numeric | Expected: 0 | Params: mike9,mike,Mike,Mike,m,23 Mars Place,abcdefghij,mike@mike.com,] on updateUserTest[CASEcreateUser | Method: Phone non-numeric | Expected: 0 | Params: mike9,mike,Mike,Mike,m,23 Mars Place,abcdefghij,mike@mike.com,](junit.UsersTest)" time="0.854" classname="junit.UsersTest">
    <skipped/>
  </testcase> <!-- updateUserTest[CASEcreateUser | Method: Phone non-numeric | Expected: 0 | Params: mike9,mike,Mike,Mike,m,23 Mars Place,abcdefghij,mike@mike.com,] on updateUserTest[CASEcreateUser | Method: Phone non-numeric | Expected: 0 | Params: mike9,mike,Mike,Mike,m,23 Mars Place,abcdefghij,mike@mike.com,](junit.UsersTest) -->
  <testcase name="createUserTest[CASEcreateUser | Method: Phone non-numeric | Expected: 0 | Params: mike9,mike,Mike,Mike,m,23 Mars Place,abcdefghij,mike@mike.com,] on createUserTest[CASEcreateUser | Method: Phone non-numeric | Expected: 0 | Params: mike9,mike,Mike,Mike,m,23 Mars Place,abcdefghij,mike@mike.com,](junit.UsersTest)" time="0.884" classname="junit.UsersTest"/>
  <testcase name="getDetailsTest[CASEcreateUser | Method: Phone non-numeric | Expected: 0 | Params: mike9,mike,Mike,Mike,m,23 Mars Place,abcdefghij,mike@mike.com,] on getDetailsTest[CASEcreateUser | Method: Phone non-numeric | Expected: 0 | Params: mike9,mike,Mike,Mike,m,23 Mars Place,abcdefghij,mike@mike.com,](junit.UsersTest)" time="0.885" classname="junit.UsersTest">
    <skipped/>
  </testcase> <!-- getDetailsTest[CASEcreateUser | Method: Phone non-numeric | Expected: 0 | Params: mike9,mike,Mike,Mike,m,23 Mars Place,abcdefghij,mike@mike.com,] on getDetailsTest[CASEcreateUser | Method: Phone non-numeric | Expected: 0 | Params: mike9,mike,Mike,Mike,m,23 Mars Place,abcdefghij,mike@mike.com,](junit.UsersTest) -->
  <testcase name="invalid[CASEcreateUser | Method: Phone non-numeric | Expected: 0 | Params: mike9,mike,Mike,Mike,m,23 Mars Place,abcdefghij,mike@mike.com,] on invalid[CASEcreateUser | Method: Phone non-numeric | Expected: 0 | Params: mike9,mike,Mike,Mike,m,23 Mars Place,abcdefghij,mike@mike.com,](junit.UsersTest)" time="0.886" classname="junit.UsersTest">
    <skipped/>
  </testcase> <!-- invalid[CASEcreateUser | Method: Phone non-numeric | Expected: 0 | Params: mike9,mike,Mike,Mike,m,23 Mars Place,abcdefghij,mike@mike.com,] on invalid[CASEcreateUser | Method: Phone non-numeric | Expected: 0 | Params: mike9,mike,Mike,Mike,m,23 Mars Place,abcdefghij,mike@mike.com,](junit.UsersTest) -->
  <testcase name="loginQueryTest[CASEcreateUser | Method: Email too long | Expected: 0 | Params: mike10,mike,Mike,Mike,m,23 Mars Place,23 Mars Place,aaaaaaaaaaaaaaaaaaaaa@aaaaaaaaaaaaaaaaaaaaa.com,] on loginQueryTest[CASEcreateUser | Method: Email too long | Expected: 0 | Params: mike10,mike,Mike,Mike,m,23 Mars Place,23 Mars Place,aaaaaaaaaaaaaaaaaaaaa@aaaaaaaaaaaaaaaaaaaaa.com,](junit.UsersTest)" time="0.886" classname="junit.UsersTest">
    <skipped/>
  </testcase> <!-- loginQueryTest[CASEcreateUser | Method: Email too long | Expected: 0 | Params: mike10,mike,Mike,Mike,m,23 Mars Place,23 Mars Place,aaaaaaaaaaaaaaaaaaaaa@aaaaaaaaaaaaaaaaaaaaa.com,] on loginQueryTest[CASEcreateUser | Method: Email too long | Expected: 0 | Params: mike10,mike,Mike,Mike,m,23 Mars Place,23 Mars Place,aaaaaaaaaaaaaaaaaaaaa@aaaaaaaaaaaaaaaaaaaaa.com,](junit.UsersTest) -->
  <testcase name="registerQueryTest[CASEcreateUser | Method: Email too long | Expected: 0 | Params: mike10,mike,Mike,Mike,m,23 Mars Place,23 Mars Place,aaaaaaaaaaaaaaaaaaaaa@aaaaaaaaaaaaaaaaaaaaa.com,] on registerQueryTest[CASEcreateUser | Method: Email too long | Expected: 0 | Params: mike10,mike,Mike,Mike,m,23 Mars Place,23 Mars Place,aaaaaaaaaaaaaaaaaaaaa@aaaaaaaaaaaaaaaaaaaaa.com,](junit.UsersTest)" time="0.887" classname="junit.UsersTest">
    <skipped/>
  </testcase> <!-- registerQueryTest[CASEcreateUser | Method: Email too long | Expected: 0 | Params: mike10,mike,Mike,Mike,m,23 Mars Place,23 Mars Place,aaaaaaaaaaaaaaaaaaaaa@aaaaaaaaaaaaaaaaaaaaa.com,] on registerQueryTest[CASEcreateUser | Method: Email too long | Expected: 0 | Params: mike10,mike,Mike,Mike,m,23 Mars Place,23 Mars Place,aaaaaaaaaaaaaaaaaaaaa@aaaaaaaaaaaaaaaaaaaaa.com,](junit.UsersTest) -->
  <testcase name="updateUserTest[CASEcreateUser | Method: Email too long | Expected: 0 | Params: mike10,mike,Mike,Mike,m,23 Mars Place,23 Mars Place,aaaaaaaaaaaaaaaaaaaaa@aaaaaaaaaaaaaaaaaaaaa.com,] on updateUserTest[CASEcreateUser | Method: Email too long | Expected: 0 | Params: mike10,mike,Mike,Mike,m,23 Mars Place,23 Mars Place,aaaaaaaaaaaaaaaaaaaaa@aaaaaaaaaaaaaaaaaaaaa.com,](junit.UsersTest)" time="0.888" classname="junit.UsersTest">
    <skipped/>
  </testcase> <!-- updateUserTest[CASEcreateUser | Method: Email too long | Expected: 0 | Params: mike10,mike,Mike,Mike,m,23 Mars Place,23 Mars Place,aaaaaaaaaaaaaaaaaaaaa@aaaaaaaaaaaaaaaaaaaaa.com,] on updateUserTest[CASEcreateUser | Method: Email too long | Expected: 0 | Params: mike10,mike,Mike,Mike,m,23 Mars Place,23 Mars Place,aaaaaaaaaaaaaaaaaaaaa@aaaaaaaaaaaaaaaaaaaaa.com,](junit.UsersTest) -->
  <testcase name="createUserTest[CASEcreateUser | Method: Email too long | Expected: 0 | Params: mike10,mike,Mike,Mike,m,23 Mars Place,23 Mars Place,aaaaaaaaaaaaaaaaaaaaa@aaaaaaaaaaaaaaaaaaaaa.com,] on createUserTest[CASEcreateUser | Method: Email too long | Expected: 0 | Params: mike10,mike,Mike,Mike,m,23 Mars Place,23 Mars Place,aaaaaaaaaaaaaaaaaaaaa@aaaaaaaaaaaaaaaaaaaaa.com,](junit.UsersTest)" time="0.913" classname="junit.UsersTest"/>
  <testcase name="getDetailsTest[CASEcreateUser | Method: Email too long | Expected: 0 | Params: mike10,mike,Mike,Mike,m,23 Mars Place,23 Mars Place,aaaaaaaaaaaaaaaaaaaaa@aaaaaaaaaaaaaaaaaaaaa.com,] on getDetailsTest[CASEcreateUser | Method: Email too long | Expected: 0 | Params: mike10,mike,Mike,Mike,m,23 Mars Place,23 Mars Place,aaaaaaaaaaaaaaaaaaaaa@aaaaaaaaaaaaaaaaaaaaa.com,](junit.UsersTest)" time="0.913" classname="junit.UsersTest">
    <skipped/>
  </testcase> <!-- getDetailsTest[CASEcreateUser | Method: Email too long | Expected: 0 | Params: mike10,mike,Mike,Mike,m,23 Mars Place,23 Mars Place,aaaaaaaaaaaaaaaaaaaaa@aaaaaaaaaaaaaaaaaaaaa.com,] on getDetailsTest[CASEcreateUser | Method: Email too long | Expected: 0 | Params: mike10,mike,Mike,Mike,m,23 Mars Place,23 Mars Place,aaaaaaaaaaaaaaaaaaaaa@aaaaaaaaaaaaaaaaaaaaa.com,](junit.UsersTest) -->
  <testcase name="invalid[CASEcreateUser | Method: Email too long | Expected: 0 | Params: mike10,mike,Mike,Mike,m,23 Mars Place,23 Mars Place,aaaaaaaaaaaaaaaaaaaaa@aaaaaaaaaaaaaaaaaaaaa.com,] on invalid[CASEcreateUser | Method: Email too long | Expected: 0 | Params: mike10,mike,Mike,Mike,m,23 Mars Place,23 Mars Place,aaaaaaaaaaaaaaaaaaaaa@aaaaaaaaaaaaaaaaaaaaa.com,](junit.UsersTest)" time="0.914" classname="junit.UsersTest">
    <skipped/>
  </testcase> <!-- invalid[CASEcreateUser | Method: Email too long | Expected: 0 | Params: mike10,mike,Mike,Mike,m,23 Mars Place,23 Mars Place,aaaaaaaaaaaaaaaaaaaaa@aaaaaaaaaaaaaaaaaaaaa.com,] on invalid[CASEcreateUser | Method: Email too long | Expected: 0 | Params: mike10,mike,Mike,Mike,m,23 Mars Place,23 Mars Place,aaaaaaaaaaaaaaaaaaaaa@aaaaaaaaaaaaaaaaaaaaa.com,](junit.UsersTest) -->
  <testcase name="loginQueryTest[CASEloginQuery | Method: Valid Normal Login Creds | Expected: 3 | Params: mike,mike,,,,,,,] on loginQueryTest[CASEloginQuery | Method: Valid Normal Login Creds | Expected: 3 | Params: mike,mike,,,,,,,](junit.UsersTest)" time="0.945" classname="junit.UsersTest"/>
  <testcase name="registerQueryTest[CASEloginQuery | Method: Valid Normal Login Creds | Expected: 3 | Params: mike,mike,,,,,,,] on registerQueryTest[CASEloginQuery | Method: Valid Normal Login Creds | Expected: 3 | Params: mike,mike,,,,,,,](junit.UsersTest)" time="0.946" classname="junit.UsersTest">
    <skipped/>
  </testcase> <!-- registerQueryTest[CASEloginQuery | Method: Valid Normal Login Creds | Expected: 3 | Params: mike,mike,,,,,,,] on registerQueryTest[CASEloginQuery | Method: Valid Normal Login Creds | Expected: 3 | Params: mike,mike,,,,,,,](junit.UsersTest) -->
  <testcase name="updateUserTest[CASEloginQuery | Method: Valid Normal Login Creds | Expected: 3 | Params: mike,mike,,,,,,,] on updateUserTest[CASEloginQuery | Method: Valid Normal Login Creds | Expected: 3 | Params: mike,mike,,,,,,,](junit.UsersTest)" time="0.947" classname="junit.UsersTest">
    <skipped/>
  </testcase> <!-- updateUserTest[CASEloginQuery | Method: Valid Normal Login Creds | Expected: 3 | Params: mike,mike,,,,,,,] on updateUserTest[CASEloginQuery | Method: Valid Normal Login Creds | Expected: 3 | Params: mike,mike,,,,,,,](junit.UsersTest) -->
  <testcase name="createUserTest[CASEloginQuery | Method: Valid Normal Login Creds | Expected: 3 | Params: mike,mike,,,,,,,] on createUserTest[CASEloginQuery | Method: Valid Normal Login Creds | Expected: 3 | Params: mike,mike,,,,,,,](junit.UsersTest)" time="0.946" classname="junit.UsersTest">
    <skipped/>
  </testcase> <!-- createUserTest[CASEloginQuery | Method: Valid Normal Login Creds | Expected: 3 | Params: mike,mike,,,,,,,] on createUserTest[CASEloginQuery | Method: Valid Normal Login Creds | Expected: 3 | Params: mike,mike,,,,,,,](junit.UsersTest) -->
  <testcase name="getDetailsTest[CASEloginQuery | Method: Valid Normal Login Creds | Expected: 3 | Params: mike,mike,,,,,,,] on getDetailsTest[CASEloginQuery | Method: Valid Normal Login Creds | Expected: 3 | Params: mike,mike,,,,,,,](junit.UsersTest)" time="0.947" classname="junit.UsersTest">
    <skipped/>
  </testcase> <!-- getDetailsTest[CASEloginQuery | Method: Valid Normal Login Creds | Expected: 3 | Params: mike,mike,,,,,,,] on getDetailsTest[CASEloginQuery | Method: Valid Normal Login Creds | Expected: 3 | Params: mike,mike,,,,,,,](junit.UsersTest) -->
  <testcase name="invalid[CASEloginQuery | Method: Valid Normal Login Creds | Expected: 3 | Params: mike,mike,,,,,,,] on invalid[CASEloginQuery | Method: Valid Normal Login Creds | Expected: 3 | Params: mike,mike,,,,,,,](junit.UsersTest)" time="0.949" classname="junit.UsersTest">
    <skipped/>
  </testcase> <!-- invalid[CASEloginQuery | Method: Valid Normal Login Creds | Expected: 3 | Params: mike,mike,,,,,,,] on invalid[CASEloginQuery | Method: Valid Normal Login Creds | Expected: 3 | Params: mike,mike,,,,,,,](junit.UsersTest) -->
  <testcase name="loginQueryTest[CASEloginQuery | Method: Invalid username | Expected: null | Params: abcd1234,mike,,,,,,,] on loginQueryTest[CASEloginQuery | Method: Invalid username | Expected: null | Params: abcd1234,mike,,,,,,,](junit.UsersTest)" time="0.975" classname="junit.UsersTest"/>
  <testcase name="registerQueryTest[CASEloginQuery | Method: Invalid username | Expected: null | Params: abcd1234,mike,,,,,,,] on registerQueryTest[CASEloginQuery | Method: Invalid username | Expected: null | Params: abcd1234,mike,,,,,,,](junit.UsersTest)" time="0.976" classname="junit.UsersTest">
    <skipped/>
  </testcase> <!-- registerQueryTest[CASEloginQuery | Method: Invalid username | Expected: null | Params: abcd1234,mike,,,,,,,] on registerQueryTest[CASEloginQuery | Method: Invalid username | Expected: null | Params: abcd1234,mike,,,,,,,](junit.UsersTest) -->
  <testcase name="updateUserTest[CASEloginQuery | Method: Invalid username | Expected: null | Params: abcd1234,mike,,,,,,,] on updateUserTest[CASEloginQuery | Method: Invalid username | Expected: null | Params: abcd1234,mike,,,,,,,](junit.UsersTest)" time="0.977" classname="junit.UsersTest">
    <skipped/>
  </testcase> <!-- updateUserTest[CASEloginQuery | Method: Invalid username | Expected: null | Params: abcd1234,mike,,,,,,,] on updateUserTest[CASEloginQuery | Method: Invalid username | Expected: null | Params: abcd1234,mike,,,,,,,](junit.UsersTest) -->
  <testcase name="createUserTest[CASEloginQuery | Method: Invalid username | Expected: null | Params: abcd1234,mike,,,,,,,] on createUserTest[CASEloginQuery | Method: Invalid username | Expected: null | Params: abcd1234,mike,,,,,,,](junit.UsersTest)" time="0.978" classname="junit.UsersTest">
    <skipped/>
  </testcase> <!-- createUserTest[CASEloginQuery | Method: Invalid username | Expected: null | Params: abcd1234,mike,,,,,,,] on createUserTest[CASEloginQuery | Method: Invalid username | Expected: null | Params: abcd1234,mike,,,,,,,](junit.UsersTest) -->
  <testcase name="getDetailsTest[CASEloginQuery | Method: Invalid username | Expected: null | Params: abcd1234,mike,,,,,,,] on getDetailsTest[CASEloginQuery | Method: Invalid username | Expected: null | Params: abcd1234,mike,,,,,,,](junit.UsersTest)" time="0.979" classname="junit.UsersTest">
    <skipped/>
  </testcase> <!-- getDetailsTest[CASEloginQuery | Method: Invalid username | Expected: null | Params: abcd1234,mike,,,,,,,] on getDetailsTest[CASEloginQuery | Method: Invalid username | Expected: null | Params: abcd1234,mike,,,,,,,](junit.UsersTest) -->
  <testcase name="invalid[CASEloginQuery | Method: Invalid username | Expected: null | Params: abcd1234,mike,,,,,,,] on invalid[CASEloginQuery | Method: Invalid username | Expected: null | Params: abcd1234,mike,,,,,,,](junit.UsersTest)" time="0.981" classname="junit.UsersTest">
    <skipped/>
  </testcase> <!-- invalid[CASEloginQuery | Method: Invalid username | Expected: null | Params: abcd1234,mike,,,,,,,] on invalid[CASEloginQuery | Method: Invalid username | Expected: null | Params: abcd1234,mike,,,,,,,](junit.UsersTest) -->
  <testcase name="loginQueryTest[CASEloginQuery | Method: Invalid password | Expected: null | Params: mike,abcd1234,,,,,,,] on loginQueryTest[CASEloginQuery | Method: Invalid password | Expected: null | Params: mike,abcd1234,,,,,,,](junit.UsersTest)" time="1.01" classname="junit.UsersTest"/>
  <testcase name="registerQueryTest[CASEloginQuery | Method: Invalid password | Expected: null | Params: mike,abcd1234,,,,,,,] on registerQueryTest[CASEloginQuery | Method: Invalid password | Expected: null | Params: mike,abcd1234,,,,,,,](junit.UsersTest)" time="1.01" classname="junit.UsersTest">
    <skipped/>
  </testcase> <!-- registerQueryTest[CASEloginQuery | Method: Invalid password | Expected: null | Params: mike,abcd1234,,,,,,,] on registerQueryTest[CASEloginQuery | Method: Invalid password | Expected: null | Params: mike,abcd1234,,,,,,,](junit.UsersTest) -->
  <testcase name="updateUserTest[CASEloginQuery | Method: Invalid password | Expected: null | Params: mike,abcd1234,,,,,,,] on updateUserTest[CASEloginQuery | Method: Invalid password | Expected: null | Params: mike,abcd1234,,,,,,,](junit.UsersTest)" time="1.011" classname="junit.UsersTest">
    <skipped/>
  </testcase> <!-- updateUserTest[CASEloginQuery | Method: Invalid password | Expected: null | Params: mike,abcd1234,,,,,,,] on updateUserTest[CASEloginQuery | Method: Invalid password | Expected: null | Params: mike,abcd1234,,,,,,,](junit.UsersTest) -->
  <testcase name="createUserTest[CASEloginQuery | Method: Invalid password | Expected: null | Params: mike,abcd1234,,,,,,,] on createUserTest[CASEloginQuery | Method: Invalid password | Expected: null | Params: mike,abcd1234,,,,,,,](junit.UsersTest)" time="1.012" classname="junit.UsersTest">
    <skipped/>
  </testcase> <!-- createUserTest[CASEloginQuery | Method: Invalid password | Expected: null | Params: mike,abcd1234,,,,,,,] on createUserTest[CASEloginQuery | Method: Invalid password | Expected: null | Params: mike,abcd1234,,,,,,,](junit.UsersTest) -->
  <testcase name="getDetailsTest[CASEloginQuery | Method: Invalid password | Expected: null | Params: mike,abcd1234,,,,,,,] on getDetailsTest[CASEloginQuery | Method: Invalid password | Expected: null | Params: mike,abcd1234,,,,,,,](junit.UsersTest)" time="1.013" classname="junit.UsersTest">
    <skipped/>
  </testcase> <!-- getDetailsTest[CASEloginQuery | Method: Invalid password | Expected: null | Params: mike,abcd1234,,,,,,,] on getDetailsTest[CASEloginQuery | Method: Invalid password | Expected: null | Params: mike,abcd1234,,,,,,,](junit.UsersTest) -->
  <testcase name="invalid[CASEloginQuery | Method: Invalid password | Expected: null | Params: mike,abcd1234,,,,,,,] on invalid[CASEloginQuery | Method: Invalid password | Expected: null | Params: mike,abcd1234,,,,,,,](junit.UsersTest)" time="1.014" classname="junit.UsersTest">
    <skipped/>
  </testcase> <!-- invalid[CASEloginQuery | Method: Invalid password | Expected: null | Params: mike,abcd1234,,,,,,,] on invalid[CASEloginQuery | Method: Invalid password | Expected: null | Params: mike,abcd1234,,,,,,,](junit.UsersTest) -->
  <testcase name="loginQueryTest[CASEloginQuery | Method: Invalid username (too long) | Expected: null | Params: abcdefghijklmnopqrstuvwxyz,mike,,,,,,,] on loginQueryTest[CASEloginQuery | Method: Invalid username (too long) | Expected: null | Params: abcdefghijklmnopqrstuvwxyz,mike,,,,,,,](junit.UsersTest)" time="1.041" classname="junit.UsersTest"/>
  <testcase name="registerQueryTest[CASEloginQuery | Method: Invalid username (too long) | Expected: null | Params: abcdefghijklmnopqrstuvwxyz,mike,,,,,,,] on registerQueryTest[CASEloginQuery | Method: Invalid username (too long) | Expected: null | Params: abcdefghijklmnopqrstuvwxyz,mike,,,,,,,](junit.UsersTest)" time="1.042" classname="junit.UsersTest">
    <skipped/>
  </testcase> <!-- registerQueryTest[CASEloginQuery | Method: Invalid username (too long) | Expected: null | Params: abcdefghijklmnopqrstuvwxyz,mike,,,,,,,] on registerQueryTest[CASEloginQuery | Method: Invalid username (too long) | Expected: null | Params: abcdefghijklmnopqrstuvwxyz,mike,,,,,,,](junit.UsersTest) -->
  <testcase name="updateUserTest[CASEloginQuery | Method: Invalid username (too long) | Expected: null | Params: abcdefghijklmnopqrstuvwxyz,mike,,,,,,,] on updateUserTest[CASEloginQuery | Method: Invalid username (too long) | Expected: null | Params: abcdefghijklmnopqrstuvwxyz,mike,,,,,,,](junit.UsersTest)" time="1.043" classname="junit.UsersTest">
    <skipped/>
  </testcase> <!-- updateUserTest[CASEloginQuery | Method: Invalid username (too long) | Expected: null | Params: abcdefghijklmnopqrstuvwxyz,mike,,,,,,,] on updateUserTest[CASEloginQuery | Method: Invalid username (too long) | Expected: null | Params: abcdefghijklmnopqrstuvwxyz,mike,,,,,,,](junit.UsersTest) -->
  <testcase name="createUserTest[CASEloginQuery | Method: Invalid username (too long) | Expected: null | Params: abcdefghijklmnopqrstuvwxyz,mike,,,,,,,] on createUserTest[CASEloginQuery | Method: Invalid username (too long) | Expected: null | Params: abcdefghijklmnopqrstuvwxyz,mike,,,,,,,](junit.UsersTest)" time="1.044" classname="junit.UsersTest">
    <skipped/>
  </testcase> <!-- createUserTest[CASEloginQuery | Method: Invalid username (too long) | Expected: null | Params: abcdefghijklmnopqrstuvwxyz,mike,,,,,,,] on createUserTest[CASEloginQuery | Method: Invalid username (too long) | Expected: null | Params: abcdefghijklmnopqrstuvwxyz,mike,,,,,,,](junit.UsersTest) -->
  <testcase name="getDetailsTest[CASEloginQuery | Method: Invalid username (too long) | Expected: null | Params: abcdefghijklmnopqrstuvwxyz,mike,,,,,,,] on getDetailsTest[CASEloginQuery | Method: Invalid username (too long) | Expected: null | Params: abcdefghijklmnopqrstuvwxyz,mike,,,,,,,](junit.UsersTest)" time="1.046" classname="junit.UsersTest">
    <skipped/>
  </testcase> <!-- getDetailsTest[CASEloginQuery | Method: Invalid username (too long) | Expected: null | Params: abcdefghijklmnopqrstuvwxyz,mike,,,,,,,] on getDetailsTest[CASEloginQuery | Method: Invalid username (too long) | Expected: null | Params: abcdefghijklmnopqrstuvwxyz,mike,,,,,,,](junit.UsersTest) -->
  <testcase name="invalid[CASEloginQuery | Method: Invalid username (too long) | Expected: null | Params: abcdefghijklmnopqrstuvwxyz,mike,,,,,,,] on invalid[CASEloginQuery | Method: Invalid username (too long) | Expected: null | Params: abcdefghijklmnopqrstuvwxyz,mike,,,,,,,](junit.UsersTest)" time="1.047" classname="junit.UsersTest">
    <skipped/>
  </testcase> <!-- invalid[CASEloginQuery | Method: Invalid username (too long) | Expected: null | Params: abcdefghijklmnopqrstuvwxyz,mike,,,,,,,] on invalid[CASEloginQuery | Method: Invalid username (too long) | Expected: null | Params: abcdefghijklmnopqrstuvwxyz,mike,,,,,,,](junit.UsersTest) -->
  <testcase name="loginQueryTest[CASEloginQuery | Method: Invalid password (too long) | Expected: null | Params: mike,abcdefghijklmnopqrstuvwxyz,,,,,,,] on loginQueryTest[CASEloginQuery | Method: Invalid password (too long) | Expected: null | Params: mike,abcdefghijklmnopqrstuvwxyz,,,,,,,](junit.UsersTest)" time="1.073" classname="junit.UsersTest"/>
  <testcase name="registerQueryTest[CASEloginQuery | Method: Invalid password (too long) | Expected: null | Params: mike,abcdefghijklmnopqrstuvwxyz,,,,,,,] on registerQueryTest[CASEloginQuery | Method: Invalid password (too long) | Expected: null | Params: mike,abcdefghijklmnopqrstuvwxyz,,,,,,,](junit.UsersTest)" time="1.074" classname="junit.UsersTest">
    <skipped/>
  </testcase> <!-- registerQueryTest[CASEloginQuery | Method: Invalid password (too long) | Expected: null | Params: mike,abcdefghijklmnopqrstuvwxyz,,,,,,,] on registerQueryTest[CASEloginQuery | Method: Invalid password (too long) | Expected: null | Params: mike,abcdefghijklmnopqrstuvwxyz,,,,,,,](junit.UsersTest) -->
  <testcase name="updateUserTest[CASEloginQuery | Method: Invalid password (too long) | Expected: null | Params: mike,abcdefghijklmnopqrstuvwxyz,,,,,,,] on updateUserTest[CASEloginQuery | Method: Invalid password (too long) | Expected: null | Params: mike,abcdefghijklmnopqrstuvwxyz,,,,,,,](junit.UsersTest)" time="1.075" classname="junit.UsersTest">
    <skipped/>
  </testcase> <!-- updateUserTest[CASEloginQuery | Method: Invalid password (too long) | Expected: null | Params: mike,abcdefghijklmnopqrstuvwxyz,,,,,,,] on updateUserTest[CASEloginQuery | Method: Invalid password (too long) | Expected: null | Params: mike,abcdefghijklmnopqrstuvwxyz,,,,,,,](junit.UsersTest) -->
  <testcase name="createUserTest[CASEloginQuery | Method: Invalid password (too long) | Expected: null | Params: mike,abcdefghijklmnopqrstuvwxyz,,,,,,,] on createUserTest[CASEloginQuery | Method: Invalid password (too long) | Expected: null | Params: mike,abcdefghijklmnopqrstuvwxyz,,,,,,,](junit.UsersTest)" time="1.075" classname="junit.UsersTest">
    <skipped/>
  </testcase> <!-- createUserTest[CASEloginQuery | Method: Invalid password (too long) | Expected: null | Params: mike,abcdefghijklmnopqrstuvwxyz,,,,,,,] on createUserTest[CASEloginQuery | Method: Invalid password (too long) | Expected: null | Params: mike,abcdefghijklmnopqrstuvwxyz,,,,,,,](junit.UsersTest) -->
  <testcase name="getDetailsTest[CASEloginQuery | Method: Invalid password (too long) | Expected: null | Params: mike,abcdefghijklmnopqrstuvwxyz,,,,,,,] on getDetailsTest[CASEloginQuery | Method: Invalid password (too long) | Expected: null | Params: mike,abcdefghijklmnopqrstuvwxyz,,,,,,,](junit.UsersTest)" time="1.076" classname="junit.UsersTest">
    <skipped/>
  </testcase> <!-- getDetailsTest[CASEloginQuery | Method: Invalid password (too long) | Expected: null | Params: mike,abcdefghijklmnopqrstuvwxyz,,,,,,,] on getDetailsTest[CASEloginQuery | Method: Invalid password (too long) | Expected: null | Params: mike,abcdefghijklmnopqrstuvwxyz,,,,,,,](junit.UsersTest) -->
  <testcase name="invalid[CASEloginQuery | Method: Invalid password (too long) | Expected: null | Params: mike,abcdefghijklmnopqrstuvwxyz,,,,,,,] on invalid[CASEloginQuery | Method: Invalid password (too long) | Expected: null | Params: mike,abcdefghijklmnopqrstuvwxyz,,,,,,,](junit.UsersTest)" time="1.076" classname="junit.UsersTest">
    <skipped/>
  </testcase> <!-- invalid[CASEloginQuery | Method: Invalid password (too long) | Expected: null | Params: mike,abcdefghijklmnopqrstuvwxyz,,,,,,,] on invalid[CASEloginQuery | Method: Invalid password (too long) | Expected: null | Params: mike,abcdefghijklmnopqrstuvwxyz,,,,,,,](junit.UsersTest) -->
  <testcase name="loginQueryTest[CASEgetDetails | Method: Valid ID | Expected: mike | Params: ,,,,,,,,3] on loginQueryTest[CASEgetDetails | Method: Valid ID | Expected: mike | Params: ,,,,,,,,3](junit.UsersTest)" time="1.078" classname="junit.UsersTest">
    <skipped/>
  </testcase> <!-- loginQueryTest[CASEgetDetails | Method: Valid ID | Expected: mike | Params: ,,,,,,,,3] on loginQueryTest[CASEgetDetails | Method: Valid ID | Expected: mike | Params: ,,,,,,,,3](junit.UsersTest) -->
  <testcase name="registerQueryTest[CASEgetDetails | Method: Valid ID | Expected: mike | Params: ,,,,,,,,3] on registerQueryTest[CASEgetDetails | Method: Valid ID | Expected: mike | Params: ,,,,,,,,3](junit.UsersTest)" time="1.079" classname="junit.UsersTest">
    <skipped/>
  </testcase> <!-- registerQueryTest[CASEgetDetails | Method: Valid ID | Expected: mike | Params: ,,,,,,,,3] on registerQueryTest[CASEgetDetails | Method: Valid ID | Expected: mike | Params: ,,,,,,,,3](junit.UsersTest) -->
  <testcase name="updateUserTest[CASEgetDetails | Method: Valid ID | Expected: mike | Params: ,,,,,,,,3] on updateUserTest[CASEgetDetails | Method: Valid ID | Expected: mike | Params: ,,,,,,,,3](junit.UsersTest)" time="1.08" classname="junit.UsersTest">
    <skipped/>
  </testcase> <!-- updateUserTest[CASEgetDetails | Method: Valid ID | Expected: mike | Params: ,,,,,,,,3] on updateUserTest[CASEgetDetails | Method: Valid ID | Expected: mike | Params: ,,,,,,,,3](junit.UsersTest) -->
  <testcase name="createUserTest[CASEgetDetails | Method: Valid ID | Expected: mike | Params: ,,,,,,,,3] on createUserTest[CASEgetDetails | Method: Valid ID | Expected: mike | Params: ,,,,,,,,3](junit.UsersTest)" time="1.081" classname="junit.UsersTest">
    <skipped/>
  </testcase> <!-- createUserTest[CASEgetDetails | Method: Valid ID | Expected: mike | Params: ,,,,,,,,3] on createUserTest[CASEgetDetails | Method: Valid ID | Expected: mike | Params: ,,,,,,,,3](junit.UsersTest) -->
  <testcase name="getDetailsTest[CASEgetDetails | Method: Valid ID | Expected: mike | Params: ,,,,,,,,3] on getDetailsTest[CASEgetDetails | Method: Valid ID | Expected: mike | Params: ,,,,,,,,3](junit.UsersTest)" time="1.113" classname="junit.UsersTest"/>
  <testcase name="invalid[CASEgetDetails | Method: Valid ID | Expected: mike | Params: ,,,,,,,,3] on invalid[CASEgetDetails | Method: Valid ID | Expected: mike | Params: ,,,,,,,,3](junit.UsersTest)" time="1.114" classname="junit.UsersTest">
    <skipped/>
  </testcase> <!-- invalid[CASEgetDetails | Method: Valid ID | Expected: mike | Params: ,,,,,,,,3] on invalid[CASEgetDetails | Method: Valid ID | Expected: mike | Params: ,,,,,,,,3](junit.UsersTest) -->
  <testcase name="loginQueryTest[CASEgetDetails | Method: Invalid ID | Expected: null | Params: ,,,,,,,,4000] on loginQueryTest[CASEgetDetails | Method: Invalid ID | Expected: null | Params: ,,,,,,,,4000](junit.UsersTest)" time="1.114" classname="junit.UsersTest">
    <skipped/>
  </testcase> <!-- loginQueryTest[CASEgetDetails | Method: Invalid ID | Expected: null | Params: ,,,,,,,,4000] on loginQueryTest[CASEgetDetails | Method: Invalid ID | Expected: null | Params: ,,,,,,,,4000](junit.UsersTest) -->
  <testcase name="registerQueryTest[CASEgetDetails | Method: Invalid ID | Expected: null | Params: ,,,,,,,,4000] on registerQueryTest[CASEgetDetails | Method: Invalid ID | Expected: null | Params: ,,,,,,,,4000](junit.UsersTest)" time="1.116" classname="junit.UsersTest">
    <skipped/>
  </testcase> <!-- registerQueryTest[CASEgetDetails | Method: Invalid ID | Expected: null | Params: ,,,,,,,,4000] on registerQueryTest[CASEgetDetails | Method: Invalid ID | Expected: null | Params: ,,,,,,,,4000](junit.UsersTest) -->
  <testcase name="updateUserTest[CASEgetDetails | Method: Invalid ID | Expected: null | Params: ,,,,,,,,4000] on updateUserTest[CASEgetDetails | Method: Invalid ID | Expected: null | Params: ,,,,,,,,4000](junit.UsersTest)" time="1.117" classname="junit.UsersTest">
    <skipped/>
  </testcase> <!-- updateUserTest[CASEgetDetails | Method: Invalid ID | Expected: null | Params: ,,,,,,,,4000] on updateUserTest[CASEgetDetails | Method: Invalid ID | Expected: null | Params: ,,,,,,,,4000](junit.UsersTest) -->
  <testcase name="createUserTest[CASEgetDetails | Method: Invalid ID | Expected: null | Params: ,,,,,,,,4000] on createUserTest[CASEgetDetails | Method: Invalid ID | Expected: null | Params: ,,,,,,,,4000](junit.UsersTest)" time="1.118" classname="junit.UsersTest">
    <skipped/>
  </testcase> <!-- createUserTest[CASEgetDetails | Method: Invalid ID | Expected: null | Params: ,,,,,,,,4000] on createUserTest[CASEgetDetails | Method: Invalid ID | Expected: null | Params: ,,,,,,,,4000](junit.UsersTest) -->
  <testcase name="getDetailsTest[CASEgetDetails | Method: Invalid ID | Expected: null | Params: ,,,,,,,,4000] on getDetailsTest[CASEgetDetails | Method: Invalid ID | Expected: null | Params: ,,,,,,,,4000](junit.UsersTest)" time="1.144" classname="junit.UsersTest"/>
  <testcase name="invalid[CASEgetDetails | Method: Invalid ID | Expected: null | Params: ,,,,,,,,4000] on invalid[CASEgetDetails | Method: Invalid ID | Expected: null | Params: ,,,,,,,,4000](junit.UsersTest)" time="1.144" classname="junit.UsersTest">
    <skipped/>
  </testcase> <!-- invalid[CASEgetDetails | Method: Invalid ID | Expected: null | Params: ,,,,,,,,4000] on invalid[CASEgetDetails | Method: Invalid ID | Expected: null | Params: ,,,,,,,,4000](junit.UsersTest) -->
  <testcase name="loginQueryTest[CASEgetDetails | Method: ID contains non-numeric chars | Expected: null | Params: ,,,,,,,,abc] on loginQueryTest[CASEgetDetails | Method: ID contains non-numeric chars | Expected: null | Params: ,,,,,,,,abc](junit.UsersTest)" time="1.146" classname="junit.UsersTest">
    <skipped/>
  </testcase> <!-- loginQueryTest[CASEgetDetails | Method: ID contains non-numeric chars | Expected: null | Params: ,,,,,,,,abc] on loginQueryTest[CASEgetDetails | Method: ID contains non-numeric chars | Expected: null | Params: ,,,,,,,,abc](junit.UsersTest) -->
  <testcase name="registerQueryTest[CASEgetDetails | Method: ID contains non-numeric chars | Expected: null | Params: ,,,,,,,,abc] on registerQueryTest[CASEgetDetails | Method: ID contains non-numeric chars | Expected: null | Params: ,,,,,,,,abc](junit.UsersTest)" time="1.146" classname="junit.UsersTest">
    <skipped/>
  </testcase> <!-- registerQueryTest[CASEgetDetails | Method: ID contains non-numeric chars | Expected: null | Params: ,,,,,,,,abc] on registerQueryTest[CASEgetDetails | Method: ID contains non-numeric chars | Expected: null | Params: ,,,,,,,,abc](junit.UsersTest) -->
  <testcase name="updateUserTest[CASEgetDetails | Method: ID contains non-numeric chars | Expected: null | Params: ,,,,,,,,abc] on updateUserTest[CASEgetDetails | Method: ID contains non-numeric chars | Expected: null | Params: ,,,,,,,,abc](junit.UsersTest)" time="1.146" classname="junit.UsersTest">
    <skipped/>
  </testcase> <!-- updateUserTest[CASEgetDetails | Method: ID contains non-numeric chars | Expected: null | Params: ,,,,,,,,abc] on updateUserTest[CASEgetDetails | Method: ID contains non-numeric chars | Expected: null | Params: ,,,,,,,,abc](junit.UsersTest) -->
  <testcase name="createUserTest[CASEgetDetails | Method: ID contains non-numeric chars | Expected: null | Params: ,,,,,,,,abc] on createUserTest[CASEgetDetails | Method: ID contains non-numeric chars | Expected: null | Params: ,,,,,,,,abc](junit.UsersTest)" time="1.147" classname="junit.UsersTest">
    <skipped/>
  </testcase> <!-- createUserTest[CASEgetDetails | Method: ID contains non-numeric chars | Expected: null | Params: ,,,,,,,,abc] on createUserTest[CASEgetDetails | Method: ID contains non-numeric chars | Expected: null | Params: ,,,,,,,,abc](junit.UsersTest) -->
  <testcase name="getDetailsTest[CASEgetDetails | Method: ID contains non-numeric chars | Expected: null | Params: ,,,,,,,,abc] on getDetailsTest[CASEgetDetails | Method: ID contains non-numeric chars | Expected: null | Params: ,,,,,,,,abc](junit.UsersTest)" time="1.171" classname="junit.UsersTest"/>
  <testcase name="invalid[CASEgetDetails | Method: ID contains non-numeric chars | Expected: null | Params: ,,,,,,,,abc] on invalid[CASEgetDetails | Method: ID contains non-numeric chars | Expected: null | Params: ,,,,,,,,abc](junit.UsersTest)" time="1.171" classname="junit.UsersTest">
    <skipped/>
  </testcase> <!-- invalid[CASEgetDetails | Method: ID contains non-numeric chars | Expected: null | Params: ,,,,,,,,abc] on invalid[CASEgetDetails | Method: ID contains non-numeric chars | Expected: null | Params: ,,,,,,,,abc](junit.UsersTest) -->
  <testcase name="loginQueryTest[CASEupdateUser | Method: Valid credentials; user updated | Expected: 1 | Params: ,test,Mike,Mike,,23 Mars Place,1234567890,mike@mike.com,2] on loginQueryTest[CASEupdateUser | Method: Valid credentials; user updated | Expected: 1 | Params: ,test,Mike,Mike,,23 Mars Place,1234567890,mike@mike.com,2](junit.UsersTest)" time="1.172" classname="junit.UsersTest">
    <skipped/>
  </testcase> <!-- loginQueryTest[CASEupdateUser | Method: Valid credentials; user updated | Expected: 1 | Params: ,test,Mike,Mike,,23 Mars Place,1234567890,mike@mike.com,2] on loginQueryTest[CASEupdateUser | Method: Valid credentials; user updated | Expected: 1 | Params: ,test,Mike,Mike,,23 Mars Place,1234567890,mike@mike.com,2](junit.UsersTest) -->
  <testcase name="registerQueryTest[CASEupdateUser | Method: Valid credentials; user updated | Expected: 1 | Params: ,test,Mike,Mike,,23 Mars Place,1234567890,mike@mike.com,2] on registerQueryTest[CASEupdateUser | Method: Valid credentials; user updated | Expected: 1 | Params: ,test,Mike,Mike,,23 Mars Place,1234567890,mike@mike.com,2](junit.UsersTest)" time="1.173" classname="junit.UsersTest">
    <skipped/>
  </testcase> <!-- registerQueryTest[CASEupdateUser | Method: Valid credentials; user updated | Expected: 1 | Params: ,test,Mike,Mike,,23 Mars Place,1234567890,mike@mike.com,2] on registerQueryTest[CASEupdateUser | Method: Valid credentials; user updated | Expected: 1 | Params: ,test,Mike,Mike,,23 Mars Place,1234567890,mike@mike.com,2](junit.UsersTest) -->
[...]
    <skipped/>
  </testcase> <!-- registerQueryTest[CASEupdateUser | Method: Lastname too long | Expected: 0 | Params: ,test,Mike,aaaaaaaaaaaaaaaaaaaaa,,23 Mars Place,1234567890,mike@mike.com,2] on registerQueryTest[CASEupdateUser | Method: Lastname too long | Expected: 0 | Params: ,test,Mike,aaaaaaaaaaaaaaaaaaaaa,,23 Mars Place,1234567890,mike@mike.com,2](junit.UsersTest) -->
  <testcase name="updateUserTest[CASEupdateUser | Method: Lastname too long | Expected: 0 | Params: ,test,Mike,aaaaaaaaaaaaaaaaaaaaa,,23 Mars Place,1234567890,mike@mike.com,2] on updateUserTest[CASEupdateUser | Method: Lastname too long | Expected: 0 | Params: ,test,Mike,aaaaaaaaaaaaaaaaaaaaa,,23 Mars Place,1234567890,mike@mike.com,2](junit.UsersTest)" time="0.738" classname="junit.UsersTest"/>
  <testcase name="createUserTest[CASEupdateUser | Method: Lastname too long | Expected: 0 | Params: ,test,Mike,aaaaaaaaaaaaaaaaaaaaa,,23 Mars Place,1234567890,mike@mike.com,2] on createUserTest[CASEupdateUser | Method: Lastname too long | Expected: 0 | Params: ,test,Mike,aaaaaaaaaaaaaaaaaaaaa,,23 Mars Place,1234567890,mike@mike.com,2](junit.UsersTest)" time="0.739" classname="junit.UsersTest">
    <skipped/>
  </testcase> <!-- createUserTest[CASEupdateUser | Method: Lastname too long | Expected: 0 | Params: ,test,Mike,aaaaaaaaaaaaaaaaaaaaa,,23 Mars Place,1234567890,mike@mike.com,2] on createUserTest[CASEupdateUser | Method: Lastname too long | Expected: 0 | Params: ,test,Mike,aaaaaaaaaaaaaaaaaaaaa,,23 Mars Place,1234567890,mike@mike.com,2](junit.UsersTest) -->
  <testcase name="getDetailsTest[CASEupdateUser | Method: Lastname too long | Expected: 0 | Params: ,test,Mike,aaaaaaaaaaaaaaaaaaaaa,,23 Mars Place,1234567890,mike@mike.com,2] on getDetailsTest[CASEupdateUser | Method: Lastname too long | Expected: 0 | Params: ,test,Mike,aaaaaaaaaaaaaaaaaaaaa,,23 Mars Place,1234567890,mike@mike.com,2](junit.UsersTest)" time="0.739" classname="junit.UsersTest">
    <skipped/>
  </testcase> <!-- getDetailsTest[CASEupdateUser | Method: Lastname too long | Expected: 0 | Params: ,test,Mike,aaaaaaaaaaaaaaaaaaaaa,,23 Mars Place,1234567890,mike@mike.com,2] on getDetailsTest[CASEupdateUser | Method: Lastname too long | Expected: 0 | Params: ,test,Mike,aaaaaaaaaaaaaaaaaaaaa,,23 Mars Place,1234567890,mike@mike.com,2](junit.UsersTest) -->
  <testcase name="invalid[CASEupdateUser | Method: Lastname too long | Expected: 0 | Params: ,test,Mike,aaaaaaaaaaaaaaaaaaaaa,,23 Mars Place,1234567890,mike@mike.com,2] on invalid[CASEupdateUser | Method: Lastname too long | Expected: 0 | Params: ,test,Mike,aaaaaaaaaaaaaaaaaaaaa,,23 Mars Place,1234567890,mike@mike.com,2](junit.UsersTest)" time="0.74" classname="junit.UsersTest">
    <skipped/>
  </testcase> <!-- invalid[CASEupdateUser | Method: Lastname too long | Expected: 0 | Params: ,test,Mike,aaaaaaaaaaaaaaaaaaaaa,,23 Mars Place,1234567890,mike@mike.com,2] on invalid[CASEupdateUser | Method: Lastname too long | Expected: 0 | Params: ,test,Mike,aaaaaaaaaaaaaaaaaaaaa,,23 Mars Place,1234567890,mike@mike.com,2](junit.UsersTest) -->
  <testcase name="loginQueryTest[CASEupdateUser | Method: Address too long | Expected: 0 | Params: ,test,Mike,Mike,,aaaaaaaaaaaaaaaaaaaaaaaaaaaaaaaaaaaaaaaaaaaaaaaaaaaaaaaaaaaaaaaaaaaaaaaaaaaaaaaaaaaaaaaaaaaaaaaaaaaaaaaaaaaaaaaaaaaaaaaaaaaaaaaaaaaaaaaaaaaaaaaaaaaaaaaaaaaaaaaaaaaaaaaaaaaaaaaaaaaaaaaaaaaaaaaaaaaaaaaaaaaaaaaaaaaaaaaaaa,1234567890,mike@mike.com,2] on loginQueryTest[CASEupdateUser | Method: Address too long | Expected: 0 | Params: ,test,Mike,Mike,,aaaaaaaaaaaaaaaaaaaaaaaaaaaaaaaaaaaaaaaaaaaaaaaaaaaaaaaaaaaaaaaaaaaaaaaaaaaaaaaaaaaaaaaaaaaaaaaaaaaaaaaaaaaaaaaaaaaaaaaaaaaaaaaaaaaaaaaaaaaaaaaaaaaaaaaaaaaaaaaaaaaaaaaaaaaaaaaaaaaaaaaaaaaaaaaaaaaaaaaaaaaaaaaaaaaaaaaaaa,1234567890,mike@mike.com,2](junit.UsersTest)" time="0.739" classname="junit.UsersTest">
    <skipped/>
  </testcase> <!-- loginQueryTest[CASEupdateUser | Method: Address too long | Expected: 0 | Params: ,test,Mike,Mike,,aaaaaaaaaaaaaaaaaaaaaaaaaaaaaaaaaaaaaaaaaaaaaaaaaaaaaaaaaaaaaaaaaaaaaaaaaaaaaaaaaaaaaaaaaaaaaaaaaaaaaaaaaaaaaaaaaaaaaaaaaaaaaaaaaaaaaaaaaaaaaaaaaaaaaaaaaaaaaaaaaaaaaaaaaaaaaaaaaaaaaaaaaaaaaaaaaaaaaaaaaaaaaaaaaaaaaaaaaa,1234567890,mike@mike.com,2] on loginQueryTest[CASEupdateUser | Method: Address too long | Expected: 0 | Params: ,test,Mike,Mike,,aaaaaaaaaaaaaaaaaaaaaaaaaaaaaaaaaaaaaaaaaaaaaaaaaaaaaaaaaaaaaaaaaaaaaaaaaaaaaaaaaaaaaaaaaaaaaaaaaaaaaaaaaaaaaaaaaaaaaaaaaaaaaaaaaaaaaaaaaaaaaaaaaaaaaaaaaaaaaaaaaaaaaaaaaaaaaaaaaaaaaaaaaaaaaaaaaaaaaaaaaaaaaaaaaaaaaaaaaa,1234567890,mike@mike.com,2](junit.UsersTest) -->
  <testcase name="registerQueryTest[CASEupdateUser | Method: Address too long | Expected: 0 | Params: ,test,Mike,Mike,,aaaaaaaaaaaaaaaaaaaaaaaaaaaaaaaaaaaaaaaaaaaaaaaaaaaaaaaaaaaaaaaaaaaaaaaaaaaaaaaaaaaaaaaaaaaaaaaaaaaaaaaaaaaaaaaaaaaaaaaaaaaaaaaaaaaaaaaaaaaaaaaaaaaaaaaaaaaaaaaaaaaaaaaaaaaaaaaaaaaaaaaaaaaaaaaaaaaaaaaaaaaaaaaaaaaaaaaaaa,1234567890,mike@mike.com,2] on registerQueryTest[CASEupdateUser | Method: Address too long | Expected: 0 | Params: ,test,Mike,Mike,,aaaaaaaaaaaaaaaaaaaaaaaaaaaaaaaaaaaaaaaaaaaaaaaaaaaaaaaaaaaaaaaaaaaaaaaaaaaaaaaaaaaaaaaaaaaaaaaaaaaaaaaaaaaaaaaaaaaaaaaaaaaaaaaaaaaaaaaaaaaaaaaaaaaaaaaaaaaaaaaaaaaaaaaaaaaaaaaaaaaaaaaaaaaaaaaaaaaaaaaaaaaaaaaaaaaaaaaaaa,1234567890,mike@mike.com,2](junit.UsersTest)" time="0.74" classname="junit.UsersTest">
    <skipped/>
  </testcase> <!-- registerQueryTest[CASEupdateUser | Method: Address too long | Expected: 0 | Params: ,test,Mike,Mike,,aaaaaaaaaaaaaaaaaaaaaaaaaaaaaaaaaaaaaaaaaaaaaaaaaaaaaaaaaaaaaaaaaaaaaaaaaaaaaaaaaaaaaaaaaaaaaaaaaaaaaaaaaaaaaaaaaaaaaaaaaaaaaaaaaaaaaaaaaaaaaaaaaaaaaaaaaaaaaaaaaaaaaaaaaaaaaaaaaaaaaaaaaaaaaaaaaaaaaaaaaaaaaaaaaaaaaaaaaa,1234567890,mike@mike.com,2] on registerQueryTest[CASEupdateUser | Method: Address too long | Expected: 0 | Params: ,test,Mike,Mike,,aaaaaaaaaaaaaaaaaaaaaaaaaaaaaaaaaaaaaaaaaaaaaaaaaaaaaaaaaaaaaaaaaaaaaaaaaaaaaaaaaaaaaaaaaaaaaaaaaaaaaaaaaaaaaaaaaaaaaaaaaaaaaaaaaaaaaaaaaaaaaaaaaaaaaaaaaaaaaaaaaaaaaaaaaaaaaaaaaaaaaaaaaaaaaaaaaaaaaaaaaaaaaaaaaaaaaaaaaa,1234567890,mike@mike.com,2](junit.UsersTest) -->
  <testcase name="updateUserTest[CASEupdateUser | Method: Address too long | Expected: 0 | Params: ,test,Mike,Mike,,aaaaaaaaaaaaaaaaaaaaaaaaaaaaaaaaaaaaaaaaaaaaaaaaaaaaaaaaaaaaaaaaaaaaaaaaaaaaaaaaaaaaaaaaaaaaaaaaaaaaaaaaaaaaaaaaaaaaaaaaaaaaaaaaaaaaaaaaaaaaaaaaaaaaaaaaaaaaaaaaaaaaaaaaaaaaaaaaaaaaaaaaaaaaaaaaaaaaaaaaaaaaaaaaaaaaaaaaaa,1234567890,mike@mike.com,2] on updateUserTest[CASEupdateUser | Method: Address too long | Expected: 0 | Params: ,test,Mike,Mike,,aaaaaaaaaaaaaaaaaaaaaaaaaaaaaaaaaaaaaaaaaaaaaaaaaaaaaaaaaaaaaaaaaaaaaaaaaaaaaaaaaaaaaaaaaaaaaaaaaaaaaaaaaaaaaaaaaaaaaaaaaaaaaaaaaaaaaaaaaaaaaaaaaaaaaaaaaaaaaaaaaaaaaaaaaaaaaaaaaaaaaaaaaaaaaaaaaaaaaaaaaaaaaaaaaaaaaaaaaa,1234567890,mike@mike.com,2](junit.UsersTest)" time="0.786" classname="junit.UsersTest"/>
  <testcase name="createUserTest[CASEupdateUser | Method: Address too long | Expected: 0 | Params: ,test,Mike,Mike,,aaaaaaaaaaaaaaaaaaaaaaaaaaaaaaaaaaaaaaaaaaaaaaaaaaaaaaaaaaaaaaaaaaaaaaaaaaaaaaaaaaaaaaaaaaaaaaaaaaaaaaaaaaaaaaaaaaaaaaaaaaaaaaaaaaaaaaaaaaaaaaaaaaaaaaaaaaaaaaaaaaaaaaaaaaaaaaaaaaaaaaaaaaaaaaaaaaaaaaaaaaaaaaaaaaaaaaaaaa,1234567890,mike@mike.com,2] on createUserTest[CASEupdateUser | Method: Address too long | Expected: 0 | Params: ,test,Mike,Mike,,aaaaaaaaaaaaaaaaaaaaaaaaaaaaaaaaaaaaaaaaaaaaaaaaaaaaaaaaaaaaaaaaaaaaaaaaaaaaaaaaaaaaaaaaaaaaaaaaaaaaaaaaaaaaaaaaaaaaaaaaaaaaaaaaaaaaaaaaaaaaaaaaaaaaaaaaaaaaaaaaaaaaaaaaaaaaaaaaaaaaaaaaaaaaaaaaaaaaaaaaaaaaaaaaaaaaaaaaaa,1234567890,mike@mike.com,2](junit.UsersTest)" time="0.786" classname="junit.UsersTest">
    <skipped/>
  </testcase> <!-- createUserTest[CASEupdateUser | Method: Address too long | Expected: 0 | Params: ,test,Mike,Mike,,aaaaaaaaaaaaaaaaaaaaaaaaaaaaaaaaaaaaaaaaaaaaaaaaaaaaaaaaaaaaaaaaaaaaaaaaaaaaaaaaaaaaaaaaaaaaaaaaaaaaaaaaaaaaaaaaaaaaaaaaaaaaaaaaaaaaaaaaaaaaaaaaaaaaaaaaaaaaaaaaaaaaaaaaaaaaaaaaaaaaaaaaaaaaaaaaaaaaaaaaaaaaaaaaaaaaaaaaaa,1234567890,mike@mike.com,2] on createUserTest[CASEupdateUser | Method: Address too long | Expected: 0 | Params: ,test,Mike,Mike,,aaaaaaaaaaaaaaaaaaaaaaaaaaaaaaaaaaaaaaaaaaaaaaaaaaaaaaaaaaaaaaaaaaaaaaaaaaaaaaaaaaaaaaaaaaaaaaaaaaaaaaaaaaaaaaaaaaaaaaaaaaaaaaaaaaaaaaaaaaaaaaaaaaaaaaaaaaaaaaaaaaaaaaaaaaaaaaaaaaaaaaaaaaaaaaaaaaaaaaaaaaaaaaaaaaaaaaaaaa,1234567890,mike@mike.com,2](junit.UsersTest) -->
  <testcase name="getDetailsTest[CASEupdateUser | Method: Address too long | Expected: 0 | Params: ,test,Mike,Mike,,aaaaaaaaaaaaaaaaaaaaaaaaaaaaaaaaaaaaaaaaaaaaaaaaaaaaaaaaaaaaaaaaaaaaaaaaaaaaaaaaaaaaaaaaaaaaaaaaaaaaaaaaaaaaaaaaaaaaaaaaaaaaaaaaaaaaaaaaaaaaaaaaaaaaaaaaaaaaaaaaaaaaaaaaaaaaaaaaaaaaaaaaaaaaaaaaaaaaaaaaaaaaaaaaaaaaaaaaaa,1234567890,mike@mike.com,2] on getDetailsTest[CASEupdateUser | Method: Address too long | Expected: 0 | Params: ,test,Mike,Mike,,aaaaaaaaaaaaaaaaaaaaaaaaaaaaaaaaaaaaaaaaaaaaaaaaaaaaaaaaaaaaaaaaaaaaaaaaaaaaaaaaaaaaaaaaaaaaaaaaaaaaaaaaaaaaaaaaaaaaaaaaaaaaaaaaaaaaaaaaaaaaaaaaaaaaaaaaaaaaaaaaaaaaaaaaaaaaaaaaaaaaaaaaaaaaaaaaaaaaaaaaaaaaaaaaaaaaaaaaaa,1234567890,mike@mike.com,2](junit.UsersTest)" time="0.786" classname="junit.UsersTest">
    <skipped/>
  </testcase> <!-- getDetailsTest[CASEupdateUser | Method: Address too long | Expected: 0 | Params: ,test,Mike,Mike,,aaaaaaaaaaaaaaaaaaaaaaaaaaaaaaaaaaaaaaaaaaaaaaaaaaaaaaaaaaaaaaaaaaaaaaaaaaaaaaaaaaaaaaaaaaaaaaaaaaaaaaaaaaaaaaaaaaaaaaaaaaaaaaaaaaaaaaaaaaaaaaaaaaaaaaaaaaaaaaaaaaaaaaaaaaaaaaaaaaaaaaaaaaaaaaaaaaaaaaaaaaaaaaaaaaaaaaaaaa,1234567890,mike@mike.com,2] on getDetailsTest[CASEupdateUser | Method: Address too long | Expected: 0 | Params: ,test,Mike,Mike,,aaaaaaaaaaaaaaaaaaaaaaaaaaaaaaaaaaaaaaaaaaaaaaaaaaaaaaaaaaaaaaaaaaaaaaaaaaaaaaaaaaaaaaaaaaaaaaaaaaaaaaaaaaaaaaaaaaaaaaaaaaaaaaaaaaaaaaaaaaaaaaaaaaaaaaaaaaaaaaaaaaaaaaaaaaaaaaaaaaaaaaaaaaaaaaaaaaaaaaaaaaaaaaaaaaaaaaaaaa,1234567890,mike@mike.com,2](junit.UsersTest) -->
  <testcase name="invalid[CASEupdateUser | Method: Address too long | Expected: 0 | Params: ,test,Mike,Mike,,aaaaaaaaaaaaaaaaaaaaaaaaaaaaaaaaaaaaaaaaaaaaaaaaaaaaaaaaaaaaaaaaaaaaaaaaaaaaaaaaaaaaaaaaaaaaaaaaaaaaaaaaaaaaaaaaaaaaaaaaaaaaaaaaaaaaaaaaaaaaaaaaaaaaaaaaaaaaaaaaaaaaaaaaaaaaaaaaaaaaaaaaaaaaaaaaaaaaaaaaaaaaaaaaaaaaaaaaaa,1234567890,mike@mike.com,2] on invalid[CASEupdateUser | Method: Address too long | Expected: 0 | Params: ,test,Mike,Mike,,aaaaaaaaaaaaaaaaaaaaaaaaaaaaaaaaaaaaaaaaaaaaaaaaaaaaaaaaaaaaaaaaaaaaaaaaaaaaaaaaaaaaaaaaaaaaaaaaaaaaaaaaaaaaaaaaaaaaaaaaaaaaaaaaaaaaaaaaaaaaaaaaaaaaaaaaaaaaaaaaaaaaaaaaaaaaaaaaaaaaaaaaaaaaaaaaaaaaaaaaaaaaaaaaaaaaaaaaaa,1234567890,mike@mike.com,2](junit.UsersTest)" time="0.787" classname="junit.UsersTest">
    <skipped/>
  </testcase> <!-- invalid[CASEupdateUser | Method: Address too long | Expected: 0 | Params: ,test,Mike,Mike,,aaaaaaaaaaaaaaaaaaaaaaaaaaaaaaaaaaaaaaaaaaaaaaaaaaaaaaaaaaaaaaaaaaaaaaaaaaaaaaaaaaaaaaaaaaaaaaaaaaaaaaaaaaaaaaaaaaaaaaaaaaaaaaaaaaaaaaaaaaaaaaaaaaaaaaaaaaaaaaaaaaaaaaaaaaaaaaaaaaaaaaaaaaaaaaaaaaaaaaaaaaaaaaaaaaaaaaaaaa,1234567890,mike@mike.com,2] on invalid[CASEupdateUser | Method: Address too long | Expected: 0 | Params: ,test,Mike,Mike,,aaaaaaaaaaaaaaaaaaaaaaaaaaaaaaaaaaaaaaaaaaaaaaaaaaaaaaaaaaaaaaaaaaaaaaaaaaaaaaaaaaaaaaaaaaaaaaaaaaaaaaaaaaaaaaaaaaaaaaaaaaaaaaaaaaaaaaaaaaaaaaaaaaaaaaaaaaaaaaaaaaaaaaaaaaaaaaaaaaaaaaaaaaaaaaaaaaaaaaaaaaaaaaaaaaaaaaaaaa,1234567890,mike@mike.com,2](junit.UsersTest) -->
  <testcase name="loginQueryTest[CASEupdateUser | Method: Phone non-numeric | Expected: 0 | Params: ,test,Mike,Mike,,23 Mars Place,abcdefghij,mike@mike.com,2] on loginQueryTest[CASEupdateUser | Method: Phone non-numeric | Expected: 0 | Params: ,test,Mike,Mike,,23 Mars Place,abcdefghij,mike@mike.com,2](junit.UsersTest)" time="0.787" classname="junit.UsersTest">
    <skipped/>
  </testcase> <!-- loginQueryTest[CASEupdateUser | Method: Phone non-numeric | Expected: 0 | Params: ,test,Mike,Mike,,23 Mars Place,abcdefghij,mike@mike.com,2] on loginQueryTest[CASEupdateUser | Method: Phone non-numeric | Expected: 0 | Params: ,test,Mike,Mike,,23 Mars Place,abcdefghij,mike@mike.com,2](junit.UsersTest) -->
  <testcase name="registerQueryTest[CASEupdateUser | Method: Phone non-numeric | Expected: 0 | Params: ,test,Mike,Mike,,23 Mars Place,abcdefghij,mike@mike.com,2] on registerQueryTest[CASEupdateUser | Method: Phone non-numeric | Expected: 0 | Params: ,test,Mike,Mike,,23 Mars Place,abcdefghij,mike@mike.com,2](junit.UsersTest)" time="0.788" classname="junit.UsersTest">
    <skipped/>
  </testcase> <!-- registerQueryTest[CASEupdateUser | Method: Phone non-numeric | Expected: 0 | Params: ,test,Mike,Mike,,23 Mars Place,abcdefghij,mike@mike.com,2] on registerQueryTest[CASEupdateUser | Method: Phone non-numeric | Expected: 0 | Params: ,test,Mike,Mike,,23 Mars Place,abcdefghij,mike@mike.com,2](junit.UsersTest) -->
  <testcase name="updateUserTest[CASEupdateUser | Method: Phone non-numeric | Expected: 0 | Params: ,test,Mike,Mike,,23 Mars Place,abcdefghij,mike@mike.com,2] on updateUserTest[CASEupdateUser | Method: Phone non-numeric | Expected: 0 | Params: ,test,Mike,Mike,,23 Mars Place,abcdefghij,mike@mike.com,2](junit.UsersTest)" time="0.835" classname="junit.UsersTest"/>
  <testcase name="createUserTest[CASEupdateUser | Method: Phone non-numeric | Expected: 0 | Params: ,test,Mike,Mike,,23 Mars Place,abcdefghij,mike@mike.com,2] on createUserTest[CASEupdateUser | Method: Phone non-numeric | Expected: 0 | Params: ,test,Mike,Mike,,23 Mars Place,abcdefghij,mike@mike.com,2](junit.UsersTest)" time="0.835" classname="junit.UsersTest">
    <skipped/>
  </testcase> <!-- createUserTest[CASEupdateUser | Method: Phone non-numeric | Expected: 0 | Params: ,test,Mike,Mike,,23 Mars Place,abcdefghij,mike@mike.com,2] on createUserTest[CASEupdateUser | Method: Phone non-numeric | Expected: 0 | Params: ,test,Mike,Mike,,23 Mars Place,abcdefghij,mike@mike.com,2](junit.UsersTest) -->
  <testcase name="getDetailsTest[CASEupdateUser | Method: Phone non-numeric | Expected: 0 | Params: ,test,Mike,Mike,,23 Mars Place,abcdefghij,mike@mike.com,2] on getDetailsTest[CASEupdateUser | Method: Phone non-numeric | Expected: 0 | Params: ,test,Mike,Mike,,23 Mars Place,abcdefghij,mike@mike.com,2](junit.UsersTest)" time="0.836" classname="junit.UsersTest">
    <skipped/>
  </testcase> <!-- getDetailsTest[CASEupdateUser | Method: Phone non-numeric | Expected: 0 | Params: ,test,Mike,Mike,,23 Mars Place,abcdefghij,mike@mike.com,2] on getDetailsTest[CASEupdateUser | Method: Phone non-numeric | Expected: 0 | Params: ,test,Mike,Mike,,23 Mars Place,abcdefghij,mike@mike.com,2](junit.UsersTest) -->
  <testcase name="invalid[CASEupdateUser | Method: Phone non-numeric | Expected: 0 | Params: ,test,Mike,Mike,,23 Mars Place,abcdefghij,mike@mike.com,2] on invalid[CASEupdateUser | Method: Phone non-numeric | Expected: 0 | Params: ,test,Mike,Mike,,23 Mars Place,abcdefghij,mike@mike.com,2](junit.UsersTest)" time="0.836" classname="junit.UsersTest">
    <skipped/>
  </testcase> <!-- invalid[CASEupdateUser | Method: Phone non-numeric | Expected: 0 | Params: ,test,Mike,Mike,,23 Mars Place,abcdefghij,mike@mike.com,2] on invalid[CASEupdateUser | Method: Phone non-numeric | Expected: 0 | Params: ,test,Mike,Mike,,23 Mars Place,abcdefghij,mike@mike.com,2](junit.UsersTest) -->
  <testcase name="loginQueryTest[CASEupdateUser | Method: Email too long | Expected: 0 | Params: ,test,Mike,Mike,,23 Mars Place,23 Mars Place,aaaaaaaaaaaaaaaaaaaaa@aaaaaaaaaaaaaaaaaaaaa.com,2] on loginQueryTest[CASEupdateUser | Method: Email too long | Expected: 0 | Params: ,test,Mike,Mike,,23 Mars Place,23 Mars Place,aaaaaaaaaaaaaaaaaaaaa@aaaaaaaaaaaaaaaaaaaaa.com,2](junit.UsersTest)" time="0.837" classname="junit.UsersTest">
    <skipped/>
  </testcase> <!-- loginQueryTest[CASEupdateUser | Method: Email too long | Expected: 0 | Params: ,test,Mike,Mike,,23 Mars Place,23 Mars Place,aaaaaaaaaaaaaaaaaaaaa@aaaaaaaaaaaaaaaaaaaaa.com,2] on loginQueryTest[CASEupdateUser | Method: Email too long | Expected: 0 | Params: ,test,Mike,Mike,,23 Mars Place,23 Mars Place,aaaaaaaaaaaaaaaaaaaaa@aaaaaaaaaaaaaaaaaaaaa.com,2](junit.UsersTest) -->
  <testcase name="registerQueryTest[CASEupdateUser | Method: Email too long | Expected: 0 | Params: ,test,Mike,Mike,,23 Mars Place,23 Mars Place,aaaaaaaaaaaaaaaaaaaaa@aaaaaaaaaaaaaaaaaaaaa.com,2] on registerQueryTest[CASEupdateUser | Method: Email too long | Expected: 0 | Params: ,test,Mike,Mike,,23 Mars Place,23 Mars Place,aaaaaaaaaaaaaaaaaaaaa@aaaaaaaaaaaaaaaaaaaaa.com,2](junit.UsersTest)" time="0.837" classname="junit.UsersTest">
    <skipped/>
  </testcase> <!-- registerQueryTest[CASEupdateUser | Method: Email too long | Expected: 0 | Params: ,test,Mike,Mike,,23 Mars Place,23 Mars Place,aaaaaaaaaaaaaaaaaaaaa@aaaaaaaaaaaaaaaaaaaaa.com,2] on registerQueryTest[CASEupdateUser | Method: Email too long | Expected: 0 | Params: ,test,Mike,Mike,,23 Mars Place,23 Mars Place,aaaaaaaaaaaaaaaaaaaaa@aaaaaaaaaaaaaaaaaaaaa.com,2](junit.UsersTest) -->
  <testcase name="updateUserTest[CASEupdateUser | Method: Email too long | Expected: 0 | Params: ,test,Mike,Mike,,23 Mars Place,23 Mars Place,aaaaaaaaaaaaaaaaaaaaa@aaaaaaaaaaaaaaaaaaaaa.com,2] on updateUserTest[CASEupdateUser | Method: Email too long | Expected: 0 | Params: ,test,Mike,Mike,,23 Mars Place,23 Mars Place,aaaaaaaaaaaaaaaaaaaaa@aaaaaaaaaaaaaaaaaaaaa.com,2](junit.UsersTest)" time="0.913" classname="junit.UsersTest"/>
  <testcase name="createUserTest[CASEupdateUser | Method: Email too long | Expected: 0 | Params: ,test,Mike,Mike,,23 Mars Place,23 Mars Place,aaaaaaaaaaaaaaaaaaaaa@aaaaaaaaaaaaaaaaaaaaa.com,2] on createUserTest[CASEupdateUser | Method: Email too long | Expected: 0 | Params: ,test,Mike,Mike,,23 Mars Place,23 Mars Place,aaaaaaaaaaaaaaaaaaaaa@aaaaaaaaaaaaaaaaaaaaa.com,2](junit.UsersTest)" time="0.915" classname="junit.UsersTest">
    <skipped/>
  </testcase> <!-- createUserTest[CASEupdateUser | Method: Email too long | Expected: 0 | Params: ,test,Mike,Mike,,23 Mars Place,23 Mars Place,aaaaaaaaaaaaaaaaaaaaa@aaaaaaaaaaaaaaaaaaaaa.com,2] on createUserTest[CASEupdateUser | Method: Email too long | Expected: 0 | Params: ,test,Mike,Mike,,23 Mars Place,23 Mars Place,aaaaaaaaaaaaaaaaaaaaa@aaaaaaaaaaaaaaaaaaaaa.com,2](junit.UsersTest) -->
  <testcase name="getDetailsTest[CASEupdateUser | Method: Email too long | Expected: 0 | Params: ,test,Mike,Mike,,23 Mars Place,23 Mars Place,aaaaaaaaaaaaaaaaaaaaa@aaaaaaaaaaaaaaaaaaaaa.com,2] on getDetailsTest[CASEupdateUser | Method: Email too long | Expected: 0 | Params: ,test,Mike,Mike,,23 Mars Place,23 Mars Place,aaaaaaaaaaaaaaaaaaaaa@aaaaaaaaaaaaaaaaaaaaa.com,2](junit.UsersTest)" time="0.916" classname="junit.UsersTest">
    <skipped/>
  </testcase> <!-- getDetailsTest[CASEupdateUser | Method: Email too long | Expected: 0 | Params: ,test,Mike,Mike,,23 Mars Place,23 Mars Place,aaaaaaaaaaaaaaaaaaaaa@aaaaaaaaaaaaaaaaaaaaa.com,2] on getDetailsTest[CASEupdateUser | Method: Email too long | Expected: 0 | Params: ,test,Mike,Mike,,23 Mars Place,23 Mars Place,aaaaaaaaaaaaaaaaaaaaa@aaaaaaaaaaaaaaaaaaaaa.com,2](junit.UsersTest) -->
  <testcase name="invalid[CASEupdateUser | Method: Email too long | Expected: 0 | Params: ,test,Mike,Mike,,23 Mars Place,23 Mars Place,aaaaaaaaaaaaaaaaaaaaa@aaaaaaaaaaaaaaaaaaaaa.com,2] on invalid[CASEupdateUser | Method: Email too long | Expected: 0 | Params: ,test,Mike,Mike,,23 Mars Place,23 Mars Place,aaaaaaaaaaaaaaaaaaaaa@aaaaaaaaaaaaaaaaaaaaa.com,2](junit.UsersTest)" time="0.917" classname="junit.UsersTest">
    <skipped/>
  </testcase> <!-- invalid[CASEupdateUser | Method: Email too long | Expected: 0 | Params: ,test,Mike,Mike,,23 Mars Place,23 Mars Place,aaaaaaaaaaaaaaaaaaaaa@aaaaaaaaaaaaaaaaaaaaa.com,2] on invalid[CASEupdateUser | Method: Email too long | Expected: 0 | Params: ,test,Mike,Mike,,23 Mars Place,23 Mars Place,aaaaaaaaaaaaaaaaaaaaa@aaaaaaaaaaaaaaaaaaaaa.com,2](junit.UsersTest) -->
</testsuite> <!-- UsersTest -->
