<?xml version="1.0" encoding="UTF-8"?>
<!-- Generated by org.testng.reporters.JUnitXMLReporter -->
<testsuite hostname="DESKTOP-DH4500R" ignored="19" name="Administrative User Tests" tests="11" failures="0" timestamp="16 Jan 2018 15:02:57 GMT" time="0.449" errors="0">
  <testcase name="addItemTest" time="0.015" classname="testng.ItemsTest"/>
  <testcase name="addItemTest" time="0.022" classname="testng.ItemsTest"/>
  <testcase name="addItemTest" time="0.017" classname="testng.ItemsTest"/>
  <testcase name="getAllItemsTest" time="0.019" classname="testng.ItemsTest"/>
  <testcase name="updateItemTest" time="0.058" classname="testng.ItemsTest"/>
  <testcase name="updateItemTest" time="0.038" classname="testng.ItemsTest"/>
  <testcase name="updateItemTest" time="0.046" classname="testng.ItemsTest"/>
  <testcase name="getReviewsByUserTest" time="0.037" classname="testng.ReviewsTest"/>
  <testcase name="getAllOrdersTest" time="0.025" classname="testng.OrdersTest"/>
  <testcase name="createStoreTest" time="0.025" classname="testng.StoresTest"/>
  <testcase name="updateStoreTest" time="0.039" classname="testng.StoresTest"/>
  <testcase name="getReceiptItemsTest" time="0.0" classname="testng.ReceiptsTest">
    <ignored/>
  </testcase> <!-- getReceiptItemsTest -->
  <testcase name="getItemInfoTest" time="0.0" classname="testng.ReviewsTest">
    <ignored/>
  </testcase> <!-- getItemInfoTest -->
  <testcase name="submitReviewTest" time="0.0" classname="testng.ReviewsTest">
    <ignored/>
  </testcase> <!-- submitReviewTest -->
  <testcase name="updateUserTest" time="0.0" classname="testng.UsersTest">
    <ignored/>
  </testcase> <!-- updateUserTest -->
  <testcase name="getOrdersByUserTest" time="0.0" classname="testng.OrdersTest">
    <ignored/>
  </testcase> <!-- getOrdersByUserTest -->
  <testcase name="getReceiptSummaryTest" time="0.0" classname="testng.ReceiptsTest">
    <ignored/>
  </testcase> <!-- getReceiptSummaryTest -->
  <testcase name="getTotalsTest" time="0.0" classname="testng.ItemsTest">
    <ignored/>
  </testcase> <!-- getTotalsTest -->
  <testcase name="getItemsCountTest" time="0.0" classname="testng.ItemsTest">
    <ignored/>
  </testcase> <!-- getItemsCountTest -->
  <testcase name="createOrderTest" time="0.0" classname="testng.OrdersTest">
    <ignored/>
  </testcase> <!-- createOrderTest -->
  <testcase name="getAllStoresTest" time="0.0" classname="testng.StoresTest">
    <ignored/>
  </testcase> <!-- getAllStoresTest -->
  <testcase name="getCartItemsTest" time="0.0" classname="testng.ItemsTest">
    <ignored/>
  </testcase> <!-- getCartItemsTest -->
  <testcase name="getAllActiveItemsTest" time="0.0" classname="testng.ItemsTest">
    <ignored/>
  </testcase> <!-- getAllActiveItemsTest -->
  <testcase name="addItemToOrderTest" time="0.0" classname="testng.OrdersTest">
    <ignored/>
  </testcase> <!-- addItemToOrderTest -->
  <testcase name="getDetailsTest" time="0.0" classname="testng.UsersTest">
    <ignored/>
  </testcase> <!-- getDetailsTest -->
  <testcase name="registerQueryTest" time="0.0" classname="testng.UsersTest">
    <ignored/>
  </testcase> <!-- registerQueryTest -->
  <testcase name="validateUserTest" time="0.0" classname="testng.ReceiptsTest">
    <ignored/>
  </testcase> <!-- validateUserTest -->
  <testcase name="createUserTest" time="0.0" classname="testng.UsersTest">
    <ignored/>
  </testcase> <!-- createUserTest -->
  <testcase name="loginQueryTest" time="0.0" classname="testng.UsersTest">
    <ignored/>
  </testcase> <!-- loginQueryTest -->
  <testcase name="getPastReviewsTest" time="0.0" classname="testng.ReviewsTest">
    <ignored/>
  </testcase> <!-- getPastReviewsTest -->
</testsuite> <!-- Administrative User Tests -->
