<?xml version="1.0" encoding="UTF-8"?>
<!-- Generated by org.testng.reporters.JUnitXMLReporter -->
<testsuite hostname="DESKTOP-DH4500R" ignored="8" name="Regular User Tests" tests="48" failures="0" timestamp="16 Jan 2018 15:02:56 GMT" time="2.498" errors="0">
  <testcase name="getAllActiveItemsTest" time="0.525" classname="testng.ItemsTest"/>
  <testcase name="getItemsCountTest" time="0.031" classname="testng.ItemsTest"/>
  <testcase name="getTotalsTest" time="0.062" classname="testng.ItemsTest"/>
  <testcase name="getTotalsTest" time="0.031" classname="testng.ItemsTest"/>
  <testcase name="getTotalsTest" time="0.031" classname="testng.ItemsTest"/>
  <testcase name="addItemToOrderTest" time="0.017" classname="testng.OrdersTest"/>
  <testcase name="addItemToOrderTest" time="0.015" classname="testng.OrdersTest"/>
  <testcase name="addItemToOrderTest" time="0.031" classname="testng.OrdersTest"/>
  <testcase name="addItemToOrderTest" time="0.016" classname="testng.OrdersTest"/>
  <testcase name="createOrderTest" time="0.031" classname="testng.OrdersTest"/>
  <testcase name="getOrdersByUserTest" time="0.019" classname="testng.OrdersTest"/>
  <testcase name="getOrdersByUserTest" time="0.035" classname="testng.OrdersTest"/>
  <testcase name="getOrdersByUserTest" time="0.016" classname="testng.OrdersTest"/>
  <testcase name="getReceiptItemsTest" time="0.016" classname="testng.ReceiptsTest"/>
  <testcase name="getReceiptItemsTest" time="0.031" classname="testng.ReceiptsTest"/>
  <testcase name="getReceiptSummaryTest" time="0.031" classname="testng.ReceiptsTest"/>
  <testcase name="validateUserTest" time="0.022" classname="testng.ReceiptsTest"/>
  <testcase name="getItemInfoTest" time="0.031" classname="testng.ReviewsTest"/>
  <testcase name="getPastReviewsTest" time="0.032" classname="testng.ReviewsTest"/>
  <testcase name="submitReviewTest" time="0.028" classname="testng.ReviewsTest"/>
  <testcase name="getAllStoresTest" time="0.082" classname="testng.StoresTest"/>
  <testcase name="createUserTest" time="0.061" classname="testng.UsersTest"/>
  <testcase name="createUserTest" time="0.046" classname="testng.UsersTest"/>
  <testcase name="createUserTest" time="0.035" classname="testng.UsersTest"/>
  <testcase name="createUserTest" time="0.046" classname="testng.UsersTest"/>
  <testcase name="createUserTest" time="0.054" classname="testng.UsersTest"/>
  <testcase name="createUserTest" time="0.048" classname="testng.UsersTest"/>
  <testcase name="createUserTest" time="0.059" classname="testng.UsersTest"/>
  <testcase name="createUserTest" time="0.043" classname="testng.UsersTest"/>
  <testcase name="createUserTest" time="0.05" classname="testng.UsersTest"/>
  <testcase name="getDetailsTest" time="0.031" classname="testng.UsersTest"/>
  <testcase name="getDetailsTest" time="0.031" classname="testng.UsersTest"/>
  <testcase name="getDetailsTest" time="0.04" classname="testng.UsersTest"/>
  <testcase name="loginQueryTest" time="0.013" classname="testng.UsersTest"/>
  <testcase name="loginQueryTest" time="0.038" classname="testng.UsersTest"/>
  <testcase name="loginQueryTest" time="0.023" classname="testng.UsersTest"/>
  <testcase name="loginQueryTest" time="0.02" classname="testng.UsersTest"/>
  <testcase name="loginQueryTest" time="0.016" classname="testng.UsersTest"/>
  <testcase name="registerQueryTest" time="0.052" classname="testng.UsersTest"/>
  <testcase name="registerQueryTest" time="0.022" classname="testng.UsersTest"/>
  <testcase name="registerQueryTest" time="0.017" classname="testng.UsersTest"/>
  <testcase name="updateUserTest" time="0.112" classname="testng.UsersTest"/>
  <testcase name="updateUserTest" time="0.043" classname="testng.UsersTest"/>
  <testcase name="updateUserTest" time="0.032" classname="testng.UsersTest"/>
  <testcase name="updateUserTest" time="0.058" classname="testng.UsersTest"/>
  <testcase name="updateUserTest" time="0.045" classname="testng.UsersTest"/>
  <testcase name="updateUserTest" time="0.044" classname="testng.UsersTest"/>
  <testcase name="updateUserTest" time="0.031" classname="testng.UsersTest"/>
  <testcase name="getCartItemsTest" time="0.0" classname="testng.ItemsTest">
    <ignored/>
  </testcase> <!-- getCartItemsTest -->
  <testcase name="createStoreTest" time="0.0" classname="testng.StoresTest">
    <ignored/>
  </testcase> <!-- createStoreTest -->
  <testcase name="getReviewsByUserTest" time="0.0" classname="testng.ReviewsTest">
    <ignored/>
  </testcase> <!-- getReviewsByUserTest -->
  <testcase name="addItemTest" time="0.0" classname="testng.ItemsTest">
    <ignored/>
  </testcase> <!-- addItemTest -->
  <testcase name="getAllOrdersTest" time="0.0" classname="testng.OrdersTest">
    <ignored/>
  </testcase> <!-- getAllOrdersTest -->
  <testcase name="updateItemTest" time="0.0" classname="testng.ItemsTest">
    <ignored/>
  </testcase> <!-- updateItemTest -->
  <testcase name="getAllItemsTest" time="0.0" classname="testng.ItemsTest">
    <ignored/>
  </testcase> <!-- getAllItemsTest -->
  <testcase name="updateStoreTest" time="0.0" classname="testng.StoresTest">
    <ignored/>
  </testcase> <!-- updateStoreTest -->
</testsuite> <!-- Regular User Tests -->
